[2024-05-19T10:31:19.923+0000] {processor.py:161} INFO - Started process (PID=103) to work on /opt/airflow/dags/etl_dag.py
[2024-05-19T10:31:19.927+0000] {processor.py:830} INFO - Processing file /opt/airflow/dags/etl_dag.py for tasks to queue
[2024-05-19T10:31:19.952+0000] {logging_mixin.py:188} INFO - [2024-05-19T10:31:19.949+0000] {dagbag.py:540} INFO - Filling up the DagBag from /opt/airflow/dags/etl_dag.py
[2024-05-19T10:31:20.462+0000] {processor.py:840} INFO - DAG(s) 'etl_dag' retrieved from /opt/airflow/dags/etl_dag.py
[2024-05-19T10:31:21.723+0000] {logging_mixin.py:188} INFO - [2024-05-19T10:31:21.720+0000] {override.py:1829} INFO - Created Permission View: can delete on DAG:etl_dag
[2024-05-19T10:31:21.760+0000] {logging_mixin.py:188} INFO - [2024-05-19T10:31:21.759+0000] {override.py:1829} INFO - Created Permission View: can read on DAG:etl_dag
[2024-05-19T10:31:21.774+0000] {logging_mixin.py:188} INFO - [2024-05-19T10:31:21.774+0000] {override.py:1829} INFO - Created Permission View: can edit on DAG:etl_dag
[2024-05-19T10:31:21.776+0000] {logging_mixin.py:188} INFO - [2024-05-19T10:31:21.776+0000] {dag.py:3096} INFO - Sync 1 DAGs
[2024-05-19T10:31:21.840+0000] {logging_mixin.py:188} INFO - [2024-05-19T10:31:21.840+0000] {dag.py:3118} INFO - Creating ORM DAG for etl_dag
[2024-05-19T10:31:21.932+0000] {logging_mixin.py:188} INFO - [2024-05-19T10:31:21.931+0000] {dag.py:3954} INFO - Setting next_dagrun for etl_dag to 2024-05-18 00:00:00+00:00, run_after=2024-05-19 00:00:00+00:00
[2024-05-19T10:31:21.998+0000] {processor.py:183} INFO - Processing /opt/airflow/dags/etl_dag.py took 2.099 seconds
[2024-05-19T10:31:49.292+0000] {processor.py:161} INFO - Started process (PID=110) to work on /opt/airflow/dags/etl_dag.py
[2024-05-19T10:31:49.294+0000] {processor.py:830} INFO - Processing file /opt/airflow/dags/etl_dag.py for tasks to queue
[2024-05-19T10:31:49.296+0000] {logging_mixin.py:188} INFO - [2024-05-19T10:31:49.296+0000] {dagbag.py:540} INFO - Filling up the DagBag from /opt/airflow/dags/etl_dag.py
[2024-05-19T10:31:49.344+0000] {processor.py:840} INFO - DAG(s) 'etl_dag' retrieved from /opt/airflow/dags/etl_dag.py
[2024-05-19T10:31:49.356+0000] {logging_mixin.py:188} INFO - [2024-05-19T10:31:49.356+0000] {dag.py:3096} INFO - Sync 1 DAGs
[2024-05-19T10:31:49.379+0000] {logging_mixin.py:188} INFO - [2024-05-19T10:31:49.378+0000] {dag.py:3954} INFO - Setting next_dagrun for etl_dag to 2024-05-18 00:00:00+00:00, run_after=2024-05-19 00:00:00+00:00
[2024-05-19T10:31:49.431+0000] {processor.py:183} INFO - Processing /opt/airflow/dags/etl_dag.py took 0.149 seconds
[2024-05-19T10:32:04.501+0000] {processor.py:161} INFO - Started process (PID=111) to work on /opt/airflow/dags/etl_dag.py
[2024-05-19T10:32:04.505+0000] {processor.py:830} INFO - Processing file /opt/airflow/dags/etl_dag.py for tasks to queue
[2024-05-19T10:32:04.508+0000] {logging_mixin.py:188} INFO - [2024-05-19T10:32:04.507+0000] {dagbag.py:540} INFO - Filling up the DagBag from /opt/airflow/dags/etl_dag.py
[2024-05-19T10:32:04.547+0000] {processor.py:840} INFO - DAG(s) 'etl_dag' retrieved from /opt/airflow/dags/etl_dag.py
[2024-05-19T10:32:04.579+0000] {logging_mixin.py:188} INFO - [2024-05-19T10:32:04.579+0000] {dag.py:3096} INFO - Sync 1 DAGs
[2024-05-19T10:32:04.600+0000] {logging_mixin.py:188} INFO - [2024-05-19T10:32:04.600+0000] {dag.py:3954} INFO - Setting next_dagrun for etl_dag to 2024-05-18 00:00:00+00:00, run_after=2024-05-19 00:00:00+00:00
[2024-05-19T10:32:04.621+0000] {processor.py:183} INFO - Processing /opt/airflow/dags/etl_dag.py took 0.128 seconds
[2024-05-19T10:32:05.702+0000] {processor.py:161} INFO - Started process (PID=112) to work on /opt/airflow/dags/etl_dag.py
[2024-05-19T10:32:05.706+0000] {processor.py:830} INFO - Processing file /opt/airflow/dags/etl_dag.py for tasks to queue
[2024-05-19T10:32:05.709+0000] {logging_mixin.py:188} INFO - [2024-05-19T10:32:05.709+0000] {dagbag.py:540} INFO - Filling up the DagBag from /opt/airflow/dags/etl_dag.py
[2024-05-19T10:32:05.766+0000] {processor.py:840} INFO - DAG(s) 'etl_dag' retrieved from /opt/airflow/dags/etl_dag.py
[2024-05-19T10:32:05.800+0000] {logging_mixin.py:188} INFO - [2024-05-19T10:32:05.800+0000] {dag.py:3096} INFO - Sync 1 DAGs
[2024-05-19T10:32:05.831+0000] {logging_mixin.py:188} INFO - [2024-05-19T10:32:05.831+0000] {dag.py:3954} INFO - Setting next_dagrun for etl_dag to 2024-05-18 00:00:00+00:00, run_after=2024-05-19 00:00:00+00:00
[2024-05-19T10:32:05.861+0000] {processor.py:183} INFO - Processing /opt/airflow/dags/etl_dag.py took 0.168 seconds
[2024-05-19T10:32:36.181+0000] {processor.py:161} INFO - Started process (PID=119) to work on /opt/airflow/dags/etl_dag.py
[2024-05-19T10:32:36.189+0000] {processor.py:830} INFO - Processing file /opt/airflow/dags/etl_dag.py for tasks to queue
[2024-05-19T10:32:36.208+0000] {logging_mixin.py:188} INFO - [2024-05-19T10:32:36.206+0000] {dagbag.py:540} INFO - Filling up the DagBag from /opt/airflow/dags/etl_dag.py
[2024-05-19T10:32:36.299+0000] {processor.py:840} INFO - DAG(s) 'etl_dag' retrieved from /opt/airflow/dags/etl_dag.py
[2024-05-19T10:32:36.405+0000] {logging_mixin.py:188} INFO - [2024-05-19T10:32:36.405+0000] {dag.py:3096} INFO - Sync 1 DAGs
[2024-05-19T10:32:36.465+0000] {logging_mixin.py:188} INFO - [2024-05-19T10:32:36.465+0000] {dag.py:3954} INFO - Setting next_dagrun for etl_dag to 2024-05-18 00:00:00+00:00, run_after=2024-05-19 00:00:00+00:00
[2024-05-19T10:32:36.510+0000] {processor.py:183} INFO - Processing /opt/airflow/dags/etl_dag.py took 0.368 seconds
[2024-05-19T10:33:06.627+0000] {processor.py:161} INFO - Started process (PID=127) to work on /opt/airflow/dags/etl_dag.py
[2024-05-19T10:33:06.629+0000] {processor.py:830} INFO - Processing file /opt/airflow/dags/etl_dag.py for tasks to queue
[2024-05-19T10:33:06.633+0000] {logging_mixin.py:188} INFO - [2024-05-19T10:33:06.632+0000] {dagbag.py:540} INFO - Filling up the DagBag from /opt/airflow/dags/etl_dag.py
[2024-05-19T10:33:06.662+0000] {processor.py:840} INFO - DAG(s) 'etl_dag' retrieved from /opt/airflow/dags/etl_dag.py
[2024-05-19T10:33:06.855+0000] {logging_mixin.py:188} INFO - [2024-05-19T10:33:06.855+0000] {dag.py:3096} INFO - Sync 1 DAGs
[2024-05-19T10:33:06.874+0000] {logging_mixin.py:188} INFO - [2024-05-19T10:33:06.874+0000] {dag.py:3954} INFO - Setting next_dagrun for etl_dag to 2024-05-18 00:00:00+00:00, run_after=2024-05-19 00:00:00+00:00
[2024-05-19T10:33:06.899+0000] {processor.py:183} INFO - Processing /opt/airflow/dags/etl_dag.py took 0.278 seconds
[2024-05-19T10:33:37.026+0000] {processor.py:161} INFO - Started process (PID=134) to work on /opt/airflow/dags/etl_dag.py
[2024-05-19T10:33:37.027+0000] {processor.py:830} INFO - Processing file /opt/airflow/dags/etl_dag.py for tasks to queue
[2024-05-19T10:33:37.029+0000] {logging_mixin.py:188} INFO - [2024-05-19T10:33:37.029+0000] {dagbag.py:540} INFO - Filling up the DagBag from /opt/airflow/dags/etl_dag.py
[2024-05-19T10:33:37.049+0000] {processor.py:840} INFO - DAG(s) 'etl_dag' retrieved from /opt/airflow/dags/etl_dag.py
[2024-05-19T10:33:37.071+0000] {logging_mixin.py:188} INFO - [2024-05-19T10:33:37.071+0000] {dag.py:3096} INFO - Sync 1 DAGs
[2024-05-19T10:33:37.089+0000] {logging_mixin.py:188} INFO - [2024-05-19T10:33:37.089+0000] {dag.py:3954} INFO - Setting next_dagrun for etl_dag to 2024-05-18 00:00:00+00:00, run_after=2024-05-19 00:00:00+00:00
[2024-05-19T10:33:37.108+0000] {processor.py:183} INFO - Processing /opt/airflow/dags/etl_dag.py took 0.086 seconds
[2024-05-19T10:34:07.268+0000] {processor.py:161} INFO - Started process (PID=141) to work on /opt/airflow/dags/etl_dag.py
[2024-05-19T10:34:07.269+0000] {processor.py:830} INFO - Processing file /opt/airflow/dags/etl_dag.py for tasks to queue
[2024-05-19T10:34:07.271+0000] {logging_mixin.py:188} INFO - [2024-05-19T10:34:07.271+0000] {dagbag.py:540} INFO - Filling up the DagBag from /opt/airflow/dags/etl_dag.py
[2024-05-19T10:34:07.296+0000] {processor.py:840} INFO - DAG(s) 'etl_dag' retrieved from /opt/airflow/dags/etl_dag.py
[2024-05-19T10:34:07.326+0000] {logging_mixin.py:188} INFO - [2024-05-19T10:34:07.325+0000] {dag.py:3096} INFO - Sync 1 DAGs
[2024-05-19T10:34:07.350+0000] {logging_mixin.py:188} INFO - [2024-05-19T10:34:07.348+0000] {dag.py:3954} INFO - Setting next_dagrun for etl_dag to 2024-05-18 00:00:00+00:00, run_after=2024-05-19 00:00:00+00:00
[2024-05-19T10:34:07.370+0000] {processor.py:183} INFO - Processing /opt/airflow/dags/etl_dag.py took 0.108 seconds
[2024-05-19T10:34:37.628+0000] {processor.py:161} INFO - Started process (PID=156) to work on /opt/airflow/dags/etl_dag.py
[2024-05-19T10:34:37.631+0000] {processor.py:830} INFO - Processing file /opt/airflow/dags/etl_dag.py for tasks to queue
[2024-05-19T10:34:37.633+0000] {logging_mixin.py:188} INFO - [2024-05-19T10:34:37.633+0000] {dagbag.py:540} INFO - Filling up the DagBag from /opt/airflow/dags/etl_dag.py
[2024-05-19T10:34:37.655+0000] {processor.py:840} INFO - DAG(s) 'etl_dag' retrieved from /opt/airflow/dags/etl_dag.py
[2024-05-19T10:34:37.689+0000] {logging_mixin.py:188} INFO - [2024-05-19T10:34:37.689+0000] {dag.py:3096} INFO - Sync 1 DAGs
[2024-05-19T10:34:37.716+0000] {logging_mixin.py:188} INFO - [2024-05-19T10:34:37.715+0000] {dag.py:3954} INFO - Setting next_dagrun for etl_dag to 2024-05-19 00:00:00+00:00, run_after=2024-05-20 00:00:00+00:00
[2024-05-19T10:34:37.733+0000] {processor.py:183} INFO - Processing /opt/airflow/dags/etl_dag.py took 0.112 seconds
[2024-05-19T10:35:07.873+0000] {processor.py:161} INFO - Started process (PID=169) to work on /opt/airflow/dags/etl_dag.py
[2024-05-19T10:35:07.875+0000] {processor.py:830} INFO - Processing file /opt/airflow/dags/etl_dag.py for tasks to queue
[2024-05-19T10:35:07.877+0000] {logging_mixin.py:188} INFO - [2024-05-19T10:35:07.877+0000] {dagbag.py:540} INFO - Filling up the DagBag from /opt/airflow/dags/etl_dag.py
[2024-05-19T10:35:07.896+0000] {processor.py:840} INFO - DAG(s) 'etl_dag' retrieved from /opt/airflow/dags/etl_dag.py
[2024-05-19T10:35:07.927+0000] {logging_mixin.py:188} INFO - [2024-05-19T10:35:07.927+0000] {dag.py:3096} INFO - Sync 1 DAGs
[2024-05-19T10:35:07.950+0000] {logging_mixin.py:188} INFO - [2024-05-19T10:35:07.950+0000] {dag.py:3954} INFO - Setting next_dagrun for etl_dag to 2024-05-19 00:00:00+00:00, run_after=2024-05-20 00:00:00+00:00
[2024-05-19T10:35:07.969+0000] {processor.py:183} INFO - Processing /opt/airflow/dags/etl_dag.py took 0.102 seconds
[2024-05-19T10:35:38.229+0000] {processor.py:161} INFO - Started process (PID=176) to work on /opt/airflow/dags/etl_dag.py
[2024-05-19T10:35:38.231+0000] {processor.py:830} INFO - Processing file /opt/airflow/dags/etl_dag.py for tasks to queue
[2024-05-19T10:35:38.237+0000] {logging_mixin.py:188} INFO - [2024-05-19T10:35:38.237+0000] {dagbag.py:540} INFO - Filling up the DagBag from /opt/airflow/dags/etl_dag.py
[2024-05-19T10:35:38.281+0000] {processor.py:840} INFO - DAG(s) 'etl_dag' retrieved from /opt/airflow/dags/etl_dag.py
[2024-05-19T10:35:38.331+0000] {logging_mixin.py:188} INFO - [2024-05-19T10:35:38.331+0000] {dag.py:3096} INFO - Sync 1 DAGs
[2024-05-19T10:35:38.368+0000] {logging_mixin.py:188} INFO - [2024-05-19T10:35:38.368+0000] {dag.py:3954} INFO - Setting next_dagrun for etl_dag to 2024-05-19 00:00:00+00:00, run_after=2024-05-20 00:00:00+00:00
[2024-05-19T10:35:38.391+0000] {processor.py:183} INFO - Processing /opt/airflow/dags/etl_dag.py took 0.176 seconds
[2024-05-19T10:36:08.489+0000] {processor.py:161} INFO - Started process (PID=182) to work on /opt/airflow/dags/etl_dag.py
[2024-05-19T10:36:08.490+0000] {processor.py:830} INFO - Processing file /opt/airflow/dags/etl_dag.py for tasks to queue
[2024-05-19T10:36:08.492+0000] {logging_mixin.py:188} INFO - [2024-05-19T10:36:08.492+0000] {dagbag.py:540} INFO - Filling up the DagBag from /opt/airflow/dags/etl_dag.py
[2024-05-19T10:36:08.509+0000] {processor.py:840} INFO - DAG(s) 'etl_dag' retrieved from /opt/airflow/dags/etl_dag.py
[2024-05-19T10:36:08.533+0000] {logging_mixin.py:188} INFO - [2024-05-19T10:36:08.533+0000] {dag.py:3096} INFO - Sync 1 DAGs
[2024-05-19T10:36:08.550+0000] {logging_mixin.py:188} INFO - [2024-05-19T10:36:08.550+0000] {dag.py:3954} INFO - Setting next_dagrun for etl_dag to 2024-05-19 00:00:00+00:00, run_after=2024-05-20 00:00:00+00:00
[2024-05-19T10:36:08.569+0000] {processor.py:183} INFO - Processing /opt/airflow/dags/etl_dag.py took 0.085 seconds
[2024-05-19T10:36:38.826+0000] {processor.py:161} INFO - Started process (PID=189) to work on /opt/airflow/dags/etl_dag.py
[2024-05-19T10:36:38.827+0000] {processor.py:830} INFO - Processing file /opt/airflow/dags/etl_dag.py for tasks to queue
[2024-05-19T10:36:38.831+0000] {logging_mixin.py:188} INFO - [2024-05-19T10:36:38.830+0000] {dagbag.py:540} INFO - Filling up the DagBag from /opt/airflow/dags/etl_dag.py
[2024-05-19T10:36:38.859+0000] {processor.py:840} INFO - DAG(s) 'etl_dag' retrieved from /opt/airflow/dags/etl_dag.py
[2024-05-19T10:36:38.889+0000] {logging_mixin.py:188} INFO - [2024-05-19T10:36:38.888+0000] {dag.py:3096} INFO - Sync 1 DAGs
[2024-05-19T10:36:38.914+0000] {logging_mixin.py:188} INFO - [2024-05-19T10:36:38.914+0000] {dag.py:3954} INFO - Setting next_dagrun for etl_dag to 2024-05-19 00:00:00+00:00, run_after=2024-05-20 00:00:00+00:00
[2024-05-19T10:36:38.941+0000] {processor.py:183} INFO - Processing /opt/airflow/dags/etl_dag.py took 0.120 seconds
[2024-05-19T10:37:09.123+0000] {processor.py:161} INFO - Started process (PID=196) to work on /opt/airflow/dags/etl_dag.py
[2024-05-19T10:37:09.125+0000] {processor.py:830} INFO - Processing file /opt/airflow/dags/etl_dag.py for tasks to queue
[2024-05-19T10:37:09.129+0000] {logging_mixin.py:188} INFO - [2024-05-19T10:37:09.128+0000] {dagbag.py:540} INFO - Filling up the DagBag from /opt/airflow/dags/etl_dag.py
[2024-05-19T10:37:09.158+0000] {processor.py:840} INFO - DAG(s) 'etl_dag' retrieved from /opt/airflow/dags/etl_dag.py
[2024-05-19T10:37:09.184+0000] {logging_mixin.py:188} INFO - [2024-05-19T10:37:09.184+0000] {dag.py:3096} INFO - Sync 1 DAGs
[2024-05-19T10:37:09.204+0000] {logging_mixin.py:188} INFO - [2024-05-19T10:37:09.204+0000] {dag.py:3954} INFO - Setting next_dagrun for etl_dag to 2024-05-19 00:00:00+00:00, run_after=2024-05-20 00:00:00+00:00
[2024-05-19T10:37:09.221+0000] {processor.py:183} INFO - Processing /opt/airflow/dags/etl_dag.py took 0.105 seconds
[2024-05-19T10:37:39.456+0000] {processor.py:161} INFO - Started process (PID=203) to work on /opt/airflow/dags/etl_dag.py
[2024-05-19T10:37:39.457+0000] {processor.py:830} INFO - Processing file /opt/airflow/dags/etl_dag.py for tasks to queue
[2024-05-19T10:37:39.459+0000] {logging_mixin.py:188} INFO - [2024-05-19T10:37:39.459+0000] {dagbag.py:540} INFO - Filling up the DagBag from /opt/airflow/dags/etl_dag.py
[2024-05-19T10:37:39.481+0000] {processor.py:840} INFO - DAG(s) 'etl_dag' retrieved from /opt/airflow/dags/etl_dag.py
[2024-05-19T10:37:39.509+0000] {logging_mixin.py:188} INFO - [2024-05-19T10:37:39.509+0000] {dag.py:3096} INFO - Sync 1 DAGs
[2024-05-19T10:37:39.534+0000] {logging_mixin.py:188} INFO - [2024-05-19T10:37:39.534+0000] {dag.py:3954} INFO - Setting next_dagrun for etl_dag to 2024-05-19 00:00:00+00:00, run_after=2024-05-20 00:00:00+00:00
[2024-05-19T10:37:39.558+0000] {processor.py:183} INFO - Processing /opt/airflow/dags/etl_dag.py took 0.109 seconds
[2024-05-19T10:37:44.520+0000] {processor.py:161} INFO - Started process (PID=204) to work on /opt/airflow/dags/etl_dag.py
[2024-05-19T10:37:44.523+0000] {processor.py:830} INFO - Processing file /opt/airflow/dags/etl_dag.py for tasks to queue
[2024-05-19T10:37:44.526+0000] {logging_mixin.py:188} INFO - [2024-05-19T10:37:44.525+0000] {dagbag.py:540} INFO - Filling up the DagBag from /opt/airflow/dags/etl_dag.py
[2024-05-19T10:37:44.567+0000] {processor.py:840} INFO - DAG(s) 'etl_dag' retrieved from /opt/airflow/dags/etl_dag.py
[2024-05-19T10:37:44.590+0000] {logging_mixin.py:188} INFO - [2024-05-19T10:37:44.590+0000] {dag.py:3096} INFO - Sync 1 DAGs
[2024-05-19T10:37:44.608+0000] {logging_mixin.py:188} INFO - [2024-05-19T10:37:44.608+0000] {dag.py:3954} INFO - Setting next_dagrun for etl_dag to 2024-05-19 00:00:00+00:00, run_after=2024-05-20 00:00:00+00:00
[2024-05-19T10:37:44.630+0000] {processor.py:183} INFO - Processing /opt/airflow/dags/etl_dag.py took 0.116 seconds
[2024-05-19T10:38:14.871+0000] {processor.py:161} INFO - Started process (PID=211) to work on /opt/airflow/dags/etl_dag.py
[2024-05-19T10:38:14.872+0000] {processor.py:830} INFO - Processing file /opt/airflow/dags/etl_dag.py for tasks to queue
[2024-05-19T10:38:14.874+0000] {logging_mixin.py:188} INFO - [2024-05-19T10:38:14.874+0000] {dagbag.py:540} INFO - Filling up the DagBag from /opt/airflow/dags/etl_dag.py
[2024-05-19T10:38:14.887+0000] {processor.py:840} INFO - DAG(s) 'etl_dag' retrieved from /opt/airflow/dags/etl_dag.py
[2024-05-19T10:38:14.908+0000] {logging_mixin.py:188} INFO - [2024-05-19T10:38:14.908+0000] {dag.py:3096} INFO - Sync 1 DAGs
[2024-05-19T10:38:14.925+0000] {logging_mixin.py:188} INFO - [2024-05-19T10:38:14.925+0000] {dag.py:3954} INFO - Setting next_dagrun for etl_dag to 2024-05-19 00:00:00+00:00, run_after=2024-05-20 00:00:00+00:00
[2024-05-19T10:38:14.941+0000] {processor.py:183} INFO - Processing /opt/airflow/dags/etl_dag.py took 0.075 seconds
[2024-05-19T10:38:45.118+0000] {processor.py:161} INFO - Started process (PID=218) to work on /opt/airflow/dags/etl_dag.py
[2024-05-19T10:38:45.120+0000] {processor.py:830} INFO - Processing file /opt/airflow/dags/etl_dag.py for tasks to queue
[2024-05-19T10:38:45.123+0000] {logging_mixin.py:188} INFO - [2024-05-19T10:38:45.122+0000] {dagbag.py:540} INFO - Filling up the DagBag from /opt/airflow/dags/etl_dag.py
[2024-05-19T10:38:45.138+0000] {processor.py:840} INFO - DAG(s) 'etl_dag' retrieved from /opt/airflow/dags/etl_dag.py
[2024-05-19T10:38:45.159+0000] {logging_mixin.py:188} INFO - [2024-05-19T10:38:45.159+0000] {dag.py:3096} INFO - Sync 1 DAGs
[2024-05-19T10:38:45.177+0000] {logging_mixin.py:188} INFO - [2024-05-19T10:38:45.177+0000] {dag.py:3954} INFO - Setting next_dagrun for etl_dag to 2024-05-19 00:00:00+00:00, run_after=2024-05-20 00:00:00+00:00
[2024-05-19T10:38:45.193+0000] {processor.py:183} INFO - Processing /opt/airflow/dags/etl_dag.py took 0.082 seconds
[2024-05-19T10:39:15.460+0000] {processor.py:161} INFO - Started process (PID=225) to work on /opt/airflow/dags/etl_dag.py
[2024-05-19T10:39:15.461+0000] {processor.py:830} INFO - Processing file /opt/airflow/dags/etl_dag.py for tasks to queue
[2024-05-19T10:39:15.464+0000] {logging_mixin.py:188} INFO - [2024-05-19T10:39:15.463+0000] {dagbag.py:540} INFO - Filling up the DagBag from /opt/airflow/dags/etl_dag.py
[2024-05-19T10:39:15.485+0000] {processor.py:840} INFO - DAG(s) 'etl_dag' retrieved from /opt/airflow/dags/etl_dag.py
[2024-05-19T10:39:15.516+0000] {logging_mixin.py:188} INFO - [2024-05-19T10:39:15.516+0000] {dag.py:3096} INFO - Sync 1 DAGs
[2024-05-19T10:39:15.537+0000] {logging_mixin.py:188} INFO - [2024-05-19T10:39:15.537+0000] {dag.py:3954} INFO - Setting next_dagrun for etl_dag to 2024-05-19 00:00:00+00:00, run_after=2024-05-20 00:00:00+00:00
[2024-05-19T10:39:15.557+0000] {processor.py:183} INFO - Processing /opt/airflow/dags/etl_dag.py took 0.102 seconds
[2024-05-19T10:39:45.737+0000] {processor.py:161} INFO - Started process (PID=236) to work on /opt/airflow/dags/etl_dag.py
[2024-05-19T10:39:45.739+0000] {processor.py:830} INFO - Processing file /opt/airflow/dags/etl_dag.py for tasks to queue
[2024-05-19T10:39:45.742+0000] {logging_mixin.py:188} INFO - [2024-05-19T10:39:45.742+0000] {dagbag.py:540} INFO - Filling up the DagBag from /opt/airflow/dags/etl_dag.py
[2024-05-19T10:39:45.770+0000] {processor.py:840} INFO - DAG(s) 'etl_dag' retrieved from /opt/airflow/dags/etl_dag.py
[2024-05-19T10:39:45.793+0000] {logging_mixin.py:188} INFO - [2024-05-19T10:39:45.793+0000] {dag.py:3096} INFO - Sync 1 DAGs
[2024-05-19T10:39:45.813+0000] {logging_mixin.py:188} INFO - [2024-05-19T10:39:45.813+0000] {dag.py:3954} INFO - Setting next_dagrun for etl_dag to 2024-05-19 00:00:00+00:00, run_after=2024-05-20 00:00:00+00:00
[2024-05-19T10:39:45.834+0000] {processor.py:183} INFO - Processing /opt/airflow/dags/etl_dag.py took 0.103 seconds
[2024-05-19T10:40:15.995+0000] {processor.py:161} INFO - Started process (PID=243) to work on /opt/airflow/dags/etl_dag.py
[2024-05-19T10:40:15.996+0000] {processor.py:830} INFO - Processing file /opt/airflow/dags/etl_dag.py for tasks to queue
[2024-05-19T10:40:15.997+0000] {logging_mixin.py:188} INFO - [2024-05-19T10:40:15.997+0000] {dagbag.py:540} INFO - Filling up the DagBag from /opt/airflow/dags/etl_dag.py
[2024-05-19T10:40:16.015+0000] {processor.py:840} INFO - DAG(s) 'etl_dag' retrieved from /opt/airflow/dags/etl_dag.py
[2024-05-19T10:40:16.042+0000] {logging_mixin.py:188} INFO - [2024-05-19T10:40:16.042+0000] {dag.py:3096} INFO - Sync 1 DAGs
[2024-05-19T10:40:16.061+0000] {logging_mixin.py:188} INFO - [2024-05-19T10:40:16.061+0000] {dag.py:3954} INFO - Setting next_dagrun for etl_dag to 2024-05-19 00:00:00+00:00, run_after=2024-05-20 00:00:00+00:00
[2024-05-19T10:40:16.083+0000] {processor.py:183} INFO - Processing /opt/airflow/dags/etl_dag.py took 0.093 seconds
[2024-05-19T10:40:46.331+0000] {processor.py:161} INFO - Started process (PID=249) to work on /opt/airflow/dags/etl_dag.py
[2024-05-19T10:40:46.332+0000] {processor.py:830} INFO - Processing file /opt/airflow/dags/etl_dag.py for tasks to queue
[2024-05-19T10:40:46.334+0000] {logging_mixin.py:188} INFO - [2024-05-19T10:40:46.334+0000] {dagbag.py:540} INFO - Filling up the DagBag from /opt/airflow/dags/etl_dag.py
[2024-05-19T10:40:46.363+0000] {processor.py:840} INFO - DAG(s) 'etl_dag' retrieved from /opt/airflow/dags/etl_dag.py
[2024-05-19T10:40:46.386+0000] {logging_mixin.py:188} INFO - [2024-05-19T10:40:46.386+0000] {dag.py:3096} INFO - Sync 1 DAGs
[2024-05-19T10:40:46.405+0000] {logging_mixin.py:188} INFO - [2024-05-19T10:40:46.405+0000] {dag.py:3954} INFO - Setting next_dagrun for etl_dag to 2024-05-19 00:00:00+00:00, run_after=2024-05-20 00:00:00+00:00
[2024-05-19T10:40:46.421+0000] {processor.py:183} INFO - Processing /opt/airflow/dags/etl_dag.py took 0.096 seconds
[2024-05-19T10:42:29.835+0000] {processor.py:161} INFO - Started process (PID=41) to work on /opt/airflow/dags/etl_dag.py
[2024-05-19T10:42:29.845+0000] {processor.py:830} INFO - Processing file /opt/airflow/dags/etl_dag.py for tasks to queue
[2024-05-19T10:42:29.865+0000] {logging_mixin.py:188} INFO - [2024-05-19T10:42:29.863+0000] {dagbag.py:540} INFO - Filling up the DagBag from /opt/airflow/dags/etl_dag.py
[2024-05-19T10:42:30.117+0000] {processor.py:840} INFO - DAG(s) 'etl_dag' retrieved from /opt/airflow/dags/etl_dag.py
[2024-05-19T10:42:31.132+0000] {logging_mixin.py:188} INFO - [2024-05-19T10:42:31.131+0000] {dag.py:3096} INFO - Sync 1 DAGs
[2024-05-19T10:42:31.188+0000] {logging_mixin.py:188} INFO - [2024-05-19T10:42:31.187+0000] {dag.py:3954} INFO - Setting next_dagrun for etl_dag to 2024-05-19 00:00:00+00:00, run_after=2024-05-20 00:00:00+00:00
[2024-05-19T10:42:31.245+0000] {processor.py:183} INFO - Processing /opt/airflow/dags/etl_dag.py took 1.468 seconds
[2024-05-19T10:43:02.229+0000] {processor.py:161} INFO - Started process (PID=48) to work on /opt/airflow/dags/etl_dag.py
[2024-05-19T10:43:02.249+0000] {processor.py:830} INFO - Processing file /opt/airflow/dags/etl_dag.py for tasks to queue
[2024-05-19T10:43:02.366+0000] {logging_mixin.py:188} INFO - [2024-05-19T10:43:02.355+0000] {dagbag.py:540} INFO - Filling up the DagBag from /opt/airflow/dags/etl_dag.py
[2024-05-19T10:43:02.824+0000] {processor.py:840} INFO - DAG(s) 'etl_dag' retrieved from /opt/airflow/dags/etl_dag.py
[2024-05-19T10:43:03.167+0000] {logging_mixin.py:188} INFO - [2024-05-19T10:43:03.165+0000] {dag.py:3096} INFO - Sync 1 DAGs
[2024-05-19T10:43:03.473+0000] {logging_mixin.py:188} INFO - [2024-05-19T10:43:03.472+0000] {dag.py:3954} INFO - Setting next_dagrun for etl_dag to 2024-05-19 00:00:00+00:00, run_after=2024-05-20 00:00:00+00:00
[2024-05-19T10:43:03.571+0000] {processor.py:183} INFO - Processing /opt/airflow/dags/etl_dag.py took 1.716 seconds
[2024-05-19T10:43:33.927+0000] {processor.py:161} INFO - Started process (PID=55) to work on /opt/airflow/dags/etl_dag.py
[2024-05-19T10:43:33.930+0000] {processor.py:830} INFO - Processing file /opt/airflow/dags/etl_dag.py for tasks to queue
[2024-05-19T10:43:33.935+0000] {logging_mixin.py:188} INFO - [2024-05-19T10:43:33.934+0000] {dagbag.py:540} INFO - Filling up the DagBag from /opt/airflow/dags/etl_dag.py
[2024-05-19T10:43:33.983+0000] {processor.py:840} INFO - DAG(s) 'etl_dag' retrieved from /opt/airflow/dags/etl_dag.py
[2024-05-19T10:43:34.051+0000] {logging_mixin.py:188} INFO - [2024-05-19T10:43:34.050+0000] {dag.py:3096} INFO - Sync 1 DAGs
[2024-05-19T10:43:34.110+0000] {logging_mixin.py:188} INFO - [2024-05-19T10:43:34.110+0000] {dag.py:3954} INFO - Setting next_dagrun for etl_dag to 2024-05-19 00:00:00+00:00, run_after=2024-05-20 00:00:00+00:00
[2024-05-19T10:43:34.146+0000] {processor.py:183} INFO - Processing /opt/airflow/dags/etl_dag.py took 0.239 seconds
[2024-05-19T10:45:10.124+0000] {processor.py:161} INFO - Started process (PID=41) to work on /opt/airflow/dags/etl_dag.py
[2024-05-19T10:45:10.132+0000] {processor.py:830} INFO - Processing file /opt/airflow/dags/etl_dag.py for tasks to queue
[2024-05-19T10:45:10.148+0000] {logging_mixin.py:188} INFO - [2024-05-19T10:45:10.147+0000] {dagbag.py:540} INFO - Filling up the DagBag from /opt/airflow/dags/etl_dag.py
[2024-05-19T10:45:10.265+0000] {processor.py:840} INFO - DAG(s) 'etl_dag' retrieved from /opt/airflow/dags/etl_dag.py
[2024-05-19T10:45:11.869+0000] {logging_mixin.py:188} INFO - [2024-05-19T10:45:11.868+0000] {dag.py:3096} INFO - Sync 1 DAGs
[2024-05-19T10:45:12.054+0000] {logging_mixin.py:188} INFO - [2024-05-19T10:45:12.053+0000] {dag.py:3954} INFO - Setting next_dagrun for etl_dag to 2024-05-19 00:00:00+00:00, run_after=2024-05-20 00:00:00+00:00
[2024-05-19T10:45:12.201+0000] {processor.py:183} INFO - Processing /opt/airflow/dags/etl_dag.py took 2.119 seconds
[2024-05-19T10:45:42.406+0000] {processor.py:161} INFO - Started process (PID=48) to work on /opt/airflow/dags/etl_dag.py
[2024-05-19T10:45:42.408+0000] {processor.py:830} INFO - Processing file /opt/airflow/dags/etl_dag.py for tasks to queue
[2024-05-19T10:45:42.424+0000] {logging_mixin.py:188} INFO - [2024-05-19T10:45:42.420+0000] {dagbag.py:540} INFO - Filling up the DagBag from /opt/airflow/dags/etl_dag.py
[2024-05-19T10:45:42.480+0000] {processor.py:840} INFO - DAG(s) 'etl_dag' retrieved from /opt/airflow/dags/etl_dag.py
[2024-05-19T10:45:42.574+0000] {logging_mixin.py:188} INFO - [2024-05-19T10:45:42.574+0000] {dag.py:3096} INFO - Sync 1 DAGs
[2024-05-19T10:45:42.652+0000] {logging_mixin.py:188} INFO - [2024-05-19T10:45:42.651+0000] {dag.py:3954} INFO - Setting next_dagrun for etl_dag to 2024-05-19 00:00:00+00:00, run_after=2024-05-20 00:00:00+00:00
[2024-05-19T10:45:42.691+0000] {processor.py:183} INFO - Processing /opt/airflow/dags/etl_dag.py took 0.310 seconds
[2024-05-19T10:46:12.770+0000] {processor.py:161} INFO - Started process (PID=55) to work on /opt/airflow/dags/etl_dag.py
[2024-05-19T10:46:12.772+0000] {processor.py:830} INFO - Processing file /opt/airflow/dags/etl_dag.py for tasks to queue
[2024-05-19T10:46:12.776+0000] {logging_mixin.py:188} INFO - [2024-05-19T10:46:12.775+0000] {dagbag.py:540} INFO - Filling up the DagBag from /opt/airflow/dags/etl_dag.py
[2024-05-19T10:46:12.828+0000] {processor.py:840} INFO - DAG(s) 'etl_dag' retrieved from /opt/airflow/dags/etl_dag.py
[2024-05-19T10:46:12.929+0000] {logging_mixin.py:188} INFO - [2024-05-19T10:46:12.928+0000] {dag.py:3096} INFO - Sync 1 DAGs
[2024-05-19T10:46:13.040+0000] {logging_mixin.py:188} INFO - [2024-05-19T10:46:13.040+0000] {dag.py:3954} INFO - Setting next_dagrun for etl_dag to 2024-05-19 00:00:00+00:00, run_after=2024-05-20 00:00:00+00:00
[2024-05-19T10:46:13.067+0000] {processor.py:183} INFO - Processing /opt/airflow/dags/etl_dag.py took 0.307 seconds
[2024-05-19T10:46:43.467+0000] {processor.py:161} INFO - Started process (PID=62) to work on /opt/airflow/dags/etl_dag.py
[2024-05-19T10:46:43.468+0000] {processor.py:830} INFO - Processing file /opt/airflow/dags/etl_dag.py for tasks to queue
[2024-05-19T10:46:43.473+0000] {logging_mixin.py:188} INFO - [2024-05-19T10:46:43.472+0000] {dagbag.py:540} INFO - Filling up the DagBag from /opt/airflow/dags/etl_dag.py
[2024-05-19T10:46:43.513+0000] {processor.py:840} INFO - DAG(s) 'etl_dag' retrieved from /opt/airflow/dags/etl_dag.py
[2024-05-19T10:46:43.573+0000] {logging_mixin.py:188} INFO - [2024-05-19T10:46:43.573+0000] {dag.py:3096} INFO - Sync 1 DAGs
[2024-05-19T10:46:43.614+0000] {logging_mixin.py:188} INFO - [2024-05-19T10:46:43.614+0000] {dag.py:3954} INFO - Setting next_dagrun for etl_dag to 2024-05-19 00:00:00+00:00, run_after=2024-05-20 00:00:00+00:00
[2024-05-19T10:46:43.641+0000] {processor.py:183} INFO - Processing /opt/airflow/dags/etl_dag.py took 0.187 seconds
[2024-05-19T10:47:13.870+0000] {processor.py:161} INFO - Started process (PID=63) to work on /opt/airflow/dags/etl_dag.py
[2024-05-19T10:47:13.875+0000] {processor.py:830} INFO - Processing file /opt/airflow/dags/etl_dag.py for tasks to queue
[2024-05-19T10:47:13.882+0000] {logging_mixin.py:188} INFO - [2024-05-19T10:47:13.879+0000] {dagbag.py:540} INFO - Filling up the DagBag from /opt/airflow/dags/etl_dag.py
[2024-05-19T10:47:13.981+0000] {processor.py:840} INFO - DAG(s) 'etl_dag' retrieved from /opt/airflow/dags/etl_dag.py
[2024-05-19T10:47:23.590+0000] {logging_mixin.py:188} INFO - [2024-05-19T10:47:23.588+0000] {dag.py:3096} INFO - Sync 1 DAGs
[2024-05-19T10:47:23.690+0000] {logging_mixin.py:188} INFO - [2024-05-19T10:47:23.689+0000] {dag.py:3954} INFO - Setting next_dagrun for etl_dag to 2024-05-19 00:00:00+00:00, run_after=2024-05-20 00:00:00+00:00
[2024-05-19T10:47:23.758+0000] {processor.py:183} INFO - Processing /opt/airflow/dags/etl_dag.py took 9.820 seconds
[2024-05-19T10:47:54.113+0000] {processor.py:161} INFO - Started process (PID=70) to work on /opt/airflow/dags/etl_dag.py
[2024-05-19T10:47:54.114+0000] {processor.py:830} INFO - Processing file /opt/airflow/dags/etl_dag.py for tasks to queue
[2024-05-19T10:47:54.117+0000] {logging_mixin.py:188} INFO - [2024-05-19T10:47:54.116+0000] {dagbag.py:540} INFO - Filling up the DagBag from /opt/airflow/dags/etl_dag.py
[2024-05-19T10:47:54.158+0000] {processor.py:840} INFO - DAG(s) 'etl_dag' retrieved from /opt/airflow/dags/etl_dag.py
[2024-05-19T10:47:54.212+0000] {logging_mixin.py:188} INFO - [2024-05-19T10:47:54.212+0000] {dag.py:3096} INFO - Sync 1 DAGs
[2024-05-19T10:47:54.293+0000] {logging_mixin.py:188} INFO - [2024-05-19T10:47:54.293+0000] {dag.py:3954} INFO - Setting next_dagrun for etl_dag to 2024-05-19 00:00:00+00:00, run_after=2024-05-20 00:00:00+00:00
[2024-05-19T10:47:54.331+0000] {processor.py:183} INFO - Processing /opt/airflow/dags/etl_dag.py took 0.227 seconds
[2024-05-19T10:48:24.610+0000] {processor.py:161} INFO - Started process (PID=77) to work on /opt/airflow/dags/etl_dag.py
[2024-05-19T10:48:24.612+0000] {processor.py:830} INFO - Processing file /opt/airflow/dags/etl_dag.py for tasks to queue
[2024-05-19T10:48:24.615+0000] {logging_mixin.py:188} INFO - [2024-05-19T10:48:24.614+0000] {dagbag.py:540} INFO - Filling up the DagBag from /opt/airflow/dags/etl_dag.py
[2024-05-19T10:48:24.653+0000] {processor.py:840} INFO - DAG(s) 'etl_dag' retrieved from /opt/airflow/dags/etl_dag.py
[2024-05-19T10:48:24.714+0000] {logging_mixin.py:188} INFO - [2024-05-19T10:48:24.713+0000] {dag.py:3096} INFO - Sync 1 DAGs
[2024-05-19T10:48:24.739+0000] {logging_mixin.py:188} INFO - [2024-05-19T10:48:24.739+0000] {dag.py:3954} INFO - Setting next_dagrun for etl_dag to 2024-05-19 00:00:00+00:00, run_after=2024-05-20 00:00:00+00:00
[2024-05-19T10:48:24.763+0000] {processor.py:183} INFO - Processing /opt/airflow/dags/etl_dag.py took 0.169 seconds
[2024-05-19T10:48:54.962+0000] {processor.py:161} INFO - Started process (PID=84) to work on /opt/airflow/dags/etl_dag.py
[2024-05-19T10:48:54.966+0000] {processor.py:830} INFO - Processing file /opt/airflow/dags/etl_dag.py for tasks to queue
[2024-05-19T10:48:54.973+0000] {logging_mixin.py:188} INFO - [2024-05-19T10:48:54.970+0000] {dagbag.py:540} INFO - Filling up the DagBag from /opt/airflow/dags/etl_dag.py
[2024-05-19T10:48:55.024+0000] {processor.py:840} INFO - DAG(s) 'etl_dag' retrieved from /opt/airflow/dags/etl_dag.py
[2024-05-19T10:48:55.120+0000] {logging_mixin.py:188} INFO - [2024-05-19T10:48:55.120+0000] {dag.py:3096} INFO - Sync 1 DAGs
[2024-05-19T10:48:55.151+0000] {logging_mixin.py:188} INFO - [2024-05-19T10:48:55.151+0000] {dag.py:3954} INFO - Setting next_dagrun for etl_dag to 2024-05-19 00:00:00+00:00, run_after=2024-05-20 00:00:00+00:00
[2024-05-19T10:48:55.173+0000] {processor.py:183} INFO - Processing /opt/airflow/dags/etl_dag.py took 0.230 seconds
[2024-05-19T10:49:25.310+0000] {processor.py:161} INFO - Started process (PID=91) to work on /opt/airflow/dags/etl_dag.py
[2024-05-19T10:49:25.311+0000] {processor.py:830} INFO - Processing file /opt/airflow/dags/etl_dag.py for tasks to queue
[2024-05-19T10:49:25.315+0000] {logging_mixin.py:188} INFO - [2024-05-19T10:49:25.313+0000] {dagbag.py:540} INFO - Filling up the DagBag from /opt/airflow/dags/etl_dag.py
[2024-05-19T10:49:25.348+0000] {processor.py:840} INFO - DAG(s) 'etl_dag' retrieved from /opt/airflow/dags/etl_dag.py
[2024-05-19T10:49:25.420+0000] {logging_mixin.py:188} INFO - [2024-05-19T10:49:25.420+0000] {dag.py:3096} INFO - Sync 1 DAGs
[2024-05-19T10:49:25.444+0000] {logging_mixin.py:188} INFO - [2024-05-19T10:49:25.443+0000] {dag.py:3954} INFO - Setting next_dagrun for etl_dag to 2024-05-19 00:00:00+00:00, run_after=2024-05-20 00:00:00+00:00
[2024-05-19T10:49:25.466+0000] {processor.py:183} INFO - Processing /opt/airflow/dags/etl_dag.py took 0.166 seconds
[2024-05-19T10:49:55.610+0000] {processor.py:161} INFO - Started process (PID=98) to work on /opt/airflow/dags/etl_dag.py
[2024-05-19T10:49:55.614+0000] {processor.py:830} INFO - Processing file /opt/airflow/dags/etl_dag.py for tasks to queue
[2024-05-19T10:49:55.620+0000] {logging_mixin.py:188} INFO - [2024-05-19T10:49:55.616+0000] {dagbag.py:540} INFO - Filling up the DagBag from /opt/airflow/dags/etl_dag.py
[2024-05-19T10:49:55.660+0000] {processor.py:840} INFO - DAG(s) 'etl_dag' retrieved from /opt/airflow/dags/etl_dag.py
[2024-05-19T10:49:55.747+0000] {logging_mixin.py:188} INFO - [2024-05-19T10:49:55.747+0000] {dag.py:3096} INFO - Sync 1 DAGs
[2024-05-19T10:49:55.769+0000] {logging_mixin.py:188} INFO - [2024-05-19T10:49:55.769+0000] {dag.py:3954} INFO - Setting next_dagrun for etl_dag to 2024-05-19 00:00:00+00:00, run_after=2024-05-20 00:00:00+00:00
[2024-05-19T10:49:55.785+0000] {processor.py:183} INFO - Processing /opt/airflow/dags/etl_dag.py took 0.191 seconds
[2024-05-19T10:50:26.087+0000] {processor.py:161} INFO - Started process (PID=105) to work on /opt/airflow/dags/etl_dag.py
[2024-05-19T10:50:26.090+0000] {processor.py:830} INFO - Processing file /opt/airflow/dags/etl_dag.py for tasks to queue
[2024-05-19T10:50:26.093+0000] {logging_mixin.py:188} INFO - [2024-05-19T10:50:26.092+0000] {dagbag.py:540} INFO - Filling up the DagBag from /opt/airflow/dags/etl_dag.py
[2024-05-19T10:50:26.127+0000] {processor.py:840} INFO - DAG(s) 'etl_dag' retrieved from /opt/airflow/dags/etl_dag.py
[2024-05-19T10:50:26.198+0000] {logging_mixin.py:188} INFO - [2024-05-19T10:50:26.197+0000] {dag.py:3096} INFO - Sync 1 DAGs
[2024-05-19T10:50:26.221+0000] {logging_mixin.py:188} INFO - [2024-05-19T10:50:26.221+0000] {dag.py:3954} INFO - Setting next_dagrun for etl_dag to 2024-05-19 00:00:00+00:00, run_after=2024-05-20 00:00:00+00:00
[2024-05-19T10:50:26.237+0000] {processor.py:183} INFO - Processing /opt/airflow/dags/etl_dag.py took 0.161 seconds
[2024-05-19T10:52:10.395+0000] {processor.py:161} INFO - Started process (PID=41) to work on /opt/airflow/dags/etl_dag.py
[2024-05-19T10:52:10.398+0000] {processor.py:830} INFO - Processing file /opt/airflow/dags/etl_dag.py for tasks to queue
[2024-05-19T10:52:10.405+0000] {logging_mixin.py:188} INFO - [2024-05-19T10:52:10.404+0000] {dagbag.py:540} INFO - Filling up the DagBag from /opt/airflow/dags/etl_dag.py
[2024-05-19T10:52:10.509+0000] {processor.py:840} INFO - DAG(s) 'etl_dag' retrieved from /opt/airflow/dags/etl_dag.py
[2024-05-19T10:52:11.328+0000] {logging_mixin.py:188} INFO - [2024-05-19T10:52:11.328+0000] {dag.py:3096} INFO - Sync 1 DAGs
[2024-05-19T10:52:11.380+0000] {logging_mixin.py:188} INFO - [2024-05-19T10:52:11.379+0000] {dag.py:3954} INFO - Setting next_dagrun for etl_dag to 2024-05-19 00:00:00+00:00, run_after=2024-05-20 00:00:00+00:00
[2024-05-19T10:52:11.441+0000] {processor.py:183} INFO - Processing /opt/airflow/dags/etl_dag.py took 1.074 seconds
[2024-05-19T10:52:41.656+0000] {processor.py:161} INFO - Started process (PID=48) to work on /opt/airflow/dags/etl_dag.py
[2024-05-19T10:52:41.658+0000] {processor.py:830} INFO - Processing file /opt/airflow/dags/etl_dag.py for tasks to queue
[2024-05-19T10:52:41.664+0000] {logging_mixin.py:188} INFO - [2024-05-19T10:52:41.663+0000] {dagbag.py:540} INFO - Filling up the DagBag from /opt/airflow/dags/etl_dag.py
[2024-05-19T10:52:41.738+0000] {processor.py:840} INFO - DAG(s) 'etl_dag' retrieved from /opt/airflow/dags/etl_dag.py
[2024-05-19T10:52:41.798+0000] {logging_mixin.py:188} INFO - [2024-05-19T10:52:41.798+0000] {dag.py:3096} INFO - Sync 1 DAGs
[2024-05-19T10:52:41.873+0000] {logging_mixin.py:188} INFO - [2024-05-19T10:52:41.873+0000] {dag.py:3954} INFO - Setting next_dagrun for etl_dag to 2024-05-19 00:00:00+00:00, run_after=2024-05-20 00:00:00+00:00
[2024-05-19T10:52:41.902+0000] {processor.py:183} INFO - Processing /opt/airflow/dags/etl_dag.py took 0.257 seconds
[2024-05-19T10:53:11.969+0000] {processor.py:161} INFO - Started process (PID=55) to work on /opt/airflow/dags/etl_dag.py
[2024-05-19T10:53:11.974+0000] {processor.py:830} INFO - Processing file /opt/airflow/dags/etl_dag.py for tasks to queue
[2024-05-19T10:53:11.978+0000] {logging_mixin.py:188} INFO - [2024-05-19T10:53:11.977+0000] {dagbag.py:540} INFO - Filling up the DagBag from /opt/airflow/dags/etl_dag.py
[2024-05-19T10:53:12.032+0000] {processor.py:840} INFO - DAG(s) 'etl_dag' retrieved from /opt/airflow/dags/etl_dag.py
[2024-05-19T10:53:12.124+0000] {logging_mixin.py:188} INFO - [2024-05-19T10:53:12.123+0000] {dag.py:3096} INFO - Sync 1 DAGs
[2024-05-19T10:53:12.181+0000] {logging_mixin.py:188} INFO - [2024-05-19T10:53:12.181+0000] {dag.py:3954} INFO - Setting next_dagrun for etl_dag to 2024-05-19 00:00:00+00:00, run_after=2024-05-20 00:00:00+00:00
[2024-05-19T10:53:12.213+0000] {processor.py:183} INFO - Processing /opt/airflow/dags/etl_dag.py took 0.252 seconds
[2024-05-19T10:53:42.998+0000] {processor.py:161} INFO - Started process (PID=62) to work on /opt/airflow/dags/etl_dag.py
[2024-05-19T10:53:43.017+0000] {processor.py:830} INFO - Processing file /opt/airflow/dags/etl_dag.py for tasks to queue
[2024-05-19T10:53:43.105+0000] {logging_mixin.py:188} INFO - [2024-05-19T10:53:43.088+0000] {dagbag.py:540} INFO - Filling up the DagBag from /opt/airflow/dags/etl_dag.py
[2024-05-19T10:53:43.852+0000] {processor.py:840} INFO - DAG(s) 'etl_dag' retrieved from /opt/airflow/dags/etl_dag.py
[2024-05-19T10:53:44.815+0000] {logging_mixin.py:188} INFO - [2024-05-19T10:53:44.813+0000] {dag.py:3096} INFO - Sync 1 DAGs
[2024-05-19T10:53:45.306+0000] {logging_mixin.py:188} INFO - [2024-05-19T10:53:45.304+0000] {dag.py:3954} INFO - Setting next_dagrun for etl_dag to 2024-05-19 00:00:00+00:00, run_after=2024-05-20 00:00:00+00:00
[2024-05-19T10:53:45.432+0000] {processor.py:183} INFO - Processing /opt/airflow/dags/etl_dag.py took 2.704 seconds
[2024-05-19T10:54:16.665+0000] {processor.py:161} INFO - Started process (PID=63) to work on /opt/airflow/dags/etl_dag.py
[2024-05-19T10:54:16.828+0000] {processor.py:830} INFO - Processing file /opt/airflow/dags/etl_dag.py for tasks to queue
[2024-05-19T10:54:17.531+0000] {logging_mixin.py:188} INFO - [2024-05-19T10:54:17.281+0000] {dagbag.py:540} INFO - Filling up the DagBag from /opt/airflow/dags/etl_dag.py
[2024-05-19T10:54:25.218+0000] {processor.py:840} INFO - DAG(s) 'etl_dag' retrieved from /opt/airflow/dags/etl_dag.py
[2024-05-19T10:54:26.103+0000] {logging_mixin.py:188} INFO - [2024-05-19T10:54:26.103+0000] {dag.py:3096} INFO - Sync 1 DAGs
[2024-05-19T10:54:26.164+0000] {logging_mixin.py:188} INFO - [2024-05-19T10:54:26.163+0000] {dag.py:3954} INFO - Setting next_dagrun for etl_dag to 2024-05-19 00:00:00+00:00, run_after=2024-05-20 00:00:00+00:00
[2024-05-19T10:54:26.214+0000] {processor.py:183} INFO - Processing /opt/airflow/dags/etl_dag.py took 10.391 seconds
[2024-05-19T10:54:46.459+0000] {processor.py:161} INFO - Started process (PID=34) to work on /opt/airflow/dags/etl_dag.py
[2024-05-19T10:54:46.461+0000] {processor.py:830} INFO - Processing file /opt/airflow/dags/etl_dag.py for tasks to queue
[2024-05-19T10:54:46.465+0000] {logging_mixin.py:188} INFO - [2024-05-19T10:54:46.465+0000] {dagbag.py:540} INFO - Filling up the DagBag from /opt/airflow/dags/etl_dag.py
[2024-05-19T10:54:46.504+0000] {processor.py:840} INFO - DAG(s) 'etl_dag' retrieved from /opt/airflow/dags/etl_dag.py
[2024-05-19T10:54:46.587+0000] {logging_mixin.py:188} INFO - [2024-05-19T10:54:46.586+0000] {dag.py:3096} INFO - Sync 1 DAGs
[2024-05-19T10:54:46.651+0000] {logging_mixin.py:188} INFO - [2024-05-19T10:54:46.650+0000] {dag.py:3954} INFO - Setting next_dagrun for etl_dag to 2024-05-19 00:00:00+00:00, run_after=2024-05-20 00:00:00+00:00
[2024-05-19T10:54:46.712+0000] {processor.py:183} INFO - Processing /opt/airflow/dags/etl_dag.py took 0.263 seconds
[2024-05-19T10:55:16.868+0000] {processor.py:161} INFO - Started process (PID=41) to work on /opt/airflow/dags/etl_dag.py
[2024-05-19T10:55:16.870+0000] {processor.py:830} INFO - Processing file /opt/airflow/dags/etl_dag.py for tasks to queue
[2024-05-19T10:55:16.880+0000] {logging_mixin.py:188} INFO - [2024-05-19T10:55:16.876+0000] {dagbag.py:540} INFO - Filling up the DagBag from /opt/airflow/dags/etl_dag.py
[2024-05-19T10:55:16.945+0000] {processor.py:840} INFO - DAG(s) 'etl_dag' retrieved from /opt/airflow/dags/etl_dag.py
[2024-05-19T10:55:17.064+0000] {logging_mixin.py:188} INFO - [2024-05-19T10:55:17.064+0000] {dag.py:3096} INFO - Sync 1 DAGs
[2024-05-19T10:55:17.112+0000] {logging_mixin.py:188} INFO - [2024-05-19T10:55:17.111+0000] {dag.py:3954} INFO - Setting next_dagrun for etl_dag to 2024-05-19 00:00:00+00:00, run_after=2024-05-20 00:00:00+00:00
[2024-05-19T10:55:17.171+0000] {processor.py:183} INFO - Processing /opt/airflow/dags/etl_dag.py took 0.326 seconds
[2024-05-19T10:55:47.335+0000] {processor.py:161} INFO - Started process (PID=48) to work on /opt/airflow/dags/etl_dag.py
[2024-05-19T10:55:47.337+0000] {processor.py:830} INFO - Processing file /opt/airflow/dags/etl_dag.py for tasks to queue
[2024-05-19T10:55:47.341+0000] {logging_mixin.py:188} INFO - [2024-05-19T10:55:47.340+0000] {dagbag.py:540} INFO - Filling up the DagBag from /opt/airflow/dags/etl_dag.py
[2024-05-19T10:55:47.381+0000] {processor.py:840} INFO - DAG(s) 'etl_dag' retrieved from /opt/airflow/dags/etl_dag.py
[2024-05-19T10:55:47.435+0000] {logging_mixin.py:188} INFO - [2024-05-19T10:55:47.435+0000] {dag.py:3096} INFO - Sync 1 DAGs
[2024-05-19T10:55:47.466+0000] {logging_mixin.py:188} INFO - [2024-05-19T10:55:47.466+0000] {dag.py:3954} INFO - Setting next_dagrun for etl_dag to 2024-05-19 00:00:00+00:00, run_after=2024-05-20 00:00:00+00:00
[2024-05-19T10:55:47.497+0000] {processor.py:183} INFO - Processing /opt/airflow/dags/etl_dag.py took 0.171 seconds
[2024-05-19T10:56:17.685+0000] {processor.py:161} INFO - Started process (PID=54) to work on /opt/airflow/dags/etl_dag.py
[2024-05-19T10:56:17.685+0000] {processor.py:830} INFO - Processing file /opt/airflow/dags/etl_dag.py for tasks to queue
[2024-05-19T10:56:17.687+0000] {logging_mixin.py:188} INFO - [2024-05-19T10:56:17.687+0000] {dagbag.py:540} INFO - Filling up the DagBag from /opt/airflow/dags/etl_dag.py
[2024-05-19T10:56:17.704+0000] {processor.py:840} INFO - DAG(s) 'etl_dag' retrieved from /opt/airflow/dags/etl_dag.py
[2024-05-19T10:56:17.730+0000] {logging_mixin.py:188} INFO - [2024-05-19T10:56:17.730+0000] {dag.py:3096} INFO - Sync 1 DAGs
[2024-05-19T10:56:17.749+0000] {logging_mixin.py:188} INFO - [2024-05-19T10:56:17.749+0000] {dag.py:3954} INFO - Setting next_dagrun for etl_dag to 2024-05-19 00:00:00+00:00, run_after=2024-05-20 00:00:00+00:00
[2024-05-19T10:56:17.767+0000] {processor.py:183} INFO - Processing /opt/airflow/dags/etl_dag.py took 0.087 seconds
[2024-05-19T10:56:48.036+0000] {processor.py:161} INFO - Started process (PID=60) to work on /opt/airflow/dags/etl_dag.py
[2024-05-19T10:56:48.038+0000] {processor.py:830} INFO - Processing file /opt/airflow/dags/etl_dag.py for tasks to queue
[2024-05-19T10:56:48.043+0000] {logging_mixin.py:188} INFO - [2024-05-19T10:56:48.041+0000] {dagbag.py:540} INFO - Filling up the DagBag from /opt/airflow/dags/etl_dag.py
[2024-05-19T10:56:48.108+0000] {processor.py:840} INFO - DAG(s) 'etl_dag' retrieved from /opt/airflow/dags/etl_dag.py
[2024-05-19T10:56:48.402+0000] {logging_mixin.py:188} INFO - [2024-05-19T10:56:48.395+0000] {dag.py:3096} INFO - Sync 1 DAGs
[2024-05-19T10:56:48.449+0000] {logging_mixin.py:188} INFO - [2024-05-19T10:56:48.448+0000] {dag.py:3954} INFO - Setting next_dagrun for etl_dag to 2024-05-19 00:00:00+00:00, run_after=2024-05-20 00:00:00+00:00
[2024-05-19T10:56:48.485+0000] {processor.py:183} INFO - Processing /opt/airflow/dags/etl_dag.py took 0.462 seconds
[2024-05-19T10:57:18.794+0000] {processor.py:161} INFO - Started process (PID=67) to work on /opt/airflow/dags/etl_dag.py
[2024-05-19T10:57:18.795+0000] {processor.py:830} INFO - Processing file /opt/airflow/dags/etl_dag.py for tasks to queue
[2024-05-19T10:57:18.797+0000] {logging_mixin.py:188} INFO - [2024-05-19T10:57:18.796+0000] {dagbag.py:540} INFO - Filling up the DagBag from /opt/airflow/dags/etl_dag.py
[2024-05-19T10:57:18.824+0000] {processor.py:840} INFO - DAG(s) 'etl_dag' retrieved from /opt/airflow/dags/etl_dag.py
[2024-05-19T10:57:18.865+0000] {logging_mixin.py:188} INFO - [2024-05-19T10:57:18.865+0000] {dag.py:3096} INFO - Sync 1 DAGs
[2024-05-19T10:57:18.894+0000] {logging_mixin.py:188} INFO - [2024-05-19T10:57:18.894+0000] {dag.py:3954} INFO - Setting next_dagrun for etl_dag to 2024-05-19 00:00:00+00:00, run_after=2024-05-20 00:00:00+00:00
[2024-05-19T10:57:18.918+0000] {processor.py:183} INFO - Processing /opt/airflow/dags/etl_dag.py took 0.132 seconds
[2024-05-19T11:02:23.164+0000] {processor.py:161} INFO - Started process (PID=34) to work on /opt/airflow/dags/etl_dag.py
[2024-05-19T11:02:23.167+0000] {processor.py:830} INFO - Processing file /opt/airflow/dags/etl_dag.py for tasks to queue
[2024-05-19T11:02:23.171+0000] {logging_mixin.py:188} INFO - [2024-05-19T11:02:23.170+0000] {dagbag.py:540} INFO - Filling up the DagBag from /opt/airflow/dags/etl_dag.py
[2024-05-19T11:02:23.241+0000] {processor.py:840} INFO - DAG(s) 'etl_dag' retrieved from /opt/airflow/dags/etl_dag.py
[2024-05-19T11:02:23.778+0000] {logging_mixin.py:188} INFO - [2024-05-19T11:02:23.777+0000] {override.py:1829} INFO - Created Permission View: can read on DAG:etl_dag
[2024-05-19T11:02:23.797+0000] {logging_mixin.py:188} INFO - [2024-05-19T11:02:23.797+0000] {override.py:1829} INFO - Created Permission View: can delete on DAG:etl_dag
[2024-05-19T11:02:23.810+0000] {logging_mixin.py:188} INFO - [2024-05-19T11:02:23.810+0000] {override.py:1829} INFO - Created Permission View: can edit on DAG:etl_dag
[2024-05-19T11:02:23.812+0000] {logging_mixin.py:188} INFO - [2024-05-19T11:02:23.811+0000] {dag.py:3096} INFO - Sync 1 DAGs
[2024-05-19T11:02:23.831+0000] {logging_mixin.py:188} INFO - [2024-05-19T11:02:23.831+0000] {dag.py:3118} INFO - Creating ORM DAG for etl_dag
[2024-05-19T11:02:23.858+0000] {logging_mixin.py:188} INFO - [2024-05-19T11:02:23.858+0000] {dag.py:3954} INFO - Setting next_dagrun for etl_dag to 2024-05-18 00:00:00+00:00, run_after=2024-05-19 00:00:00+00:00
[2024-05-19T11:02:23.897+0000] {processor.py:183} INFO - Processing /opt/airflow/dags/etl_dag.py took 0.747 seconds
[2024-05-19T11:02:54.750+0000] {processor.py:161} INFO - Started process (PID=47) to work on /opt/airflow/dags/etl_dag.py
[2024-05-19T11:02:54.781+0000] {processor.py:830} INFO - Processing file /opt/airflow/dags/etl_dag.py for tasks to queue
[2024-05-19T11:02:54.898+0000] {logging_mixin.py:188} INFO - [2024-05-19T11:02:54.885+0000] {dagbag.py:540} INFO - Filling up the DagBag from /opt/airflow/dags/etl_dag.py
[2024-05-19T11:02:55.332+0000] {processor.py:840} INFO - DAG(s) 'etl_dag' retrieved from /opt/airflow/dags/etl_dag.py
[2024-05-19T11:02:57.397+0000] {logging_mixin.py:188} INFO - [2024-05-19T11:02:57.395+0000] {dag.py:3096} INFO - Sync 1 DAGs
[2024-05-19T11:02:57.616+0000] {logging_mixin.py:188} INFO - [2024-05-19T11:02:57.615+0000] {dag.py:3954} INFO - Setting next_dagrun for etl_dag to 2024-05-18 00:00:00+00:00, run_after=2024-05-19 00:00:00+00:00
[2024-05-19T11:02:57.694+0000] {processor.py:183} INFO - Processing /opt/airflow/dags/etl_dag.py took 3.193 seconds
[2024-05-19T11:03:27.841+0000] {processor.py:161} INFO - Started process (PID=54) to work on /opt/airflow/dags/etl_dag.py
[2024-05-19T11:03:27.844+0000] {processor.py:830} INFO - Processing file /opt/airflow/dags/etl_dag.py for tasks to queue
[2024-05-19T11:03:27.849+0000] {logging_mixin.py:188} INFO - [2024-05-19T11:03:27.847+0000] {dagbag.py:540} INFO - Filling up the DagBag from /opt/airflow/dags/etl_dag.py
[2024-05-19T11:03:27.891+0000] {processor.py:840} INFO - DAG(s) 'etl_dag' retrieved from /opt/airflow/dags/etl_dag.py
[2024-05-19T11:03:27.954+0000] {logging_mixin.py:188} INFO - [2024-05-19T11:03:27.954+0000] {dag.py:3096} INFO - Sync 1 DAGs
[2024-05-19T11:03:28.001+0000] {logging_mixin.py:188} INFO - [2024-05-19T11:03:28.000+0000] {dag.py:3954} INFO - Setting next_dagrun for etl_dag to 2024-05-18 00:00:00+00:00, run_after=2024-05-19 00:00:00+00:00
[2024-05-19T11:03:28.037+0000] {processor.py:183} INFO - Processing /opt/airflow/dags/etl_dag.py took 0.213 seconds
[2024-05-19T11:03:58.330+0000] {processor.py:161} INFO - Started process (PID=61) to work on /opt/airflow/dags/etl_dag.py
[2024-05-19T11:03:58.332+0000] {processor.py:830} INFO - Processing file /opt/airflow/dags/etl_dag.py for tasks to queue
[2024-05-19T11:03:58.335+0000] {logging_mixin.py:188} INFO - [2024-05-19T11:03:58.334+0000] {dagbag.py:540} INFO - Filling up the DagBag from /opt/airflow/dags/etl_dag.py
[2024-05-19T11:03:58.362+0000] {processor.py:840} INFO - DAG(s) 'etl_dag' retrieved from /opt/airflow/dags/etl_dag.py
[2024-05-19T11:03:58.402+0000] {logging_mixin.py:188} INFO - [2024-05-19T11:03:58.402+0000] {dag.py:3096} INFO - Sync 1 DAGs
[2024-05-19T11:03:58.427+0000] {logging_mixin.py:188} INFO - [2024-05-19T11:03:58.427+0000] {dag.py:3954} INFO - Setting next_dagrun for etl_dag to 2024-05-19 00:00:00+00:00, run_after=2024-05-20 00:00:00+00:00
[2024-05-19T11:03:58.451+0000] {processor.py:183} INFO - Processing /opt/airflow/dags/etl_dag.py took 0.127 seconds
[2024-05-19T11:04:28.829+0000] {processor.py:161} INFO - Started process (PID=80) to work on /opt/airflow/dags/etl_dag.py
[2024-05-19T11:04:28.832+0000] {processor.py:830} INFO - Processing file /opt/airflow/dags/etl_dag.py for tasks to queue
[2024-05-19T11:04:28.837+0000] {logging_mixin.py:188} INFO - [2024-05-19T11:04:28.836+0000] {dagbag.py:540} INFO - Filling up the DagBag from /opt/airflow/dags/etl_dag.py
[2024-05-19T11:04:28.880+0000] {processor.py:840} INFO - DAG(s) 'etl_dag' retrieved from /opt/airflow/dags/etl_dag.py
[2024-05-19T11:04:28.935+0000] {logging_mixin.py:188} INFO - [2024-05-19T11:04:28.935+0000] {dag.py:3096} INFO - Sync 1 DAGs
[2024-05-19T11:04:28.970+0000] {logging_mixin.py:188} INFO - [2024-05-19T11:04:28.969+0000] {dag.py:3954} INFO - Setting next_dagrun for etl_dag to 2024-05-19 00:00:00+00:00, run_after=2024-05-20 00:00:00+00:00
[2024-05-19T11:04:28.997+0000] {processor.py:183} INFO - Processing /opt/airflow/dags/etl_dag.py took 0.182 seconds
[2024-05-19T11:04:59.220+0000] {processor.py:161} INFO - Started process (PID=87) to work on /opt/airflow/dags/etl_dag.py
[2024-05-19T11:04:59.222+0000] {processor.py:830} INFO - Processing file /opt/airflow/dags/etl_dag.py for tasks to queue
[2024-05-19T11:04:59.224+0000] {logging_mixin.py:188} INFO - [2024-05-19T11:04:59.224+0000] {dagbag.py:540} INFO - Filling up the DagBag from /opt/airflow/dags/etl_dag.py
[2024-05-19T11:04:59.239+0000] {processor.py:840} INFO - DAG(s) 'etl_dag' retrieved from /opt/airflow/dags/etl_dag.py
[2024-05-19T11:04:59.267+0000] {logging_mixin.py:188} INFO - [2024-05-19T11:04:59.267+0000] {dag.py:3096} INFO - Sync 1 DAGs
[2024-05-19T11:04:59.285+0000] {logging_mixin.py:188} INFO - [2024-05-19T11:04:59.284+0000] {dag.py:3954} INFO - Setting next_dagrun for etl_dag to 2024-05-19 00:00:00+00:00, run_after=2024-05-20 00:00:00+00:00
[2024-05-19T11:04:59.303+0000] {processor.py:183} INFO - Processing /opt/airflow/dags/etl_dag.py took 0.088 seconds
[2024-05-19T11:05:29.495+0000] {processor.py:161} INFO - Started process (PID=94) to work on /opt/airflow/dags/etl_dag.py
[2024-05-19T11:05:29.496+0000] {processor.py:830} INFO - Processing file /opt/airflow/dags/etl_dag.py for tasks to queue
[2024-05-19T11:05:29.498+0000] {logging_mixin.py:188} INFO - [2024-05-19T11:05:29.498+0000] {dagbag.py:540} INFO - Filling up the DagBag from /opt/airflow/dags/etl_dag.py
[2024-05-19T11:05:29.517+0000] {processor.py:840} INFO - DAG(s) 'etl_dag' retrieved from /opt/airflow/dags/etl_dag.py
[2024-05-19T11:05:29.546+0000] {logging_mixin.py:188} INFO - [2024-05-19T11:05:29.546+0000] {dag.py:3096} INFO - Sync 1 DAGs
[2024-05-19T11:05:29.576+0000] {logging_mixin.py:188} INFO - [2024-05-19T11:05:29.576+0000] {dag.py:3954} INFO - Setting next_dagrun for etl_dag to 2024-05-19 00:00:00+00:00, run_after=2024-05-20 00:00:00+00:00
[2024-05-19T11:05:29.605+0000] {processor.py:183} INFO - Processing /opt/airflow/dags/etl_dag.py took 0.115 seconds
[2024-05-19T11:05:59.838+0000] {processor.py:161} INFO - Started process (PID=101) to work on /opt/airflow/dags/etl_dag.py
[2024-05-19T11:05:59.840+0000] {processor.py:830} INFO - Processing file /opt/airflow/dags/etl_dag.py for tasks to queue
[2024-05-19T11:05:59.843+0000] {logging_mixin.py:188} INFO - [2024-05-19T11:05:59.843+0000] {dagbag.py:540} INFO - Filling up the DagBag from /opt/airflow/dags/etl_dag.py
[2024-05-19T11:05:59.870+0000] {processor.py:840} INFO - DAG(s) 'etl_dag' retrieved from /opt/airflow/dags/etl_dag.py
[2024-05-19T11:05:59.898+0000] {logging_mixin.py:188} INFO - [2024-05-19T11:05:59.898+0000] {dag.py:3096} INFO - Sync 1 DAGs
[2024-05-19T11:05:59.919+0000] {logging_mixin.py:188} INFO - [2024-05-19T11:05:59.919+0000] {dag.py:3954} INFO - Setting next_dagrun for etl_dag to 2024-05-19 00:00:00+00:00, run_after=2024-05-20 00:00:00+00:00
[2024-05-19T11:05:59.942+0000] {processor.py:183} INFO - Processing /opt/airflow/dags/etl_dag.py took 0.110 seconds
[2024-05-19T11:06:30.146+0000] {processor.py:161} INFO - Started process (PID=108) to work on /opt/airflow/dags/etl_dag.py
[2024-05-19T11:06:30.147+0000] {processor.py:830} INFO - Processing file /opt/airflow/dags/etl_dag.py for tasks to queue
[2024-05-19T11:06:30.149+0000] {logging_mixin.py:188} INFO - [2024-05-19T11:06:30.149+0000] {dagbag.py:540} INFO - Filling up the DagBag from /opt/airflow/dags/etl_dag.py
[2024-05-19T11:06:30.165+0000] {processor.py:840} INFO - DAG(s) 'etl_dag' retrieved from /opt/airflow/dags/etl_dag.py
[2024-05-19T11:06:30.188+0000] {logging_mixin.py:188} INFO - [2024-05-19T11:06:30.188+0000] {dag.py:3096} INFO - Sync 1 DAGs
[2024-05-19T11:06:30.205+0000] {logging_mixin.py:188} INFO - [2024-05-19T11:06:30.205+0000] {dag.py:3954} INFO - Setting next_dagrun for etl_dag to 2024-05-19 00:00:00+00:00, run_after=2024-05-20 00:00:00+00:00
[2024-05-19T11:06:30.225+0000] {processor.py:183} INFO - Processing /opt/airflow/dags/etl_dag.py took 0.084 seconds
[2024-05-19T11:07:00.473+0000] {processor.py:161} INFO - Started process (PID=115) to work on /opt/airflow/dags/etl_dag.py
[2024-05-19T11:07:00.474+0000] {processor.py:830} INFO - Processing file /opt/airflow/dags/etl_dag.py for tasks to queue
[2024-05-19T11:07:00.477+0000] {logging_mixin.py:188} INFO - [2024-05-19T11:07:00.476+0000] {dagbag.py:540} INFO - Filling up the DagBag from /opt/airflow/dags/etl_dag.py
[2024-05-19T11:07:00.501+0000] {processor.py:840} INFO - DAG(s) 'etl_dag' retrieved from /opt/airflow/dags/etl_dag.py
[2024-05-19T11:07:00.543+0000] {logging_mixin.py:188} INFO - [2024-05-19T11:07:00.543+0000] {dag.py:3096} INFO - Sync 1 DAGs
[2024-05-19T11:07:00.564+0000] {logging_mixin.py:188} INFO - [2024-05-19T11:07:00.564+0000] {dag.py:3954} INFO - Setting next_dagrun for etl_dag to 2024-05-19 00:00:00+00:00, run_after=2024-05-20 00:00:00+00:00
[2024-05-19T11:07:00.583+0000] {processor.py:183} INFO - Processing /opt/airflow/dags/etl_dag.py took 0.116 seconds
[2024-05-19T11:07:30.808+0000] {processor.py:161} INFO - Started process (PID=122) to work on /opt/airflow/dags/etl_dag.py
[2024-05-19T11:07:30.810+0000] {processor.py:830} INFO - Processing file /opt/airflow/dags/etl_dag.py for tasks to queue
[2024-05-19T11:07:30.815+0000] {logging_mixin.py:188} INFO - [2024-05-19T11:07:30.814+0000] {dagbag.py:540} INFO - Filling up the DagBag from /opt/airflow/dags/etl_dag.py
[2024-05-19T11:07:30.848+0000] {processor.py:840} INFO - DAG(s) 'etl_dag' retrieved from /opt/airflow/dags/etl_dag.py
[2024-05-19T11:07:30.880+0000] {logging_mixin.py:188} INFO - [2024-05-19T11:07:30.880+0000] {dag.py:3096} INFO - Sync 1 DAGs
[2024-05-19T11:07:30.900+0000] {logging_mixin.py:188} INFO - [2024-05-19T11:07:30.900+0000] {dag.py:3954} INFO - Setting next_dagrun for etl_dag to 2024-05-19 00:00:00+00:00, run_after=2024-05-20 00:00:00+00:00
[2024-05-19T11:07:30.921+0000] {processor.py:183} INFO - Processing /opt/airflow/dags/etl_dag.py took 0.123 seconds
[2024-05-19T11:08:01.081+0000] {processor.py:161} INFO - Started process (PID=129) to work on /opt/airflow/dags/etl_dag.py
[2024-05-19T11:08:01.083+0000] {processor.py:830} INFO - Processing file /opt/airflow/dags/etl_dag.py for tasks to queue
[2024-05-19T11:08:01.085+0000] {logging_mixin.py:188} INFO - [2024-05-19T11:08:01.084+0000] {dagbag.py:540} INFO - Filling up the DagBag from /opt/airflow/dags/etl_dag.py
[2024-05-19T11:08:01.104+0000] {processor.py:840} INFO - DAG(s) 'etl_dag' retrieved from /opt/airflow/dags/etl_dag.py
[2024-05-19T11:08:01.139+0000] {logging_mixin.py:188} INFO - [2024-05-19T11:08:01.138+0000] {dag.py:3096} INFO - Sync 1 DAGs
[2024-05-19T11:08:01.161+0000] {logging_mixin.py:188} INFO - [2024-05-19T11:08:01.161+0000] {dag.py:3954} INFO - Setting next_dagrun for etl_dag to 2024-05-19 00:00:00+00:00, run_after=2024-05-20 00:00:00+00:00
[2024-05-19T11:08:01.180+0000] {processor.py:183} INFO - Processing /opt/airflow/dags/etl_dag.py took 0.105 seconds
[2024-05-19T11:08:31.445+0000] {processor.py:161} INFO - Started process (PID=136) to work on /opt/airflow/dags/etl_dag.py
[2024-05-19T11:08:31.446+0000] {processor.py:830} INFO - Processing file /opt/airflow/dags/etl_dag.py for tasks to queue
[2024-05-19T11:08:31.448+0000] {logging_mixin.py:188} INFO - [2024-05-19T11:08:31.448+0000] {dagbag.py:540} INFO - Filling up the DagBag from /opt/airflow/dags/etl_dag.py
[2024-05-19T11:08:31.462+0000] {processor.py:840} INFO - DAG(s) 'etl_dag' retrieved from /opt/airflow/dags/etl_dag.py
[2024-05-19T11:08:31.485+0000] {logging_mixin.py:188} INFO - [2024-05-19T11:08:31.485+0000] {dag.py:3096} INFO - Sync 1 DAGs
[2024-05-19T11:08:31.502+0000] {logging_mixin.py:188} INFO - [2024-05-19T11:08:31.502+0000] {dag.py:3954} INFO - Setting next_dagrun for etl_dag to 2024-05-19 00:00:00+00:00, run_after=2024-05-20 00:00:00+00:00
[2024-05-19T11:08:31.523+0000] {processor.py:183} INFO - Processing /opt/airflow/dags/etl_dag.py took 0.083 seconds
[2024-05-19T11:09:01.728+0000] {processor.py:161} INFO - Started process (PID=143) to work on /opt/airflow/dags/etl_dag.py
[2024-05-19T11:09:01.730+0000] {processor.py:830} INFO - Processing file /opt/airflow/dags/etl_dag.py for tasks to queue
[2024-05-19T11:09:01.732+0000] {logging_mixin.py:188} INFO - [2024-05-19T11:09:01.731+0000] {dagbag.py:540} INFO - Filling up the DagBag from /opt/airflow/dags/etl_dag.py
[2024-05-19T11:09:01.758+0000] {processor.py:840} INFO - DAG(s) 'etl_dag' retrieved from /opt/airflow/dags/etl_dag.py
[2024-05-19T11:09:01.786+0000] {logging_mixin.py:188} INFO - [2024-05-19T11:09:01.786+0000] {dag.py:3096} INFO - Sync 1 DAGs
[2024-05-19T11:09:01.804+0000] {logging_mixin.py:188} INFO - [2024-05-19T11:09:01.803+0000] {dag.py:3954} INFO - Setting next_dagrun for etl_dag to 2024-05-19 00:00:00+00:00, run_after=2024-05-20 00:00:00+00:00
[2024-05-19T11:09:01.822+0000] {processor.py:183} INFO - Processing /opt/airflow/dags/etl_dag.py took 0.099 seconds
[2024-05-19T11:09:32.030+0000] {processor.py:161} INFO - Started process (PID=150) to work on /opt/airflow/dags/etl_dag.py
[2024-05-19T11:09:32.032+0000] {processor.py:830} INFO - Processing file /opt/airflow/dags/etl_dag.py for tasks to queue
[2024-05-19T11:09:32.035+0000] {logging_mixin.py:188} INFO - [2024-05-19T11:09:32.034+0000] {dagbag.py:540} INFO - Filling up the DagBag from /opt/airflow/dags/etl_dag.py
[2024-05-19T11:09:32.057+0000] {processor.py:840} INFO - DAG(s) 'etl_dag' retrieved from /opt/airflow/dags/etl_dag.py
[2024-05-19T11:09:32.086+0000] {logging_mixin.py:188} INFO - [2024-05-19T11:09:32.085+0000] {dag.py:3096} INFO - Sync 1 DAGs
[2024-05-19T11:09:32.105+0000] {logging_mixin.py:188} INFO - [2024-05-19T11:09:32.104+0000] {dag.py:3954} INFO - Setting next_dagrun for etl_dag to 2024-05-19 00:00:00+00:00, run_after=2024-05-20 00:00:00+00:00
[2024-05-19T11:09:32.130+0000] {processor.py:183} INFO - Processing /opt/airflow/dags/etl_dag.py took 0.105 seconds
[2024-05-19T11:10:02.313+0000] {processor.py:161} INFO - Started process (PID=157) to work on /opt/airflow/dags/etl_dag.py
[2024-05-19T11:10:02.315+0000] {processor.py:830} INFO - Processing file /opt/airflow/dags/etl_dag.py for tasks to queue
[2024-05-19T11:10:02.317+0000] {logging_mixin.py:188} INFO - [2024-05-19T11:10:02.317+0000] {dagbag.py:540} INFO - Filling up the DagBag from /opt/airflow/dags/etl_dag.py
[2024-05-19T11:10:02.348+0000] {processor.py:840} INFO - DAG(s) 'etl_dag' retrieved from /opt/airflow/dags/etl_dag.py
[2024-05-19T11:10:02.387+0000] {logging_mixin.py:188} INFO - [2024-05-19T11:10:02.387+0000] {dag.py:3096} INFO - Sync 1 DAGs
[2024-05-19T11:10:02.416+0000] {logging_mixin.py:188} INFO - [2024-05-19T11:10:02.416+0000] {dag.py:3954} INFO - Setting next_dagrun for etl_dag to 2024-05-19 00:00:00+00:00, run_after=2024-05-20 00:00:00+00:00
[2024-05-19T11:10:02.448+0000] {processor.py:183} INFO - Processing /opt/airflow/dags/etl_dag.py took 0.144 seconds
[2024-05-19T11:10:32.592+0000] {processor.py:161} INFO - Started process (PID=164) to work on /opt/airflow/dags/etl_dag.py
[2024-05-19T11:10:32.594+0000] {processor.py:830} INFO - Processing file /opt/airflow/dags/etl_dag.py for tasks to queue
[2024-05-19T11:10:32.596+0000] {logging_mixin.py:188} INFO - [2024-05-19T11:10:32.596+0000] {dagbag.py:540} INFO - Filling up the DagBag from /opt/airflow/dags/etl_dag.py
[2024-05-19T11:10:32.614+0000] {processor.py:840} INFO - DAG(s) 'etl_dag' retrieved from /opt/airflow/dags/etl_dag.py
[2024-05-19T11:10:32.645+0000] {logging_mixin.py:188} INFO - [2024-05-19T11:10:32.645+0000] {dag.py:3096} INFO - Sync 1 DAGs
[2024-05-19T11:10:32.663+0000] {logging_mixin.py:188} INFO - [2024-05-19T11:10:32.663+0000] {dag.py:3954} INFO - Setting next_dagrun for etl_dag to 2024-05-19 00:00:00+00:00, run_after=2024-05-20 00:00:00+00:00
[2024-05-19T11:10:32.679+0000] {processor.py:183} INFO - Processing /opt/airflow/dags/etl_dag.py took 0.092 seconds
[2024-05-19T11:11:02.934+0000] {processor.py:161} INFO - Started process (PID=171) to work on /opt/airflow/dags/etl_dag.py
[2024-05-19T11:11:02.937+0000] {processor.py:830} INFO - Processing file /opt/airflow/dags/etl_dag.py for tasks to queue
[2024-05-19T11:11:02.939+0000] {logging_mixin.py:188} INFO - [2024-05-19T11:11:02.939+0000] {dagbag.py:540} INFO - Filling up the DagBag from /opt/airflow/dags/etl_dag.py
[2024-05-19T11:11:02.963+0000] {processor.py:840} INFO - DAG(s) 'etl_dag' retrieved from /opt/airflow/dags/etl_dag.py
[2024-05-19T11:11:02.990+0000] {logging_mixin.py:188} INFO - [2024-05-19T11:11:02.990+0000] {dag.py:3096} INFO - Sync 1 DAGs
[2024-05-19T11:11:03.009+0000] {logging_mixin.py:188} INFO - [2024-05-19T11:11:03.009+0000] {dag.py:3954} INFO - Setting next_dagrun for etl_dag to 2024-05-19 00:00:00+00:00, run_after=2024-05-20 00:00:00+00:00
[2024-05-19T11:11:03.029+0000] {processor.py:183} INFO - Processing /opt/airflow/dags/etl_dag.py took 0.099 seconds
[2024-05-19T11:11:33.227+0000] {processor.py:161} INFO - Started process (PID=177) to work on /opt/airflow/dags/etl_dag.py
[2024-05-19T11:11:33.228+0000] {processor.py:830} INFO - Processing file /opt/airflow/dags/etl_dag.py for tasks to queue
[2024-05-19T11:11:33.229+0000] {logging_mixin.py:188} INFO - [2024-05-19T11:11:33.229+0000] {dagbag.py:540} INFO - Filling up the DagBag from /opt/airflow/dags/etl_dag.py
[2024-05-19T11:11:33.242+0000] {processor.py:840} INFO - DAG(s) 'etl_dag' retrieved from /opt/airflow/dags/etl_dag.py
[2024-05-19T11:11:33.265+0000] {logging_mixin.py:188} INFO - [2024-05-19T11:11:33.265+0000] {dag.py:3096} INFO - Sync 1 DAGs
[2024-05-19T11:11:33.282+0000] {logging_mixin.py:188} INFO - [2024-05-19T11:11:33.282+0000] {dag.py:3954} INFO - Setting next_dagrun for etl_dag to 2024-05-19 00:00:00+00:00, run_after=2024-05-20 00:00:00+00:00
[2024-05-19T11:11:33.308+0000] {processor.py:183} INFO - Processing /opt/airflow/dags/etl_dag.py took 0.086 seconds
[2024-05-19T11:12:03.529+0000] {processor.py:161} INFO - Started process (PID=184) to work on /opt/airflow/dags/etl_dag.py
[2024-05-19T11:12:03.530+0000] {processor.py:830} INFO - Processing file /opt/airflow/dags/etl_dag.py for tasks to queue
[2024-05-19T11:12:03.534+0000] {logging_mixin.py:188} INFO - [2024-05-19T11:12:03.534+0000] {dagbag.py:540} INFO - Filling up the DagBag from /opt/airflow/dags/etl_dag.py
[2024-05-19T11:12:03.556+0000] {processor.py:840} INFO - DAG(s) 'etl_dag' retrieved from /opt/airflow/dags/etl_dag.py
[2024-05-19T11:12:03.585+0000] {logging_mixin.py:188} INFO - [2024-05-19T11:12:03.584+0000] {dag.py:3096} INFO - Sync 1 DAGs
[2024-05-19T11:12:03.606+0000] {logging_mixin.py:188} INFO - [2024-05-19T11:12:03.605+0000] {dag.py:3954} INFO - Setting next_dagrun for etl_dag to 2024-05-19 00:00:00+00:00, run_after=2024-05-20 00:00:00+00:00
[2024-05-19T11:12:03.626+0000] {processor.py:183} INFO - Processing /opt/airflow/dags/etl_dag.py took 0.102 seconds
[2024-05-19T11:12:33.808+0000] {processor.py:161} INFO - Started process (PID=191) to work on /opt/airflow/dags/etl_dag.py
[2024-05-19T11:12:33.809+0000] {processor.py:830} INFO - Processing file /opt/airflow/dags/etl_dag.py for tasks to queue
[2024-05-19T11:12:33.811+0000] {logging_mixin.py:188} INFO - [2024-05-19T11:12:33.810+0000] {dagbag.py:540} INFO - Filling up the DagBag from /opt/airflow/dags/etl_dag.py
[2024-05-19T11:12:33.824+0000] {processor.py:840} INFO - DAG(s) 'etl_dag' retrieved from /opt/airflow/dags/etl_dag.py
[2024-05-19T11:12:33.849+0000] {logging_mixin.py:188} INFO - [2024-05-19T11:12:33.849+0000] {dag.py:3096} INFO - Sync 1 DAGs
[2024-05-19T11:12:33.868+0000] {logging_mixin.py:188} INFO - [2024-05-19T11:12:33.868+0000] {dag.py:3954} INFO - Setting next_dagrun for etl_dag to 2024-05-19 00:00:00+00:00, run_after=2024-05-20 00:00:00+00:00
[2024-05-19T11:12:33.890+0000] {processor.py:183} INFO - Processing /opt/airflow/dags/etl_dag.py took 0.087 seconds
[2024-05-19T11:13:04.215+0000] {processor.py:161} INFO - Started process (PID=199) to work on /opt/airflow/dags/etl_dag.py
[2024-05-19T11:13:04.218+0000] {processor.py:830} INFO - Processing file /opt/airflow/dags/etl_dag.py for tasks to queue
[2024-05-19T11:13:04.233+0000] {logging_mixin.py:188} INFO - [2024-05-19T11:13:04.229+0000] {dagbag.py:540} INFO - Filling up the DagBag from /opt/airflow/dags/etl_dag.py
[2024-05-19T11:13:04.330+0000] {processor.py:840} INFO - DAG(s) 'etl_dag' retrieved from /opt/airflow/dags/etl_dag.py
[2024-05-19T11:13:04.439+0000] {logging_mixin.py:188} INFO - [2024-05-19T11:13:04.439+0000] {dag.py:3096} INFO - Sync 1 DAGs
[2024-05-19T11:13:04.515+0000] {logging_mixin.py:188} INFO - [2024-05-19T11:13:04.514+0000] {dag.py:3954} INFO - Setting next_dagrun for etl_dag to 2024-05-19 00:00:00+00:00, run_after=2024-05-20 00:00:00+00:00
[2024-05-19T11:13:04.583+0000] {processor.py:183} INFO - Processing /opt/airflow/dags/etl_dag.py took 0.399 seconds
[2024-05-19T11:13:34.870+0000] {processor.py:161} INFO - Started process (PID=206) to work on /opt/airflow/dags/etl_dag.py
[2024-05-19T11:13:34.871+0000] {processor.py:830} INFO - Processing file /opt/airflow/dags/etl_dag.py for tasks to queue
[2024-05-19T11:13:34.873+0000] {logging_mixin.py:188} INFO - [2024-05-19T11:13:34.872+0000] {dagbag.py:540} INFO - Filling up the DagBag from /opt/airflow/dags/etl_dag.py
[2024-05-19T11:13:34.891+0000] {processor.py:840} INFO - DAG(s) 'etl_dag' retrieved from /opt/airflow/dags/etl_dag.py
[2024-05-19T11:13:34.916+0000] {logging_mixin.py:188} INFO - [2024-05-19T11:13:34.916+0000] {dag.py:3096} INFO - Sync 1 DAGs
[2024-05-19T11:13:34.934+0000] {logging_mixin.py:188} INFO - [2024-05-19T11:13:34.934+0000] {dag.py:3954} INFO - Setting next_dagrun for etl_dag to 2024-05-19 00:00:00+00:00, run_after=2024-05-20 00:00:00+00:00
[2024-05-19T11:13:34.952+0000] {processor.py:183} INFO - Processing /opt/airflow/dags/etl_dag.py took 0.088 seconds
[2024-05-19T11:14:05.119+0000] {processor.py:161} INFO - Started process (PID=213) to work on /opt/airflow/dags/etl_dag.py
[2024-05-19T11:14:05.120+0000] {processor.py:830} INFO - Processing file /opt/airflow/dags/etl_dag.py for tasks to queue
[2024-05-19T11:14:05.122+0000] {logging_mixin.py:188} INFO - [2024-05-19T11:14:05.122+0000] {dagbag.py:540} INFO - Filling up the DagBag from /opt/airflow/dags/etl_dag.py
[2024-05-19T11:14:05.142+0000] {processor.py:840} INFO - DAG(s) 'etl_dag' retrieved from /opt/airflow/dags/etl_dag.py
[2024-05-19T11:14:05.185+0000] {logging_mixin.py:188} INFO - [2024-05-19T11:14:05.184+0000] {dag.py:3096} INFO - Sync 1 DAGs
[2024-05-19T11:14:05.212+0000] {logging_mixin.py:188} INFO - [2024-05-19T11:14:05.212+0000] {dag.py:3954} INFO - Setting next_dagrun for etl_dag to 2024-05-19 00:00:00+00:00, run_after=2024-05-20 00:00:00+00:00
[2024-05-19T11:14:05.237+0000] {processor.py:183} INFO - Processing /opt/airflow/dags/etl_dag.py took 0.125 seconds
[2024-05-19T11:14:35.403+0000] {processor.py:161} INFO - Started process (PID=221) to work on /opt/airflow/dags/etl_dag.py
[2024-05-19T11:14:35.405+0000] {processor.py:830} INFO - Processing file /opt/airflow/dags/etl_dag.py for tasks to queue
[2024-05-19T11:14:35.407+0000] {logging_mixin.py:188} INFO - [2024-05-19T11:14:35.407+0000] {dagbag.py:540} INFO - Filling up the DagBag from /opt/airflow/dags/etl_dag.py
[2024-05-19T11:14:35.427+0000] {processor.py:840} INFO - DAG(s) 'etl_dag' retrieved from /opt/airflow/dags/etl_dag.py
[2024-05-19T11:14:35.456+0000] {logging_mixin.py:188} INFO - [2024-05-19T11:14:35.455+0000] {dag.py:3096} INFO - Sync 1 DAGs
[2024-05-19T11:14:35.473+0000] {logging_mixin.py:188} INFO - [2024-05-19T11:14:35.472+0000] {dag.py:3954} INFO - Setting next_dagrun for etl_dag to 2024-05-19 00:00:00+00:00, run_after=2024-05-20 00:00:00+00:00
[2024-05-19T11:14:35.493+0000] {processor.py:183} INFO - Processing /opt/airflow/dags/etl_dag.py took 0.095 seconds
[2024-05-19T11:15:05.684+0000] {processor.py:161} INFO - Started process (PID=228) to work on /opt/airflow/dags/etl_dag.py
[2024-05-19T11:15:05.685+0000] {processor.py:830} INFO - Processing file /opt/airflow/dags/etl_dag.py for tasks to queue
[2024-05-19T11:15:05.688+0000] {logging_mixin.py:188} INFO - [2024-05-19T11:15:05.688+0000] {dagbag.py:540} INFO - Filling up the DagBag from /opt/airflow/dags/etl_dag.py
[2024-05-19T11:15:05.740+0000] {processor.py:840} INFO - DAG(s) 'etl_dag' retrieved from /opt/airflow/dags/etl_dag.py
[2024-05-19T11:15:05.769+0000] {logging_mixin.py:188} INFO - [2024-05-19T11:15:05.769+0000] {dag.py:3096} INFO - Sync 1 DAGs
[2024-05-19T11:15:05.790+0000] {logging_mixin.py:188} INFO - [2024-05-19T11:15:05.790+0000] {dag.py:3954} INFO - Setting next_dagrun for etl_dag to 2024-05-19 00:00:00+00:00, run_after=2024-05-20 00:00:00+00:00
[2024-05-19T11:15:05.812+0000] {processor.py:183} INFO - Processing /opt/airflow/dags/etl_dag.py took 0.134 seconds
[2024-05-19T11:15:36.065+0000] {processor.py:161} INFO - Started process (PID=235) to work on /opt/airflow/dags/etl_dag.py
[2024-05-19T11:15:36.067+0000] {processor.py:830} INFO - Processing file /opt/airflow/dags/etl_dag.py for tasks to queue
[2024-05-19T11:15:36.071+0000] {logging_mixin.py:188} INFO - [2024-05-19T11:15:36.070+0000] {dagbag.py:540} INFO - Filling up the DagBag from /opt/airflow/dags/etl_dag.py
[2024-05-19T11:15:36.236+0000] {processor.py:840} INFO - DAG(s) 'etl_dag' retrieved from /opt/airflow/dags/etl_dag.py
[2024-05-19T11:15:36.338+0000] {logging_mixin.py:188} INFO - [2024-05-19T11:15:36.337+0000] {dag.py:3096} INFO - Sync 1 DAGs
[2024-05-19T11:15:36.395+0000] {logging_mixin.py:188} INFO - [2024-05-19T11:15:36.395+0000] {dag.py:3954} INFO - Setting next_dagrun for etl_dag to 2024-05-19 00:00:00+00:00, run_after=2024-05-20 00:00:00+00:00
[2024-05-19T11:15:36.443+0000] {processor.py:183} INFO - Processing /opt/airflow/dags/etl_dag.py took 0.384 seconds
[2024-05-19T11:16:06.537+0000] {processor.py:161} INFO - Started process (PID=242) to work on /opt/airflow/dags/etl_dag.py
[2024-05-19T11:16:06.540+0000] {processor.py:830} INFO - Processing file /opt/airflow/dags/etl_dag.py for tasks to queue
[2024-05-19T11:16:06.544+0000] {logging_mixin.py:188} INFO - [2024-05-19T11:16:06.544+0000] {dagbag.py:540} INFO - Filling up the DagBag from /opt/airflow/dags/etl_dag.py
[2024-05-19T11:16:06.571+0000] {processor.py:840} INFO - DAG(s) 'etl_dag' retrieved from /opt/airflow/dags/etl_dag.py
[2024-05-19T11:16:06.610+0000] {logging_mixin.py:188} INFO - [2024-05-19T11:16:06.610+0000] {dag.py:3096} INFO - Sync 1 DAGs
[2024-05-19T11:16:06.632+0000] {logging_mixin.py:188} INFO - [2024-05-19T11:16:06.632+0000] {dag.py:3954} INFO - Setting next_dagrun for etl_dag to 2024-05-19 00:00:00+00:00, run_after=2024-05-20 00:00:00+00:00
[2024-05-19T11:16:06.655+0000] {processor.py:183} INFO - Processing /opt/airflow/dags/etl_dag.py took 0.132 seconds
[2024-05-19T11:16:36.766+0000] {processor.py:161} INFO - Started process (PID=249) to work on /opt/airflow/dags/etl_dag.py
[2024-05-19T11:16:36.768+0000] {processor.py:830} INFO - Processing file /opt/airflow/dags/etl_dag.py for tasks to queue
[2024-05-19T11:16:36.770+0000] {logging_mixin.py:188} INFO - [2024-05-19T11:16:36.769+0000] {dagbag.py:540} INFO - Filling up the DagBag from /opt/airflow/dags/etl_dag.py
[2024-05-19T11:16:36.788+0000] {processor.py:840} INFO - DAG(s) 'etl_dag' retrieved from /opt/airflow/dags/etl_dag.py
[2024-05-19T11:16:36.833+0000] {logging_mixin.py:188} INFO - [2024-05-19T11:16:36.833+0000] {dag.py:3096} INFO - Sync 1 DAGs
[2024-05-19T11:16:36.858+0000] {logging_mixin.py:188} INFO - [2024-05-19T11:16:36.857+0000] {dag.py:3954} INFO - Setting next_dagrun for etl_dag to 2024-05-19 00:00:00+00:00, run_after=2024-05-20 00:00:00+00:00
[2024-05-19T11:16:36.894+0000] {processor.py:183} INFO - Processing /opt/airflow/dags/etl_dag.py took 0.133 seconds
[2024-05-19T11:17:07.121+0000] {processor.py:161} INFO - Started process (PID=256) to work on /opt/airflow/dags/etl_dag.py
[2024-05-19T11:17:07.122+0000] {processor.py:830} INFO - Processing file /opt/airflow/dags/etl_dag.py for tasks to queue
[2024-05-19T11:17:07.125+0000] {logging_mixin.py:188} INFO - [2024-05-19T11:17:07.125+0000] {dagbag.py:540} INFO - Filling up the DagBag from /opt/airflow/dags/etl_dag.py
[2024-05-19T11:17:07.146+0000] {processor.py:840} INFO - DAG(s) 'etl_dag' retrieved from /opt/airflow/dags/etl_dag.py
[2024-05-19T11:17:07.183+0000] {logging_mixin.py:188} INFO - [2024-05-19T11:17:07.182+0000] {dag.py:3096} INFO - Sync 1 DAGs
[2024-05-19T11:17:07.208+0000] {logging_mixin.py:188} INFO - [2024-05-19T11:17:07.207+0000] {dag.py:3954} INFO - Setting next_dagrun for etl_dag to 2024-05-19 00:00:00+00:00, run_after=2024-05-20 00:00:00+00:00
[2024-05-19T11:17:07.230+0000] {processor.py:183} INFO - Processing /opt/airflow/dags/etl_dag.py took 0.115 seconds
[2024-05-19T11:17:37.479+0000] {processor.py:161} INFO - Started process (PID=263) to work on /opt/airflow/dags/etl_dag.py
[2024-05-19T11:17:37.481+0000] {processor.py:830} INFO - Processing file /opt/airflow/dags/etl_dag.py for tasks to queue
[2024-05-19T11:17:37.482+0000] {logging_mixin.py:188} INFO - [2024-05-19T11:17:37.482+0000] {dagbag.py:540} INFO - Filling up the DagBag from /opt/airflow/dags/etl_dag.py
[2024-05-19T11:17:37.501+0000] {processor.py:840} INFO - DAG(s) 'etl_dag' retrieved from /opt/airflow/dags/etl_dag.py
[2024-05-19T11:17:37.530+0000] {logging_mixin.py:188} INFO - [2024-05-19T11:17:37.530+0000] {dag.py:3096} INFO - Sync 1 DAGs
[2024-05-19T11:17:37.549+0000] {logging_mixin.py:188} INFO - [2024-05-19T11:17:37.549+0000] {dag.py:3954} INFO - Setting next_dagrun for etl_dag to 2024-05-19 00:00:00+00:00, run_after=2024-05-20 00:00:00+00:00
[2024-05-19T11:17:37.569+0000] {processor.py:183} INFO - Processing /opt/airflow/dags/etl_dag.py took 0.095 seconds
[2024-05-19T11:18:07.716+0000] {processor.py:161} INFO - Started process (PID=271) to work on /opt/airflow/dags/etl_dag.py
[2024-05-19T11:18:07.717+0000] {processor.py:830} INFO - Processing file /opt/airflow/dags/etl_dag.py for tasks to queue
[2024-05-19T11:18:07.718+0000] {logging_mixin.py:188} INFO - [2024-05-19T11:18:07.718+0000] {dagbag.py:540} INFO - Filling up the DagBag from /opt/airflow/dags/etl_dag.py
[2024-05-19T11:18:07.733+0000] {processor.py:840} INFO - DAG(s) 'etl_dag' retrieved from /opt/airflow/dags/etl_dag.py
[2024-05-19T11:18:07.763+0000] {logging_mixin.py:188} INFO - [2024-05-19T11:18:07.763+0000] {dag.py:3096} INFO - Sync 1 DAGs
[2024-05-19T11:18:07.782+0000] {logging_mixin.py:188} INFO - [2024-05-19T11:18:07.782+0000] {dag.py:3954} INFO - Setting next_dagrun for etl_dag to 2024-05-19 00:00:00+00:00, run_after=2024-05-20 00:00:00+00:00
[2024-05-19T11:18:07.807+0000] {processor.py:183} INFO - Processing /opt/airflow/dags/etl_dag.py took 0.096 seconds
[2024-05-19T11:18:38.019+0000] {processor.py:161} INFO - Started process (PID=278) to work on /opt/airflow/dags/etl_dag.py
[2024-05-19T11:18:38.021+0000] {processor.py:830} INFO - Processing file /opt/airflow/dags/etl_dag.py for tasks to queue
[2024-05-19T11:18:38.023+0000] {logging_mixin.py:188} INFO - [2024-05-19T11:18:38.023+0000] {dagbag.py:540} INFO - Filling up the DagBag from /opt/airflow/dags/etl_dag.py
[2024-05-19T11:18:38.044+0000] {processor.py:840} INFO - DAG(s) 'etl_dag' retrieved from /opt/airflow/dags/etl_dag.py
[2024-05-19T11:18:38.070+0000] {logging_mixin.py:188} INFO - [2024-05-19T11:18:38.069+0000] {dag.py:3096} INFO - Sync 1 DAGs
[2024-05-19T11:18:38.090+0000] {logging_mixin.py:188} INFO - [2024-05-19T11:18:38.089+0000] {dag.py:3954} INFO - Setting next_dagrun for etl_dag to 2024-05-19 00:00:00+00:00, run_after=2024-05-20 00:00:00+00:00
[2024-05-19T11:18:38.108+0000] {processor.py:183} INFO - Processing /opt/airflow/dags/etl_dag.py took 0.095 seconds
[2024-05-19T11:19:08.254+0000] {processor.py:161} INFO - Started process (PID=285) to work on /opt/airflow/dags/etl_dag.py
[2024-05-19T11:19:08.256+0000] {processor.py:830} INFO - Processing file /opt/airflow/dags/etl_dag.py for tasks to queue
[2024-05-19T11:19:08.258+0000] {logging_mixin.py:188} INFO - [2024-05-19T11:19:08.257+0000] {dagbag.py:540} INFO - Filling up the DagBag from /opt/airflow/dags/etl_dag.py
[2024-05-19T11:19:08.279+0000] {processor.py:840} INFO - DAG(s) 'etl_dag' retrieved from /opt/airflow/dags/etl_dag.py
[2024-05-19T11:19:08.306+0000] {logging_mixin.py:188} INFO - [2024-05-19T11:19:08.306+0000] {dag.py:3096} INFO - Sync 1 DAGs
[2024-05-19T11:19:08.331+0000] {logging_mixin.py:188} INFO - [2024-05-19T11:19:08.330+0000] {dag.py:3954} INFO - Setting next_dagrun for etl_dag to 2024-05-19 00:00:00+00:00, run_after=2024-05-20 00:00:00+00:00
[2024-05-19T11:19:08.353+0000] {processor.py:183} INFO - Processing /opt/airflow/dags/etl_dag.py took 0.105 seconds
[2024-05-19T11:19:38.529+0000] {processor.py:161} INFO - Started process (PID=292) to work on /opt/airflow/dags/etl_dag.py
[2024-05-19T11:19:38.530+0000] {processor.py:830} INFO - Processing file /opt/airflow/dags/etl_dag.py for tasks to queue
[2024-05-19T11:19:38.532+0000] {logging_mixin.py:188} INFO - [2024-05-19T11:19:38.531+0000] {dagbag.py:540} INFO - Filling up the DagBag from /opt/airflow/dags/etl_dag.py
[2024-05-19T11:19:38.552+0000] {processor.py:840} INFO - DAG(s) 'etl_dag' retrieved from /opt/airflow/dags/etl_dag.py
[2024-05-19T11:19:38.579+0000] {logging_mixin.py:188} INFO - [2024-05-19T11:19:38.579+0000] {dag.py:3096} INFO - Sync 1 DAGs
[2024-05-19T11:19:38.598+0000] {logging_mixin.py:188} INFO - [2024-05-19T11:19:38.598+0000] {dag.py:3954} INFO - Setting next_dagrun for etl_dag to 2024-05-19 00:00:00+00:00, run_after=2024-05-20 00:00:00+00:00
[2024-05-19T11:19:38.616+0000] {processor.py:183} INFO - Processing /opt/airflow/dags/etl_dag.py took 0.093 seconds
[2024-05-19T11:20:08.746+0000] {processor.py:161} INFO - Started process (PID=299) to work on /opt/airflow/dags/etl_dag.py
[2024-05-19T11:20:08.747+0000] {processor.py:830} INFO - Processing file /opt/airflow/dags/etl_dag.py for tasks to queue
[2024-05-19T11:20:08.750+0000] {logging_mixin.py:188} INFO - [2024-05-19T11:20:08.749+0000] {dagbag.py:540} INFO - Filling up the DagBag from /opt/airflow/dags/etl_dag.py
[2024-05-19T11:20:08.787+0000] {processor.py:840} INFO - DAG(s) 'etl_dag' retrieved from /opt/airflow/dags/etl_dag.py
[2024-05-19T11:20:08.850+0000] {logging_mixin.py:188} INFO - [2024-05-19T11:20:08.850+0000] {dag.py:3096} INFO - Sync 1 DAGs
[2024-05-19T11:20:08.878+0000] {logging_mixin.py:188} INFO - [2024-05-19T11:20:08.878+0000] {dag.py:3954} INFO - Setting next_dagrun for etl_dag to 2024-05-19 00:00:00+00:00, run_after=2024-05-20 00:00:00+00:00
[2024-05-19T11:20:08.942+0000] {processor.py:183} INFO - Processing /opt/airflow/dags/etl_dag.py took 0.201 seconds
[2024-05-19T11:20:39.061+0000] {processor.py:161} INFO - Started process (PID=306) to work on /opt/airflow/dags/etl_dag.py
[2024-05-19T11:20:39.063+0000] {processor.py:830} INFO - Processing file /opt/airflow/dags/etl_dag.py for tasks to queue
[2024-05-19T11:20:39.065+0000] {logging_mixin.py:188} INFO - [2024-05-19T11:20:39.064+0000] {dagbag.py:540} INFO - Filling up the DagBag from /opt/airflow/dags/etl_dag.py
[2024-05-19T11:20:39.085+0000] {processor.py:840} INFO - DAG(s) 'etl_dag' retrieved from /opt/airflow/dags/etl_dag.py
[2024-05-19T11:20:39.118+0000] {logging_mixin.py:188} INFO - [2024-05-19T11:20:39.118+0000] {dag.py:3096} INFO - Sync 1 DAGs
[2024-05-19T11:20:39.140+0000] {logging_mixin.py:188} INFO - [2024-05-19T11:20:39.140+0000] {dag.py:3954} INFO - Setting next_dagrun for etl_dag to 2024-05-19 00:00:00+00:00, run_after=2024-05-20 00:00:00+00:00
[2024-05-19T11:20:39.162+0000] {processor.py:183} INFO - Processing /opt/airflow/dags/etl_dag.py took 0.105 seconds
[2024-05-19T11:20:45.117+0000] {processor.py:161} INFO - Started process (PID=307) to work on /opt/airflow/dags/etl_dag.py
[2024-05-19T11:20:45.118+0000] {processor.py:830} INFO - Processing file /opt/airflow/dags/etl_dag.py for tasks to queue
[2024-05-19T11:20:45.120+0000] {logging_mixin.py:188} INFO - [2024-05-19T11:20:45.119+0000] {dagbag.py:540} INFO - Filling up the DagBag from /opt/airflow/dags/etl_dag.py
[2024-05-19T11:20:45.148+0000] {processor.py:840} INFO - DAG(s) 'etl_dag' retrieved from /opt/airflow/dags/etl_dag.py
[2024-05-19T11:20:45.173+0000] {logging_mixin.py:188} INFO - [2024-05-19T11:20:45.172+0000] {dag.py:3096} INFO - Sync 1 DAGs
[2024-05-19T11:20:45.190+0000] {logging_mixin.py:188} INFO - [2024-05-19T11:20:45.190+0000] {dag.py:3954} INFO - Setting next_dagrun for etl_dag to 2024-05-19 00:00:00+00:00, run_after=2024-05-20 00:00:00+00:00
[2024-05-19T11:20:45.214+0000] {processor.py:183} INFO - Processing /opt/airflow/dags/etl_dag.py took 0.103 seconds
[2024-05-19T11:21:15.457+0000] {processor.py:161} INFO - Started process (PID=314) to work on /opt/airflow/dags/etl_dag.py
[2024-05-19T11:21:15.459+0000] {processor.py:830} INFO - Processing file /opt/airflow/dags/etl_dag.py for tasks to queue
[2024-05-19T11:21:15.461+0000] {logging_mixin.py:188} INFO - [2024-05-19T11:21:15.460+0000] {dagbag.py:540} INFO - Filling up the DagBag from /opt/airflow/dags/etl_dag.py
[2024-05-19T11:21:15.481+0000] {processor.py:840} INFO - DAG(s) 'etl_dag' retrieved from /opt/airflow/dags/etl_dag.py
[2024-05-19T11:21:15.510+0000] {logging_mixin.py:188} INFO - [2024-05-19T11:21:15.510+0000] {dag.py:3096} INFO - Sync 1 DAGs
[2024-05-19T11:21:15.532+0000] {logging_mixin.py:188} INFO - [2024-05-19T11:21:15.532+0000] {dag.py:3954} INFO - Setting next_dagrun for etl_dag to 2024-05-19 00:00:00+00:00, run_after=2024-05-20 00:00:00+00:00
[2024-05-19T11:21:15.551+0000] {processor.py:183} INFO - Processing /opt/airflow/dags/etl_dag.py took 0.100 seconds
[2024-05-19T11:21:45.739+0000] {processor.py:161} INFO - Started process (PID=321) to work on /opt/airflow/dags/etl_dag.py
[2024-05-19T11:21:45.741+0000] {processor.py:830} INFO - Processing file /opt/airflow/dags/etl_dag.py for tasks to queue
[2024-05-19T11:21:45.743+0000] {logging_mixin.py:188} INFO - [2024-05-19T11:21:45.743+0000] {dagbag.py:540} INFO - Filling up the DagBag from /opt/airflow/dags/etl_dag.py
[2024-05-19T11:21:45.775+0000] {processor.py:840} INFO - DAG(s) 'etl_dag' retrieved from /opt/airflow/dags/etl_dag.py
[2024-05-19T11:21:45.808+0000] {logging_mixin.py:188} INFO - [2024-05-19T11:21:45.808+0000] {dag.py:3096} INFO - Sync 1 DAGs
[2024-05-19T11:21:45.831+0000] {logging_mixin.py:188} INFO - [2024-05-19T11:21:45.831+0000] {dag.py:3954} INFO - Setting next_dagrun for etl_dag to 2024-05-19 00:00:00+00:00, run_after=2024-05-20 00:00:00+00:00
[2024-05-19T11:21:45.854+0000] {processor.py:183} INFO - Processing /opt/airflow/dags/etl_dag.py took 0.123 seconds
[2024-05-19T11:22:16.155+0000] {processor.py:161} INFO - Started process (PID=328) to work on /opt/airflow/dags/etl_dag.py
[2024-05-19T11:22:16.157+0000] {processor.py:830} INFO - Processing file /opt/airflow/dags/etl_dag.py for tasks to queue
[2024-05-19T11:22:16.159+0000] {logging_mixin.py:188} INFO - [2024-05-19T11:22:16.158+0000] {dagbag.py:540} INFO - Filling up the DagBag from /opt/airflow/dags/etl_dag.py
[2024-05-19T11:22:16.187+0000] {processor.py:840} INFO - DAG(s) 'etl_dag' retrieved from /opt/airflow/dags/etl_dag.py
[2024-05-19T11:22:16.249+0000] {logging_mixin.py:188} INFO - [2024-05-19T11:22:16.249+0000] {dag.py:3096} INFO - Sync 1 DAGs
[2024-05-19T11:22:16.271+0000] {logging_mixin.py:188} INFO - [2024-05-19T11:22:16.271+0000] {dag.py:3954} INFO - Setting next_dagrun for etl_dag to 2024-05-19 00:00:00+00:00, run_after=2024-05-20 00:00:00+00:00
[2024-05-19T11:22:16.292+0000] {processor.py:183} INFO - Processing /opt/airflow/dags/etl_dag.py took 0.142 seconds
[2024-05-19T11:22:46.411+0000] {processor.py:161} INFO - Started process (PID=335) to work on /opt/airflow/dags/etl_dag.py
[2024-05-19T11:22:46.412+0000] {processor.py:830} INFO - Processing file /opt/airflow/dags/etl_dag.py for tasks to queue
[2024-05-19T11:22:46.414+0000] {logging_mixin.py:188} INFO - [2024-05-19T11:22:46.414+0000] {dagbag.py:540} INFO - Filling up the DagBag from /opt/airflow/dags/etl_dag.py
[2024-05-19T11:22:46.484+0000] {processor.py:840} INFO - DAG(s) 'etl_dag' retrieved from /opt/airflow/dags/etl_dag.py
[2024-05-19T11:22:46.516+0000] {logging_mixin.py:188} INFO - [2024-05-19T11:22:46.516+0000] {dag.py:3096} INFO - Sync 1 DAGs
[2024-05-19T11:22:46.541+0000] {logging_mixin.py:188} INFO - [2024-05-19T11:22:46.540+0000] {dag.py:3954} INFO - Setting next_dagrun for etl_dag to 2024-05-19 00:00:00+00:00, run_after=2024-05-20 00:00:00+00:00
[2024-05-19T11:22:46.561+0000] {processor.py:183} INFO - Processing /opt/airflow/dags/etl_dag.py took 0.157 seconds
[2024-05-19T11:23:16.675+0000] {processor.py:161} INFO - Started process (PID=343) to work on /opt/airflow/dags/etl_dag.py
[2024-05-19T11:23:16.677+0000] {processor.py:830} INFO - Processing file /opt/airflow/dags/etl_dag.py for tasks to queue
[2024-05-19T11:23:16.679+0000] {logging_mixin.py:188} INFO - [2024-05-19T11:23:16.678+0000] {dagbag.py:540} INFO - Filling up the DagBag from /opt/airflow/dags/etl_dag.py
[2024-05-19T11:23:16.698+0000] {processor.py:840} INFO - DAG(s) 'etl_dag' retrieved from /opt/airflow/dags/etl_dag.py
[2024-05-19T11:23:16.731+0000] {logging_mixin.py:188} INFO - [2024-05-19T11:23:16.731+0000] {dag.py:3096} INFO - Sync 1 DAGs
[2024-05-19T11:23:16.824+0000] {logging_mixin.py:188} INFO - [2024-05-19T11:23:16.824+0000] {dag.py:3954} INFO - Setting next_dagrun for etl_dag to 2024-05-19 00:00:00+00:00, run_after=2024-05-20 00:00:00+00:00
[2024-05-19T11:23:16.844+0000] {processor.py:183} INFO - Processing /opt/airflow/dags/etl_dag.py took 0.175 seconds
[2024-05-19T11:23:47.089+0000] {processor.py:161} INFO - Started process (PID=350) to work on /opt/airflow/dags/etl_dag.py
[2024-05-19T11:23:47.090+0000] {processor.py:830} INFO - Processing file /opt/airflow/dags/etl_dag.py for tasks to queue
[2024-05-19T11:23:47.093+0000] {logging_mixin.py:188} INFO - [2024-05-19T11:23:47.093+0000] {dagbag.py:540} INFO - Filling up the DagBag from /opt/airflow/dags/etl_dag.py
[2024-05-19T11:23:47.120+0000] {processor.py:840} INFO - DAG(s) 'etl_dag' retrieved from /opt/airflow/dags/etl_dag.py
[2024-05-19T11:23:47.154+0000] {logging_mixin.py:188} INFO - [2024-05-19T11:23:47.154+0000] {dag.py:3096} INFO - Sync 1 DAGs
[2024-05-19T11:23:47.175+0000] {logging_mixin.py:188} INFO - [2024-05-19T11:23:47.175+0000] {dag.py:3954} INFO - Setting next_dagrun for etl_dag to 2024-05-19 00:00:00+00:00, run_after=2024-05-20 00:00:00+00:00
[2024-05-19T11:23:47.195+0000] {processor.py:183} INFO - Processing /opt/airflow/dags/etl_dag.py took 0.112 seconds
[2024-05-19T11:24:17.391+0000] {processor.py:161} INFO - Started process (PID=357) to work on /opt/airflow/dags/etl_dag.py
[2024-05-19T11:24:17.393+0000] {processor.py:830} INFO - Processing file /opt/airflow/dags/etl_dag.py for tasks to queue
[2024-05-19T11:24:17.395+0000] {logging_mixin.py:188} INFO - [2024-05-19T11:24:17.395+0000] {dagbag.py:540} INFO - Filling up the DagBag from /opt/airflow/dags/etl_dag.py
[2024-05-19T11:24:17.425+0000] {processor.py:840} INFO - DAG(s) 'etl_dag' retrieved from /opt/airflow/dags/etl_dag.py
[2024-05-19T11:24:17.462+0000] {logging_mixin.py:188} INFO - [2024-05-19T11:24:17.462+0000] {dag.py:3096} INFO - Sync 1 DAGs
[2024-05-19T11:24:17.483+0000] {logging_mixin.py:188} INFO - [2024-05-19T11:24:17.483+0000] {dag.py:3954} INFO - Setting next_dagrun for etl_dag to 2024-05-19 00:00:00+00:00, run_after=2024-05-20 00:00:00+00:00
[2024-05-19T11:24:17.573+0000] {processor.py:183} INFO - Processing /opt/airflow/dags/etl_dag.py took 0.187 seconds
[2024-05-19T11:24:47.752+0000] {processor.py:161} INFO - Started process (PID=364) to work on /opt/airflow/dags/etl_dag.py
[2024-05-19T11:24:47.753+0000] {processor.py:830} INFO - Processing file /opt/airflow/dags/etl_dag.py for tasks to queue
[2024-05-19T11:24:47.755+0000] {logging_mixin.py:188} INFO - [2024-05-19T11:24:47.755+0000] {dagbag.py:540} INFO - Filling up the DagBag from /opt/airflow/dags/etl_dag.py
[2024-05-19T11:24:47.840+0000] {processor.py:840} INFO - DAG(s) 'etl_dag' retrieved from /opt/airflow/dags/etl_dag.py
[2024-05-19T11:24:47.878+0000] {logging_mixin.py:188} INFO - [2024-05-19T11:24:47.878+0000] {dag.py:3096} INFO - Sync 1 DAGs
[2024-05-19T11:24:47.940+0000] {logging_mixin.py:188} INFO - [2024-05-19T11:24:47.939+0000] {dag.py:3954} INFO - Setting next_dagrun for etl_dag to 2024-05-19 00:00:00+00:00, run_after=2024-05-20 00:00:00+00:00
[2024-05-19T11:24:47.976+0000] {processor.py:183} INFO - Processing /opt/airflow/dags/etl_dag.py took 0.230 seconds
[2024-05-19T11:25:09.162+0000] {processor.py:161} INFO - Started process (PID=371) to work on /opt/airflow/dags/etl_dag.py
[2024-05-19T11:25:09.164+0000] {processor.py:830} INFO - Processing file /opt/airflow/dags/etl_dag.py for tasks to queue
[2024-05-19T11:25:09.167+0000] {logging_mixin.py:188} INFO - [2024-05-19T11:25:09.167+0000] {dagbag.py:540} INFO - Filling up the DagBag from /opt/airflow/dags/etl_dag.py
[2024-05-19T11:25:09.280+0000] {processor.py:840} INFO - DAG(s) 'etl_dag' retrieved from /opt/airflow/dags/etl_dag.py
[2024-05-19T11:25:09.317+0000] {logging_mixin.py:188} INFO - [2024-05-19T11:25:09.317+0000] {dag.py:3096} INFO - Sync 1 DAGs
[2024-05-19T11:25:09.342+0000] {logging_mixin.py:188} INFO - [2024-05-19T11:25:09.342+0000] {dag.py:3954} INFO - Setting next_dagrun for etl_dag to 2024-05-19 00:00:00+00:00, run_after=2024-05-20 00:00:00+00:00
[2024-05-19T11:25:09.369+0000] {processor.py:183} INFO - Processing /opt/airflow/dags/etl_dag.py took 0.215 seconds
[2024-05-19T11:25:39.522+0000] {processor.py:161} INFO - Started process (PID=379) to work on /opt/airflow/dags/etl_dag.py
[2024-05-19T11:25:39.523+0000] {processor.py:830} INFO - Processing file /opt/airflow/dags/etl_dag.py for tasks to queue
[2024-05-19T11:25:39.527+0000] {logging_mixin.py:188} INFO - [2024-05-19T11:25:39.527+0000] {dagbag.py:540} INFO - Filling up the DagBag from /opt/airflow/dags/etl_dag.py
[2024-05-19T11:25:39.553+0000] {processor.py:840} INFO - DAG(s) 'etl_dag' retrieved from /opt/airflow/dags/etl_dag.py
[2024-05-19T11:25:39.588+0000] {logging_mixin.py:188} INFO - [2024-05-19T11:25:39.588+0000] {dag.py:3096} INFO - Sync 1 DAGs
[2024-05-19T11:25:39.615+0000] {logging_mixin.py:188} INFO - [2024-05-19T11:25:39.615+0000] {dag.py:3954} INFO - Setting next_dagrun for etl_dag to 2024-05-19 00:00:00+00:00, run_after=2024-05-20 00:00:00+00:00
[2024-05-19T11:25:39.642+0000] {processor.py:183} INFO - Processing /opt/airflow/dags/etl_dag.py took 0.130 seconds
