[2024-05-18T18:51:18.048+0000] {local_task_job_runner.py:120} INFO - ::group::Pre task execution logs
[2024-05-18T18:51:18.090+0000] {taskinstance.py:2073} INFO - Dependencies all met for dep_context=non-requeueable deps ti=<TaskInstance: parallel_and_dependent_tasks_dag.print_learning_airflow manual__2024-05-18T18:51:15.166487+00:00 [queued]>
[2024-05-18T18:51:18.102+0000] {taskinstance.py:2073} INFO - Dependencies all met for dep_context=requeueable deps ti=<TaskInstance: parallel_and_dependent_tasks_dag.print_learning_airflow manual__2024-05-18T18:51:15.166487+00:00 [queued]>
[2024-05-18T18:51:18.103+0000] {taskinstance.py:2303} INFO - Starting attempt 1 of 2
[2024-05-18T18:51:18.121+0000] {taskinstance.py:2327} INFO - Executing <Task(PythonOperator): print_learning_airflow> on 2024-05-18 18:51:15.166487+00:00
[2024-05-18T18:51:18.133+0000] {warnings.py:110} WARNING - /home/***/.local/lib/python3.12/site-packages/***/task/task_runner/standard_task_runner.py:61: DeprecationWarning: This process (pid=223) is multi-threaded, use of fork() may lead to deadlocks in the child.
  pid = os.fork()

[2024-05-18T18:51:18.135+0000] {standard_task_runner.py:63} INFO - Started process 225 to run task
[2024-05-18T18:51:18.135+0000] {standard_task_runner.py:90} INFO - Running: ['***', 'tasks', 'run', 'parallel_and_dependent_tasks_dag', 'print_learning_***', 'manual__2024-05-18T18:51:15.166487+00:00', '--job-id', '7', '--raw', '--subdir', 'DAGS_FOLDER/dags.py', '--cfg-path', '/tmp/tmpkzsmnwsw']
[2024-05-18T18:51:18.138+0000] {standard_task_runner.py:91} INFO - Job 7: Subtask print_learning_***
[2024-05-18T18:51:18.224+0000] {task_command.py:426} INFO - Running <TaskInstance: parallel_and_dependent_tasks_dag.print_learning_airflow manual__2024-05-18T18:51:15.166487+00:00 [running]> on host 29bb0b57cbbf
[2024-05-18T18:51:18.421+0000] {taskinstance.py:2644} INFO - Exporting env vars: AIRFLOW_CTX_DAG_OWNER='***' AIRFLOW_CTX_DAG_ID='parallel_and_dependent_tasks_dag' AIRFLOW_CTX_TASK_ID='print_learning_***' AIRFLOW_CTX_EXECUTION_DATE='2024-05-18T18:51:15.166487+00:00' AIRFLOW_CTX_TRY_NUMBER='1' AIRFLOW_CTX_DAG_RUN_ID='manual__2024-05-18T18:51:15.166487+00:00'
[2024-05-18T18:51:18.423+0000] {taskinstance.py:430} INFO - ::endgroup::
[2024-05-18T18:51:18.461+0000] {logging_mixin.py:188} INFO - I am learning Airflow
[2024-05-18T18:51:18.462+0000] {python.py:237} INFO - Done. Returned value was: None
[2024-05-18T18:51:18.463+0000] {taskinstance.py:441} INFO - ::group::Post task execution logs
[2024-05-18T18:51:18.482+0000] {taskinstance.py:1205} INFO - Marking task as SUCCESS. dag_id=parallel_and_dependent_tasks_dag, task_id=print_learning_***, execution_date=20240518T185115, start_date=20240518T185118, end_date=20240518T185118
[2024-05-18T18:51:18.516+0000] {local_task_job_runner.py:240} INFO - Task exited with return code 0
[2024-05-18T18:51:18.557+0000] {taskinstance.py:3482} INFO - 0 downstream tasks scheduled from follow-on schedule check
[2024-05-18T18:51:18.560+0000] {local_task_job_runner.py:222} INFO - ::endgroup::
