[2024-05-18T18:43:20.891+0000] {local_task_job_runner.py:120} INFO - ::group::Pre task execution logs
[2024-05-18T18:43:20.918+0000] {taskinstance.py:2073} INFO - Dependencies all met for dep_context=non-requeueable deps ti=<TaskInstance: simple_python_operator_dag.print_doing_task manual__2024-05-18T18:43:16.053093+00:00 [queued]>
[2024-05-18T18:43:20.928+0000] {taskinstance.py:2073} INFO - Dependencies all met for dep_context=requeueable deps ti=<TaskInstance: simple_python_operator_dag.print_doing_task manual__2024-05-18T18:43:16.053093+00:00 [queued]>
[2024-05-18T18:43:20.929+0000] {taskinstance.py:2303} INFO - Starting attempt 1 of 2
[2024-05-18T18:43:20.946+0000] {taskinstance.py:2327} INFO - Executing <Task(PythonOperator): print_doing_task> on 2024-05-18 18:43:16.053093+00:00
[2024-05-18T18:43:20.955+0000] {warnings.py:110} WARNING - /home/***/.local/lib/python3.12/site-packages/***/task/task_runner/standard_task_runner.py:61: DeprecationWarning: This process (pid=132) is multi-threaded, use of fork() may lead to deadlocks in the child.
  pid = os.fork()

[2024-05-18T18:43:20.957+0000] {standard_task_runner.py:63} INFO - Started process 133 to run task
[2024-05-18T18:43:20.957+0000] {standard_task_runner.py:90} INFO - Running: ['***', 'tasks', 'run', 'simple_python_operator_dag', 'print_doing_task', 'manual__2024-05-18T18:43:16.053093+00:00', '--job-id', '4', '--raw', '--subdir', 'DAGS_FOLDER/dag.py', '--cfg-path', '/tmp/tmpdd51qr5t']
[2024-05-18T18:43:20.960+0000] {standard_task_runner.py:91} INFO - Job 4: Subtask print_doing_task
[2024-05-18T18:43:21.018+0000] {task_command.py:426} INFO - Running <TaskInstance: simple_python_operator_dag.print_doing_task manual__2024-05-18T18:43:16.053093+00:00 [running]> on host 29bb0b57cbbf
[2024-05-18T18:43:21.126+0000] {taskinstance.py:2644} INFO - Exporting env vars: AIRFLOW_CTX_DAG_OWNER='***' AIRFLOW_CTX_DAG_ID='simple_python_operator_dag' AIRFLOW_CTX_TASK_ID='print_doing_task' AIRFLOW_CTX_EXECUTION_DATE='2024-05-18T18:43:16.053093+00:00' AIRFLOW_CTX_TRY_NUMBER='1' AIRFLOW_CTX_DAG_RUN_ID='manual__2024-05-18T18:43:16.053093+00:00'
[2024-05-18T18:43:21.128+0000] {taskinstance.py:430} INFO - ::endgroup::
[2024-05-18T18:43:21.141+0000] {logging_mixin.py:188} INFO - I am doing a task
[2024-05-18T18:43:21.142+0000] {python.py:237} INFO - Done. Returned value was: None
[2024-05-18T18:43:21.144+0000] {taskinstance.py:441} INFO - ::group::Post task execution logs
[2024-05-18T18:43:21.153+0000] {taskinstance.py:1205} INFO - Marking task as SUCCESS. dag_id=simple_python_operator_dag, task_id=print_doing_task, execution_date=20240518T184316, start_date=20240518T184320, end_date=20240518T184321
[2024-05-18T18:43:21.214+0000] {local_task_job_runner.py:240} INFO - Task exited with return code 0
[2024-05-18T18:43:21.239+0000] {taskinstance.py:3482} INFO - 1 downstream tasks scheduled from follow-on schedule check
[2024-05-18T18:43:21.244+0000] {local_task_job_runner.py:222} INFO - ::endgroup::
