[2024-04-28T17:26:53.842+0000] {processor.py:161} INFO - Started process (PID=41) to work on /opt/airflow/dags/csv_dags.py
[2024-04-28T17:26:53.845+0000] {processor.py:830} INFO - Processing file /opt/airflow/dags/csv_dags.py for tasks to queue
[2024-04-28T17:26:53.849+0000] {logging_mixin.py:188} INFO - [2024-04-28T17:26:53.848+0000] {dagbag.py:540} INFO - Filling up the DagBag from /opt/airflow/dags/csv_dags.py
[2024-04-28T17:27:04.066+0000] {processor.py:840} INFO - DAG(s) 'csv_transform' retrieved from /opt/airflow/dags/csv_dags.py
[2024-04-28T17:27:05.160+0000] {logging_mixin.py:188} INFO - [2024-04-28T17:27:05.159+0000] {dag.py:3096} INFO - Sync 1 DAGs
[2024-04-28T17:27:05.202+0000] {logging_mixin.py:188} INFO - [2024-04-28T17:27:05.202+0000] {dag.py:3954} INFO - Setting next_dagrun for csv_transform to None, run_after=None
[2024-04-28T17:27:05.343+0000] {processor.py:183} INFO - Processing /opt/airflow/dags/csv_dags.py took 11.506 seconds
[2024-04-28T17:27:36.364+0000] {processor.py:161} INFO - Started process (PID=48) to work on /opt/airflow/dags/csv_dags.py
[2024-04-28T17:27:36.381+0000] {processor.py:830} INFO - Processing file /opt/airflow/dags/csv_dags.py for tasks to queue
[2024-04-28T17:27:36.432+0000] {logging_mixin.py:188} INFO - [2024-04-28T17:27:36.425+0000] {dagbag.py:540} INFO - Filling up the DagBag from /opt/airflow/dags/csv_dags.py
[2024-04-28T17:27:40.991+0000] {processor.py:840} INFO - DAG(s) 'csv_transform' retrieved from /opt/airflow/dags/csv_dags.py
[2024-04-28T17:27:41.033+0000] {logging_mixin.py:188} INFO - [2024-04-28T17:27:41.032+0000] {dag.py:3096} INFO - Sync 1 DAGs
[2024-04-28T17:27:41.050+0000] {logging_mixin.py:188} INFO - [2024-04-28T17:27:41.049+0000] {dag.py:3954} INFO - Setting next_dagrun for csv_transform to None, run_after=None
[2024-04-28T17:27:41.085+0000] {processor.py:183} INFO - Processing /opt/airflow/dags/csv_dags.py took 5.029 seconds
[2024-04-28T17:28:11.278+0000] {processor.py:161} INFO - Started process (PID=56) to work on /opt/airflow/dags/csv_dags.py
[2024-04-28T17:28:11.282+0000] {processor.py:830} INFO - Processing file /opt/airflow/dags/csv_dags.py for tasks to queue
[2024-04-28T17:28:11.287+0000] {logging_mixin.py:188} INFO - [2024-04-28T17:28:11.286+0000] {dagbag.py:540} INFO - Filling up the DagBag from /opt/airflow/dags/csv_dags.py
[2024-04-28T17:28:12.508+0000] {processor.py:840} INFO - DAG(s) 'csv_transform' retrieved from /opt/airflow/dags/csv_dags.py
[2024-04-28T17:28:12.548+0000] {logging_mixin.py:188} INFO - [2024-04-28T17:28:12.548+0000] {dag.py:3096} INFO - Sync 1 DAGs
[2024-04-28T17:28:12.570+0000] {logging_mixin.py:188} INFO - [2024-04-28T17:28:12.570+0000] {dag.py:3954} INFO - Setting next_dagrun for csv_transform to None, run_after=None
[2024-04-28T17:28:12.596+0000] {processor.py:183} INFO - Processing /opt/airflow/dags/csv_dags.py took 1.348 seconds
[2024-04-28T17:28:42.755+0000] {processor.py:161} INFO - Started process (PID=64) to work on /opt/airflow/dags/csv_dags.py
[2024-04-28T17:28:42.757+0000] {processor.py:830} INFO - Processing file /opt/airflow/dags/csv_dags.py for tasks to queue
[2024-04-28T17:28:42.765+0000] {logging_mixin.py:188} INFO - [2024-04-28T17:28:42.763+0000] {dagbag.py:540} INFO - Filling up the DagBag from /opt/airflow/dags/csv_dags.py
[2024-04-28T17:28:43.445+0000] {processor.py:840} INFO - DAG(s) 'csv_transform' retrieved from /opt/airflow/dags/csv_dags.py
[2024-04-28T17:28:43.490+0000] {logging_mixin.py:188} INFO - [2024-04-28T17:28:43.489+0000] {dag.py:3096} INFO - Sync 1 DAGs
[2024-04-28T17:28:43.505+0000] {logging_mixin.py:188} INFO - [2024-04-28T17:28:43.505+0000] {dag.py:3954} INFO - Setting next_dagrun for csv_transform to None, run_after=None
[2024-04-28T17:28:43.537+0000] {processor.py:183} INFO - Processing /opt/airflow/dags/csv_dags.py took 0.807 seconds
[2024-04-28T17:29:13.880+0000] {processor.py:161} INFO - Started process (PID=72) to work on /opt/airflow/dags/csv_dags.py
[2024-04-28T17:29:13.881+0000] {processor.py:830} INFO - Processing file /opt/airflow/dags/csv_dags.py for tasks to queue
[2024-04-28T17:29:13.883+0000] {logging_mixin.py:188} INFO - [2024-04-28T17:29:13.883+0000] {dagbag.py:540} INFO - Filling up the DagBag from /opt/airflow/dags/csv_dags.py
[2024-04-28T17:29:14.393+0000] {processor.py:840} INFO - DAG(s) 'csv_transform' retrieved from /opt/airflow/dags/csv_dags.py
[2024-04-28T17:29:14.426+0000] {logging_mixin.py:188} INFO - [2024-04-28T17:29:14.425+0000] {dag.py:3096} INFO - Sync 1 DAGs
[2024-04-28T17:29:14.437+0000] {logging_mixin.py:188} INFO - [2024-04-28T17:29:14.437+0000] {dag.py:3954} INFO - Setting next_dagrun for csv_transform to None, run_after=None
[2024-04-28T17:29:14.457+0000] {processor.py:183} INFO - Processing /opt/airflow/dags/csv_dags.py took 0.583 seconds
[2024-04-28T17:29:44.517+0000] {processor.py:161} INFO - Started process (PID=80) to work on /opt/airflow/dags/csv_dags.py
[2024-04-28T17:29:44.519+0000] {processor.py:830} INFO - Processing file /opt/airflow/dags/csv_dags.py for tasks to queue
[2024-04-28T17:29:44.522+0000] {logging_mixin.py:188} INFO - [2024-04-28T17:29:44.521+0000] {dagbag.py:540} INFO - Filling up the DagBag from /opt/airflow/dags/csv_dags.py
[2024-04-28T17:29:45.111+0000] {processor.py:840} INFO - DAG(s) 'csv_transform' retrieved from /opt/airflow/dags/csv_dags.py
[2024-04-28T17:29:45.131+0000] {logging_mixin.py:188} INFO - [2024-04-28T17:29:45.129+0000] {dag.py:3096} INFO - Sync 1 DAGs
[2024-04-28T17:29:45.140+0000] {logging_mixin.py:188} INFO - [2024-04-28T17:29:45.140+0000] {dag.py:3954} INFO - Setting next_dagrun for csv_transform to None, run_after=None
[2024-04-28T17:29:45.215+0000] {processor.py:183} INFO - Processing /opt/airflow/dags/csv_dags.py took 0.706 seconds
[2024-04-28T17:30:15.571+0000] {processor.py:161} INFO - Started process (PID=88) to work on /opt/airflow/dags/csv_dags.py
[2024-04-28T17:30:15.573+0000] {processor.py:830} INFO - Processing file /opt/airflow/dags/csv_dags.py for tasks to queue
[2024-04-28T17:30:15.575+0000] {logging_mixin.py:188} INFO - [2024-04-28T17:30:15.575+0000] {dagbag.py:540} INFO - Filling up the DagBag from /opt/airflow/dags/csv_dags.py
[2024-04-28T17:30:16.192+0000] {processor.py:840} INFO - DAG(s) 'csv_transform' retrieved from /opt/airflow/dags/csv_dags.py
[2024-04-28T17:30:16.249+0000] {logging_mixin.py:188} INFO - [2024-04-28T17:30:16.248+0000] {dag.py:3096} INFO - Sync 1 DAGs
[2024-04-28T17:30:16.273+0000] {logging_mixin.py:188} INFO - [2024-04-28T17:30:16.272+0000] {dag.py:3954} INFO - Setting next_dagrun for csv_transform to None, run_after=None
[2024-04-28T17:30:16.314+0000] {processor.py:183} INFO - Processing /opt/airflow/dags/csv_dags.py took 0.752 seconds
[2024-04-28T17:30:34.837+0000] {processor.py:161} INFO - Started process (PID=96) to work on /opt/airflow/dags/csv_dags.py
[2024-04-28T17:30:34.840+0000] {processor.py:830} INFO - Processing file /opt/airflow/dags/csv_dags.py for tasks to queue
[2024-04-28T17:30:34.844+0000] {logging_mixin.py:188} INFO - [2024-04-28T17:30:34.843+0000] {dagbag.py:540} INFO - Filling up the DagBag from /opt/airflow/dags/csv_dags.py
[2024-04-28T17:30:36.446+0000] {processor.py:840} INFO - DAG(s) 'csv_processing_dag' retrieved from /opt/airflow/dags/csv_dags.py
[2024-04-28T17:30:37.225+0000] {logging_mixin.py:188} INFO - [2024-04-28T17:30:37.222+0000] {override.py:1829} INFO - Created Permission View: can edit on DAG:csv_processing_dag
[2024-04-28T17:30:37.302+0000] {logging_mixin.py:188} INFO - [2024-04-28T17:30:37.301+0000] {override.py:1829} INFO - Created Permission View: can read on DAG:csv_processing_dag
[2024-04-28T17:30:37.355+0000] {logging_mixin.py:188} INFO - [2024-04-28T17:30:37.353+0000] {override.py:1829} INFO - Created Permission View: can delete on DAG:csv_processing_dag
[2024-04-28T17:30:37.359+0000] {logging_mixin.py:188} INFO - [2024-04-28T17:30:37.357+0000] {dag.py:3096} INFO - Sync 1 DAGs
[2024-04-28T17:30:37.404+0000] {logging_mixin.py:188} INFO - [2024-04-28T17:30:37.402+0000] {dag.py:3118} INFO - Creating ORM DAG for csv_processing_dag
[2024-04-28T17:30:37.407+0000] {logging_mixin.py:188} INFO - [2024-04-28T17:30:37.407+0000] {dag.py:3954} INFO - Setting next_dagrun for csv_processing_dag to None, run_after=None
[2024-04-28T17:30:37.499+0000] {processor.py:183} INFO - Processing /opt/airflow/dags/csv_dags.py took 2.671 seconds
[2024-04-28T17:30:53.257+0000] {processor.py:161} INFO - Started process (PID=104) to work on /opt/airflow/dags/csv_dags.py
[2024-04-28T17:30:53.259+0000] {processor.py:830} INFO - Processing file /opt/airflow/dags/csv_dags.py for tasks to queue
[2024-04-28T17:30:53.262+0000] {logging_mixin.py:188} INFO - [2024-04-28T17:30:53.261+0000] {dagbag.py:540} INFO - Filling up the DagBag from /opt/airflow/dags/csv_dags.py
[2024-04-28T17:30:53.908+0000] {processor.py:840} INFO - DAG(s) 'csv_processing_dag' retrieved from /opt/airflow/dags/csv_dags.py
[2024-04-28T17:30:53.919+0000] {logging_mixin.py:188} INFO - [2024-04-28T17:30:53.919+0000] {dag.py:3096} INFO - Sync 1 DAGs
[2024-04-28T17:30:53.938+0000] {logging_mixin.py:188} INFO - [2024-04-28T17:30:53.937+0000] {dag.py:3954} INFO - Setting next_dagrun for csv_processing_dag to None, run_after=None
[2024-04-28T17:30:53.965+0000] {processor.py:183} INFO - Processing /opt/airflow/dags/csv_dags.py took 0.715 seconds
[2024-04-28T17:31:24.608+0000] {processor.py:161} INFO - Started process (PID=112) to work on /opt/airflow/dags/csv_dags.py
[2024-04-28T17:31:24.637+0000] {processor.py:830} INFO - Processing file /opt/airflow/dags/csv_dags.py for tasks to queue
[2024-04-28T17:31:24.677+0000] {logging_mixin.py:188} INFO - [2024-04-28T17:31:24.671+0000] {dagbag.py:540} INFO - Filling up the DagBag from /opt/airflow/dags/csv_dags.py
[2024-04-28T17:31:34.181+0000] {processor.py:840} INFO - DAG(s) 'csv_processing_dag' retrieved from /opt/airflow/dags/csv_dags.py
[2024-04-28T17:31:34.472+0000] {logging_mixin.py:188} INFO - [2024-04-28T17:31:34.472+0000] {dag.py:3096} INFO - Sync 1 DAGs
[2024-04-28T17:31:34.486+0000] {logging_mixin.py:188} INFO - [2024-04-28T17:31:34.485+0000] {dag.py:3954} INFO - Setting next_dagrun for csv_processing_dag to None, run_after=None
[2024-04-28T17:31:34.546+0000] {processor.py:183} INFO - Processing /opt/airflow/dags/csv_dags.py took 10.044 seconds
[2024-04-28T17:32:04.985+0000] {processor.py:161} INFO - Started process (PID=120) to work on /opt/airflow/dags/csv_dags.py
[2024-04-28T17:32:04.987+0000] {processor.py:830} INFO - Processing file /opt/airflow/dags/csv_dags.py for tasks to queue
[2024-04-28T17:32:04.988+0000] {logging_mixin.py:188} INFO - [2024-04-28T17:32:04.988+0000] {dagbag.py:540} INFO - Filling up the DagBag from /opt/airflow/dags/csv_dags.py
[2024-04-28T17:32:06.084+0000] {processor.py:840} INFO - DAG(s) 'csv_processing_dag' retrieved from /opt/airflow/dags/csv_dags.py
[2024-04-28T17:32:06.178+0000] {logging_mixin.py:188} INFO - [2024-04-28T17:32:06.178+0000] {dag.py:3096} INFO - Sync 1 DAGs
[2024-04-28T17:32:06.194+0000] {logging_mixin.py:188} INFO - [2024-04-28T17:32:06.193+0000] {dag.py:3954} INFO - Setting next_dagrun for csv_processing_dag to None, run_after=None
[2024-04-28T17:32:06.228+0000] {processor.py:183} INFO - Processing /opt/airflow/dags/csv_dags.py took 1.249 seconds
[2024-04-28T17:32:36.335+0000] {processor.py:161} INFO - Started process (PID=129) to work on /opt/airflow/dags/csv_dags.py
[2024-04-28T17:32:36.347+0000] {processor.py:830} INFO - Processing file /opt/airflow/dags/csv_dags.py for tasks to queue
[2024-04-28T17:32:36.351+0000] {logging_mixin.py:188} INFO - [2024-04-28T17:32:36.350+0000] {dagbag.py:540} INFO - Filling up the DagBag from /opt/airflow/dags/csv_dags.py
[2024-04-28T17:32:37.466+0000] {processor.py:840} INFO - DAG(s) 'csv_processing_dag' retrieved from /opt/airflow/dags/csv_dags.py
[2024-04-28T17:32:37.562+0000] {logging_mixin.py:188} INFO - [2024-04-28T17:32:37.561+0000] {dag.py:3096} INFO - Sync 1 DAGs
[2024-04-28T17:32:37.581+0000] {logging_mixin.py:188} INFO - [2024-04-28T17:32:37.581+0000] {dag.py:3954} INFO - Setting next_dagrun for csv_processing_dag to None, run_after=None
[2024-04-28T17:32:37.644+0000] {processor.py:183} INFO - Processing /opt/airflow/dags/csv_dags.py took 1.318 seconds
[2024-04-28T17:33:08.037+0000] {processor.py:161} INFO - Started process (PID=137) to work on /opt/airflow/dags/csv_dags.py
[2024-04-28T17:33:08.040+0000] {processor.py:830} INFO - Processing file /opt/airflow/dags/csv_dags.py for tasks to queue
[2024-04-28T17:33:08.044+0000] {logging_mixin.py:188} INFO - [2024-04-28T17:33:08.042+0000] {dagbag.py:540} INFO - Filling up the DagBag from /opt/airflow/dags/csv_dags.py
[2024-04-28T17:33:09.365+0000] {processor.py:840} INFO - DAG(s) 'csv_processing_dag' retrieved from /opt/airflow/dags/csv_dags.py
[2024-04-28T17:33:09.473+0000] {logging_mixin.py:188} INFO - [2024-04-28T17:33:09.468+0000] {dag.py:3096} INFO - Sync 1 DAGs
[2024-04-28T17:33:09.492+0000] {logging_mixin.py:188} INFO - [2024-04-28T17:33:09.492+0000] {dag.py:3954} INFO - Setting next_dagrun for csv_processing_dag to None, run_after=None
[2024-04-28T17:33:09.520+0000] {processor.py:183} INFO - Processing /opt/airflow/dags/csv_dags.py took 1.506 seconds
[2024-04-28T17:33:39.790+0000] {processor.py:161} INFO - Started process (PID=145) to work on /opt/airflow/dags/csv_dags.py
[2024-04-28T17:33:39.792+0000] {processor.py:830} INFO - Processing file /opt/airflow/dags/csv_dags.py for tasks to queue
[2024-04-28T17:33:39.796+0000] {logging_mixin.py:188} INFO - [2024-04-28T17:33:39.794+0000] {dagbag.py:540} INFO - Filling up the DagBag from /opt/airflow/dags/csv_dags.py
[2024-04-28T17:33:41.005+0000] {processor.py:840} INFO - DAG(s) 'csv_processing_dag' retrieved from /opt/airflow/dags/csv_dags.py
[2024-04-28T17:33:41.217+0000] {logging_mixin.py:188} INFO - [2024-04-28T17:33:41.207+0000] {dag.py:3096} INFO - Sync 1 DAGs
[2024-04-28T17:33:41.240+0000] {logging_mixin.py:188} INFO - [2024-04-28T17:33:41.239+0000] {dag.py:3954} INFO - Setting next_dagrun for csv_processing_dag to None, run_after=None
[2024-04-28T17:33:41.294+0000] {processor.py:183} INFO - Processing /opt/airflow/dags/csv_dags.py took 1.523 seconds
[2024-04-28T17:34:02.539+0000] {processor.py:161} INFO - Started process (PID=153) to work on /opt/airflow/dags/csv_dags.py
[2024-04-28T17:34:02.541+0000] {processor.py:830} INFO - Processing file /opt/airflow/dags/csv_dags.py for tasks to queue
[2024-04-28T17:34:02.545+0000] {logging_mixin.py:188} INFO - [2024-04-28T17:34:02.542+0000] {dagbag.py:540} INFO - Filling up the DagBag from /opt/airflow/dags/csv_dags.py
[2024-04-28T17:34:04.249+0000] {processor.py:840} INFO - DAG(s) 'csv_processing_dag' retrieved from /opt/airflow/dags/csv_dags.py
[2024-04-28T17:34:04.694+0000] {logging_mixin.py:188} INFO - [2024-04-28T17:34:04.690+0000] {dag.py:3096} INFO - Sync 1 DAGs
[2024-04-28T17:34:04.705+0000] {logging_mixin.py:188} INFO - [2024-04-28T17:34:04.705+0000] {dag.py:3954} INFO - Setting next_dagrun for csv_processing_dag to None, run_after=None
[2024-04-28T17:34:04.736+0000] {processor.py:183} INFO - Processing /opt/airflow/dags/csv_dags.py took 2.214 seconds
[2024-04-28T17:34:34.914+0000] {processor.py:161} INFO - Started process (PID=161) to work on /opt/airflow/dags/csv_dags.py
[2024-04-28T17:34:34.918+0000] {processor.py:830} INFO - Processing file /opt/airflow/dags/csv_dags.py for tasks to queue
[2024-04-28T17:34:34.922+0000] {logging_mixin.py:188} INFO - [2024-04-28T17:34:34.920+0000] {dagbag.py:540} INFO - Filling up the DagBag from /opt/airflow/dags/csv_dags.py
[2024-04-28T17:34:36.214+0000] {processor.py:840} INFO - DAG(s) 'csv_processing_dag' retrieved from /opt/airflow/dags/csv_dags.py
[2024-04-28T17:34:36.419+0000] {logging_mixin.py:188} INFO - [2024-04-28T17:34:36.413+0000] {dag.py:3096} INFO - Sync 1 DAGs
[2024-04-28T17:34:36.437+0000] {logging_mixin.py:188} INFO - [2024-04-28T17:34:36.437+0000] {dag.py:3954} INFO - Setting next_dagrun for csv_processing_dag to None, run_after=None
[2024-04-28T17:34:36.476+0000] {processor.py:183} INFO - Processing /opt/airflow/dags/csv_dags.py took 1.590 seconds
[2024-04-28T17:34:48.176+0000] {processor.py:161} INFO - Started process (PID=163) to work on /opt/airflow/dags/csv_dags.py
[2024-04-28T17:34:48.178+0000] {processor.py:830} INFO - Processing file /opt/airflow/dags/csv_dags.py for tasks to queue
[2024-04-28T17:34:48.181+0000] {logging_mixin.py:188} INFO - [2024-04-28T17:34:48.180+0000] {dagbag.py:540} INFO - Filling up the DagBag from /opt/airflow/dags/csv_dags.py
[2024-04-28T17:34:50.505+0000] {processor.py:840} INFO - DAG(s) 'csv_processing_dag' retrieved from /opt/airflow/dags/csv_dags.py
[2024-04-28T17:34:51.097+0000] {logging_mixin.py:188} INFO - [2024-04-28T17:34:51.095+0000] {dag.py:3096} INFO - Sync 1 DAGs
[2024-04-28T17:34:51.126+0000] {logging_mixin.py:188} INFO - [2024-04-28T17:34:51.125+0000] {dag.py:3954} INFO - Setting next_dagrun for csv_processing_dag to None, run_after=None
[2024-04-28T17:34:51.223+0000] {processor.py:183} INFO - Processing /opt/airflow/dags/csv_dags.py took 3.065 seconds
[2024-04-28T17:35:21.574+0000] {processor.py:161} INFO - Started process (PID=171) to work on /opt/airflow/dags/csv_dags.py
[2024-04-28T17:35:21.577+0000] {processor.py:830} INFO - Processing file /opt/airflow/dags/csv_dags.py for tasks to queue
[2024-04-28T17:35:21.582+0000] {logging_mixin.py:188} INFO - [2024-04-28T17:35:21.579+0000] {dagbag.py:540} INFO - Filling up the DagBag from /opt/airflow/dags/csv_dags.py
[2024-04-28T17:35:23.320+0000] {processor.py:840} INFO - DAG(s) 'csv_processing_dag' retrieved from /opt/airflow/dags/csv_dags.py
[2024-04-28T17:35:23.490+0000] {logging_mixin.py:188} INFO - [2024-04-28T17:35:23.489+0000] {dag.py:3096} INFO - Sync 1 DAGs
[2024-04-28T17:35:23.513+0000] {logging_mixin.py:188} INFO - [2024-04-28T17:35:23.512+0000] {dag.py:3954} INFO - Setting next_dagrun for csv_processing_dag to None, run_after=None
[2024-04-28T17:35:23.554+0000] {processor.py:183} INFO - Processing /opt/airflow/dags/csv_dags.py took 1.999 seconds
[2024-04-28T17:35:24.613+0000] {processor.py:161} INFO - Started process (PID=173) to work on /opt/airflow/dags/csv_dags.py
[2024-04-28T17:35:24.628+0000] {processor.py:830} INFO - Processing file /opt/airflow/dags/csv_dags.py for tasks to queue
[2024-04-28T17:35:24.630+0000] {logging_mixin.py:188} INFO - [2024-04-28T17:35:24.630+0000] {dagbag.py:540} INFO - Filling up the DagBag from /opt/airflow/dags/csv_dags.py
[2024-04-28T17:35:25.907+0000] {processor.py:840} INFO - DAG(s) 'csv_processing_dag' retrieved from /opt/airflow/dags/csv_dags.py
[2024-04-28T17:35:26.112+0000] {logging_mixin.py:188} INFO - [2024-04-28T17:35:26.111+0000] {dag.py:3096} INFO - Sync 1 DAGs
[2024-04-28T17:35:26.124+0000] {logging_mixin.py:188} INFO - [2024-04-28T17:35:26.124+0000] {dag.py:3954} INFO - Setting next_dagrun for csv_processing_dag to None, run_after=None
[2024-04-28T17:35:26.151+0000] {processor.py:183} INFO - Processing /opt/airflow/dags/csv_dags.py took 1.542 seconds
[2024-04-28T17:35:47.635+0000] {processor.py:161} INFO - Started process (PID=181) to work on /opt/airflow/dags/csv_dags.py
[2024-04-28T17:35:47.637+0000] {processor.py:830} INFO - Processing file /opt/airflow/dags/csv_dags.py for tasks to queue
[2024-04-28T17:35:47.639+0000] {logging_mixin.py:188} INFO - [2024-04-28T17:35:47.638+0000] {dagbag.py:540} INFO - Filling up the DagBag from /opt/airflow/dags/csv_dags.py
[2024-04-28T17:35:48.925+0000] {processor.py:840} INFO - DAG(s) 'csv_processing_dag' retrieved from /opt/airflow/dags/csv_dags.py
[2024-04-28T17:35:48.941+0000] {logging_mixin.py:188} INFO - [2024-04-28T17:35:48.940+0000] {dag.py:3096} INFO - Sync 1 DAGs
[2024-04-28T17:35:48.956+0000] {logging_mixin.py:188} INFO - [2024-04-28T17:35:48.955+0000] {dag.py:3954} INFO - Setting next_dagrun for csv_processing_dag to None, run_after=None
[2024-04-28T17:35:48.983+0000] {processor.py:183} INFO - Processing /opt/airflow/dags/csv_dags.py took 1.362 seconds
[2024-04-28T17:36:19.539+0000] {processor.py:161} INFO - Started process (PID=190) to work on /opt/airflow/dags/csv_dags.py
[2024-04-28T17:36:19.542+0000] {processor.py:830} INFO - Processing file /opt/airflow/dags/csv_dags.py for tasks to queue
[2024-04-28T17:36:19.544+0000] {logging_mixin.py:188} INFO - [2024-04-28T17:36:19.543+0000] {dagbag.py:540} INFO - Filling up the DagBag from /opt/airflow/dags/csv_dags.py
[2024-04-28T17:36:20.776+0000] {processor.py:840} INFO - DAG(s) 'csv_processing_dag' retrieved from /opt/airflow/dags/csv_dags.py
[2024-04-28T17:36:21.046+0000] {logging_mixin.py:188} INFO - [2024-04-28T17:36:21.046+0000] {dag.py:3096} INFO - Sync 1 DAGs
[2024-04-28T17:36:21.056+0000] {logging_mixin.py:188} INFO - [2024-04-28T17:36:21.056+0000] {dag.py:3954} INFO - Setting next_dagrun for csv_processing_dag to None, run_after=None
[2024-04-28T17:36:21.077+0000] {processor.py:183} INFO - Processing /opt/airflow/dags/csv_dags.py took 1.545 seconds
[2024-04-28T17:36:48.476+0000] {processor.py:161} INFO - Started process (PID=198) to work on /opt/airflow/dags/csv_dags.py
[2024-04-28T17:36:48.483+0000] {processor.py:830} INFO - Processing file /opt/airflow/dags/csv_dags.py for tasks to queue
[2024-04-28T17:36:48.490+0000] {logging_mixin.py:188} INFO - [2024-04-28T17:36:48.485+0000] {dagbag.py:540} INFO - Filling up the DagBag from /opt/airflow/dags/csv_dags.py
[2024-04-28T17:36:49.396+0000] {processor.py:840} INFO - DAG(s) 'csv_processing_dag' retrieved from /opt/airflow/dags/csv_dags.py
[2024-04-28T17:36:49.413+0000] {logging_mixin.py:188} INFO - [2024-04-28T17:36:49.413+0000] {dag.py:3096} INFO - Sync 1 DAGs
[2024-04-28T17:36:49.428+0000] {logging_mixin.py:188} INFO - [2024-04-28T17:36:49.428+0000] {dag.py:3954} INFO - Setting next_dagrun for csv_processing_dag to None, run_after=None
[2024-04-28T17:36:49.464+0000] {processor.py:183} INFO - Processing /opt/airflow/dags/csv_dags.py took 1.009 seconds
[2024-04-28T17:37:19.937+0000] {processor.py:161} INFO - Started process (PID=206) to work on /opt/airflow/dags/csv_dags.py
[2024-04-28T17:37:19.943+0000] {processor.py:830} INFO - Processing file /opt/airflow/dags/csv_dags.py for tasks to queue
[2024-04-28T17:37:19.945+0000] {logging_mixin.py:188} INFO - [2024-04-28T17:37:19.944+0000] {dagbag.py:540} INFO - Filling up the DagBag from /opt/airflow/dags/csv_dags.py
[2024-04-28T17:37:44.243+0000] {processor.py:840} INFO - DAG(s) 'csv_processing_dag' retrieved from /opt/airflow/dags/csv_dags.py
[2024-04-28T17:37:45.736+0000] {logging_mixin.py:188} INFO - [2024-04-28T17:37:45.732+0000] {dag.py:3096} INFO - Sync 1 DAGs
[2024-04-28T17:37:45.767+0000] {logging_mixin.py:188} INFO - [2024-04-28T17:37:45.766+0000] {dag.py:3954} INFO - Setting next_dagrun for csv_processing_dag to None, run_after=None
[2024-04-28T17:37:45.854+0000] {processor.py:183} INFO - Processing /opt/airflow/dags/csv_dags.py took 25.948 seconds
[2024-04-28T17:38:16.398+0000] {processor.py:161} INFO - Started process (PID=220) to work on /opt/airflow/dags/csv_dags.py
[2024-04-28T17:38:16.401+0000] {processor.py:830} INFO - Processing file /opt/airflow/dags/csv_dags.py for tasks to queue
[2024-04-28T17:38:16.403+0000] {logging_mixin.py:188} INFO - [2024-04-28T17:38:16.403+0000] {dagbag.py:540} INFO - Filling up the DagBag from /opt/airflow/dags/csv_dags.py
[2024-04-28T17:38:18.149+0000] {processor.py:840} INFO - DAG(s) 'csv_processing_dag' retrieved from /opt/airflow/dags/csv_dags.py
[2024-04-28T17:38:18.472+0000] {logging_mixin.py:188} INFO - [2024-04-28T17:38:18.471+0000] {dag.py:3096} INFO - Sync 1 DAGs
[2024-04-28T17:38:18.488+0000] {logging_mixin.py:188} INFO - [2024-04-28T17:38:18.488+0000] {dag.py:3954} INFO - Setting next_dagrun for csv_processing_dag to None, run_after=None
[2024-04-28T17:38:18.539+0000] {processor.py:183} INFO - Processing /opt/airflow/dags/csv_dags.py took 2.154 seconds
[2024-04-28T17:38:48.866+0000] {processor.py:161} INFO - Started process (PID=228) to work on /opt/airflow/dags/csv_dags.py
[2024-04-28T17:38:48.870+0000] {processor.py:830} INFO - Processing file /opt/airflow/dags/csv_dags.py for tasks to queue
[2024-04-28T17:38:48.875+0000] {logging_mixin.py:188} INFO - [2024-04-28T17:38:48.874+0000] {dagbag.py:540} INFO - Filling up the DagBag from /opt/airflow/dags/csv_dags.py
[2024-04-28T17:38:51.212+0000] {processor.py:840} INFO - DAG(s) 'csv_processing_dag' retrieved from /opt/airflow/dags/csv_dags.py
[2024-04-28T17:38:51.377+0000] {logging_mixin.py:188} INFO - [2024-04-28T17:38:51.376+0000] {dag.py:3096} INFO - Sync 1 DAGs
[2024-04-28T17:38:51.398+0000] {logging_mixin.py:188} INFO - [2024-04-28T17:38:51.397+0000] {dag.py:3954} INFO - Setting next_dagrun for csv_processing_dag to None, run_after=None
[2024-04-28T17:38:51.432+0000] {processor.py:183} INFO - Processing /opt/airflow/dags/csv_dags.py took 2.587 seconds
[2024-04-28T17:39:21.882+0000] {processor.py:161} INFO - Started process (PID=236) to work on /opt/airflow/dags/csv_dags.py
[2024-04-28T17:39:21.883+0000] {processor.py:830} INFO - Processing file /opt/airflow/dags/csv_dags.py for tasks to queue
[2024-04-28T17:39:21.884+0000] {logging_mixin.py:188} INFO - [2024-04-28T17:39:21.884+0000] {dagbag.py:540} INFO - Filling up the DagBag from /opt/airflow/dags/csv_dags.py
[2024-04-28T17:39:23.029+0000] {processor.py:840} INFO - DAG(s) 'csv_processing_dag' retrieved from /opt/airflow/dags/csv_dags.py
[2024-04-28T17:39:23.143+0000] {logging_mixin.py:188} INFO - [2024-04-28T17:39:23.142+0000] {dag.py:3096} INFO - Sync 1 DAGs
[2024-04-28T17:39:23.156+0000] {logging_mixin.py:188} INFO - [2024-04-28T17:39:23.155+0000] {dag.py:3954} INFO - Setting next_dagrun for csv_processing_dag to None, run_after=None
[2024-04-28T17:39:23.176+0000] {processor.py:183} INFO - Processing /opt/airflow/dags/csv_dags.py took 1.305 seconds
[2024-04-28T17:39:53.446+0000] {processor.py:161} INFO - Started process (PID=244) to work on /opt/airflow/dags/csv_dags.py
[2024-04-28T17:39:53.447+0000] {processor.py:830} INFO - Processing file /opt/airflow/dags/csv_dags.py for tasks to queue
[2024-04-28T17:39:53.449+0000] {logging_mixin.py:188} INFO - [2024-04-28T17:39:53.448+0000] {dagbag.py:540} INFO - Filling up the DagBag from /opt/airflow/dags/csv_dags.py
[2024-04-28T17:39:54.464+0000] {processor.py:840} INFO - DAG(s) 'csv_processing_dag' retrieved from /opt/airflow/dags/csv_dags.py
[2024-04-28T17:39:54.528+0000] {logging_mixin.py:188} INFO - [2024-04-28T17:39:54.528+0000] {dag.py:3096} INFO - Sync 1 DAGs
[2024-04-28T17:39:54.538+0000] {logging_mixin.py:188} INFO - [2024-04-28T17:39:54.538+0000] {dag.py:3954} INFO - Setting next_dagrun for csv_processing_dag to None, run_after=None
[2024-04-28T17:39:54.567+0000] {processor.py:183} INFO - Processing /opt/airflow/dags/csv_dags.py took 1.130 seconds
[2024-04-28T17:40:24.784+0000] {processor.py:161} INFO - Started process (PID=252) to work on /opt/airflow/dags/csv_dags.py
[2024-04-28T17:40:24.785+0000] {processor.py:830} INFO - Processing file /opt/airflow/dags/csv_dags.py for tasks to queue
[2024-04-28T17:40:24.787+0000] {logging_mixin.py:188} INFO - [2024-04-28T17:40:24.786+0000] {dagbag.py:540} INFO - Filling up the DagBag from /opt/airflow/dags/csv_dags.py
[2024-04-28T17:40:25.832+0000] {processor.py:840} INFO - DAG(s) 'csv_processing_dag' retrieved from /opt/airflow/dags/csv_dags.py
[2024-04-28T17:40:25.927+0000] {logging_mixin.py:188} INFO - [2024-04-28T17:40:25.926+0000] {dag.py:3096} INFO - Sync 1 DAGs
[2024-04-28T17:40:25.939+0000] {logging_mixin.py:188} INFO - [2024-04-28T17:40:25.938+0000] {dag.py:3954} INFO - Setting next_dagrun for csv_processing_dag to None, run_after=None
[2024-04-28T17:40:25.963+0000] {processor.py:183} INFO - Processing /opt/airflow/dags/csv_dags.py took 1.186 seconds
[2024-04-28T17:40:56.317+0000] {processor.py:161} INFO - Started process (PID=260) to work on /opt/airflow/dags/csv_dags.py
[2024-04-28T17:40:56.318+0000] {processor.py:830} INFO - Processing file /opt/airflow/dags/csv_dags.py for tasks to queue
[2024-04-28T17:40:56.320+0000] {logging_mixin.py:188} INFO - [2024-04-28T17:40:56.319+0000] {dagbag.py:540} INFO - Filling up the DagBag from /opt/airflow/dags/csv_dags.py
[2024-04-28T17:40:57.403+0000] {processor.py:840} INFO - DAG(s) 'csv_processing_dag' retrieved from /opt/airflow/dags/csv_dags.py
[2024-04-28T17:40:57.509+0000] {logging_mixin.py:188} INFO - [2024-04-28T17:40:57.508+0000] {dag.py:3096} INFO - Sync 1 DAGs
[2024-04-28T17:40:57.520+0000] {logging_mixin.py:188} INFO - [2024-04-28T17:40:57.519+0000] {dag.py:3954} INFO - Setting next_dagrun for csv_processing_dag to None, run_after=None
[2024-04-28T17:40:57.541+0000] {processor.py:183} INFO - Processing /opt/airflow/dags/csv_dags.py took 1.234 seconds
[2024-04-28T17:41:27.714+0000] {processor.py:161} INFO - Started process (PID=268) to work on /opt/airflow/dags/csv_dags.py
[2024-04-28T17:41:27.719+0000] {processor.py:830} INFO - Processing file /opt/airflow/dags/csv_dags.py for tasks to queue
[2024-04-28T17:41:27.721+0000] {logging_mixin.py:188} INFO - [2024-04-28T17:41:27.720+0000] {dagbag.py:540} INFO - Filling up the DagBag from /opt/airflow/dags/csv_dags.py
[2024-04-28T17:41:28.974+0000] {processor.py:840} INFO - DAG(s) 'csv_processing_dag' retrieved from /opt/airflow/dags/csv_dags.py
[2024-04-28T17:41:29.085+0000] {logging_mixin.py:188} INFO - [2024-04-28T17:41:29.084+0000] {dag.py:3096} INFO - Sync 1 DAGs
[2024-04-28T17:41:29.098+0000] {logging_mixin.py:188} INFO - [2024-04-28T17:41:29.098+0000] {dag.py:3954} INFO - Setting next_dagrun for csv_processing_dag to None, run_after=None
[2024-04-28T17:41:29.123+0000] {processor.py:183} INFO - Processing /opt/airflow/dags/csv_dags.py took 1.420 seconds
[2024-04-28T17:41:59.239+0000] {processor.py:161} INFO - Started process (PID=276) to work on /opt/airflow/dags/csv_dags.py
[2024-04-28T17:41:59.243+0000] {processor.py:830} INFO - Processing file /opt/airflow/dags/csv_dags.py for tasks to queue
[2024-04-28T17:41:59.247+0000] {logging_mixin.py:188} INFO - [2024-04-28T17:41:59.245+0000] {dagbag.py:540} INFO - Filling up the DagBag from /opt/airflow/dags/csv_dags.py
[2024-04-28T17:42:00.351+0000] {processor.py:840} INFO - DAG(s) 'csv_processing_dag' retrieved from /opt/airflow/dags/csv_dags.py
[2024-04-28T17:42:00.418+0000] {logging_mixin.py:188} INFO - [2024-04-28T17:42:00.418+0000] {dag.py:3096} INFO - Sync 1 DAGs
[2024-04-28T17:42:00.438+0000] {logging_mixin.py:188} INFO - [2024-04-28T17:42:00.438+0000] {dag.py:3954} INFO - Setting next_dagrun for csv_processing_dag to None, run_after=None
[2024-04-28T17:42:00.461+0000] {processor.py:183} INFO - Processing /opt/airflow/dags/csv_dags.py took 1.233 seconds
[2024-04-28T17:42:30.779+0000] {processor.py:161} INFO - Started process (PID=283) to work on /opt/airflow/dags/csv_dags.py
[2024-04-28T17:42:30.783+0000] {processor.py:830} INFO - Processing file /opt/airflow/dags/csv_dags.py for tasks to queue
[2024-04-28T17:42:30.786+0000] {logging_mixin.py:188} INFO - [2024-04-28T17:42:30.786+0000] {dagbag.py:540} INFO - Filling up the DagBag from /opt/airflow/dags/csv_dags.py
[2024-04-28T17:42:48.518+0000] {processor.py:840} INFO - DAG(s) 'csv_processing_dag' retrieved from /opt/airflow/dags/csv_dags.py
[2024-04-28T17:42:48.631+0000] {logging_mixin.py:188} INFO - [2024-04-28T17:42:48.627+0000] {dag.py:3096} INFO - Sync 1 DAGs
[2024-04-28T17:42:48.675+0000] {logging_mixin.py:188} INFO - [2024-04-28T17:42:48.674+0000] {dag.py:3954} INFO - Setting next_dagrun for csv_processing_dag to None, run_after=None
[2024-04-28T17:42:48.734+0000] {processor.py:183} INFO - Processing /opt/airflow/dags/csv_dags.py took 17.320 seconds
[2024-04-28T17:43:19.222+0000] {processor.py:161} INFO - Started process (PID=297) to work on /opt/airflow/dags/csv_dags.py
[2024-04-28T17:43:19.224+0000] {processor.py:830} INFO - Processing file /opt/airflow/dags/csv_dags.py for tasks to queue
[2024-04-28T17:43:19.225+0000] {logging_mixin.py:188} INFO - [2024-04-28T17:43:19.225+0000] {dagbag.py:540} INFO - Filling up the DagBag from /opt/airflow/dags/csv_dags.py
[2024-04-28T17:43:20.346+0000] {processor.py:840} INFO - DAG(s) 'csv_processing_dag' retrieved from /opt/airflow/dags/csv_dags.py
[2024-04-28T17:43:20.396+0000] {logging_mixin.py:188} INFO - [2024-04-28T17:43:20.396+0000] {dag.py:3096} INFO - Sync 1 DAGs
[2024-04-28T17:43:20.416+0000] {logging_mixin.py:188} INFO - [2024-04-28T17:43:20.415+0000] {dag.py:3954} INFO - Setting next_dagrun for csv_processing_dag to None, run_after=None
[2024-04-28T17:43:20.439+0000] {processor.py:183} INFO - Processing /opt/airflow/dags/csv_dags.py took 1.228 seconds
[2024-04-28T17:43:50.791+0000] {processor.py:161} INFO - Started process (PID=305) to work on /opt/airflow/dags/csv_dags.py
[2024-04-28T17:43:50.793+0000] {processor.py:830} INFO - Processing file /opt/airflow/dags/csv_dags.py for tasks to queue
[2024-04-28T17:43:50.794+0000] {logging_mixin.py:188} INFO - [2024-04-28T17:43:50.794+0000] {dagbag.py:540} INFO - Filling up the DagBag from /opt/airflow/dags/csv_dags.py
[2024-04-28T17:43:51.522+0000] {processor.py:840} INFO - DAG(s) 'csv_processing_dag' retrieved from /opt/airflow/dags/csv_dags.py
[2024-04-28T17:43:51.542+0000] {logging_mixin.py:188} INFO - [2024-04-28T17:43:51.541+0000] {dag.py:3096} INFO - Sync 1 DAGs
[2024-04-28T17:43:51.552+0000] {logging_mixin.py:188} INFO - [2024-04-28T17:43:51.552+0000] {dag.py:3954} INFO - Setting next_dagrun for csv_processing_dag to None, run_after=None
[2024-04-28T17:43:51.614+0000] {processor.py:183} INFO - Processing /opt/airflow/dags/csv_dags.py took 0.829 seconds
[2024-04-28T17:44:22.084+0000] {processor.py:161} INFO - Started process (PID=313) to work on /opt/airflow/dags/csv_dags.py
[2024-04-28T17:44:22.086+0000] {processor.py:830} INFO - Processing file /opt/airflow/dags/csv_dags.py for tasks to queue
[2024-04-28T17:44:22.089+0000] {logging_mixin.py:188} INFO - [2024-04-28T17:44:22.088+0000] {dagbag.py:540} INFO - Filling up the DagBag from /opt/airflow/dags/csv_dags.py
[2024-04-28T17:44:22.987+0000] {processor.py:840} INFO - DAG(s) 'csv_processing_dag' retrieved from /opt/airflow/dags/csv_dags.py
[2024-04-28T17:44:23.011+0000] {logging_mixin.py:188} INFO - [2024-04-28T17:44:23.011+0000] {dag.py:3096} INFO - Sync 1 DAGs
[2024-04-28T17:44:23.023+0000] {logging_mixin.py:188} INFO - [2024-04-28T17:44:23.022+0000] {dag.py:3954} INFO - Setting next_dagrun for csv_processing_dag to None, run_after=None
[2024-04-28T17:44:23.042+0000] {processor.py:183} INFO - Processing /opt/airflow/dags/csv_dags.py took 0.971 seconds
[2024-04-28T17:44:53.510+0000] {processor.py:161} INFO - Started process (PID=322) to work on /opt/airflow/dags/csv_dags.py
[2024-04-28T17:44:53.512+0000] {processor.py:830} INFO - Processing file /opt/airflow/dags/csv_dags.py for tasks to queue
[2024-04-28T17:44:53.513+0000] {logging_mixin.py:188} INFO - [2024-04-28T17:44:53.513+0000] {dagbag.py:540} INFO - Filling up the DagBag from /opt/airflow/dags/csv_dags.py
[2024-04-28T17:44:54.324+0000] {processor.py:840} INFO - DAG(s) 'csv_processing_dag' retrieved from /opt/airflow/dags/csv_dags.py
[2024-04-28T17:44:54.356+0000] {logging_mixin.py:188} INFO - [2024-04-28T17:44:54.356+0000] {dag.py:3096} INFO - Sync 1 DAGs
[2024-04-28T17:44:54.374+0000] {logging_mixin.py:188} INFO - [2024-04-28T17:44:54.374+0000] {dag.py:3954} INFO - Setting next_dagrun for csv_processing_dag to None, run_after=None
[2024-04-28T17:44:54.396+0000] {processor.py:183} INFO - Processing /opt/airflow/dags/csv_dags.py took 0.900 seconds
[2024-04-28T17:45:24.777+0000] {processor.py:161} INFO - Started process (PID=330) to work on /opt/airflow/dags/csv_dags.py
[2024-04-28T17:45:24.778+0000] {processor.py:830} INFO - Processing file /opt/airflow/dags/csv_dags.py for tasks to queue
[2024-04-28T17:45:24.780+0000] {logging_mixin.py:188} INFO - [2024-04-28T17:45:24.779+0000] {dagbag.py:540} INFO - Filling up the DagBag from /opt/airflow/dags/csv_dags.py
[2024-04-28T17:45:25.575+0000] {processor.py:840} INFO - DAG(s) 'csv_processing_dag' retrieved from /opt/airflow/dags/csv_dags.py
[2024-04-28T17:45:25.604+0000] {logging_mixin.py:188} INFO - [2024-04-28T17:45:25.604+0000] {dag.py:3096} INFO - Sync 1 DAGs
[2024-04-28T17:45:25.620+0000] {logging_mixin.py:188} INFO - [2024-04-28T17:45:25.620+0000] {dag.py:3954} INFO - Setting next_dagrun for csv_processing_dag to None, run_after=None
[2024-04-28T17:45:25.647+0000] {processor.py:183} INFO - Processing /opt/airflow/dags/csv_dags.py took 0.877 seconds
[2024-04-28T17:45:55.944+0000] {processor.py:161} INFO - Started process (PID=338) to work on /opt/airflow/dags/csv_dags.py
[2024-04-28T17:45:55.945+0000] {processor.py:830} INFO - Processing file /opt/airflow/dags/csv_dags.py for tasks to queue
[2024-04-28T17:45:55.946+0000] {logging_mixin.py:188} INFO - [2024-04-28T17:45:55.946+0000] {dagbag.py:540} INFO - Filling up the DagBag from /opt/airflow/dags/csv_dags.py
[2024-04-28T17:45:56.907+0000] {processor.py:840} INFO - DAG(s) 'csv_processing_dag' retrieved from /opt/airflow/dags/csv_dags.py
[2024-04-28T17:45:56.950+0000] {logging_mixin.py:188} INFO - [2024-04-28T17:45:56.949+0000] {dag.py:3096} INFO - Sync 1 DAGs
[2024-04-28T17:45:56.964+0000] {logging_mixin.py:188} INFO - [2024-04-28T17:45:56.963+0000] {dag.py:3954} INFO - Setting next_dagrun for csv_processing_dag to None, run_after=None
[2024-04-28T17:45:56.988+0000] {processor.py:183} INFO - Processing /opt/airflow/dags/csv_dags.py took 1.051 seconds
[2024-04-28T17:46:27.250+0000] {processor.py:161} INFO - Started process (PID=346) to work on /opt/airflow/dags/csv_dags.py
[2024-04-28T17:46:27.252+0000] {processor.py:830} INFO - Processing file /opt/airflow/dags/csv_dags.py for tasks to queue
[2024-04-28T17:46:27.253+0000] {logging_mixin.py:188} INFO - [2024-04-28T17:46:27.253+0000] {dagbag.py:540} INFO - Filling up the DagBag from /opt/airflow/dags/csv_dags.py
[2024-04-28T17:46:28.014+0000] {processor.py:840} INFO - DAG(s) 'csv_processing_dag' retrieved from /opt/airflow/dags/csv_dags.py
[2024-04-28T17:46:28.047+0000] {logging_mixin.py:188} INFO - [2024-04-28T17:46:28.046+0000] {dag.py:3096} INFO - Sync 1 DAGs
[2024-04-28T17:46:28.060+0000] {logging_mixin.py:188} INFO - [2024-04-28T17:46:28.060+0000] {dag.py:3954} INFO - Setting next_dagrun for csv_processing_dag to None, run_after=None
[2024-04-28T17:46:28.095+0000] {processor.py:183} INFO - Processing /opt/airflow/dags/csv_dags.py took 0.850 seconds
[2024-04-28T17:46:58.483+0000] {processor.py:161} INFO - Started process (PID=354) to work on /opt/airflow/dags/csv_dags.py
[2024-04-28T17:46:58.485+0000] {processor.py:830} INFO - Processing file /opt/airflow/dags/csv_dags.py for tasks to queue
[2024-04-28T17:46:58.486+0000] {logging_mixin.py:188} INFO - [2024-04-28T17:46:58.486+0000] {dagbag.py:540} INFO - Filling up the DagBag from /opt/airflow/dags/csv_dags.py
[2024-04-28T17:46:59.410+0000] {processor.py:840} INFO - DAG(s) 'csv_processing_dag' retrieved from /opt/airflow/dags/csv_dags.py
[2024-04-28T17:46:59.438+0000] {logging_mixin.py:188} INFO - [2024-04-28T17:46:59.437+0000] {dag.py:3096} INFO - Sync 1 DAGs
[2024-04-28T17:46:59.451+0000] {logging_mixin.py:188} INFO - [2024-04-28T17:46:59.451+0000] {dag.py:3954} INFO - Setting next_dagrun for csv_processing_dag to None, run_after=None
[2024-04-28T17:46:59.474+0000] {processor.py:183} INFO - Processing /opt/airflow/dags/csv_dags.py took 1.004 seconds
[2024-04-28T17:47:29.803+0000] {processor.py:161} INFO - Started process (PID=363) to work on /opt/airflow/dags/csv_dags.py
[2024-04-28T17:47:29.804+0000] {processor.py:830} INFO - Processing file /opt/airflow/dags/csv_dags.py for tasks to queue
[2024-04-28T17:47:29.806+0000] {logging_mixin.py:188} INFO - [2024-04-28T17:47:29.805+0000] {dagbag.py:540} INFO - Filling up the DagBag from /opt/airflow/dags/csv_dags.py
[2024-04-28T17:47:30.778+0000] {processor.py:840} INFO - DAG(s) 'csv_processing_dag' retrieved from /opt/airflow/dags/csv_dags.py
[2024-04-28T17:47:30.810+0000] {logging_mixin.py:188} INFO - [2024-04-28T17:47:30.809+0000] {dag.py:3096} INFO - Sync 1 DAGs
[2024-04-28T17:47:30.823+0000] {logging_mixin.py:188} INFO - [2024-04-28T17:47:30.823+0000] {dag.py:3954} INFO - Setting next_dagrun for csv_processing_dag to None, run_after=None
[2024-04-28T17:47:30.850+0000] {processor.py:183} INFO - Processing /opt/airflow/dags/csv_dags.py took 1.055 seconds
[2024-04-28T17:48:01.086+0000] {processor.py:161} INFO - Started process (PID=371) to work on /opt/airflow/dags/csv_dags.py
[2024-04-28T17:48:01.087+0000] {processor.py:830} INFO - Processing file /opt/airflow/dags/csv_dags.py for tasks to queue
[2024-04-28T17:48:01.088+0000] {logging_mixin.py:188} INFO - [2024-04-28T17:48:01.088+0000] {dagbag.py:540} INFO - Filling up the DagBag from /opt/airflow/dags/csv_dags.py
[2024-04-28T17:48:02.268+0000] {processor.py:840} INFO - DAG(s) 'csv_processing_dag' retrieved from /opt/airflow/dags/csv_dags.py
[2024-04-28T17:48:02.304+0000] {logging_mixin.py:188} INFO - [2024-04-28T17:48:02.304+0000] {dag.py:3096} INFO - Sync 1 DAGs
[2024-04-28T17:48:02.318+0000] {logging_mixin.py:188} INFO - [2024-04-28T17:48:02.318+0000] {dag.py:3954} INFO - Setting next_dagrun for csv_processing_dag to None, run_after=None
[2024-04-28T17:48:02.348+0000] {processor.py:183} INFO - Processing /opt/airflow/dags/csv_dags.py took 1.268 seconds
[2024-04-28T17:48:32.664+0000] {processor.py:161} INFO - Started process (PID=380) to work on /opt/airflow/dags/csv_dags.py
[2024-04-28T17:48:32.666+0000] {processor.py:830} INFO - Processing file /opt/airflow/dags/csv_dags.py for tasks to queue
[2024-04-28T17:48:32.668+0000] {logging_mixin.py:188} INFO - [2024-04-28T17:48:32.667+0000] {dagbag.py:540} INFO - Filling up the DagBag from /opt/airflow/dags/csv_dags.py
[2024-04-28T17:48:33.607+0000] {processor.py:840} INFO - DAG(s) 'csv_processing_dag' retrieved from /opt/airflow/dags/csv_dags.py
[2024-04-28T17:48:33.652+0000] {logging_mixin.py:188} INFO - [2024-04-28T17:48:33.651+0000] {dag.py:3096} INFO - Sync 1 DAGs
[2024-04-28T17:48:33.665+0000] {logging_mixin.py:188} INFO - [2024-04-28T17:48:33.665+0000] {dag.py:3954} INFO - Setting next_dagrun for csv_processing_dag to None, run_after=None
[2024-04-28T17:48:33.686+0000] {processor.py:183} INFO - Processing /opt/airflow/dags/csv_dags.py took 1.030 seconds
[2024-04-28T17:49:03.938+0000] {processor.py:161} INFO - Started process (PID=388) to work on /opt/airflow/dags/csv_dags.py
[2024-04-28T17:49:03.943+0000] {processor.py:830} INFO - Processing file /opt/airflow/dags/csv_dags.py for tasks to queue
[2024-04-28T17:49:03.945+0000] {logging_mixin.py:188} INFO - [2024-04-28T17:49:03.944+0000] {dagbag.py:540} INFO - Filling up the DagBag from /opt/airflow/dags/csv_dags.py
[2024-04-28T17:49:04.833+0000] {processor.py:840} INFO - DAG(s) 'csv_processing_dag' retrieved from /opt/airflow/dags/csv_dags.py
[2024-04-28T17:49:04.946+0000] {logging_mixin.py:188} INFO - [2024-04-28T17:49:04.946+0000] {dag.py:3096} INFO - Sync 1 DAGs
[2024-04-28T17:49:04.963+0000] {logging_mixin.py:188} INFO - [2024-04-28T17:49:04.963+0000] {dag.py:3954} INFO - Setting next_dagrun for csv_processing_dag to None, run_after=None
[2024-04-28T17:49:04.987+0000] {processor.py:183} INFO - Processing /opt/airflow/dags/csv_dags.py took 1.065 seconds
[2024-04-28T17:49:35.395+0000] {processor.py:161} INFO - Started process (PID=396) to work on /opt/airflow/dags/csv_dags.py
[2024-04-28T17:49:35.396+0000] {processor.py:830} INFO - Processing file /opt/airflow/dags/csv_dags.py for tasks to queue
[2024-04-28T17:49:35.398+0000] {logging_mixin.py:188} INFO - [2024-04-28T17:49:35.397+0000] {dagbag.py:540} INFO - Filling up the DagBag from /opt/airflow/dags/csv_dags.py
[2024-04-28T17:49:36.096+0000] {processor.py:840} INFO - DAG(s) 'csv_processing_dag' retrieved from /opt/airflow/dags/csv_dags.py
[2024-04-28T17:49:36.122+0000] {logging_mixin.py:188} INFO - [2024-04-28T17:49:36.122+0000] {dag.py:3096} INFO - Sync 1 DAGs
[2024-04-28T17:49:36.134+0000] {logging_mixin.py:188} INFO - [2024-04-28T17:49:36.134+0000] {dag.py:3954} INFO - Setting next_dagrun for csv_processing_dag to None, run_after=None
[2024-04-28T17:49:36.153+0000] {processor.py:183} INFO - Processing /opt/airflow/dags/csv_dags.py took 0.765 seconds
[2024-04-28T17:50:06.555+0000] {processor.py:161} INFO - Started process (PID=404) to work on /opt/airflow/dags/csv_dags.py
[2024-04-28T17:50:06.556+0000] {processor.py:830} INFO - Processing file /opt/airflow/dags/csv_dags.py for tasks to queue
[2024-04-28T17:50:06.558+0000] {logging_mixin.py:188} INFO - [2024-04-28T17:50:06.558+0000] {dagbag.py:540} INFO - Filling up the DagBag from /opt/airflow/dags/csv_dags.py
[2024-04-28T17:50:07.221+0000] {processor.py:840} INFO - DAG(s) 'csv_processing_dag' retrieved from /opt/airflow/dags/csv_dags.py
[2024-04-28T17:50:07.241+0000] {logging_mixin.py:188} INFO - [2024-04-28T17:50:07.241+0000] {dag.py:3096} INFO - Sync 1 DAGs
[2024-04-28T17:50:07.252+0000] {logging_mixin.py:188} INFO - [2024-04-28T17:50:07.252+0000] {dag.py:3954} INFO - Setting next_dagrun for csv_processing_dag to None, run_after=None
[2024-04-28T17:50:07.271+0000] {processor.py:183} INFO - Processing /opt/airflow/dags/csv_dags.py took 0.729 seconds
[2024-04-28T17:50:37.657+0000] {processor.py:161} INFO - Started process (PID=412) to work on /opt/airflow/dags/csv_dags.py
[2024-04-28T17:50:37.658+0000] {processor.py:830} INFO - Processing file /opt/airflow/dags/csv_dags.py for tasks to queue
[2024-04-28T17:50:37.661+0000] {logging_mixin.py:188} INFO - [2024-04-28T17:50:37.660+0000] {dagbag.py:540} INFO - Filling up the DagBag from /opt/airflow/dags/csv_dags.py
[2024-04-28T17:50:38.406+0000] {processor.py:840} INFO - DAG(s) 'csv_processing_dag' retrieved from /opt/airflow/dags/csv_dags.py
[2024-04-28T17:50:38.431+0000] {logging_mixin.py:188} INFO - [2024-04-28T17:50:38.431+0000] {dag.py:3096} INFO - Sync 1 DAGs
[2024-04-28T17:50:38.442+0000] {logging_mixin.py:188} INFO - [2024-04-28T17:50:38.442+0000] {dag.py:3954} INFO - Setting next_dagrun for csv_processing_dag to None, run_after=None
[2024-04-28T17:50:38.467+0000] {processor.py:183} INFO - Processing /opt/airflow/dags/csv_dags.py took 0.816 seconds
[2024-04-28T17:51:08.768+0000] {processor.py:161} INFO - Started process (PID=420) to work on /opt/airflow/dags/csv_dags.py
[2024-04-28T17:51:08.770+0000] {processor.py:830} INFO - Processing file /opt/airflow/dags/csv_dags.py for tasks to queue
[2024-04-28T17:51:08.771+0000] {logging_mixin.py:188} INFO - [2024-04-28T17:51:08.771+0000] {dagbag.py:540} INFO - Filling up the DagBag from /opt/airflow/dags/csv_dags.py
[2024-04-28T17:51:09.469+0000] {processor.py:840} INFO - DAG(s) 'csv_processing_dag' retrieved from /opt/airflow/dags/csv_dags.py
[2024-04-28T17:51:09.491+0000] {logging_mixin.py:188} INFO - [2024-04-28T17:51:09.491+0000] {dag.py:3096} INFO - Sync 1 DAGs
[2024-04-28T17:51:09.502+0000] {logging_mixin.py:188} INFO - [2024-04-28T17:51:09.502+0000] {dag.py:3954} INFO - Setting next_dagrun for csv_processing_dag to None, run_after=None
[2024-04-28T17:51:09.523+0000] {processor.py:183} INFO - Processing /opt/airflow/dags/csv_dags.py took 0.760 seconds
[2024-04-28T17:51:39.803+0000] {processor.py:161} INFO - Started process (PID=428) to work on /opt/airflow/dags/csv_dags.py
[2024-04-28T17:51:39.805+0000] {processor.py:830} INFO - Processing file /opt/airflow/dags/csv_dags.py for tasks to queue
[2024-04-28T17:51:39.807+0000] {logging_mixin.py:188} INFO - [2024-04-28T17:51:39.807+0000] {dagbag.py:540} INFO - Filling up the DagBag from /opt/airflow/dags/csv_dags.py
[2024-04-28T17:51:40.448+0000] {processor.py:840} INFO - DAG(s) 'csv_processing_dag' retrieved from /opt/airflow/dags/csv_dags.py
[2024-04-28T17:51:40.475+0000] {logging_mixin.py:188} INFO - [2024-04-28T17:51:40.474+0000] {dag.py:3096} INFO - Sync 1 DAGs
[2024-04-28T17:51:40.485+0000] {logging_mixin.py:188} INFO - [2024-04-28T17:51:40.485+0000] {dag.py:3954} INFO - Setting next_dagrun for csv_processing_dag to None, run_after=None
[2024-04-28T17:51:40.503+0000] {processor.py:183} INFO - Processing /opt/airflow/dags/csv_dags.py took 0.708 seconds
[2024-04-28T17:52:10.656+0000] {processor.py:161} INFO - Started process (PID=435) to work on /opt/airflow/dags/csv_dags.py
[2024-04-28T17:52:10.658+0000] {processor.py:830} INFO - Processing file /opt/airflow/dags/csv_dags.py for tasks to queue
[2024-04-28T17:52:10.660+0000] {logging_mixin.py:188} INFO - [2024-04-28T17:52:10.659+0000] {dagbag.py:540} INFO - Filling up the DagBag from /opt/airflow/dags/csv_dags.py
[2024-04-28T17:52:11.355+0000] {processor.py:840} INFO - DAG(s) 'csv_processing_dag' retrieved from /opt/airflow/dags/csv_dags.py
[2024-04-28T17:52:11.376+0000] {logging_mixin.py:188} INFO - [2024-04-28T17:52:11.375+0000] {dag.py:3096} INFO - Sync 1 DAGs
[2024-04-28T17:52:11.385+0000] {logging_mixin.py:188} INFO - [2024-04-28T17:52:11.385+0000] {dag.py:3954} INFO - Setting next_dagrun for csv_processing_dag to None, run_after=None
[2024-04-28T17:52:11.405+0000] {processor.py:183} INFO - Processing /opt/airflow/dags/csv_dags.py took 0.756 seconds
[2024-04-28T17:52:41.741+0000] {processor.py:161} INFO - Started process (PID=443) to work on /opt/airflow/dags/csv_dags.py
[2024-04-28T17:52:41.742+0000] {processor.py:830} INFO - Processing file /opt/airflow/dags/csv_dags.py for tasks to queue
[2024-04-28T17:52:41.743+0000] {logging_mixin.py:188} INFO - [2024-04-28T17:52:41.743+0000] {dagbag.py:540} INFO - Filling up the DagBag from /opt/airflow/dags/csv_dags.py
[2024-04-28T17:52:42.295+0000] {processor.py:840} INFO - DAG(s) 'csv_processing_dag' retrieved from /opt/airflow/dags/csv_dags.py
[2024-04-28T17:52:42.324+0000] {logging_mixin.py:188} INFO - [2024-04-28T17:52:42.324+0000] {dag.py:3096} INFO - Sync 1 DAGs
[2024-04-28T17:52:42.341+0000] {logging_mixin.py:188} INFO - [2024-04-28T17:52:42.340+0000] {dag.py:3954} INFO - Setting next_dagrun for csv_processing_dag to None, run_after=None
[2024-04-28T17:52:42.364+0000] {processor.py:183} INFO - Processing /opt/airflow/dags/csv_dags.py took 0.630 seconds
[2024-04-28T17:53:12.616+0000] {processor.py:161} INFO - Started process (PID=451) to work on /opt/airflow/dags/csv_dags.py
[2024-04-28T17:53:12.617+0000] {processor.py:830} INFO - Processing file /opt/airflow/dags/csv_dags.py for tasks to queue
[2024-04-28T17:53:12.619+0000] {logging_mixin.py:188} INFO - [2024-04-28T17:53:12.618+0000] {dagbag.py:540} INFO - Filling up the DagBag from /opt/airflow/dags/csv_dags.py
[2024-04-28T17:53:13.355+0000] {processor.py:840} INFO - DAG(s) 'csv_processing_dag' retrieved from /opt/airflow/dags/csv_dags.py
[2024-04-28T17:53:13.399+0000] {logging_mixin.py:188} INFO - [2024-04-28T17:53:13.398+0000] {dag.py:3096} INFO - Sync 1 DAGs
[2024-04-28T17:53:13.411+0000] {logging_mixin.py:188} INFO - [2024-04-28T17:53:13.411+0000] {dag.py:3954} INFO - Setting next_dagrun for csv_processing_dag to None, run_after=None
[2024-04-28T17:53:13.432+0000] {processor.py:183} INFO - Processing /opt/airflow/dags/csv_dags.py took 0.824 seconds
