[2024-04-28T18:10:53.068+0000] {local_task_job_runner.py:120} INFO - ::group::Pre task execution logs
[2024-04-28T18:10:53.210+0000] {taskinstance.py:2073} INFO - Dependencies all met for dep_context=non-requeueable deps ti=<TaskInstance: hello_airflow_champ_dag.print_hello manual__2024-04-28T18:10:33.797827+00:00 [queued]>
[2024-04-28T18:10:53.248+0000] {taskinstance.py:2073} INFO - Dependencies all met for dep_context=requeueable deps ti=<TaskInstance: hello_airflow_champ_dag.print_hello manual__2024-04-28T18:10:33.797827+00:00 [queued]>
[2024-04-28T18:10:53.251+0000] {taskinstance.py:2303} INFO - Starting attempt 1 of 2
[2024-04-28T18:10:53.324+0000] {taskinstance.py:2327} INFO - Executing <Task(PythonOperator): print_hello> on 2024-04-28 18:10:33.797827+00:00
[2024-04-28T18:10:53.361+0000] {warnings.py:110} WARNING - /home/***/.local/lib/python3.12/site-packages/***/task/task_runner/standard_task_runner.py:61: DeprecationWarning: This process (pid=597) is multi-threaded, use of fork() may lead to deadlocks in the child.
  pid = os.fork()

[2024-04-28T18:10:53.376+0000] {standard_task_runner.py:63} INFO - Started process 598 to run task
[2024-04-28T18:10:53.373+0000] {standard_task_runner.py:90} INFO - Running: ['***', 'tasks', 'run', 'hello_***_champ_dag', 'print_hello', 'manual__2024-04-28T18:10:33.797827+00:00', '--job-id', '105', '--raw', '--subdir', 'DAGS_FOLDER/first_dag.py', '--cfg-path', '/tmp/tmpn9rl8hfb']
[2024-04-28T18:10:53.389+0000] {standard_task_runner.py:91} INFO - Job 105: Subtask print_hello
[2024-04-28T18:10:53.706+0000] {task_command.py:426} INFO - Running <TaskInstance: hello_airflow_champ_dag.print_hello manual__2024-04-28T18:10:33.797827+00:00 [running]> on host 4cdb6c1dd19f
[2024-04-28T18:10:54.153+0000] {taskinstance.py:2644} INFO - Exporting env vars: AIRFLOW_CTX_DAG_OWNER='***' AIRFLOW_CTX_DAG_ID='hello_***_champ_dag' AIRFLOW_CTX_TASK_ID='print_hello' AIRFLOW_CTX_EXECUTION_DATE='2024-04-28T18:10:33.797827+00:00' AIRFLOW_CTX_TRY_NUMBER='1' AIRFLOW_CTX_DAG_RUN_ID='manual__2024-04-28T18:10:33.797827+00:00'
[2024-04-28T18:10:54.166+0000] {taskinstance.py:430} INFO - ::endgroup::
[2024-04-28T18:10:54.283+0000] {logging_mixin.py:188} INFO - Hello Airflow Champs
[2024-04-28T18:10:54.285+0000] {python.py:237} INFO - Done. Returned value was: None
[2024-04-28T18:10:54.287+0000] {taskinstance.py:441} INFO - ::group::Post task execution logs
[2024-04-28T18:10:54.319+0000] {taskinstance.py:1205} INFO - Marking task as SUCCESS. dag_id=hello_***_champ_dag, task_id=print_hello, execution_date=20240428T181033, start_date=20240428T181053, end_date=20240428T181054
[2024-04-28T18:10:54.425+0000] {local_task_job_runner.py:240} INFO - Task exited with return code 0
[2024-04-28T18:10:54.495+0000] {taskinstance.py:3482} INFO - 1 downstream tasks scheduled from follow-on schedule check
[2024-04-28T18:10:54.499+0000] {local_task_job_runner.py:222} INFO - ::endgroup::
