[2024-05-18T18:51:19.984+0000] {local_task_job_runner.py:120} INFO - ::group::Pre task execution logs
[2024-05-18T18:51:20.061+0000] {taskinstance.py:2073} INFO - Dependencies all met for dep_context=non-requeueable deps ti=<TaskInstance: parallel_and_dependent_tasks_dag.print_doing_task manual__2024-05-18T18:51:15.166487+00:00 [queued]>
[2024-05-18T18:51:20.080+0000] {taskinstance.py:2073} INFO - Dependencies all met for dep_context=requeueable deps ti=<TaskInstance: parallel_and_dependent_tasks_dag.print_doing_task manual__2024-05-18T18:51:15.166487+00:00 [queued]>
[2024-05-18T18:51:20.080+0000] {taskinstance.py:2303} INFO - Starting attempt 1 of 2
[2024-05-18T18:51:20.116+0000] {taskinstance.py:2327} INFO - Executing <Task(PythonOperator): print_doing_task> on 2024-05-18 18:51:15.166487+00:00
[2024-05-18T18:51:20.142+0000] {warnings.py:110} WARNING - /home/***/.local/lib/python3.12/site-packages/***/task/task_runner/standard_task_runner.py:61: DeprecationWarning: This process (pid=226) is multi-threaded, use of fork() may lead to deadlocks in the child.
  pid = os.fork()

[2024-05-18T18:51:20.145+0000] {standard_task_runner.py:63} INFO - Started process 228 to run task
[2024-05-18T18:51:20.142+0000] {standard_task_runner.py:90} INFO - Running: ['***', 'tasks', 'run', 'parallel_and_dependent_tasks_dag', 'print_doing_task', 'manual__2024-05-18T18:51:15.166487+00:00', '--job-id', '9', '--raw', '--subdir', 'DAGS_FOLDER/dags.py', '--cfg-path', '/tmp/tmpaaqktfu8']
[2024-05-18T18:51:20.147+0000] {standard_task_runner.py:91} INFO - Job 9: Subtask print_doing_task
[2024-05-18T18:51:20.259+0000] {task_command.py:426} INFO - Running <TaskInstance: parallel_and_dependent_tasks_dag.print_doing_task manual__2024-05-18T18:51:15.166487+00:00 [running]> on host 29bb0b57cbbf
[2024-05-18T18:51:20.421+0000] {taskinstance.py:2644} INFO - Exporting env vars: AIRFLOW_CTX_DAG_OWNER='***' AIRFLOW_CTX_DAG_ID='parallel_and_dependent_tasks_dag' AIRFLOW_CTX_TASK_ID='print_doing_task' AIRFLOW_CTX_EXECUTION_DATE='2024-05-18T18:51:15.166487+00:00' AIRFLOW_CTX_TRY_NUMBER='1' AIRFLOW_CTX_DAG_RUN_ID='manual__2024-05-18T18:51:15.166487+00:00'
[2024-05-18T18:51:20.423+0000] {taskinstance.py:430} INFO - ::endgroup::
[2024-05-18T18:51:20.486+0000] {logging_mixin.py:188} INFO - I am doing a task
[2024-05-18T18:51:20.487+0000] {python.py:237} INFO - Done. Returned value was: None
[2024-05-18T18:51:20.489+0000] {taskinstance.py:441} INFO - ::group::Post task execution logs
[2024-05-18T18:51:20.500+0000] {taskinstance.py:1205} INFO - Marking task as SUCCESS. dag_id=parallel_and_dependent_tasks_dag, task_id=print_doing_task, execution_date=20240518T185115, start_date=20240518T185120, end_date=20240518T185120
[2024-05-18T18:51:20.552+0000] {local_task_job_runner.py:240} INFO - Task exited with return code 0
[2024-05-18T18:51:20.591+0000] {taskinstance.py:3482} INFO - 1 downstream tasks scheduled from follow-on schedule check
[2024-05-18T18:51:20.595+0000] {local_task_job_runner.py:222} INFO - ::endgroup::
