[2024-05-18T18:43:21.889+0000] {local_task_job_runner.py:120} INFO - ::group::Pre task execution logs
[2024-05-18T18:43:21.930+0000] {taskinstance.py:2073} INFO - Dependencies all met for dep_context=non-requeueable deps ti=<TaskInstance: simple_python_operator_dag.print_learning_airflow manual__2024-05-18T18:43:16.053093+00:00 [queued]>
[2024-05-18T18:43:21.943+0000] {taskinstance.py:2073} INFO - Dependencies all met for dep_context=requeueable deps ti=<TaskInstance: simple_python_operator_dag.print_learning_airflow manual__2024-05-18T18:43:16.053093+00:00 [queued]>
[2024-05-18T18:43:21.944+0000] {taskinstance.py:2303} INFO - Starting attempt 1 of 2
[2024-05-18T18:43:21.964+0000] {taskinstance.py:2327} INFO - Executing <Task(PythonOperator): print_learning_airflow> on 2024-05-18 18:43:16.053093+00:00
[2024-05-18T18:43:21.973+0000] {warnings.py:110} WARNING - /home/***/.local/lib/python3.12/site-packages/***/task/task_runner/standard_task_runner.py:61: DeprecationWarning: This process (pid=134) is multi-threaded, use of fork() may lead to deadlocks in the child.
  pid = os.fork()

[2024-05-18T18:43:21.976+0000] {standard_task_runner.py:63} INFO - Started process 135 to run task
[2024-05-18T18:43:21.978+0000] {standard_task_runner.py:90} INFO - Running: ['***', 'tasks', 'run', 'simple_python_operator_dag', 'print_learning_***', 'manual__2024-05-18T18:43:16.053093+00:00', '--job-id', '5', '--raw', '--subdir', 'DAGS_FOLDER/dag.py', '--cfg-path', '/tmp/tmpod57g4zw']
[2024-05-18T18:43:21.983+0000] {standard_task_runner.py:91} INFO - Job 5: Subtask print_learning_***
[2024-05-18T18:43:22.064+0000] {task_command.py:426} INFO - Running <TaskInstance: simple_python_operator_dag.print_learning_airflow manual__2024-05-18T18:43:16.053093+00:00 [running]> on host 29bb0b57cbbf
[2024-05-18T18:43:22.207+0000] {taskinstance.py:2644} INFO - Exporting env vars: AIRFLOW_CTX_DAG_OWNER='***' AIRFLOW_CTX_DAG_ID='simple_python_operator_dag' AIRFLOW_CTX_TASK_ID='print_learning_***' AIRFLOW_CTX_EXECUTION_DATE='2024-05-18T18:43:16.053093+00:00' AIRFLOW_CTX_TRY_NUMBER='1' AIRFLOW_CTX_DAG_RUN_ID='manual__2024-05-18T18:43:16.053093+00:00'
[2024-05-18T18:43:22.209+0000] {taskinstance.py:430} INFO - ::endgroup::
[2024-05-18T18:43:22.224+0000] {logging_mixin.py:188} INFO - I am learning Airflow
[2024-05-18T18:43:22.224+0000] {python.py:237} INFO - Done. Returned value was: None
[2024-05-18T18:43:22.227+0000] {taskinstance.py:441} INFO - ::group::Post task execution logs
[2024-05-18T18:43:22.237+0000] {taskinstance.py:1205} INFO - Marking task as SUCCESS. dag_id=simple_python_operator_dag, task_id=print_learning_***, execution_date=20240518T184316, start_date=20240518T184321, end_date=20240518T184322
[2024-05-18T18:43:22.272+0000] {local_task_job_runner.py:240} INFO - Task exited with return code 0
[2024-05-18T18:43:22.293+0000] {taskinstance.py:3482} INFO - 0 downstream tasks scheduled from follow-on schedule check
[2024-05-18T18:43:22.296+0000] {local_task_job_runner.py:222} INFO - ::endgroup::
