[2024-04-28T18:10:56.694+0000] {local_task_job_runner.py:120} INFO - ::group::Pre task execution logs
[2024-04-28T18:10:56.884+0000] {taskinstance.py:2073} INFO - Dependencies all met for dep_context=non-requeueable deps ti=<TaskInstance: hello_airflow_champ_dag.print_love_this manual__2024-04-28T18:10:33.797827+00:00 [queued]>
[2024-04-28T18:10:56.951+0000] {taskinstance.py:2073} INFO - Dependencies all met for dep_context=requeueable deps ti=<TaskInstance: hello_airflow_champ_dag.print_love_this manual__2024-04-28T18:10:33.797827+00:00 [queued]>
[2024-04-28T18:10:56.956+0000] {taskinstance.py:2303} INFO - Starting attempt 1 of 2
[2024-04-28T18:10:57.096+0000] {taskinstance.py:2327} INFO - Executing <Task(PythonOperator): print_love_this> on 2024-04-28 18:10:33.797827+00:00
[2024-04-28T18:10:57.217+0000] {warnings.py:110} WARNING - /home/***/.local/lib/python3.12/site-packages/***/task/task_runner/standard_task_runner.py:61: DeprecationWarning: This process (pid=599) is multi-threaded, use of fork() may lead to deadlocks in the child.
  pid = os.fork()

[2024-04-28T18:10:57.231+0000] {standard_task_runner.py:63} INFO - Started process 600 to run task
[2024-04-28T18:10:57.243+0000] {standard_task_runner.py:90} INFO - Running: ['***', 'tasks', 'run', 'hello_***_champ_dag', 'print_love_this', 'manual__2024-04-28T18:10:33.797827+00:00', '--job-id', '106', '--raw', '--subdir', 'DAGS_FOLDER/first_dag.py', '--cfg-path', '/tmp/tmputcfdwqv']
[2024-04-28T18:10:57.267+0000] {standard_task_runner.py:91} INFO - Job 106: Subtask print_love_this
[2024-04-28T18:10:57.870+0000] {task_command.py:426} INFO - Running <TaskInstance: hello_airflow_champ_dag.print_love_this manual__2024-04-28T18:10:33.797827+00:00 [running]> on host 4cdb6c1dd19f
[2024-04-28T18:10:58.764+0000] {taskinstance.py:2644} INFO - Exporting env vars: AIRFLOW_CTX_DAG_OWNER='***' AIRFLOW_CTX_DAG_ID='hello_***_champ_dag' AIRFLOW_CTX_TASK_ID='print_love_this' AIRFLOW_CTX_EXECUTION_DATE='2024-04-28T18:10:33.797827+00:00' AIRFLOW_CTX_TRY_NUMBER='1' AIRFLOW_CTX_DAG_RUN_ID='manual__2024-04-28T18:10:33.797827+00:00'
[2024-04-28T18:10:58.778+0000] {taskinstance.py:430} INFO - ::endgroup::
[2024-04-28T18:10:58.880+0000] {logging_mixin.py:188} INFO - You are going to love this
[2024-04-28T18:10:58.883+0000] {python.py:237} INFO - Done. Returned value was: None
[2024-04-28T18:10:58.890+0000] {taskinstance.py:441} INFO - ::group::Post task execution logs
[2024-04-28T18:10:58.926+0000] {taskinstance.py:1205} INFO - Marking task as SUCCESS. dag_id=hello_***_champ_dag, task_id=print_love_this, execution_date=20240428T181033, start_date=20240428T181056, end_date=20240428T181058
[2024-04-28T18:10:59.034+0000] {local_task_job_runner.py:240} INFO - Task exited with return code 0
[2024-04-28T18:10:59.092+0000] {taskinstance.py:3482} INFO - 0 downstream tasks scheduled from follow-on schedule check
[2024-04-28T18:10:59.096+0000] {local_task_job_runner.py:222} INFO - ::endgroup::
