[2024-04-20T19:17:55.410+0000] {processor.py:161} INFO - Started process (PID=57) to work on /home/airflow/.local/lib/python3.12/site-packages/airflow/example_dags/example_latest_only.py
[2024-04-20T19:17:55.413+0000] {processor.py:830} INFO - Processing file /home/airflow/.local/lib/python3.12/site-packages/airflow/example_dags/example_latest_only.py for tasks to queue
[2024-04-20T19:17:55.423+0000] {logging_mixin.py:188} INFO - [2024-04-20T19:17:55.422+0000] {dagbag.py:540} INFO - Filling up the DagBag from /home/airflow/.local/lib/python3.12/site-packages/airflow/example_dags/example_latest_only.py
[2024-04-20T19:17:55.530+0000] {processor.py:840} INFO - DAG(s) 'latest_only' retrieved from /home/airflow/.local/lib/python3.12/site-packages/airflow/example_dags/example_latest_only.py
[2024-04-20T19:17:56.619+0000] {logging_mixin.py:188} INFO - [2024-04-20T19:17:56.618+0000] {dag.py:3096} INFO - Sync 1 DAGs
[2024-04-20T19:17:56.768+0000] {logging_mixin.py:188} INFO - [2024-04-20T19:17:56.766+0000] {dag.py:3954} INFO - Setting next_dagrun for latest_only to 2024-04-20 12:00:00+00:00, run_after=2024-04-20 16:00:00+00:00
[2024-04-20T19:17:56.856+0000] {processor.py:183} INFO - Processing /home/airflow/.local/lib/python3.12/site-packages/airflow/example_dags/example_latest_only.py took 1.567 seconds
[2024-04-20T19:18:27.587+0000] {processor.py:161} INFO - Started process (PID=115) to work on /home/airflow/.local/lib/python3.12/site-packages/airflow/example_dags/example_latest_only.py
[2024-04-20T19:18:27.589+0000] {processor.py:830} INFO - Processing file /home/airflow/.local/lib/python3.12/site-packages/airflow/example_dags/example_latest_only.py for tasks to queue
[2024-04-20T19:18:27.594+0000] {logging_mixin.py:188} INFO - [2024-04-20T19:18:27.593+0000] {dagbag.py:540} INFO - Filling up the DagBag from /home/airflow/.local/lib/python3.12/site-packages/airflow/example_dags/example_latest_only.py
[2024-04-20T19:18:27.606+0000] {processor.py:840} INFO - DAG(s) 'latest_only' retrieved from /home/airflow/.local/lib/python3.12/site-packages/airflow/example_dags/example_latest_only.py
[2024-04-20T19:18:27.663+0000] {logging_mixin.py:188} INFO - [2024-04-20T19:18:27.662+0000] {dag.py:3096} INFO - Sync 1 DAGs
[2024-04-20T19:18:27.721+0000] {logging_mixin.py:188} INFO - [2024-04-20T19:18:27.721+0000] {dag.py:3954} INFO - Setting next_dagrun for latest_only to 2024-04-20 12:00:00+00:00, run_after=2024-04-20 16:00:00+00:00
[2024-04-20T19:18:27.779+0000] {processor.py:183} INFO - Processing /home/airflow/.local/lib/python3.12/site-packages/airflow/example_dags/example_latest_only.py took 0.203 seconds
[2024-04-20T19:18:59.053+0000] {processor.py:161} INFO - Started process (PID=173) to work on /home/airflow/.local/lib/python3.12/site-packages/airflow/example_dags/example_latest_only.py
[2024-04-20T19:18:59.056+0000] {processor.py:830} INFO - Processing file /home/airflow/.local/lib/python3.12/site-packages/airflow/example_dags/example_latest_only.py for tasks to queue
[2024-04-20T19:18:59.061+0000] {logging_mixin.py:188} INFO - [2024-04-20T19:18:59.060+0000] {dagbag.py:540} INFO - Filling up the DagBag from /home/airflow/.local/lib/python3.12/site-packages/airflow/example_dags/example_latest_only.py
[2024-04-20T19:18:59.084+0000] {processor.py:840} INFO - DAG(s) 'latest_only' retrieved from /home/airflow/.local/lib/python3.12/site-packages/airflow/example_dags/example_latest_only.py
[2024-04-20T19:18:59.210+0000] {logging_mixin.py:188} INFO - [2024-04-20T19:18:59.209+0000] {dag.py:3096} INFO - Sync 1 DAGs
[2024-04-20T19:18:59.358+0000] {logging_mixin.py:188} INFO - [2024-04-20T19:18:59.357+0000] {dag.py:3954} INFO - Setting next_dagrun for latest_only to 2024-04-20 12:00:00+00:00, run_after=2024-04-20 16:00:00+00:00
[2024-04-20T19:18:59.461+0000] {processor.py:183} INFO - Processing /home/airflow/.local/lib/python3.12/site-packages/airflow/example_dags/example_latest_only.py took 0.436 seconds
[2024-04-20T19:19:29.707+0000] {processor.py:161} INFO - Started process (PID=229) to work on /home/airflow/.local/lib/python3.12/site-packages/airflow/example_dags/example_latest_only.py
[2024-04-20T19:19:29.710+0000] {processor.py:830} INFO - Processing file /home/airflow/.local/lib/python3.12/site-packages/airflow/example_dags/example_latest_only.py for tasks to queue
[2024-04-20T19:19:29.717+0000] {logging_mixin.py:188} INFO - [2024-04-20T19:19:29.716+0000] {dagbag.py:540} INFO - Filling up the DagBag from /home/airflow/.local/lib/python3.12/site-packages/airflow/example_dags/example_latest_only.py
[2024-04-20T19:19:29.728+0000] {processor.py:840} INFO - DAG(s) 'latest_only' retrieved from /home/airflow/.local/lib/python3.12/site-packages/airflow/example_dags/example_latest_only.py
[2024-04-20T19:19:29.764+0000] {logging_mixin.py:188} INFO - [2024-04-20T19:19:29.764+0000] {dag.py:3096} INFO - Sync 1 DAGs
[2024-04-20T19:19:29.806+0000] {logging_mixin.py:188} INFO - [2024-04-20T19:19:29.806+0000] {dag.py:3954} INFO - Setting next_dagrun for latest_only to 2024-04-20 12:00:00+00:00, run_after=2024-04-20 16:00:00+00:00
[2024-04-20T19:19:29.854+0000] {processor.py:183} INFO - Processing /home/airflow/.local/lib/python3.12/site-packages/airflow/example_dags/example_latest_only.py took 0.159 seconds
[2024-04-20T19:19:59.975+0000] {processor.py:161} INFO - Started process (PID=287) to work on /home/airflow/.local/lib/python3.12/site-packages/airflow/example_dags/example_latest_only.py
[2024-04-20T19:19:59.978+0000] {processor.py:830} INFO - Processing file /home/airflow/.local/lib/python3.12/site-packages/airflow/example_dags/example_latest_only.py for tasks to queue
[2024-04-20T19:19:59.981+0000] {logging_mixin.py:188} INFO - [2024-04-20T19:19:59.980+0000] {dagbag.py:540} INFO - Filling up the DagBag from /home/airflow/.local/lib/python3.12/site-packages/airflow/example_dags/example_latest_only.py
[2024-04-20T19:19:59.989+0000] {processor.py:840} INFO - DAG(s) 'latest_only' retrieved from /home/airflow/.local/lib/python3.12/site-packages/airflow/example_dags/example_latest_only.py
[2024-04-20T19:20:00.026+0000] {logging_mixin.py:188} INFO - [2024-04-20T19:20:00.025+0000] {dag.py:3096} INFO - Sync 1 DAGs
[2024-04-20T19:20:00.074+0000] {logging_mixin.py:188} INFO - [2024-04-20T19:20:00.074+0000] {dag.py:3954} INFO - Setting next_dagrun for latest_only to 2024-04-20 12:00:00+00:00, run_after=2024-04-20 16:00:00+00:00
[2024-04-20T19:20:00.108+0000] {processor.py:183} INFO - Processing /home/airflow/.local/lib/python3.12/site-packages/airflow/example_dags/example_latest_only.py took 0.142 seconds
[2024-04-20T19:20:30.383+0000] {processor.py:161} INFO - Started process (PID=345) to work on /home/airflow/.local/lib/python3.12/site-packages/airflow/example_dags/example_latest_only.py
[2024-04-20T19:20:30.385+0000] {processor.py:830} INFO - Processing file /home/airflow/.local/lib/python3.12/site-packages/airflow/example_dags/example_latest_only.py for tasks to queue
[2024-04-20T19:20:30.388+0000] {logging_mixin.py:188} INFO - [2024-04-20T19:20:30.387+0000] {dagbag.py:540} INFO - Filling up the DagBag from /home/airflow/.local/lib/python3.12/site-packages/airflow/example_dags/example_latest_only.py
[2024-04-20T19:20:30.400+0000] {processor.py:840} INFO - DAG(s) 'latest_only' retrieved from /home/airflow/.local/lib/python3.12/site-packages/airflow/example_dags/example_latest_only.py
[2024-04-20T19:20:30.438+0000] {logging_mixin.py:188} INFO - [2024-04-20T19:20:30.437+0000] {dag.py:3096} INFO - Sync 1 DAGs
[2024-04-20T19:20:30.485+0000] {logging_mixin.py:188} INFO - [2024-04-20T19:20:30.485+0000] {dag.py:3954} INFO - Setting next_dagrun for latest_only to 2024-04-20 12:00:00+00:00, run_after=2024-04-20 16:00:00+00:00
[2024-04-20T19:20:30.530+0000] {processor.py:183} INFO - Processing /home/airflow/.local/lib/python3.12/site-packages/airflow/example_dags/example_latest_only.py took 0.160 seconds
[2024-04-20T19:21:01.108+0000] {processor.py:161} INFO - Started process (PID=403) to work on /home/airflow/.local/lib/python3.12/site-packages/airflow/example_dags/example_latest_only.py
[2024-04-20T19:21:01.111+0000] {processor.py:830} INFO - Processing file /home/airflow/.local/lib/python3.12/site-packages/airflow/example_dags/example_latest_only.py for tasks to queue
[2024-04-20T19:21:01.118+0000] {logging_mixin.py:188} INFO - [2024-04-20T19:21:01.117+0000] {dagbag.py:540} INFO - Filling up the DagBag from /home/airflow/.local/lib/python3.12/site-packages/airflow/example_dags/example_latest_only.py
[2024-04-20T19:21:01.133+0000] {processor.py:840} INFO - DAG(s) 'latest_only' retrieved from /home/airflow/.local/lib/python3.12/site-packages/airflow/example_dags/example_latest_only.py
[2024-04-20T19:21:01.187+0000] {logging_mixin.py:188} INFO - [2024-04-20T19:21:01.186+0000] {dag.py:3096} INFO - Sync 1 DAGs
[2024-04-20T19:21:01.253+0000] {logging_mixin.py:188} INFO - [2024-04-20T19:21:01.253+0000] {dag.py:3954} INFO - Setting next_dagrun for latest_only to 2024-04-20 12:00:00+00:00, run_after=2024-04-20 16:00:00+00:00
[2024-04-20T19:21:01.305+0000] {processor.py:183} INFO - Processing /home/airflow/.local/lib/python3.12/site-packages/airflow/example_dags/example_latest_only.py took 0.205 seconds
[2024-04-20T19:21:31.766+0000] {processor.py:161} INFO - Started process (PID=461) to work on /home/airflow/.local/lib/python3.12/site-packages/airflow/example_dags/example_latest_only.py
[2024-04-20T19:21:31.769+0000] {processor.py:830} INFO - Processing file /home/airflow/.local/lib/python3.12/site-packages/airflow/example_dags/example_latest_only.py for tasks to queue
[2024-04-20T19:21:31.773+0000] {logging_mixin.py:188} INFO - [2024-04-20T19:21:31.772+0000] {dagbag.py:540} INFO - Filling up the DagBag from /home/airflow/.local/lib/python3.12/site-packages/airflow/example_dags/example_latest_only.py
[2024-04-20T19:21:31.788+0000] {processor.py:840} INFO - DAG(s) 'latest_only' retrieved from /home/airflow/.local/lib/python3.12/site-packages/airflow/example_dags/example_latest_only.py
[2024-04-20T19:21:31.855+0000] {logging_mixin.py:188} INFO - [2024-04-20T19:21:31.854+0000] {dag.py:3096} INFO - Sync 1 DAGs
[2024-04-20T19:21:31.976+0000] {logging_mixin.py:188} INFO - [2024-04-20T19:21:31.975+0000] {dag.py:3954} INFO - Setting next_dagrun for latest_only to 2024-04-20 12:00:00+00:00, run_after=2024-04-20 16:00:00+00:00
[2024-04-20T19:21:32.038+0000] {processor.py:183} INFO - Processing /home/airflow/.local/lib/python3.12/site-packages/airflow/example_dags/example_latest_only.py took 0.285 seconds
[2024-04-20T19:22:02.450+0000] {processor.py:161} INFO - Started process (PID=519) to work on /home/airflow/.local/lib/python3.12/site-packages/airflow/example_dags/example_latest_only.py
[2024-04-20T19:22:02.452+0000] {processor.py:830} INFO - Processing file /home/airflow/.local/lib/python3.12/site-packages/airflow/example_dags/example_latest_only.py for tasks to queue
[2024-04-20T19:22:02.456+0000] {logging_mixin.py:188} INFO - [2024-04-20T19:22:02.456+0000] {dagbag.py:540} INFO - Filling up the DagBag from /home/airflow/.local/lib/python3.12/site-packages/airflow/example_dags/example_latest_only.py
[2024-04-20T19:22:02.472+0000] {processor.py:840} INFO - DAG(s) 'latest_only' retrieved from /home/airflow/.local/lib/python3.12/site-packages/airflow/example_dags/example_latest_only.py
[2024-04-20T19:22:02.554+0000] {logging_mixin.py:188} INFO - [2024-04-20T19:22:02.553+0000] {dag.py:3096} INFO - Sync 1 DAGs
[2024-04-20T19:22:02.609+0000] {logging_mixin.py:188} INFO - [2024-04-20T19:22:02.607+0000] {dag.py:3954} INFO - Setting next_dagrun for latest_only to 2024-04-20 12:00:00+00:00, run_after=2024-04-20 16:00:00+00:00
[2024-04-20T19:22:02.657+0000] {processor.py:183} INFO - Processing /home/airflow/.local/lib/python3.12/site-packages/airflow/example_dags/example_latest_only.py took 0.220 seconds
[2024-04-20T19:22:33.065+0000] {processor.py:161} INFO - Started process (PID=577) to work on /home/airflow/.local/lib/python3.12/site-packages/airflow/example_dags/example_latest_only.py
[2024-04-20T19:22:33.070+0000] {processor.py:830} INFO - Processing file /home/airflow/.local/lib/python3.12/site-packages/airflow/example_dags/example_latest_only.py for tasks to queue
[2024-04-20T19:22:33.077+0000] {logging_mixin.py:188} INFO - [2024-04-20T19:22:33.076+0000] {dagbag.py:540} INFO - Filling up the DagBag from /home/airflow/.local/lib/python3.12/site-packages/airflow/example_dags/example_latest_only.py
[2024-04-20T19:22:33.089+0000] {processor.py:840} INFO - DAG(s) 'latest_only' retrieved from /home/airflow/.local/lib/python3.12/site-packages/airflow/example_dags/example_latest_only.py
[2024-04-20T19:22:33.141+0000] {logging_mixin.py:188} INFO - [2024-04-20T19:22:33.141+0000] {dag.py:3096} INFO - Sync 1 DAGs
[2024-04-20T19:22:33.185+0000] {logging_mixin.py:188} INFO - [2024-04-20T19:22:33.185+0000] {dag.py:3954} INFO - Setting next_dagrun for latest_only to 2024-04-20 12:00:00+00:00, run_after=2024-04-20 16:00:00+00:00
[2024-04-20T19:22:33.243+0000] {processor.py:183} INFO - Processing /home/airflow/.local/lib/python3.12/site-packages/airflow/example_dags/example_latest_only.py took 0.195 seconds
[2024-04-20T19:23:04.475+0000] {processor.py:161} INFO - Started process (PID=635) to work on /home/airflow/.local/lib/python3.12/site-packages/airflow/example_dags/example_latest_only.py
[2024-04-20T19:23:04.478+0000] {processor.py:830} INFO - Processing file /home/airflow/.local/lib/python3.12/site-packages/airflow/example_dags/example_latest_only.py for tasks to queue
[2024-04-20T19:23:04.485+0000] {logging_mixin.py:188} INFO - [2024-04-20T19:23:04.484+0000] {dagbag.py:540} INFO - Filling up the DagBag from /home/airflow/.local/lib/python3.12/site-packages/airflow/example_dags/example_latest_only.py
[2024-04-20T19:23:04.494+0000] {processor.py:840} INFO - DAG(s) 'latest_only' retrieved from /home/airflow/.local/lib/python3.12/site-packages/airflow/example_dags/example_latest_only.py
[2024-04-20T19:23:04.542+0000] {logging_mixin.py:188} INFO - [2024-04-20T19:23:04.541+0000] {dag.py:3096} INFO - Sync 1 DAGs
[2024-04-20T19:23:04.592+0000] {logging_mixin.py:188} INFO - [2024-04-20T19:23:04.591+0000] {dag.py:3954} INFO - Setting next_dagrun for latest_only to 2024-04-20 12:00:00+00:00, run_after=2024-04-20 16:00:00+00:00
[2024-04-20T19:23:04.642+0000] {processor.py:183} INFO - Processing /home/airflow/.local/lib/python3.12/site-packages/airflow/example_dags/example_latest_only.py took 0.183 seconds
[2024-04-20T19:23:35.827+0000] {processor.py:161} INFO - Started process (PID=689) to work on /home/airflow/.local/lib/python3.12/site-packages/airflow/example_dags/example_latest_only.py
[2024-04-20T19:23:35.833+0000] {processor.py:830} INFO - Processing file /home/airflow/.local/lib/python3.12/site-packages/airflow/example_dags/example_latest_only.py for tasks to queue
[2024-04-20T19:23:35.837+0000] {logging_mixin.py:188} INFO - [2024-04-20T19:23:35.836+0000] {dagbag.py:540} INFO - Filling up the DagBag from /home/airflow/.local/lib/python3.12/site-packages/airflow/example_dags/example_latest_only.py
[2024-04-20T19:23:35.850+0000] {processor.py:840} INFO - DAG(s) 'latest_only' retrieved from /home/airflow/.local/lib/python3.12/site-packages/airflow/example_dags/example_latest_only.py
[2024-04-20T19:23:35.901+0000] {logging_mixin.py:188} INFO - [2024-04-20T19:23:35.900+0000] {dag.py:3096} INFO - Sync 1 DAGs
[2024-04-20T19:23:35.967+0000] {logging_mixin.py:188} INFO - [2024-04-20T19:23:35.967+0000] {dag.py:3954} INFO - Setting next_dagrun for latest_only to 2024-04-20 12:00:00+00:00, run_after=2024-04-20 16:00:00+00:00
[2024-04-20T19:23:36.020+0000] {processor.py:183} INFO - Processing /home/airflow/.local/lib/python3.12/site-packages/airflow/example_dags/example_latest_only.py took 0.206 seconds
[2024-04-20T19:24:06.274+0000] {processor.py:161} INFO - Started process (PID=745) to work on /home/airflow/.local/lib/python3.12/site-packages/airflow/example_dags/example_latest_only.py
[2024-04-20T19:24:06.276+0000] {processor.py:830} INFO - Processing file /home/airflow/.local/lib/python3.12/site-packages/airflow/example_dags/example_latest_only.py for tasks to queue
[2024-04-20T19:24:06.281+0000] {logging_mixin.py:188} INFO - [2024-04-20T19:24:06.281+0000] {dagbag.py:540} INFO - Filling up the DagBag from /home/airflow/.local/lib/python3.12/site-packages/airflow/example_dags/example_latest_only.py
[2024-04-20T19:24:06.290+0000] {processor.py:840} INFO - DAG(s) 'latest_only' retrieved from /home/airflow/.local/lib/python3.12/site-packages/airflow/example_dags/example_latest_only.py
[2024-04-20T19:24:06.323+0000] {logging_mixin.py:188} INFO - [2024-04-20T19:24:06.323+0000] {dag.py:3096} INFO - Sync 1 DAGs
[2024-04-20T19:24:06.359+0000] {logging_mixin.py:188} INFO - [2024-04-20T19:24:06.359+0000] {dag.py:3954} INFO - Setting next_dagrun for latest_only to 2024-04-20 12:00:00+00:00, run_after=2024-04-20 16:00:00+00:00
[2024-04-20T19:24:06.392+0000] {processor.py:183} INFO - Processing /home/airflow/.local/lib/python3.12/site-packages/airflow/example_dags/example_latest_only.py took 0.124 seconds
[2024-04-20T19:24:36.756+0000] {processor.py:161} INFO - Started process (PID=803) to work on /home/airflow/.local/lib/python3.12/site-packages/airflow/example_dags/example_latest_only.py
[2024-04-20T19:24:36.759+0000] {processor.py:830} INFO - Processing file /home/airflow/.local/lib/python3.12/site-packages/airflow/example_dags/example_latest_only.py for tasks to queue
[2024-04-20T19:24:36.770+0000] {logging_mixin.py:188} INFO - [2024-04-20T19:24:36.768+0000] {dagbag.py:540} INFO - Filling up the DagBag from /home/airflow/.local/lib/python3.12/site-packages/airflow/example_dags/example_latest_only.py
[2024-04-20T19:24:36.788+0000] {processor.py:840} INFO - DAG(s) 'latest_only' retrieved from /home/airflow/.local/lib/python3.12/site-packages/airflow/example_dags/example_latest_only.py
[2024-04-20T19:24:36.872+0000] {logging_mixin.py:188} INFO - [2024-04-20T19:24:36.870+0000] {dag.py:3096} INFO - Sync 1 DAGs
[2024-04-20T19:24:36.941+0000] {logging_mixin.py:188} INFO - [2024-04-20T19:24:36.940+0000] {dag.py:3954} INFO - Setting next_dagrun for latest_only to 2024-04-20 12:00:00+00:00, run_after=2024-04-20 16:00:00+00:00
[2024-04-20T19:24:37.007+0000] {processor.py:183} INFO - Processing /home/airflow/.local/lib/python3.12/site-packages/airflow/example_dags/example_latest_only.py took 0.272 seconds
[2024-04-20T19:25:07.275+0000] {processor.py:161} INFO - Started process (PID=861) to work on /home/airflow/.local/lib/python3.12/site-packages/airflow/example_dags/example_latest_only.py
[2024-04-20T19:25:07.277+0000] {processor.py:830} INFO - Processing file /home/airflow/.local/lib/python3.12/site-packages/airflow/example_dags/example_latest_only.py for tasks to queue
[2024-04-20T19:25:07.288+0000] {logging_mixin.py:188} INFO - [2024-04-20T19:25:07.285+0000] {dagbag.py:540} INFO - Filling up the DagBag from /home/airflow/.local/lib/python3.12/site-packages/airflow/example_dags/example_latest_only.py
[2024-04-20T19:25:07.306+0000] {processor.py:840} INFO - DAG(s) 'latest_only' retrieved from /home/airflow/.local/lib/python3.12/site-packages/airflow/example_dags/example_latest_only.py
[2024-04-20T19:25:07.375+0000] {logging_mixin.py:188} INFO - [2024-04-20T19:25:07.373+0000] {dag.py:3096} INFO - Sync 1 DAGs
[2024-04-20T19:25:07.466+0000] {logging_mixin.py:188} INFO - [2024-04-20T19:25:07.465+0000] {dag.py:3954} INFO - Setting next_dagrun for latest_only to 2024-04-20 12:00:00+00:00, run_after=2024-04-20 16:00:00+00:00
[2024-04-20T19:25:07.536+0000] {processor.py:183} INFO - Processing /home/airflow/.local/lib/python3.12/site-packages/airflow/example_dags/example_latest_only.py took 0.270 seconds
