[2024-04-20T19:17:58.243+0000] {processor.py:161} INFO - Started process (PID=61) to work on /home/airflow/.local/lib/python3.12/site-packages/airflow/example_dags/example_branch_python_dop_operator_3.py
[2024-04-20T19:17:58.246+0000] {processor.py:830} INFO - Processing file /home/airflow/.local/lib/python3.12/site-packages/airflow/example_dags/example_branch_python_dop_operator_3.py for tasks to queue
[2024-04-20T19:17:58.255+0000] {logging_mixin.py:188} INFO - [2024-04-20T19:17:58.253+0000] {dagbag.py:540} INFO - Filling up the DagBag from /home/airflow/.local/lib/python3.12/site-packages/airflow/example_dags/example_branch_python_dop_operator_3.py
[2024-04-20T19:17:58.293+0000] {processor.py:840} INFO - DAG(s) 'example_branch_dop_operator_v3' retrieved from /home/airflow/.local/lib/python3.12/site-packages/airflow/example_dags/example_branch_python_dop_operator_3.py
[2024-04-20T19:17:59.300+0000] {logging_mixin.py:188} INFO - [2024-04-20T19:17:59.299+0000] {dag.py:3096} INFO - Sync 1 DAGs
[2024-04-20T19:17:59.418+0000] {logging_mixin.py:188} INFO - [2024-04-20T19:17:59.418+0000] {dag.py:3954} INFO - Setting next_dagrun for example_branch_dop_operator_v3 to 2024-04-20 19:16:00+00:00, run_after=2024-04-20 19:17:00+00:00
[2024-04-20T19:17:59.508+0000] {processor.py:183} INFO - Processing /home/airflow/.local/lib/python3.12/site-packages/airflow/example_dags/example_branch_python_dop_operator_3.py took 1.282 seconds
[2024-04-20T19:18:29.674+0000] {processor.py:161} INFO - Started process (PID=118) to work on /home/airflow/.local/lib/python3.12/site-packages/airflow/example_dags/example_branch_python_dop_operator_3.py
[2024-04-20T19:18:29.679+0000] {processor.py:830} INFO - Processing file /home/airflow/.local/lib/python3.12/site-packages/airflow/example_dags/example_branch_python_dop_operator_3.py for tasks to queue
[2024-04-20T19:18:29.685+0000] {logging_mixin.py:188} INFO - [2024-04-20T19:18:29.684+0000] {dagbag.py:540} INFO - Filling up the DagBag from /home/airflow/.local/lib/python3.12/site-packages/airflow/example_dags/example_branch_python_dop_operator_3.py
[2024-04-20T19:18:29.708+0000] {processor.py:840} INFO - DAG(s) 'example_branch_dop_operator_v3' retrieved from /home/airflow/.local/lib/python3.12/site-packages/airflow/example_dags/example_branch_python_dop_operator_3.py
[2024-04-20T19:18:29.773+0000] {logging_mixin.py:188} INFO - [2024-04-20T19:18:29.772+0000] {dag.py:3096} INFO - Sync 1 DAGs
[2024-04-20T19:18:29.832+0000] {logging_mixin.py:188} INFO - [2024-04-20T19:18:29.830+0000] {dag.py:3954} INFO - Setting next_dagrun for example_branch_dop_operator_v3 to 2024-04-20 19:17:00+00:00, run_after=2024-04-20 19:18:00+00:00
[2024-04-20T19:18:29.876+0000] {processor.py:183} INFO - Processing /home/airflow/.local/lib/python3.12/site-packages/airflow/example_dags/example_branch_python_dop_operator_3.py took 0.223 seconds
[2024-04-20T19:19:01.126+0000] {processor.py:161} INFO - Started process (PID=176) to work on /home/airflow/.local/lib/python3.12/site-packages/airflow/example_dags/example_branch_python_dop_operator_3.py
[2024-04-20T19:19:01.131+0000] {processor.py:830} INFO - Processing file /home/airflow/.local/lib/python3.12/site-packages/airflow/example_dags/example_branch_python_dop_operator_3.py for tasks to queue
[2024-04-20T19:19:01.137+0000] {logging_mixin.py:188} INFO - [2024-04-20T19:19:01.136+0000] {dagbag.py:540} INFO - Filling up the DagBag from /home/airflow/.local/lib/python3.12/site-packages/airflow/example_dags/example_branch_python_dop_operator_3.py
[2024-04-20T19:19:01.182+0000] {processor.py:840} INFO - DAG(s) 'example_branch_dop_operator_v3' retrieved from /home/airflow/.local/lib/python3.12/site-packages/airflow/example_dags/example_branch_python_dop_operator_3.py
[2024-04-20T19:19:01.306+0000] {logging_mixin.py:188} INFO - [2024-04-20T19:19:01.305+0000] {dag.py:3096} INFO - Sync 1 DAGs
[2024-04-20T19:19:01.434+0000] {logging_mixin.py:188} INFO - [2024-04-20T19:19:01.433+0000] {dag.py:3954} INFO - Setting next_dagrun for example_branch_dop_operator_v3 to 2024-04-20 19:18:00+00:00, run_after=2024-04-20 19:19:00+00:00
[2024-04-20T19:19:01.592+0000] {processor.py:183} INFO - Processing /home/airflow/.local/lib/python3.12/site-packages/airflow/example_dags/example_branch_python_dop_operator_3.py took 0.483 seconds
[2024-04-20T19:19:31.705+0000] {processor.py:161} INFO - Started process (PID=232) to work on /home/airflow/.local/lib/python3.12/site-packages/airflow/example_dags/example_branch_python_dop_operator_3.py
[2024-04-20T19:19:31.707+0000] {processor.py:830} INFO - Processing file /home/airflow/.local/lib/python3.12/site-packages/airflow/example_dags/example_branch_python_dop_operator_3.py for tasks to queue
[2024-04-20T19:19:31.716+0000] {logging_mixin.py:188} INFO - [2024-04-20T19:19:31.714+0000] {dagbag.py:540} INFO - Filling up the DagBag from /home/airflow/.local/lib/python3.12/site-packages/airflow/example_dags/example_branch_python_dop_operator_3.py
[2024-04-20T19:19:31.734+0000] {processor.py:840} INFO - DAG(s) 'example_branch_dop_operator_v3' retrieved from /home/airflow/.local/lib/python3.12/site-packages/airflow/example_dags/example_branch_python_dop_operator_3.py
[2024-04-20T19:19:31.771+0000] {logging_mixin.py:188} INFO - [2024-04-20T19:19:31.770+0000] {dag.py:3096} INFO - Sync 1 DAGs
[2024-04-20T19:19:31.820+0000] {logging_mixin.py:188} INFO - [2024-04-20T19:19:31.820+0000] {dag.py:3954} INFO - Setting next_dagrun for example_branch_dop_operator_v3 to 2024-04-20 19:18:00+00:00, run_after=2024-04-20 19:19:00+00:00
[2024-04-20T19:19:31.881+0000] {processor.py:183} INFO - Processing /home/airflow/.local/lib/python3.12/site-packages/airflow/example_dags/example_branch_python_dop_operator_3.py took 0.191 seconds
[2024-04-20T19:20:02.334+0000] {processor.py:161} INFO - Started process (PID=290) to work on /home/airflow/.local/lib/python3.12/site-packages/airflow/example_dags/example_branch_python_dop_operator_3.py
[2024-04-20T19:20:02.338+0000] {processor.py:830} INFO - Processing file /home/airflow/.local/lib/python3.12/site-packages/airflow/example_dags/example_branch_python_dop_operator_3.py for tasks to queue
[2024-04-20T19:20:02.346+0000] {logging_mixin.py:188} INFO - [2024-04-20T19:20:02.343+0000] {dagbag.py:540} INFO - Filling up the DagBag from /home/airflow/.local/lib/python3.12/site-packages/airflow/example_dags/example_branch_python_dop_operator_3.py
[2024-04-20T19:20:02.361+0000] {processor.py:840} INFO - DAG(s) 'example_branch_dop_operator_v3' retrieved from /home/airflow/.local/lib/python3.12/site-packages/airflow/example_dags/example_branch_python_dop_operator_3.py
[2024-04-20T19:20:02.397+0000] {logging_mixin.py:188} INFO - [2024-04-20T19:20:02.397+0000] {dag.py:3096} INFO - Sync 1 DAGs
[2024-04-20T19:20:02.444+0000] {logging_mixin.py:188} INFO - [2024-04-20T19:20:02.443+0000] {dag.py:3954} INFO - Setting next_dagrun for example_branch_dop_operator_v3 to 2024-04-20 19:19:00+00:00, run_after=2024-04-20 19:20:00+00:00
[2024-04-20T19:20:02.488+0000] {processor.py:183} INFO - Processing /home/airflow/.local/lib/python3.12/site-packages/airflow/example_dags/example_branch_python_dop_operator_3.py took 0.166 seconds
[2024-04-20T19:20:32.770+0000] {processor.py:161} INFO - Started process (PID=348) to work on /home/airflow/.local/lib/python3.12/site-packages/airflow/example_dags/example_branch_python_dop_operator_3.py
[2024-04-20T19:20:32.771+0000] {processor.py:830} INFO - Processing file /home/airflow/.local/lib/python3.12/site-packages/airflow/example_dags/example_branch_python_dop_operator_3.py for tasks to queue
[2024-04-20T19:20:32.775+0000] {logging_mixin.py:188} INFO - [2024-04-20T19:20:32.774+0000] {dagbag.py:540} INFO - Filling up the DagBag from /home/airflow/.local/lib/python3.12/site-packages/airflow/example_dags/example_branch_python_dop_operator_3.py
[2024-04-20T19:20:32.787+0000] {processor.py:840} INFO - DAG(s) 'example_branch_dop_operator_v3' retrieved from /home/airflow/.local/lib/python3.12/site-packages/airflow/example_dags/example_branch_python_dop_operator_3.py
[2024-04-20T19:20:32.814+0000] {logging_mixin.py:188} INFO - [2024-04-20T19:20:32.814+0000] {dag.py:3096} INFO - Sync 1 DAGs
[2024-04-20T19:20:32.848+0000] {logging_mixin.py:188} INFO - [2024-04-20T19:20:32.848+0000] {dag.py:3954} INFO - Setting next_dagrun for example_branch_dop_operator_v3 to 2024-04-20 19:19:00+00:00, run_after=2024-04-20 19:20:00+00:00
[2024-04-20T19:20:32.875+0000] {processor.py:183} INFO - Processing /home/airflow/.local/lib/python3.12/site-packages/airflow/example_dags/example_branch_python_dop_operator_3.py took 0.113 seconds
[2024-04-20T19:21:03.690+0000] {processor.py:161} INFO - Started process (PID=406) to work on /home/airflow/.local/lib/python3.12/site-packages/airflow/example_dags/example_branch_python_dop_operator_3.py
[2024-04-20T19:21:03.692+0000] {processor.py:830} INFO - Processing file /home/airflow/.local/lib/python3.12/site-packages/airflow/example_dags/example_branch_python_dop_operator_3.py for tasks to queue
[2024-04-20T19:21:03.703+0000] {logging_mixin.py:188} INFO - [2024-04-20T19:21:03.701+0000] {dagbag.py:540} INFO - Filling up the DagBag from /home/airflow/.local/lib/python3.12/site-packages/airflow/example_dags/example_branch_python_dop_operator_3.py
[2024-04-20T19:21:03.726+0000] {processor.py:840} INFO - DAG(s) 'example_branch_dop_operator_v3' retrieved from /home/airflow/.local/lib/python3.12/site-packages/airflow/example_dags/example_branch_python_dop_operator_3.py
[2024-04-20T19:21:03.770+0000] {logging_mixin.py:188} INFO - [2024-04-20T19:21:03.770+0000] {dag.py:3096} INFO - Sync 1 DAGs
[2024-04-20T19:21:03.843+0000] {logging_mixin.py:188} INFO - [2024-04-20T19:21:03.841+0000] {dag.py:3954} INFO - Setting next_dagrun for example_branch_dop_operator_v3 to 2024-04-20 19:20:00+00:00, run_after=2024-04-20 19:21:00+00:00
[2024-04-20T19:21:03.909+0000] {processor.py:183} INFO - Processing /home/airflow/.local/lib/python3.12/site-packages/airflow/example_dags/example_branch_python_dop_operator_3.py took 0.243 seconds
[2024-04-20T19:21:34.388+0000] {processor.py:161} INFO - Started process (PID=464) to work on /home/airflow/.local/lib/python3.12/site-packages/airflow/example_dags/example_branch_python_dop_operator_3.py
[2024-04-20T19:21:34.391+0000] {processor.py:830} INFO - Processing file /home/airflow/.local/lib/python3.12/site-packages/airflow/example_dags/example_branch_python_dop_operator_3.py for tasks to queue
[2024-04-20T19:21:34.399+0000] {logging_mixin.py:188} INFO - [2024-04-20T19:21:34.398+0000] {dagbag.py:540} INFO - Filling up the DagBag from /home/airflow/.local/lib/python3.12/site-packages/airflow/example_dags/example_branch_python_dop_operator_3.py
[2024-04-20T19:21:34.418+0000] {processor.py:840} INFO - DAG(s) 'example_branch_dop_operator_v3' retrieved from /home/airflow/.local/lib/python3.12/site-packages/airflow/example_dags/example_branch_python_dop_operator_3.py
[2024-04-20T19:21:34.453+0000] {logging_mixin.py:188} INFO - [2024-04-20T19:21:34.452+0000] {dag.py:3096} INFO - Sync 1 DAGs
[2024-04-20T19:21:34.498+0000] {logging_mixin.py:188} INFO - [2024-04-20T19:21:34.498+0000] {dag.py:3954} INFO - Setting next_dagrun for example_branch_dop_operator_v3 to 2024-04-20 19:20:00+00:00, run_after=2024-04-20 19:21:00+00:00
[2024-04-20T19:21:34.536+0000] {processor.py:183} INFO - Processing /home/airflow/.local/lib/python3.12/site-packages/airflow/example_dags/example_branch_python_dop_operator_3.py took 0.157 seconds
[2024-04-20T19:22:05.088+0000] {processor.py:161} INFO - Started process (PID=522) to work on /home/airflow/.local/lib/python3.12/site-packages/airflow/example_dags/example_branch_python_dop_operator_3.py
[2024-04-20T19:22:05.090+0000] {processor.py:830} INFO - Processing file /home/airflow/.local/lib/python3.12/site-packages/airflow/example_dags/example_branch_python_dop_operator_3.py for tasks to queue
[2024-04-20T19:22:05.098+0000] {logging_mixin.py:188} INFO - [2024-04-20T19:22:05.096+0000] {dagbag.py:540} INFO - Filling up the DagBag from /home/airflow/.local/lib/python3.12/site-packages/airflow/example_dags/example_branch_python_dop_operator_3.py
[2024-04-20T19:22:05.112+0000] {processor.py:840} INFO - DAG(s) 'example_branch_dop_operator_v3' retrieved from /home/airflow/.local/lib/python3.12/site-packages/airflow/example_dags/example_branch_python_dop_operator_3.py
[2024-04-20T19:22:05.148+0000] {logging_mixin.py:188} INFO - [2024-04-20T19:22:05.147+0000] {dag.py:3096} INFO - Sync 1 DAGs
[2024-04-20T19:22:05.191+0000] {logging_mixin.py:188} INFO - [2024-04-20T19:22:05.191+0000] {dag.py:3954} INFO - Setting next_dagrun for example_branch_dop_operator_v3 to 2024-04-20 19:21:00+00:00, run_after=2024-04-20 19:22:00+00:00
[2024-04-20T19:22:05.226+0000] {processor.py:183} INFO - Processing /home/airflow/.local/lib/python3.12/site-packages/airflow/example_dags/example_branch_python_dop_operator_3.py took 0.151 seconds
[2024-04-20T19:22:35.747+0000] {processor.py:161} INFO - Started process (PID=580) to work on /home/airflow/.local/lib/python3.12/site-packages/airflow/example_dags/example_branch_python_dop_operator_3.py
[2024-04-20T19:22:35.750+0000] {processor.py:830} INFO - Processing file /home/airflow/.local/lib/python3.12/site-packages/airflow/example_dags/example_branch_python_dop_operator_3.py for tasks to queue
[2024-04-20T19:22:35.767+0000] {logging_mixin.py:188} INFO - [2024-04-20T19:22:35.764+0000] {dagbag.py:540} INFO - Filling up the DagBag from /home/airflow/.local/lib/python3.12/site-packages/airflow/example_dags/example_branch_python_dop_operator_3.py
[2024-04-20T19:22:35.793+0000] {processor.py:840} INFO - DAG(s) 'example_branch_dop_operator_v3' retrieved from /home/airflow/.local/lib/python3.12/site-packages/airflow/example_dags/example_branch_python_dop_operator_3.py
[2024-04-20T19:22:35.903+0000] {logging_mixin.py:188} INFO - [2024-04-20T19:22:35.902+0000] {dag.py:3096} INFO - Sync 1 DAGs
[2024-04-20T19:22:36.001+0000] {logging_mixin.py:188} INFO - [2024-04-20T19:22:35.999+0000] {dag.py:3954} INFO - Setting next_dagrun for example_branch_dop_operator_v3 to 2024-04-20 19:21:00+00:00, run_after=2024-04-20 19:22:00+00:00
[2024-04-20T19:22:36.107+0000] {processor.py:183} INFO - Processing /home/airflow/.local/lib/python3.12/site-packages/airflow/example_dags/example_branch_python_dop_operator_3.py took 0.384 seconds
[2024-04-20T19:23:06.302+0000] {processor.py:161} INFO - Started process (PID=638) to work on /home/airflow/.local/lib/python3.12/site-packages/airflow/example_dags/example_branch_python_dop_operator_3.py
[2024-04-20T19:23:06.304+0000] {processor.py:830} INFO - Processing file /home/airflow/.local/lib/python3.12/site-packages/airflow/example_dags/example_branch_python_dop_operator_3.py for tasks to queue
[2024-04-20T19:23:06.306+0000] {logging_mixin.py:188} INFO - [2024-04-20T19:23:06.306+0000] {dagbag.py:540} INFO - Filling up the DagBag from /home/airflow/.local/lib/python3.12/site-packages/airflow/example_dags/example_branch_python_dop_operator_3.py
[2024-04-20T19:23:06.323+0000] {processor.py:840} INFO - DAG(s) 'example_branch_dop_operator_v3' retrieved from /home/airflow/.local/lib/python3.12/site-packages/airflow/example_dags/example_branch_python_dop_operator_3.py
[2024-04-20T19:23:06.359+0000] {logging_mixin.py:188} INFO - [2024-04-20T19:23:06.358+0000] {dag.py:3096} INFO - Sync 1 DAGs
[2024-04-20T19:23:06.402+0000] {logging_mixin.py:188} INFO - [2024-04-20T19:23:06.402+0000] {dag.py:3954} INFO - Setting next_dagrun for example_branch_dop_operator_v3 to 2024-04-20 19:22:00+00:00, run_after=2024-04-20 19:23:00+00:00
[2024-04-20T19:23:06.434+0000] {processor.py:183} INFO - Processing /home/airflow/.local/lib/python3.12/site-packages/airflow/example_dags/example_branch_python_dop_operator_3.py took 0.144 seconds
[2024-04-20T19:23:36.675+0000] {processor.py:161} INFO - Started process (PID=696) to work on /home/airflow/.local/lib/python3.12/site-packages/airflow/example_dags/example_branch_python_dop_operator_3.py
[2024-04-20T19:23:36.681+0000] {processor.py:830} INFO - Processing file /home/airflow/.local/lib/python3.12/site-packages/airflow/example_dags/example_branch_python_dop_operator_3.py for tasks to queue
[2024-04-20T19:23:36.686+0000] {logging_mixin.py:188} INFO - [2024-04-20T19:23:36.685+0000] {dagbag.py:540} INFO - Filling up the DagBag from /home/airflow/.local/lib/python3.12/site-packages/airflow/example_dags/example_branch_python_dop_operator_3.py
[2024-04-20T19:23:36.705+0000] {processor.py:840} INFO - DAG(s) 'example_branch_dop_operator_v3' retrieved from /home/airflow/.local/lib/python3.12/site-packages/airflow/example_dags/example_branch_python_dop_operator_3.py
[2024-04-20T19:23:36.748+0000] {logging_mixin.py:188} INFO - [2024-04-20T19:23:36.745+0000] {dag.py:3096} INFO - Sync 1 DAGs
[2024-04-20T19:23:36.795+0000] {logging_mixin.py:188} INFO - [2024-04-20T19:23:36.794+0000] {dag.py:3954} INFO - Setting next_dagrun for example_branch_dop_operator_v3 to 2024-04-20 19:22:00+00:00, run_after=2024-04-20 19:23:00+00:00
[2024-04-20T19:23:36.836+0000] {processor.py:183} INFO - Processing /home/airflow/.local/lib/python3.12/site-packages/airflow/example_dags/example_branch_python_dop_operator_3.py took 0.171 seconds
[2024-04-20T19:24:07.206+0000] {processor.py:161} INFO - Started process (PID=754) to work on /home/airflow/.local/lib/python3.12/site-packages/airflow/example_dags/example_branch_python_dop_operator_3.py
[2024-04-20T19:24:07.211+0000] {processor.py:830} INFO - Processing file /home/airflow/.local/lib/python3.12/site-packages/airflow/example_dags/example_branch_python_dop_operator_3.py for tasks to queue
[2024-04-20T19:24:07.220+0000] {logging_mixin.py:188} INFO - [2024-04-20T19:24:07.219+0000] {dagbag.py:540} INFO - Filling up the DagBag from /home/airflow/.local/lib/python3.12/site-packages/airflow/example_dags/example_branch_python_dop_operator_3.py
[2024-04-20T19:24:07.243+0000] {processor.py:840} INFO - DAG(s) 'example_branch_dop_operator_v3' retrieved from /home/airflow/.local/lib/python3.12/site-packages/airflow/example_dags/example_branch_python_dop_operator_3.py
[2024-04-20T19:24:07.289+0000] {logging_mixin.py:188} INFO - [2024-04-20T19:24:07.288+0000] {dag.py:3096} INFO - Sync 1 DAGs
[2024-04-20T19:24:07.335+0000] {logging_mixin.py:188} INFO - [2024-04-20T19:24:07.335+0000] {dag.py:3954} INFO - Setting next_dagrun for example_branch_dop_operator_v3 to 2024-04-20 19:23:00+00:00, run_after=2024-04-20 19:24:00+00:00
[2024-04-20T19:24:07.395+0000] {processor.py:183} INFO - Processing /home/airflow/.local/lib/python3.12/site-packages/airflow/example_dags/example_branch_python_dop_operator_3.py took 0.211 seconds
[2024-04-20T19:24:37.724+0000] {processor.py:161} INFO - Started process (PID=807) to work on /home/airflow/.local/lib/python3.12/site-packages/airflow/example_dags/example_branch_python_dop_operator_3.py
[2024-04-20T19:24:37.728+0000] {processor.py:830} INFO - Processing file /home/airflow/.local/lib/python3.12/site-packages/airflow/example_dags/example_branch_python_dop_operator_3.py for tasks to queue
[2024-04-20T19:24:37.735+0000] {logging_mixin.py:188} INFO - [2024-04-20T19:24:37.734+0000] {dagbag.py:540} INFO - Filling up the DagBag from /home/airflow/.local/lib/python3.12/site-packages/airflow/example_dags/example_branch_python_dop_operator_3.py
[2024-04-20T19:24:37.754+0000] {processor.py:840} INFO - DAG(s) 'example_branch_dop_operator_v3' retrieved from /home/airflow/.local/lib/python3.12/site-packages/airflow/example_dags/example_branch_python_dop_operator_3.py
[2024-04-20T19:24:37.801+0000] {logging_mixin.py:188} INFO - [2024-04-20T19:24:37.800+0000] {dag.py:3096} INFO - Sync 1 DAGs
[2024-04-20T19:24:37.867+0000] {logging_mixin.py:188} INFO - [2024-04-20T19:24:37.866+0000] {dag.py:3954} INFO - Setting next_dagrun for example_branch_dop_operator_v3 to 2024-04-20 19:23:00+00:00, run_after=2024-04-20 19:24:00+00:00
[2024-04-20T19:24:37.909+0000] {processor.py:183} INFO - Processing /home/airflow/.local/lib/python3.12/site-packages/airflow/example_dags/example_branch_python_dop_operator_3.py took 0.196 seconds
[2024-04-20T19:25:08.268+0000] {processor.py:161} INFO - Started process (PID=865) to work on /home/airflow/.local/lib/python3.12/site-packages/airflow/example_dags/example_branch_python_dop_operator_3.py
[2024-04-20T19:25:08.271+0000] {processor.py:830} INFO - Processing file /home/airflow/.local/lib/python3.12/site-packages/airflow/example_dags/example_branch_python_dop_operator_3.py for tasks to queue
[2024-04-20T19:25:08.275+0000] {logging_mixin.py:188} INFO - [2024-04-20T19:25:08.274+0000] {dagbag.py:540} INFO - Filling up the DagBag from /home/airflow/.local/lib/python3.12/site-packages/airflow/example_dags/example_branch_python_dop_operator_3.py
[2024-04-20T19:25:08.302+0000] {processor.py:840} INFO - DAG(s) 'example_branch_dop_operator_v3' retrieved from /home/airflow/.local/lib/python3.12/site-packages/airflow/example_dags/example_branch_python_dop_operator_3.py
[2024-04-20T19:25:08.355+0000] {logging_mixin.py:188} INFO - [2024-04-20T19:25:08.355+0000] {dag.py:3096} INFO - Sync 1 DAGs
[2024-04-20T19:25:08.405+0000] {logging_mixin.py:188} INFO - [2024-04-20T19:25:08.404+0000] {dag.py:3954} INFO - Setting next_dagrun for example_branch_dop_operator_v3 to 2024-04-20 19:24:00+00:00, run_after=2024-04-20 19:25:00+00:00
[2024-04-20T19:25:08.447+0000] {processor.py:183} INFO - Processing /home/airflow/.local/lib/python3.12/site-packages/airflow/example_dags/example_branch_python_dop_operator_3.py took 0.190 seconds
