[2024-04-20T19:18:14.178+0000] {processor.py:161} INFO - Started process (PID=90) to work on /home/airflow/.local/lib/python3.12/site-packages/airflow/example_dags/example_params_trigger_ui.py
[2024-04-20T19:18:14.182+0000] {processor.py:830} INFO - Processing file /home/airflow/.local/lib/python3.12/site-packages/airflow/example_dags/example_params_trigger_ui.py for tasks to queue
[2024-04-20T19:18:14.186+0000] {logging_mixin.py:188} INFO - [2024-04-20T19:18:14.186+0000] {dagbag.py:540} INFO - Filling up the DagBag from /home/airflow/.local/lib/python3.12/site-packages/airflow/example_dags/example_params_trigger_ui.py
[2024-04-20T19:18:14.233+0000] {processor.py:840} INFO - DAG(s) 'example_params_trigger_ui' retrieved from /home/airflow/.local/lib/python3.12/site-packages/airflow/example_dags/example_params_trigger_ui.py
[2024-04-20T19:18:14.753+0000] {logging_mixin.py:188} INFO - [2024-04-20T19:18:14.753+0000] {dag.py:3096} INFO - Sync 1 DAGs
[2024-04-20T19:18:14.799+0000] {logging_mixin.py:188} INFO - [2024-04-20T19:18:14.798+0000] {dag.py:3954} INFO - Setting next_dagrun for example_params_trigger_ui to None, run_after=None
[2024-04-20T19:18:14.879+0000] {processor.py:183} INFO - Processing /home/airflow/.local/lib/python3.12/site-packages/airflow/example_dags/example_params_trigger_ui.py took 0.718 seconds
[2024-04-20T19:18:50.874+0000] {processor.py:161} INFO - Started process (PID=148) to work on /home/airflow/.local/lib/python3.12/site-packages/airflow/example_dags/example_params_trigger_ui.py
[2024-04-20T19:18:50.878+0000] {processor.py:830} INFO - Processing file /home/airflow/.local/lib/python3.12/site-packages/airflow/example_dags/example_params_trigger_ui.py for tasks to queue
[2024-04-20T19:18:50.883+0000] {logging_mixin.py:188} INFO - [2024-04-20T19:18:50.882+0000] {dagbag.py:540} INFO - Filling up the DagBag from /home/airflow/.local/lib/python3.12/site-packages/airflow/example_dags/example_params_trigger_ui.py
[2024-04-20T19:18:51.082+0000] {processor.py:840} INFO - DAG(s) 'example_params_trigger_ui' retrieved from /home/airflow/.local/lib/python3.12/site-packages/airflow/example_dags/example_params_trigger_ui.py
[2024-04-20T19:18:51.279+0000] {logging_mixin.py:188} INFO - [2024-04-20T19:18:51.278+0000] {dag.py:3096} INFO - Sync 1 DAGs
[2024-04-20T19:18:51.345+0000] {logging_mixin.py:188} INFO - [2024-04-20T19:18:51.344+0000] {dag.py:3954} INFO - Setting next_dagrun for example_params_trigger_ui to None, run_after=None
[2024-04-20T19:18:51.421+0000] {processor.py:183} INFO - Processing /home/airflow/.local/lib/python3.12/site-packages/airflow/example_dags/example_params_trigger_ui.py took 0.563 seconds
[2024-04-20T19:19:22.023+0000] {processor.py:161} INFO - Started process (PID=206) to work on /home/airflow/.local/lib/python3.12/site-packages/airflow/example_dags/example_params_trigger_ui.py
[2024-04-20T19:19:22.025+0000] {processor.py:830} INFO - Processing file /home/airflow/.local/lib/python3.12/site-packages/airflow/example_dags/example_params_trigger_ui.py for tasks to queue
[2024-04-20T19:19:22.031+0000] {logging_mixin.py:188} INFO - [2024-04-20T19:19:22.031+0000] {dagbag.py:540} INFO - Filling up the DagBag from /home/airflow/.local/lib/python3.12/site-packages/airflow/example_dags/example_params_trigger_ui.py
[2024-04-20T19:19:22.052+0000] {processor.py:840} INFO - DAG(s) 'example_params_trigger_ui' retrieved from /home/airflow/.local/lib/python3.12/site-packages/airflow/example_dags/example_params_trigger_ui.py
[2024-04-20T19:19:22.104+0000] {logging_mixin.py:188} INFO - [2024-04-20T19:19:22.104+0000] {dag.py:3096} INFO - Sync 1 DAGs
[2024-04-20T19:19:22.121+0000] {logging_mixin.py:188} INFO - [2024-04-20T19:19:22.120+0000] {dag.py:3954} INFO - Setting next_dagrun for example_params_trigger_ui to None, run_after=None
[2024-04-20T19:19:22.149+0000] {processor.py:183} INFO - Processing /home/airflow/.local/lib/python3.12/site-packages/airflow/example_dags/example_params_trigger_ui.py took 0.138 seconds
[2024-04-20T19:19:52.585+0000] {processor.py:161} INFO - Started process (PID=264) to work on /home/airflow/.local/lib/python3.12/site-packages/airflow/example_dags/example_params_trigger_ui.py
[2024-04-20T19:19:52.587+0000] {processor.py:830} INFO - Processing file /home/airflow/.local/lib/python3.12/site-packages/airflow/example_dags/example_params_trigger_ui.py for tasks to queue
[2024-04-20T19:19:52.593+0000] {logging_mixin.py:188} INFO - [2024-04-20T19:19:52.592+0000] {dagbag.py:540} INFO - Filling up the DagBag from /home/airflow/.local/lib/python3.12/site-packages/airflow/example_dags/example_params_trigger_ui.py
[2024-04-20T19:19:52.624+0000] {processor.py:840} INFO - DAG(s) 'example_params_trigger_ui' retrieved from /home/airflow/.local/lib/python3.12/site-packages/airflow/example_dags/example_params_trigger_ui.py
[2024-04-20T19:19:52.725+0000] {logging_mixin.py:188} INFO - [2024-04-20T19:19:52.725+0000] {dag.py:3096} INFO - Sync 1 DAGs
[2024-04-20T19:19:52.755+0000] {logging_mixin.py:188} INFO - [2024-04-20T19:19:52.754+0000] {dag.py:3954} INFO - Setting next_dagrun for example_params_trigger_ui to None, run_after=None
[2024-04-20T19:19:52.793+0000] {processor.py:183} INFO - Processing /home/airflow/.local/lib/python3.12/site-packages/airflow/example_dags/example_params_trigger_ui.py took 0.219 seconds
[2024-04-20T19:20:22.878+0000] {processor.py:161} INFO - Started process (PID=322) to work on /home/airflow/.local/lib/python3.12/site-packages/airflow/example_dags/example_params_trigger_ui.py
[2024-04-20T19:20:22.879+0000] {processor.py:830} INFO - Processing file /home/airflow/.local/lib/python3.12/site-packages/airflow/example_dags/example_params_trigger_ui.py for tasks to queue
[2024-04-20T19:20:22.881+0000] {logging_mixin.py:188} INFO - [2024-04-20T19:20:22.881+0000] {dagbag.py:540} INFO - Filling up the DagBag from /home/airflow/.local/lib/python3.12/site-packages/airflow/example_dags/example_params_trigger_ui.py
[2024-04-20T19:20:22.898+0000] {processor.py:840} INFO - DAG(s) 'example_params_trigger_ui' retrieved from /home/airflow/.local/lib/python3.12/site-packages/airflow/example_dags/example_params_trigger_ui.py
[2024-04-20T19:20:22.949+0000] {logging_mixin.py:188} INFO - [2024-04-20T19:20:22.949+0000] {dag.py:3096} INFO - Sync 1 DAGs
[2024-04-20T19:20:22.963+0000] {logging_mixin.py:188} INFO - [2024-04-20T19:20:22.963+0000] {dag.py:3954} INFO - Setting next_dagrun for example_params_trigger_ui to None, run_after=None
[2024-04-20T19:20:22.986+0000] {processor.py:183} INFO - Processing /home/airflow/.local/lib/python3.12/site-packages/airflow/example_dags/example_params_trigger_ui.py took 0.115 seconds
[2024-04-20T19:20:53.780+0000] {processor.py:161} INFO - Started process (PID=381) to work on /home/airflow/.local/lib/python3.12/site-packages/airflow/example_dags/example_params_trigger_ui.py
[2024-04-20T19:20:53.781+0000] {processor.py:830} INFO - Processing file /home/airflow/.local/lib/python3.12/site-packages/airflow/example_dags/example_params_trigger_ui.py for tasks to queue
[2024-04-20T19:20:53.785+0000] {logging_mixin.py:188} INFO - [2024-04-20T19:20:53.784+0000] {dagbag.py:540} INFO - Filling up the DagBag from /home/airflow/.local/lib/python3.12/site-packages/airflow/example_dags/example_params_trigger_ui.py
[2024-04-20T19:20:53.813+0000] {processor.py:840} INFO - DAG(s) 'example_params_trigger_ui' retrieved from /home/airflow/.local/lib/python3.12/site-packages/airflow/example_dags/example_params_trigger_ui.py
[2024-04-20T19:20:53.900+0000] {logging_mixin.py:188} INFO - [2024-04-20T19:20:53.899+0000] {dag.py:3096} INFO - Sync 1 DAGs
[2024-04-20T19:20:53.926+0000] {logging_mixin.py:188} INFO - [2024-04-20T19:20:53.925+0000] {dag.py:3954} INFO - Setting next_dagrun for example_params_trigger_ui to None, run_after=None
[2024-04-20T19:20:53.972+0000] {processor.py:183} INFO - Processing /home/airflow/.local/lib/python3.12/site-packages/airflow/example_dags/example_params_trigger_ui.py took 0.203 seconds
[2024-04-20T19:21:24.204+0000] {processor.py:161} INFO - Started process (PID=439) to work on /home/airflow/.local/lib/python3.12/site-packages/airflow/example_dags/example_params_trigger_ui.py
[2024-04-20T19:21:24.205+0000] {processor.py:830} INFO - Processing file /home/airflow/.local/lib/python3.12/site-packages/airflow/example_dags/example_params_trigger_ui.py for tasks to queue
[2024-04-20T19:21:24.208+0000] {logging_mixin.py:188} INFO - [2024-04-20T19:21:24.207+0000] {dagbag.py:540} INFO - Filling up the DagBag from /home/airflow/.local/lib/python3.12/site-packages/airflow/example_dags/example_params_trigger_ui.py
[2024-04-20T19:21:24.234+0000] {processor.py:840} INFO - DAG(s) 'example_params_trigger_ui' retrieved from /home/airflow/.local/lib/python3.12/site-packages/airflow/example_dags/example_params_trigger_ui.py
[2024-04-20T19:21:24.321+0000] {logging_mixin.py:188} INFO - [2024-04-20T19:21:24.321+0000] {dag.py:3096} INFO - Sync 1 DAGs
[2024-04-20T19:21:24.343+0000] {logging_mixin.py:188} INFO - [2024-04-20T19:21:24.343+0000] {dag.py:3954} INFO - Setting next_dagrun for example_params_trigger_ui to None, run_after=None
[2024-04-20T19:21:24.384+0000] {processor.py:183} INFO - Processing /home/airflow/.local/lib/python3.12/site-packages/airflow/example_dags/example_params_trigger_ui.py took 0.191 seconds
[2024-04-20T19:21:54.805+0000] {processor.py:161} INFO - Started process (PID=497) to work on /home/airflow/.local/lib/python3.12/site-packages/airflow/example_dags/example_params_trigger_ui.py
[2024-04-20T19:21:54.806+0000] {processor.py:830} INFO - Processing file /home/airflow/.local/lib/python3.12/site-packages/airflow/example_dags/example_params_trigger_ui.py for tasks to queue
[2024-04-20T19:21:54.809+0000] {logging_mixin.py:188} INFO - [2024-04-20T19:21:54.809+0000] {dagbag.py:540} INFO - Filling up the DagBag from /home/airflow/.local/lib/python3.12/site-packages/airflow/example_dags/example_params_trigger_ui.py
[2024-04-20T19:21:54.834+0000] {processor.py:840} INFO - DAG(s) 'example_params_trigger_ui' retrieved from /home/airflow/.local/lib/python3.12/site-packages/airflow/example_dags/example_params_trigger_ui.py
[2024-04-20T19:21:54.932+0000] {logging_mixin.py:188} INFO - [2024-04-20T19:21:54.931+0000] {dag.py:3096} INFO - Sync 1 DAGs
[2024-04-20T19:21:54.955+0000] {logging_mixin.py:188} INFO - [2024-04-20T19:21:54.955+0000] {dag.py:3954} INFO - Setting next_dagrun for example_params_trigger_ui to None, run_after=None
[2024-04-20T19:21:54.998+0000] {processor.py:183} INFO - Processing /home/airflow/.local/lib/python3.12/site-packages/airflow/example_dags/example_params_trigger_ui.py took 0.201 seconds
[2024-04-20T19:22:25.669+0000] {processor.py:161} INFO - Started process (PID=555) to work on /home/airflow/.local/lib/python3.12/site-packages/airflow/example_dags/example_params_trigger_ui.py
[2024-04-20T19:22:25.674+0000] {processor.py:830} INFO - Processing file /home/airflow/.local/lib/python3.12/site-packages/airflow/example_dags/example_params_trigger_ui.py for tasks to queue
[2024-04-20T19:22:25.685+0000] {logging_mixin.py:188} INFO - [2024-04-20T19:22:25.684+0000] {dagbag.py:540} INFO - Filling up the DagBag from /home/airflow/.local/lib/python3.12/site-packages/airflow/example_dags/example_params_trigger_ui.py
[2024-04-20T19:22:25.715+0000] {processor.py:840} INFO - DAG(s) 'example_params_trigger_ui' retrieved from /home/airflow/.local/lib/python3.12/site-packages/airflow/example_dags/example_params_trigger_ui.py
[2024-04-20T19:22:25.825+0000] {logging_mixin.py:188} INFO - [2024-04-20T19:22:25.825+0000] {dag.py:3096} INFO - Sync 1 DAGs
[2024-04-20T19:22:25.866+0000] {logging_mixin.py:188} INFO - [2024-04-20T19:22:25.865+0000] {dag.py:3954} INFO - Setting next_dagrun for example_params_trigger_ui to None, run_after=None
[2024-04-20T19:22:25.914+0000] {processor.py:183} INFO - Processing /home/airflow/.local/lib/python3.12/site-packages/airflow/example_dags/example_params_trigger_ui.py took 0.258 seconds
[2024-04-20T19:23:01.406+0000] {processor.py:161} INFO - Started process (PID=621) to work on /home/airflow/.local/lib/python3.12/site-packages/airflow/example_dags/example_params_trigger_ui.py
[2024-04-20T19:23:01.411+0000] {processor.py:830} INFO - Processing file /home/airflow/.local/lib/python3.12/site-packages/airflow/example_dags/example_params_trigger_ui.py for tasks to queue
[2024-04-20T19:23:01.420+0000] {logging_mixin.py:188} INFO - [2024-04-20T19:23:01.419+0000] {dagbag.py:540} INFO - Filling up the DagBag from /home/airflow/.local/lib/python3.12/site-packages/airflow/example_dags/example_params_trigger_ui.py
[2024-04-20T19:23:01.476+0000] {processor.py:840} INFO - DAG(s) 'example_params_trigger_ui' retrieved from /home/airflow/.local/lib/python3.12/site-packages/airflow/example_dags/example_params_trigger_ui.py
[2024-04-20T19:23:01.654+0000] {logging_mixin.py:188} INFO - [2024-04-20T19:23:01.653+0000] {dag.py:3096} INFO - Sync 1 DAGs
[2024-04-20T19:23:01.696+0000] {logging_mixin.py:188} INFO - [2024-04-20T19:23:01.694+0000] {dag.py:3954} INFO - Setting next_dagrun for example_params_trigger_ui to None, run_after=None
[2024-04-20T19:23:01.753+0000] {processor.py:183} INFO - Processing /home/airflow/.local/lib/python3.12/site-packages/airflow/example_dags/example_params_trigger_ui.py took 0.379 seconds
[2024-04-20T19:23:33.010+0000] {processor.py:161} INFO - Started process (PID=679) to work on /home/airflow/.local/lib/python3.12/site-packages/airflow/example_dags/example_params_trigger_ui.py
[2024-04-20T19:23:33.018+0000] {processor.py:830} INFO - Processing file /home/airflow/.local/lib/python3.12/site-packages/airflow/example_dags/example_params_trigger_ui.py for tasks to queue
[2024-04-20T19:23:33.023+0000] {logging_mixin.py:188} INFO - [2024-04-20T19:23:33.022+0000] {dagbag.py:540} INFO - Filling up the DagBag from /home/airflow/.local/lib/python3.12/site-packages/airflow/example_dags/example_params_trigger_ui.py
[2024-04-20T19:23:33.067+0000] {processor.py:840} INFO - DAG(s) 'example_params_trigger_ui' retrieved from /home/airflow/.local/lib/python3.12/site-packages/airflow/example_dags/example_params_trigger_ui.py
[2024-04-20T19:23:33.290+0000] {logging_mixin.py:188} INFO - [2024-04-20T19:23:33.290+0000] {dag.py:3096} INFO - Sync 1 DAGs
[2024-04-20T19:23:33.351+0000] {logging_mixin.py:188} INFO - [2024-04-20T19:23:33.350+0000] {dag.py:3954} INFO - Setting next_dagrun for example_params_trigger_ui to None, run_after=None
[2024-04-20T19:23:33.433+0000] {processor.py:183} INFO - Processing /home/airflow/.local/lib/python3.12/site-packages/airflow/example_dags/example_params_trigger_ui.py took 0.440 seconds
[2024-04-20T19:24:03.815+0000] {processor.py:161} INFO - Started process (PID=737) to work on /home/airflow/.local/lib/python3.12/site-packages/airflow/example_dags/example_params_trigger_ui.py
[2024-04-20T19:24:03.820+0000] {processor.py:830} INFO - Processing file /home/airflow/.local/lib/python3.12/site-packages/airflow/example_dags/example_params_trigger_ui.py for tasks to queue
[2024-04-20T19:24:03.826+0000] {logging_mixin.py:188} INFO - [2024-04-20T19:24:03.825+0000] {dagbag.py:540} INFO - Filling up the DagBag from /home/airflow/.local/lib/python3.12/site-packages/airflow/example_dags/example_params_trigger_ui.py
[2024-04-20T19:24:03.892+0000] {processor.py:840} INFO - DAG(s) 'example_params_trigger_ui' retrieved from /home/airflow/.local/lib/python3.12/site-packages/airflow/example_dags/example_params_trigger_ui.py
[2024-04-20T19:24:04.077+0000] {logging_mixin.py:188} INFO - [2024-04-20T19:24:04.076+0000] {dag.py:3096} INFO - Sync 1 DAGs
[2024-04-20T19:24:04.135+0000] {logging_mixin.py:188} INFO - [2024-04-20T19:24:04.133+0000] {dag.py:3954} INFO - Setting next_dagrun for example_params_trigger_ui to None, run_after=None
[2024-04-20T19:24:04.191+0000] {processor.py:183} INFO - Processing /home/airflow/.local/lib/python3.12/site-packages/airflow/example_dags/example_params_trigger_ui.py took 0.414 seconds
[2024-04-20T19:24:34.485+0000] {processor.py:161} INFO - Started process (PID=795) to work on /home/airflow/.local/lib/python3.12/site-packages/airflow/example_dags/example_params_trigger_ui.py
[2024-04-20T19:24:34.487+0000] {processor.py:830} INFO - Processing file /home/airflow/.local/lib/python3.12/site-packages/airflow/example_dags/example_params_trigger_ui.py for tasks to queue
[2024-04-20T19:24:34.489+0000] {logging_mixin.py:188} INFO - [2024-04-20T19:24:34.489+0000] {dagbag.py:540} INFO - Filling up the DagBag from /home/airflow/.local/lib/python3.12/site-packages/airflow/example_dags/example_params_trigger_ui.py
[2024-04-20T19:24:34.518+0000] {processor.py:840} INFO - DAG(s) 'example_params_trigger_ui' retrieved from /home/airflow/.local/lib/python3.12/site-packages/airflow/example_dags/example_params_trigger_ui.py
[2024-04-20T19:24:34.591+0000] {logging_mixin.py:188} INFO - [2024-04-20T19:24:34.591+0000] {dag.py:3096} INFO - Sync 1 DAGs
[2024-04-20T19:24:34.618+0000] {logging_mixin.py:188} INFO - [2024-04-20T19:24:34.618+0000] {dag.py:3954} INFO - Setting next_dagrun for example_params_trigger_ui to None, run_after=None
[2024-04-20T19:24:34.655+0000] {processor.py:183} INFO - Processing /home/airflow/.local/lib/python3.12/site-packages/airflow/example_dags/example_params_trigger_ui.py took 0.182 seconds
[2024-04-20T19:25:04.757+0000] {processor.py:161} INFO - Started process (PID=853) to work on /home/airflow/.local/lib/python3.12/site-packages/airflow/example_dags/example_params_trigger_ui.py
[2024-04-20T19:25:04.759+0000] {processor.py:830} INFO - Processing file /home/airflow/.local/lib/python3.12/site-packages/airflow/example_dags/example_params_trigger_ui.py for tasks to queue
[2024-04-20T19:25:04.763+0000] {logging_mixin.py:188} INFO - [2024-04-20T19:25:04.761+0000] {dagbag.py:540} INFO - Filling up the DagBag from /home/airflow/.local/lib/python3.12/site-packages/airflow/example_dags/example_params_trigger_ui.py
[2024-04-20T19:25:04.785+0000] {processor.py:840} INFO - DAG(s) 'example_params_trigger_ui' retrieved from /home/airflow/.local/lib/python3.12/site-packages/airflow/example_dags/example_params_trigger_ui.py
[2024-04-20T19:25:04.956+0000] {logging_mixin.py:188} INFO - [2024-04-20T19:25:04.955+0000] {dag.py:3096} INFO - Sync 1 DAGs
[2024-04-20T19:25:05.019+0000] {logging_mixin.py:188} INFO - [2024-04-20T19:25:05.018+0000] {dag.py:3954} INFO - Setting next_dagrun for example_params_trigger_ui to None, run_after=None
[2024-04-20T19:25:05.082+0000] {processor.py:183} INFO - Processing /home/airflow/.local/lib/python3.12/site-packages/airflow/example_dags/example_params_trigger_ui.py took 0.331 seconds
