[2024-04-20T19:18:11.715+0000] {processor.py:161} INFO - Started process (PID=83) to work on /home/airflow/.local/lib/python3.12/site-packages/airflow/example_dags/example_datasets.py
[2024-04-20T19:18:11.718+0000] {processor.py:830} INFO - Processing file /home/airflow/.local/lib/python3.12/site-packages/airflow/example_dags/example_datasets.py for tasks to queue
[2024-04-20T19:18:11.722+0000] {logging_mixin.py:188} INFO - [2024-04-20T19:18:11.721+0000] {dagbag.py:540} INFO - Filling up the DagBag from /home/airflow/.local/lib/python3.12/site-packages/airflow/example_dags/example_datasets.py
[2024-04-20T19:18:11.771+0000] {processor.py:840} INFO - DAG(s) 'consume_1_or_both_2_and_3_with_dataset_expressions', 'dataset_produces_1', 'dataset_consumes_1', 'consume_1_and_2_with_dataset_expressions', 'dataset_consumes_1_and_2', 'conditional_dataset_and_time_based_timetable', 'dataset_consumes_1_never_scheduled', 'dataset_produces_2', 'dataset_consumes_unknown_never_scheduled', 'consume_1_or_2_with_dataset_expressions' retrieved from /home/airflow/.local/lib/python3.12/site-packages/airflow/example_dags/example_datasets.py
[2024-04-20T19:18:12.372+0000] {logging_mixin.py:188} INFO - [2024-04-20T19:18:12.372+0000] {dag.py:3096} INFO - Sync 10 DAGs
[2024-04-20T19:18:12.473+0000] {logging_mixin.py:188} INFO - [2024-04-20T19:18:12.472+0000] {dag.py:3954} INFO - Setting next_dagrun for conditional_dataset_and_time_based_timetable to 2024-04-17 01:00:00+00:00, run_after=2024-04-17 01:00:00+00:00
[2024-04-20T19:18:12.484+0000] {logging_mixin.py:188} INFO - [2024-04-20T19:18:12.484+0000] {dag.py:3954} INFO - Setting next_dagrun for consume_1_and_2_with_dataset_expressions to None, run_after=None
[2024-04-20T19:18:12.489+0000] {logging_mixin.py:188} INFO - [2024-04-20T19:18:12.488+0000] {dag.py:3954} INFO - Setting next_dagrun for consume_1_or_2_with_dataset_expressions to None, run_after=None
[2024-04-20T19:18:12.495+0000] {logging_mixin.py:188} INFO - [2024-04-20T19:18:12.495+0000] {dag.py:3954} INFO - Setting next_dagrun for consume_1_or_both_2_and_3_with_dataset_expressions to None, run_after=None
[2024-04-20T19:18:12.500+0000] {logging_mixin.py:188} INFO - [2024-04-20T19:18:12.499+0000] {dag.py:3954} INFO - Setting next_dagrun for dataset_consumes_1 to None, run_after=None
[2024-04-20T19:18:12.504+0000] {logging_mixin.py:188} INFO - [2024-04-20T19:18:12.504+0000] {dag.py:3954} INFO - Setting next_dagrun for dataset_consumes_1_and_2 to None, run_after=None
[2024-04-20T19:18:12.508+0000] {logging_mixin.py:188} INFO - [2024-04-20T19:18:12.507+0000] {dag.py:3954} INFO - Setting next_dagrun for dataset_consumes_1_never_scheduled to None, run_after=None
[2024-04-20T19:18:12.514+0000] {logging_mixin.py:188} INFO - [2024-04-20T19:18:12.513+0000] {dag.py:3954} INFO - Setting next_dagrun for dataset_consumes_unknown_never_scheduled to None, run_after=None
[2024-04-20T19:18:12.520+0000] {logging_mixin.py:188} INFO - [2024-04-20T19:18:12.519+0000] {dag.py:3954} INFO - Setting next_dagrun for dataset_produces_1 to 2024-04-19 00:00:00+00:00, run_after=2024-04-20 00:00:00+00:00
[2024-04-20T19:18:12.523+0000] {logging_mixin.py:188} INFO - [2024-04-20T19:18:12.522+0000] {dag.py:3954} INFO - Setting next_dagrun for dataset_produces_2 to None, run_after=None
[2024-04-20T19:18:12.664+0000] {processor.py:183} INFO - Processing /home/airflow/.local/lib/python3.12/site-packages/airflow/example_dags/example_datasets.py took 0.962 seconds
[2024-04-20T19:18:47.686+0000] {processor.py:161} INFO - Started process (PID=141) to work on /home/airflow/.local/lib/python3.12/site-packages/airflow/example_dags/example_datasets.py
[2024-04-20T19:18:47.704+0000] {processor.py:830} INFO - Processing file /home/airflow/.local/lib/python3.12/site-packages/airflow/example_dags/example_datasets.py for tasks to queue
[2024-04-20T19:18:47.774+0000] {logging_mixin.py:188} INFO - [2024-04-20T19:18:47.757+0000] {dagbag.py:540} INFO - Filling up the DagBag from /home/airflow/.local/lib/python3.12/site-packages/airflow/example_dags/example_datasets.py
[2024-04-20T19:18:48.074+0000] {processor.py:840} INFO - DAG(s) 'dataset_consumes_1_never_scheduled', 'dataset_consumes_1', 'consume_1_or_2_with_dataset_expressions', 'conditional_dataset_and_time_based_timetable', 'consume_1_and_2_with_dataset_expressions', 'dataset_consumes_1_and_2', 'dataset_consumes_unknown_never_scheduled', 'consume_1_or_both_2_and_3_with_dataset_expressions', 'dataset_produces_2', 'dataset_produces_1' retrieved from /home/airflow/.local/lib/python3.12/site-packages/airflow/example_dags/example_datasets.py
[2024-04-20T19:18:48.475+0000] {logging_mixin.py:188} INFO - [2024-04-20T19:18:48.468+0000] {dag.py:3096} INFO - Sync 10 DAGs
[2024-04-20T19:18:48.703+0000] {logging_mixin.py:188} INFO - [2024-04-20T19:18:48.703+0000] {dag.py:3954} INFO - Setting next_dagrun for conditional_dataset_and_time_based_timetable to 2024-04-17 01:00:00+00:00, run_after=2024-04-17 01:00:00+00:00
[2024-04-20T19:18:48.716+0000] {logging_mixin.py:188} INFO - [2024-04-20T19:18:48.716+0000] {dag.py:3954} INFO - Setting next_dagrun for consume_1_and_2_with_dataset_expressions to None, run_after=None
[2024-04-20T19:18:48.720+0000] {logging_mixin.py:188} INFO - [2024-04-20T19:18:48.720+0000] {dag.py:3954} INFO - Setting next_dagrun for consume_1_or_2_with_dataset_expressions to None, run_after=None
[2024-04-20T19:18:48.723+0000] {logging_mixin.py:188} INFO - [2024-04-20T19:18:48.723+0000] {dag.py:3954} INFO - Setting next_dagrun for consume_1_or_both_2_and_3_with_dataset_expressions to None, run_after=None
[2024-04-20T19:18:48.728+0000] {logging_mixin.py:188} INFO - [2024-04-20T19:18:48.727+0000] {dag.py:3954} INFO - Setting next_dagrun for dataset_consumes_1 to None, run_after=None
[2024-04-20T19:18:48.733+0000] {logging_mixin.py:188} INFO - [2024-04-20T19:18:48.732+0000] {dag.py:3954} INFO - Setting next_dagrun for dataset_consumes_1_and_2 to None, run_after=None
[2024-04-20T19:18:48.736+0000] {logging_mixin.py:188} INFO - [2024-04-20T19:18:48.735+0000] {dag.py:3954} INFO - Setting next_dagrun for dataset_consumes_1_never_scheduled to None, run_after=None
[2024-04-20T19:18:48.740+0000] {logging_mixin.py:188} INFO - [2024-04-20T19:18:48.739+0000] {dag.py:3954} INFO - Setting next_dagrun for dataset_consumes_unknown_never_scheduled to None, run_after=None
[2024-04-20T19:18:48.748+0000] {logging_mixin.py:188} INFO - [2024-04-20T19:18:48.748+0000] {dag.py:3954} INFO - Setting next_dagrun for dataset_produces_1 to 2024-04-19 00:00:00+00:00, run_after=2024-04-20 00:00:00+00:00
[2024-04-20T19:18:48.752+0000] {logging_mixin.py:188} INFO - [2024-04-20T19:18:48.752+0000] {dag.py:3954} INFO - Setting next_dagrun for dataset_produces_2 to None, run_after=None
[2024-04-20T19:18:49.047+0000] {processor.py:183} INFO - Processing /home/airflow/.local/lib/python3.12/site-packages/airflow/example_dags/example_datasets.py took 1.593 seconds
[2024-04-20T19:19:20.017+0000] {processor.py:161} INFO - Started process (PID=199) to work on /home/airflow/.local/lib/python3.12/site-packages/airflow/example_dags/example_datasets.py
[2024-04-20T19:19:20.019+0000] {processor.py:830} INFO - Processing file /home/airflow/.local/lib/python3.12/site-packages/airflow/example_dags/example_datasets.py for tasks to queue
[2024-04-20T19:19:20.023+0000] {logging_mixin.py:188} INFO - [2024-04-20T19:19:20.022+0000] {dagbag.py:540} INFO - Filling up the DagBag from /home/airflow/.local/lib/python3.12/site-packages/airflow/example_dags/example_datasets.py
[2024-04-20T19:19:20.083+0000] {processor.py:840} INFO - DAG(s) 'dataset_produces_1', 'consume_1_and_2_with_dataset_expressions', 'dataset_produces_2', 'consume_1_or_2_with_dataset_expressions', 'consume_1_or_both_2_and_3_with_dataset_expressions', 'dataset_consumes_1_never_scheduled', 'dataset_consumes_1', 'dataset_consumes_unknown_never_scheduled', 'dataset_consumes_1_and_2', 'conditional_dataset_and_time_based_timetable' retrieved from /home/airflow/.local/lib/python3.12/site-packages/airflow/example_dags/example_datasets.py
[2024-04-20T19:19:20.211+0000] {logging_mixin.py:188} INFO - [2024-04-20T19:19:20.209+0000] {dag.py:3096} INFO - Sync 10 DAGs
[2024-04-20T19:19:20.314+0000] {logging_mixin.py:188} INFO - [2024-04-20T19:19:20.312+0000] {dag.py:3954} INFO - Setting next_dagrun for conditional_dataset_and_time_based_timetable to 2024-04-17 01:00:00+00:00, run_after=2024-04-17 01:00:00+00:00
[2024-04-20T19:19:20.327+0000] {logging_mixin.py:188} INFO - [2024-04-20T19:19:20.326+0000] {dag.py:3954} INFO - Setting next_dagrun for consume_1_and_2_with_dataset_expressions to None, run_after=None
[2024-04-20T19:19:20.333+0000] {logging_mixin.py:188} INFO - [2024-04-20T19:19:20.333+0000] {dag.py:3954} INFO - Setting next_dagrun for consume_1_or_2_with_dataset_expressions to None, run_after=None
[2024-04-20T19:19:20.338+0000] {logging_mixin.py:188} INFO - [2024-04-20T19:19:20.338+0000] {dag.py:3954} INFO - Setting next_dagrun for consume_1_or_both_2_and_3_with_dataset_expressions to None, run_after=None
[2024-04-20T19:19:20.343+0000] {logging_mixin.py:188} INFO - [2024-04-20T19:19:20.343+0000] {dag.py:3954} INFO - Setting next_dagrun for dataset_consumes_1 to None, run_after=None
[2024-04-20T19:19:20.350+0000] {logging_mixin.py:188} INFO - [2024-04-20T19:19:20.350+0000] {dag.py:3954} INFO - Setting next_dagrun for dataset_consumes_1_and_2 to None, run_after=None
[2024-04-20T19:19:20.354+0000] {logging_mixin.py:188} INFO - [2024-04-20T19:19:20.353+0000] {dag.py:3954} INFO - Setting next_dagrun for dataset_consumes_1_never_scheduled to None, run_after=None
[2024-04-20T19:19:20.357+0000] {logging_mixin.py:188} INFO - [2024-04-20T19:19:20.357+0000] {dag.py:3954} INFO - Setting next_dagrun for dataset_consumes_unknown_never_scheduled to None, run_after=None
[2024-04-20T19:19:20.367+0000] {logging_mixin.py:188} INFO - [2024-04-20T19:19:20.366+0000] {dag.py:3954} INFO - Setting next_dagrun for dataset_produces_1 to 2024-04-19 00:00:00+00:00, run_after=2024-04-20 00:00:00+00:00
[2024-04-20T19:19:20.371+0000] {logging_mixin.py:188} INFO - [2024-04-20T19:19:20.371+0000] {dag.py:3954} INFO - Setting next_dagrun for dataset_produces_2 to None, run_after=None
[2024-04-20T19:19:20.450+0000] {processor.py:183} INFO - Processing /home/airflow/.local/lib/python3.12/site-packages/airflow/example_dags/example_datasets.py took 0.447 seconds
[2024-04-20T19:19:50.738+0000] {processor.py:161} INFO - Started process (PID=257) to work on /home/airflow/.local/lib/python3.12/site-packages/airflow/example_dags/example_datasets.py
[2024-04-20T19:19:50.740+0000] {processor.py:830} INFO - Processing file /home/airflow/.local/lib/python3.12/site-packages/airflow/example_dags/example_datasets.py for tasks to queue
[2024-04-20T19:19:50.746+0000] {logging_mixin.py:188} INFO - [2024-04-20T19:19:50.746+0000] {dagbag.py:540} INFO - Filling up the DagBag from /home/airflow/.local/lib/python3.12/site-packages/airflow/example_dags/example_datasets.py
[2024-04-20T19:19:50.780+0000] {processor.py:840} INFO - DAG(s) 'dataset_consumes_1_never_scheduled', 'consume_1_or_both_2_and_3_with_dataset_expressions', 'dataset_consumes_unknown_never_scheduled', 'consume_1_and_2_with_dataset_expressions', 'consume_1_or_2_with_dataset_expressions', 'dataset_produces_1', 'conditional_dataset_and_time_based_timetable', 'dataset_produces_2', 'dataset_consumes_1_and_2', 'dataset_consumes_1' retrieved from /home/airflow/.local/lib/python3.12/site-packages/airflow/example_dags/example_datasets.py
[2024-04-20T19:19:50.897+0000] {logging_mixin.py:188} INFO - [2024-04-20T19:19:50.896+0000] {dag.py:3096} INFO - Sync 10 DAGs
[2024-04-20T19:19:50.952+0000] {logging_mixin.py:188} INFO - [2024-04-20T19:19:50.952+0000] {dag.py:3954} INFO - Setting next_dagrun for conditional_dataset_and_time_based_timetable to 2024-04-17 01:00:00+00:00, run_after=2024-04-17 01:00:00+00:00
[2024-04-20T19:19:50.959+0000] {logging_mixin.py:188} INFO - [2024-04-20T19:19:50.959+0000] {dag.py:3954} INFO - Setting next_dagrun for consume_1_and_2_with_dataset_expressions to None, run_after=None
[2024-04-20T19:19:50.965+0000] {logging_mixin.py:188} INFO - [2024-04-20T19:19:50.964+0000] {dag.py:3954} INFO - Setting next_dagrun for consume_1_or_2_with_dataset_expressions to None, run_after=None
[2024-04-20T19:19:50.969+0000] {logging_mixin.py:188} INFO - [2024-04-20T19:19:50.968+0000] {dag.py:3954} INFO - Setting next_dagrun for consume_1_or_both_2_and_3_with_dataset_expressions to None, run_after=None
[2024-04-20T19:19:50.973+0000] {logging_mixin.py:188} INFO - [2024-04-20T19:19:50.972+0000] {dag.py:3954} INFO - Setting next_dagrun for dataset_consumes_1 to None, run_after=None
[2024-04-20T19:19:50.977+0000] {logging_mixin.py:188} INFO - [2024-04-20T19:19:50.976+0000] {dag.py:3954} INFO - Setting next_dagrun for dataset_consumes_1_and_2 to None, run_after=None
[2024-04-20T19:19:50.982+0000] {logging_mixin.py:188} INFO - [2024-04-20T19:19:50.982+0000] {dag.py:3954} INFO - Setting next_dagrun for dataset_consumes_1_never_scheduled to None, run_after=None
[2024-04-20T19:19:50.986+0000] {logging_mixin.py:188} INFO - [2024-04-20T19:19:50.985+0000] {dag.py:3954} INFO - Setting next_dagrun for dataset_consumes_unknown_never_scheduled to None, run_after=None
[2024-04-20T19:19:50.990+0000] {logging_mixin.py:188} INFO - [2024-04-20T19:19:50.990+0000] {dag.py:3954} INFO - Setting next_dagrun for dataset_produces_1 to 2024-04-19 00:00:00+00:00, run_after=2024-04-20 00:00:00+00:00
[2024-04-20T19:19:50.994+0000] {logging_mixin.py:188} INFO - [2024-04-20T19:19:50.993+0000] {dag.py:3954} INFO - Setting next_dagrun for dataset_produces_2 to None, run_after=None
[2024-04-20T19:19:51.066+0000] {processor.py:183} INFO - Processing /home/airflow/.local/lib/python3.12/site-packages/airflow/example_dags/example_datasets.py took 0.338 seconds
[2024-04-20T19:20:21.187+0000] {processor.py:161} INFO - Started process (PID=315) to work on /home/airflow/.local/lib/python3.12/site-packages/airflow/example_dags/example_datasets.py
[2024-04-20T19:20:21.188+0000] {processor.py:830} INFO - Processing file /home/airflow/.local/lib/python3.12/site-packages/airflow/example_dags/example_datasets.py for tasks to queue
[2024-04-20T19:20:21.191+0000] {logging_mixin.py:188} INFO - [2024-04-20T19:20:21.190+0000] {dagbag.py:540} INFO - Filling up the DagBag from /home/airflow/.local/lib/python3.12/site-packages/airflow/example_dags/example_datasets.py
[2024-04-20T19:20:21.216+0000] {processor.py:840} INFO - DAG(s) 'consume_1_or_2_with_dataset_expressions', 'dataset_consumes_1', 'consume_1_or_both_2_and_3_with_dataset_expressions', 'dataset_consumes_1_never_scheduled', 'dataset_consumes_unknown_never_scheduled', 'consume_1_and_2_with_dataset_expressions', 'conditional_dataset_and_time_based_timetable', 'dataset_produces_2', 'dataset_produces_1', 'dataset_consumes_1_and_2' retrieved from /home/airflow/.local/lib/python3.12/site-packages/airflow/example_dags/example_datasets.py
[2024-04-20T19:20:21.308+0000] {logging_mixin.py:188} INFO - [2024-04-20T19:20:21.308+0000] {dag.py:3096} INFO - Sync 10 DAGs
[2024-04-20T19:20:21.352+0000] {logging_mixin.py:188} INFO - [2024-04-20T19:20:21.352+0000] {dag.py:3954} INFO - Setting next_dagrun for conditional_dataset_and_time_based_timetable to 2024-04-17 01:00:00+00:00, run_after=2024-04-17 01:00:00+00:00
[2024-04-20T19:20:21.362+0000] {logging_mixin.py:188} INFO - [2024-04-20T19:20:21.360+0000] {dag.py:3954} INFO - Setting next_dagrun for consume_1_and_2_with_dataset_expressions to None, run_after=None
[2024-04-20T19:20:21.365+0000] {logging_mixin.py:188} INFO - [2024-04-20T19:20:21.365+0000] {dag.py:3954} INFO - Setting next_dagrun for consume_1_or_2_with_dataset_expressions to None, run_after=None
[2024-04-20T19:20:21.367+0000] {logging_mixin.py:188} INFO - [2024-04-20T19:20:21.367+0000] {dag.py:3954} INFO - Setting next_dagrun for consume_1_or_both_2_and_3_with_dataset_expressions to None, run_after=None
[2024-04-20T19:20:21.370+0000] {logging_mixin.py:188} INFO - [2024-04-20T19:20:21.370+0000] {dag.py:3954} INFO - Setting next_dagrun for dataset_consumes_1 to None, run_after=None
[2024-04-20T19:20:21.373+0000] {logging_mixin.py:188} INFO - [2024-04-20T19:20:21.373+0000] {dag.py:3954} INFO - Setting next_dagrun for dataset_consumes_1_and_2 to None, run_after=None
[2024-04-20T19:20:21.376+0000] {logging_mixin.py:188} INFO - [2024-04-20T19:20:21.376+0000] {dag.py:3954} INFO - Setting next_dagrun for dataset_consumes_1_never_scheduled to None, run_after=None
[2024-04-20T19:20:21.381+0000] {logging_mixin.py:188} INFO - [2024-04-20T19:20:21.381+0000] {dag.py:3954} INFO - Setting next_dagrun for dataset_consumes_unknown_never_scheduled to None, run_after=None
[2024-04-20T19:20:21.386+0000] {logging_mixin.py:188} INFO - [2024-04-20T19:20:21.386+0000] {dag.py:3954} INFO - Setting next_dagrun for dataset_produces_1 to 2024-04-19 00:00:00+00:00, run_after=2024-04-20 00:00:00+00:00
[2024-04-20T19:20:21.389+0000] {logging_mixin.py:188} INFO - [2024-04-20T19:20:21.388+0000] {dag.py:3954} INFO - Setting next_dagrun for dataset_produces_2 to None, run_after=None
[2024-04-20T19:20:21.456+0000] {processor.py:183} INFO - Processing /home/airflow/.local/lib/python3.12/site-packages/airflow/example_dags/example_datasets.py took 0.276 seconds
[2024-04-20T19:20:51.787+0000] {processor.py:161} INFO - Started process (PID=373) to work on /home/airflow/.local/lib/python3.12/site-packages/airflow/example_dags/example_datasets.py
[2024-04-20T19:20:51.789+0000] {processor.py:830} INFO - Processing file /home/airflow/.local/lib/python3.12/site-packages/airflow/example_dags/example_datasets.py for tasks to queue
[2024-04-20T19:20:51.793+0000] {logging_mixin.py:188} INFO - [2024-04-20T19:20:51.792+0000] {dagbag.py:540} INFO - Filling up the DagBag from /home/airflow/.local/lib/python3.12/site-packages/airflow/example_dags/example_datasets.py
[2024-04-20T19:20:51.826+0000] {processor.py:840} INFO - DAG(s) 'dataset_consumes_1_and_2', 'consume_1_or_2_with_dataset_expressions', 'consume_1_and_2_with_dataset_expressions', 'consume_1_or_both_2_and_3_with_dataset_expressions', 'conditional_dataset_and_time_based_timetable', 'dataset_produces_2', 'dataset_consumes_1_never_scheduled', 'dataset_produces_1', 'dataset_consumes_1', 'dataset_consumes_unknown_never_scheduled' retrieved from /home/airflow/.local/lib/python3.12/site-packages/airflow/example_dags/example_datasets.py
[2024-04-20T19:20:51.959+0000] {logging_mixin.py:188} INFO - [2024-04-20T19:20:51.958+0000] {dag.py:3096} INFO - Sync 10 DAGs
[2024-04-20T19:20:52.034+0000] {logging_mixin.py:188} INFO - [2024-04-20T19:20:52.034+0000] {dag.py:3954} INFO - Setting next_dagrun for conditional_dataset_and_time_based_timetable to 2024-04-17 01:00:00+00:00, run_after=2024-04-17 01:00:00+00:00
[2024-04-20T19:20:52.046+0000] {logging_mixin.py:188} INFO - [2024-04-20T19:20:52.044+0000] {dag.py:3954} INFO - Setting next_dagrun for consume_1_and_2_with_dataset_expressions to None, run_after=None
[2024-04-20T19:20:52.050+0000] {logging_mixin.py:188} INFO - [2024-04-20T19:20:52.050+0000] {dag.py:3954} INFO - Setting next_dagrun for consume_1_or_2_with_dataset_expressions to None, run_after=None
[2024-04-20T19:20:52.053+0000] {logging_mixin.py:188} INFO - [2024-04-20T19:20:52.053+0000] {dag.py:3954} INFO - Setting next_dagrun for consume_1_or_both_2_and_3_with_dataset_expressions to None, run_after=None
[2024-04-20T19:20:52.057+0000] {logging_mixin.py:188} INFO - [2024-04-20T19:20:52.057+0000] {dag.py:3954} INFO - Setting next_dagrun for dataset_consumes_1 to None, run_after=None
[2024-04-20T19:20:52.065+0000] {logging_mixin.py:188} INFO - [2024-04-20T19:20:52.064+0000] {dag.py:3954} INFO - Setting next_dagrun for dataset_consumes_1_and_2 to None, run_after=None
[2024-04-20T19:20:52.068+0000] {logging_mixin.py:188} INFO - [2024-04-20T19:20:52.068+0000] {dag.py:3954} INFO - Setting next_dagrun for dataset_consumes_1_never_scheduled to None, run_after=None
[2024-04-20T19:20:52.071+0000] {logging_mixin.py:188} INFO - [2024-04-20T19:20:52.071+0000] {dag.py:3954} INFO - Setting next_dagrun for dataset_consumes_unknown_never_scheduled to None, run_after=None
[2024-04-20T19:20:52.085+0000] {logging_mixin.py:188} INFO - [2024-04-20T19:20:52.084+0000] {dag.py:3954} INFO - Setting next_dagrun for dataset_produces_1 to 2024-04-19 00:00:00+00:00, run_after=2024-04-20 00:00:00+00:00
[2024-04-20T19:20:52.089+0000] {logging_mixin.py:188} INFO - [2024-04-20T19:20:52.089+0000] {dag.py:3954} INFO - Setting next_dagrun for dataset_produces_2 to None, run_after=None
[2024-04-20T19:20:52.201+0000] {processor.py:183} INFO - Processing /home/airflow/.local/lib/python3.12/site-packages/airflow/example_dags/example_datasets.py took 0.426 seconds
[2024-04-20T19:21:22.426+0000] {processor.py:161} INFO - Started process (PID=431) to work on /home/airflow/.local/lib/python3.12/site-packages/airflow/example_dags/example_datasets.py
[2024-04-20T19:21:22.428+0000] {processor.py:830} INFO - Processing file /home/airflow/.local/lib/python3.12/site-packages/airflow/example_dags/example_datasets.py for tasks to queue
[2024-04-20T19:21:22.435+0000] {logging_mixin.py:188} INFO - [2024-04-20T19:21:22.434+0000] {dagbag.py:540} INFO - Filling up the DagBag from /home/airflow/.local/lib/python3.12/site-packages/airflow/example_dags/example_datasets.py
[2024-04-20T19:21:22.470+0000] {processor.py:840} INFO - DAG(s) 'consume_1_or_2_with_dataset_expressions', 'dataset_consumes_1_and_2', 'consume_1_or_both_2_and_3_with_dataset_expressions', 'conditional_dataset_and_time_based_timetable', 'dataset_consumes_unknown_never_scheduled', 'consume_1_and_2_with_dataset_expressions', 'dataset_produces_1', 'dataset_consumes_1', 'dataset_produces_2', 'dataset_consumes_1_never_scheduled' retrieved from /home/airflow/.local/lib/python3.12/site-packages/airflow/example_dags/example_datasets.py
[2024-04-20T19:21:22.556+0000] {logging_mixin.py:188} INFO - [2024-04-20T19:21:22.556+0000] {dag.py:3096} INFO - Sync 10 DAGs
[2024-04-20T19:21:22.618+0000] {logging_mixin.py:188} INFO - [2024-04-20T19:21:22.618+0000] {dag.py:3954} INFO - Setting next_dagrun for conditional_dataset_and_time_based_timetable to 2024-04-17 01:00:00+00:00, run_after=2024-04-17 01:00:00+00:00
[2024-04-20T19:21:22.626+0000] {logging_mixin.py:188} INFO - [2024-04-20T19:21:22.626+0000] {dag.py:3954} INFO - Setting next_dagrun for consume_1_and_2_with_dataset_expressions to None, run_after=None
[2024-04-20T19:21:22.637+0000] {logging_mixin.py:188} INFO - [2024-04-20T19:21:22.636+0000] {dag.py:3954} INFO - Setting next_dagrun for consume_1_or_2_with_dataset_expressions to None, run_after=None
[2024-04-20T19:21:22.641+0000] {logging_mixin.py:188} INFO - [2024-04-20T19:21:22.640+0000] {dag.py:3954} INFO - Setting next_dagrun for consume_1_or_both_2_and_3_with_dataset_expressions to None, run_after=None
[2024-04-20T19:21:22.649+0000] {logging_mixin.py:188} INFO - [2024-04-20T19:21:22.647+0000] {dag.py:3954} INFO - Setting next_dagrun for dataset_consumes_1 to None, run_after=None
[2024-04-20T19:21:22.652+0000] {logging_mixin.py:188} INFO - [2024-04-20T19:21:22.652+0000] {dag.py:3954} INFO - Setting next_dagrun for dataset_consumes_1_and_2 to None, run_after=None
[2024-04-20T19:21:22.654+0000] {logging_mixin.py:188} INFO - [2024-04-20T19:21:22.654+0000] {dag.py:3954} INFO - Setting next_dagrun for dataset_consumes_1_never_scheduled to None, run_after=None
[2024-04-20T19:21:22.658+0000] {logging_mixin.py:188} INFO - [2024-04-20T19:21:22.657+0000] {dag.py:3954} INFO - Setting next_dagrun for dataset_consumes_unknown_never_scheduled to None, run_after=None
[2024-04-20T19:21:22.666+0000] {logging_mixin.py:188} INFO - [2024-04-20T19:21:22.665+0000] {dag.py:3954} INFO - Setting next_dagrun for dataset_produces_1 to 2024-04-19 00:00:00+00:00, run_after=2024-04-20 00:00:00+00:00
[2024-04-20T19:21:22.670+0000] {logging_mixin.py:188} INFO - [2024-04-20T19:21:22.669+0000] {dag.py:3954} INFO - Setting next_dagrun for dataset_produces_2 to None, run_after=None
[2024-04-20T19:21:22.748+0000] {processor.py:183} INFO - Processing /home/airflow/.local/lib/python3.12/site-packages/airflow/example_dags/example_datasets.py took 0.328 seconds
[2024-04-20T19:21:53.027+0000] {processor.py:161} INFO - Started process (PID=489) to work on /home/airflow/.local/lib/python3.12/site-packages/airflow/example_dags/example_datasets.py
[2024-04-20T19:21:53.032+0000] {processor.py:830} INFO - Processing file /home/airflow/.local/lib/python3.12/site-packages/airflow/example_dags/example_datasets.py for tasks to queue
[2024-04-20T19:21:53.036+0000] {logging_mixin.py:188} INFO - [2024-04-20T19:21:53.035+0000] {dagbag.py:540} INFO - Filling up the DagBag from /home/airflow/.local/lib/python3.12/site-packages/airflow/example_dags/example_datasets.py
[2024-04-20T19:21:53.058+0000] {processor.py:840} INFO - DAG(s) 'dataset_consumes_1_never_scheduled', 'dataset_consumes_unknown_never_scheduled', 'consume_1_or_2_with_dataset_expressions', 'conditional_dataset_and_time_based_timetable', 'consume_1_or_both_2_and_3_with_dataset_expressions', 'dataset_produces_1', 'dataset_produces_2', 'consume_1_and_2_with_dataset_expressions', 'dataset_consumes_1', 'dataset_consumes_1_and_2' retrieved from /home/airflow/.local/lib/python3.12/site-packages/airflow/example_dags/example_datasets.py
[2024-04-20T19:21:53.157+0000] {logging_mixin.py:188} INFO - [2024-04-20T19:21:53.156+0000] {dag.py:3096} INFO - Sync 10 DAGs
[2024-04-20T19:21:53.215+0000] {logging_mixin.py:188} INFO - [2024-04-20T19:21:53.215+0000] {dag.py:3954} INFO - Setting next_dagrun for conditional_dataset_and_time_based_timetable to 2024-04-17 01:00:00+00:00, run_after=2024-04-17 01:00:00+00:00
[2024-04-20T19:21:53.223+0000] {logging_mixin.py:188} INFO - [2024-04-20T19:21:53.222+0000] {dag.py:3954} INFO - Setting next_dagrun for consume_1_and_2_with_dataset_expressions to None, run_after=None
[2024-04-20T19:21:53.225+0000] {logging_mixin.py:188} INFO - [2024-04-20T19:21:53.225+0000] {dag.py:3954} INFO - Setting next_dagrun for consume_1_or_2_with_dataset_expressions to None, run_after=None
[2024-04-20T19:21:53.233+0000] {logging_mixin.py:188} INFO - [2024-04-20T19:21:53.232+0000] {dag.py:3954} INFO - Setting next_dagrun for consume_1_or_both_2_and_3_with_dataset_expressions to None, run_after=None
[2024-04-20T19:21:53.236+0000] {logging_mixin.py:188} INFO - [2024-04-20T19:21:53.235+0000] {dag.py:3954} INFO - Setting next_dagrun for dataset_consumes_1 to None, run_after=None
[2024-04-20T19:21:53.238+0000] {logging_mixin.py:188} INFO - [2024-04-20T19:21:53.238+0000] {dag.py:3954} INFO - Setting next_dagrun for dataset_consumes_1_and_2 to None, run_after=None
[2024-04-20T19:21:53.240+0000] {logging_mixin.py:188} INFO - [2024-04-20T19:21:53.240+0000] {dag.py:3954} INFO - Setting next_dagrun for dataset_consumes_1_never_scheduled to None, run_after=None
[2024-04-20T19:21:53.243+0000] {logging_mixin.py:188} INFO - [2024-04-20T19:21:53.242+0000] {dag.py:3954} INFO - Setting next_dagrun for dataset_consumes_unknown_never_scheduled to None, run_after=None
[2024-04-20T19:21:53.251+0000] {logging_mixin.py:188} INFO - [2024-04-20T19:21:53.251+0000] {dag.py:3954} INFO - Setting next_dagrun for dataset_produces_1 to 2024-04-19 00:00:00+00:00, run_after=2024-04-20 00:00:00+00:00
[2024-04-20T19:21:53.254+0000] {logging_mixin.py:188} INFO - [2024-04-20T19:21:53.254+0000] {dag.py:3954} INFO - Setting next_dagrun for dataset_produces_2 to None, run_after=None
[2024-04-20T19:21:53.331+0000] {processor.py:183} INFO - Processing /home/airflow/.local/lib/python3.12/site-packages/airflow/example_dags/example_datasets.py took 0.310 seconds
[2024-04-20T19:22:23.443+0000] {processor.py:161} INFO - Started process (PID=547) to work on /home/airflow/.local/lib/python3.12/site-packages/airflow/example_dags/example_datasets.py
[2024-04-20T19:22:23.450+0000] {processor.py:830} INFO - Processing file /home/airflow/.local/lib/python3.12/site-packages/airflow/example_dags/example_datasets.py for tasks to queue
[2024-04-20T19:22:23.454+0000] {logging_mixin.py:188} INFO - [2024-04-20T19:22:23.453+0000] {dagbag.py:540} INFO - Filling up the DagBag from /home/airflow/.local/lib/python3.12/site-packages/airflow/example_dags/example_datasets.py
[2024-04-20T19:22:23.494+0000] {processor.py:840} INFO - DAG(s) 'conditional_dataset_and_time_based_timetable', 'consume_1_or_2_with_dataset_expressions', 'dataset_produces_1', 'dataset_produces_2', 'consume_1_or_both_2_and_3_with_dataset_expressions', 'dataset_consumes_1_and_2', 'dataset_consumes_1', 'dataset_consumes_1_never_scheduled', 'consume_1_and_2_with_dataset_expressions', 'dataset_consumes_unknown_never_scheduled' retrieved from /home/airflow/.local/lib/python3.12/site-packages/airflow/example_dags/example_datasets.py
[2024-04-20T19:22:23.652+0000] {logging_mixin.py:188} INFO - [2024-04-20T19:22:23.652+0000] {dag.py:3096} INFO - Sync 10 DAGs
[2024-04-20T19:22:23.738+0000] {logging_mixin.py:188} INFO - [2024-04-20T19:22:23.737+0000] {dag.py:3954} INFO - Setting next_dagrun for conditional_dataset_and_time_based_timetable to 2024-04-17 01:00:00+00:00, run_after=2024-04-17 01:00:00+00:00
[2024-04-20T19:22:23.759+0000] {logging_mixin.py:188} INFO - [2024-04-20T19:22:23.757+0000] {dag.py:3954} INFO - Setting next_dagrun for consume_1_and_2_with_dataset_expressions to None, run_after=None
[2024-04-20T19:22:23.777+0000] {logging_mixin.py:188} INFO - [2024-04-20T19:22:23.775+0000] {dag.py:3954} INFO - Setting next_dagrun for consume_1_or_2_with_dataset_expressions to None, run_after=None
[2024-04-20T19:22:23.786+0000] {logging_mixin.py:188} INFO - [2024-04-20T19:22:23.785+0000] {dag.py:3954} INFO - Setting next_dagrun for consume_1_or_both_2_and_3_with_dataset_expressions to None, run_after=None
[2024-04-20T19:22:23.790+0000] {logging_mixin.py:188} INFO - [2024-04-20T19:22:23.790+0000] {dag.py:3954} INFO - Setting next_dagrun for dataset_consumes_1 to None, run_after=None
[2024-04-20T19:22:23.793+0000] {logging_mixin.py:188} INFO - [2024-04-20T19:22:23.792+0000] {dag.py:3954} INFO - Setting next_dagrun for dataset_consumes_1_and_2 to None, run_after=None
[2024-04-20T19:22:23.799+0000] {logging_mixin.py:188} INFO - [2024-04-20T19:22:23.799+0000] {dag.py:3954} INFO - Setting next_dagrun for dataset_consumes_1_never_scheduled to None, run_after=None
[2024-04-20T19:22:23.803+0000] {logging_mixin.py:188} INFO - [2024-04-20T19:22:23.803+0000] {dag.py:3954} INFO - Setting next_dagrun for dataset_consumes_unknown_never_scheduled to None, run_after=None
[2024-04-20T19:22:23.813+0000] {logging_mixin.py:188} INFO - [2024-04-20T19:22:23.811+0000] {dag.py:3954} INFO - Setting next_dagrun for dataset_produces_1 to 2024-04-19 00:00:00+00:00, run_after=2024-04-20 00:00:00+00:00
[2024-04-20T19:22:23.817+0000] {logging_mixin.py:188} INFO - [2024-04-20T19:22:23.817+0000] {dag.py:3954} INFO - Setting next_dagrun for dataset_produces_2 to None, run_after=None
[2024-04-20T19:22:23.933+0000] {processor.py:183} INFO - Processing /home/airflow/.local/lib/python3.12/site-packages/airflow/example_dags/example_datasets.py took 0.513 seconds
[2024-04-20T19:22:55.756+0000] {processor.py:161} INFO - Started process (PID=605) to work on /home/airflow/.local/lib/python3.12/site-packages/airflow/example_dags/example_datasets.py
[2024-04-20T19:22:55.772+0000] {processor.py:830} INFO - Processing file /home/airflow/.local/lib/python3.12/site-packages/airflow/example_dags/example_datasets.py for tasks to queue
[2024-04-20T19:22:55.787+0000] {logging_mixin.py:188} INFO - [2024-04-20T19:22:55.779+0000] {dagbag.py:540} INFO - Filling up the DagBag from /home/airflow/.local/lib/python3.12/site-packages/airflow/example_dags/example_datasets.py
[2024-04-20T19:22:55.913+0000] {processor.py:840} INFO - DAG(s) 'consume_1_or_2_with_dataset_expressions', 'consume_1_and_2_with_dataset_expressions', 'consume_1_or_both_2_and_3_with_dataset_expressions', 'dataset_consumes_1_and_2', 'dataset_produces_1', 'dataset_consumes_1_never_scheduled', 'dataset_consumes_1', 'conditional_dataset_and_time_based_timetable', 'dataset_consumes_unknown_never_scheduled', 'dataset_produces_2' retrieved from /home/airflow/.local/lib/python3.12/site-packages/airflow/example_dags/example_datasets.py
[2024-04-20T19:22:56.273+0000] {logging_mixin.py:188} INFO - [2024-04-20T19:22:56.271+0000] {dag.py:3096} INFO - Sync 10 DAGs
[2024-04-20T19:22:56.446+0000] {logging_mixin.py:188} INFO - [2024-04-20T19:22:56.444+0000] {dag.py:3954} INFO - Setting next_dagrun for conditional_dataset_and_time_based_timetable to 2024-04-17 01:00:00+00:00, run_after=2024-04-17 01:00:00+00:00
[2024-04-20T19:22:56.503+0000] {logging_mixin.py:188} INFO - [2024-04-20T19:22:56.502+0000] {dag.py:3954} INFO - Setting next_dagrun for consume_1_and_2_with_dataset_expressions to None, run_after=None
[2024-04-20T19:22:56.525+0000] {logging_mixin.py:188} INFO - [2024-04-20T19:22:56.523+0000] {dag.py:3954} INFO - Setting next_dagrun for consume_1_or_2_with_dataset_expressions to None, run_after=None
[2024-04-20T19:22:56.537+0000] {logging_mixin.py:188} INFO - [2024-04-20T19:22:56.535+0000] {dag.py:3954} INFO - Setting next_dagrun for consume_1_or_both_2_and_3_with_dataset_expressions to None, run_after=None
[2024-04-20T19:22:56.551+0000] {logging_mixin.py:188} INFO - [2024-04-20T19:22:56.547+0000] {dag.py:3954} INFO - Setting next_dagrun for dataset_consumes_1 to None, run_after=None
[2024-04-20T19:22:56.560+0000] {logging_mixin.py:188} INFO - [2024-04-20T19:22:56.559+0000] {dag.py:3954} INFO - Setting next_dagrun for dataset_consumes_1_and_2 to None, run_after=None
[2024-04-20T19:22:56.574+0000] {logging_mixin.py:188} INFO - [2024-04-20T19:22:56.572+0000] {dag.py:3954} INFO - Setting next_dagrun for dataset_consumes_1_never_scheduled to None, run_after=None
[2024-04-20T19:22:56.585+0000] {logging_mixin.py:188} INFO - [2024-04-20T19:22:56.584+0000] {dag.py:3954} INFO - Setting next_dagrun for dataset_consumes_unknown_never_scheduled to None, run_after=None
[2024-04-20T19:22:56.608+0000] {logging_mixin.py:188} INFO - [2024-04-20T19:22:56.606+0000] {dag.py:3954} INFO - Setting next_dagrun for dataset_produces_1 to 2024-04-19 00:00:00+00:00, run_after=2024-04-20 00:00:00+00:00
[2024-04-20T19:22:56.626+0000] {logging_mixin.py:188} INFO - [2024-04-20T19:22:56.624+0000] {dag.py:3954} INFO - Setting next_dagrun for dataset_produces_2 to None, run_after=None
[2024-04-20T19:22:57.017+0000] {processor.py:183} INFO - Processing /home/airflow/.local/lib/python3.12/site-packages/airflow/example_dags/example_datasets.py took 1.309 seconds
[2024-04-20T19:23:29.187+0000] {processor.py:161} INFO - Started process (PID=670) to work on /home/airflow/.local/lib/python3.12/site-packages/airflow/example_dags/example_datasets.py
[2024-04-20T19:23:29.190+0000] {processor.py:830} INFO - Processing file /home/airflow/.local/lib/python3.12/site-packages/airflow/example_dags/example_datasets.py for tasks to queue
[2024-04-20T19:23:29.204+0000] {logging_mixin.py:188} INFO - [2024-04-20T19:23:29.202+0000] {dagbag.py:540} INFO - Filling up the DagBag from /home/airflow/.local/lib/python3.12/site-packages/airflow/example_dags/example_datasets.py
[2024-04-20T19:23:29.289+0000] {processor.py:840} INFO - DAG(s) 'dataset_produces_2', 'conditional_dataset_and_time_based_timetable', 'dataset_produces_1', 'dataset_consumes_unknown_never_scheduled', 'dataset_consumes_1_and_2', 'dataset_consumes_1', 'consume_1_or_2_with_dataset_expressions', 'consume_1_or_both_2_and_3_with_dataset_expressions', 'consume_1_and_2_with_dataset_expressions', 'dataset_consumes_1_never_scheduled' retrieved from /home/airflow/.local/lib/python3.12/site-packages/airflow/example_dags/example_datasets.py
[2024-04-20T19:23:29.774+0000] {logging_mixin.py:188} INFO - [2024-04-20T19:23:29.773+0000] {dag.py:3096} INFO - Sync 10 DAGs
[2024-04-20T19:23:29.993+0000] {logging_mixin.py:188} INFO - [2024-04-20T19:23:29.979+0000] {dag.py:3954} INFO - Setting next_dagrun for conditional_dataset_and_time_based_timetable to 2024-04-17 01:00:00+00:00, run_after=2024-04-17 01:00:00+00:00
[2024-04-20T19:23:30.051+0000] {logging_mixin.py:188} INFO - [2024-04-20T19:23:30.042+0000] {dag.py:3954} INFO - Setting next_dagrun for consume_1_and_2_with_dataset_expressions to None, run_after=None
[2024-04-20T19:23:30.062+0000] {logging_mixin.py:188} INFO - [2024-04-20T19:23:30.060+0000] {dag.py:3954} INFO - Setting next_dagrun for consume_1_or_2_with_dataset_expressions to None, run_after=None
[2024-04-20T19:23:30.095+0000] {logging_mixin.py:188} INFO - [2024-04-20T19:23:30.094+0000] {dag.py:3954} INFO - Setting next_dagrun for consume_1_or_both_2_and_3_with_dataset_expressions to None, run_after=None
[2024-04-20T19:23:30.146+0000] {logging_mixin.py:188} INFO - [2024-04-20T19:23:30.143+0000] {dag.py:3954} INFO - Setting next_dagrun for dataset_consumes_1 to None, run_after=None
[2024-04-20T19:23:30.172+0000] {logging_mixin.py:188} INFO - [2024-04-20T19:23:30.169+0000] {dag.py:3954} INFO - Setting next_dagrun for dataset_consumes_1_and_2 to None, run_after=None
[2024-04-20T19:23:30.227+0000] {logging_mixin.py:188} INFO - [2024-04-20T19:23:30.216+0000] {dag.py:3954} INFO - Setting next_dagrun for dataset_consumes_1_never_scheduled to None, run_after=None
[2024-04-20T19:23:30.257+0000] {logging_mixin.py:188} INFO - [2024-04-20T19:23:30.245+0000] {dag.py:3954} INFO - Setting next_dagrun for dataset_consumes_unknown_never_scheduled to None, run_after=None
[2024-04-20T19:23:30.317+0000] {logging_mixin.py:188} INFO - [2024-04-20T19:23:30.314+0000] {dag.py:3954} INFO - Setting next_dagrun for dataset_produces_1 to 2024-04-19 00:00:00+00:00, run_after=2024-04-20 00:00:00+00:00
[2024-04-20T19:23:30.346+0000] {logging_mixin.py:188} INFO - [2024-04-20T19:23:30.343+0000] {dag.py:3954} INFO - Setting next_dagrun for dataset_produces_2 to None, run_after=None
[2024-04-20T19:23:30.939+0000] {processor.py:183} INFO - Processing /home/airflow/.local/lib/python3.12/site-packages/airflow/example_dags/example_datasets.py took 1.785 seconds
[2024-04-20T19:24:01.566+0000] {processor.py:161} INFO - Started process (PID=729) to work on /home/airflow/.local/lib/python3.12/site-packages/airflow/example_dags/example_datasets.py
[2024-04-20T19:24:01.568+0000] {processor.py:830} INFO - Processing file /home/airflow/.local/lib/python3.12/site-packages/airflow/example_dags/example_datasets.py for tasks to queue
[2024-04-20T19:24:01.571+0000] {logging_mixin.py:188} INFO - [2024-04-20T19:24:01.570+0000] {dagbag.py:540} INFO - Filling up the DagBag from /home/airflow/.local/lib/python3.12/site-packages/airflow/example_dags/example_datasets.py
[2024-04-20T19:24:01.595+0000] {processor.py:840} INFO - DAG(s) 'consume_1_and_2_with_dataset_expressions', 'dataset_consumes_1_and_2', 'dataset_produces_2', 'consume_1_or_2_with_dataset_expressions', 'dataset_consumes_unknown_never_scheduled', 'dataset_produces_1', 'consume_1_or_both_2_and_3_with_dataset_expressions', 'conditional_dataset_and_time_based_timetable', 'dataset_consumes_1', 'dataset_consumes_1_never_scheduled' retrieved from /home/airflow/.local/lib/python3.12/site-packages/airflow/example_dags/example_datasets.py
[2024-04-20T19:24:01.706+0000] {logging_mixin.py:188} INFO - [2024-04-20T19:24:01.706+0000] {dag.py:3096} INFO - Sync 10 DAGs
[2024-04-20T19:24:01.774+0000] {logging_mixin.py:188} INFO - [2024-04-20T19:24:01.773+0000] {dag.py:3954} INFO - Setting next_dagrun for conditional_dataset_and_time_based_timetable to 2024-04-17 01:00:00+00:00, run_after=2024-04-17 01:00:00+00:00
[2024-04-20T19:24:01.789+0000] {logging_mixin.py:188} INFO - [2024-04-20T19:24:01.788+0000] {dag.py:3954} INFO - Setting next_dagrun for consume_1_and_2_with_dataset_expressions to None, run_after=None
[2024-04-20T19:24:01.792+0000] {logging_mixin.py:188} INFO - [2024-04-20T19:24:01.792+0000] {dag.py:3954} INFO - Setting next_dagrun for consume_1_or_2_with_dataset_expressions to None, run_after=None
[2024-04-20T19:24:01.799+0000] {logging_mixin.py:188} INFO - [2024-04-20T19:24:01.798+0000] {dag.py:3954} INFO - Setting next_dagrun for consume_1_or_both_2_and_3_with_dataset_expressions to None, run_after=None
[2024-04-20T19:24:01.802+0000] {logging_mixin.py:188} INFO - [2024-04-20T19:24:01.801+0000] {dag.py:3954} INFO - Setting next_dagrun for dataset_consumes_1 to None, run_after=None
[2024-04-20T19:24:01.804+0000] {logging_mixin.py:188} INFO - [2024-04-20T19:24:01.804+0000] {dag.py:3954} INFO - Setting next_dagrun for dataset_consumes_1_and_2 to None, run_after=None
[2024-04-20T19:24:01.806+0000] {logging_mixin.py:188} INFO - [2024-04-20T19:24:01.806+0000] {dag.py:3954} INFO - Setting next_dagrun for dataset_consumes_1_never_scheduled to None, run_after=None
[2024-04-20T19:24:01.809+0000] {logging_mixin.py:188} INFO - [2024-04-20T19:24:01.808+0000] {dag.py:3954} INFO - Setting next_dagrun for dataset_consumes_unknown_never_scheduled to None, run_after=None
[2024-04-20T19:24:01.816+0000] {logging_mixin.py:188} INFO - [2024-04-20T19:24:01.815+0000] {dag.py:3954} INFO - Setting next_dagrun for dataset_produces_1 to 2024-04-19 00:00:00+00:00, run_after=2024-04-20 00:00:00+00:00
[2024-04-20T19:24:01.819+0000] {logging_mixin.py:188} INFO - [2024-04-20T19:24:01.818+0000] {dag.py:3954} INFO - Setting next_dagrun for dataset_produces_2 to None, run_after=None
[2024-04-20T19:24:01.889+0000] {processor.py:183} INFO - Processing /home/airflow/.local/lib/python3.12/site-packages/airflow/example_dags/example_datasets.py took 0.334 seconds
[2024-04-20T19:24:32.335+0000] {processor.py:161} INFO - Started process (PID=787) to work on /home/airflow/.local/lib/python3.12/site-packages/airflow/example_dags/example_datasets.py
[2024-04-20T19:24:32.337+0000] {processor.py:830} INFO - Processing file /home/airflow/.local/lib/python3.12/site-packages/airflow/example_dags/example_datasets.py for tasks to queue
[2024-04-20T19:24:32.341+0000] {logging_mixin.py:188} INFO - [2024-04-20T19:24:32.340+0000] {dagbag.py:540} INFO - Filling up the DagBag from /home/airflow/.local/lib/python3.12/site-packages/airflow/example_dags/example_datasets.py
[2024-04-20T19:24:32.372+0000] {processor.py:840} INFO - DAG(s) 'dataset_consumes_1_never_scheduled', 'consume_1_or_both_2_and_3_with_dataset_expressions', 'dataset_produces_2', 'dataset_consumes_unknown_never_scheduled', 'dataset_produces_1', 'conditional_dataset_and_time_based_timetable', 'dataset_consumes_1_and_2', 'consume_1_or_2_with_dataset_expressions', 'consume_1_and_2_with_dataset_expressions', 'dataset_consumes_1' retrieved from /home/airflow/.local/lib/python3.12/site-packages/airflow/example_dags/example_datasets.py
[2024-04-20T19:24:32.502+0000] {logging_mixin.py:188} INFO - [2024-04-20T19:24:32.501+0000] {dag.py:3096} INFO - Sync 10 DAGs
[2024-04-20T19:24:32.572+0000] {logging_mixin.py:188} INFO - [2024-04-20T19:24:32.572+0000] {dag.py:3954} INFO - Setting next_dagrun for conditional_dataset_and_time_based_timetable to 2024-04-17 01:00:00+00:00, run_after=2024-04-17 01:00:00+00:00
[2024-04-20T19:24:32.582+0000] {logging_mixin.py:188} INFO - [2024-04-20T19:24:32.582+0000] {dag.py:3954} INFO - Setting next_dagrun for consume_1_and_2_with_dataset_expressions to None, run_after=None
[2024-04-20T19:24:32.586+0000] {logging_mixin.py:188} INFO - [2024-04-20T19:24:32.585+0000] {dag.py:3954} INFO - Setting next_dagrun for consume_1_or_2_with_dataset_expressions to None, run_after=None
[2024-04-20T19:24:32.588+0000] {logging_mixin.py:188} INFO - [2024-04-20T19:24:32.588+0000] {dag.py:3954} INFO - Setting next_dagrun for consume_1_or_both_2_and_3_with_dataset_expressions to None, run_after=None
[2024-04-20T19:24:32.590+0000] {logging_mixin.py:188} INFO - [2024-04-20T19:24:32.590+0000] {dag.py:3954} INFO - Setting next_dagrun for dataset_consumes_1 to None, run_after=None
[2024-04-20T19:24:32.595+0000] {logging_mixin.py:188} INFO - [2024-04-20T19:24:32.593+0000] {dag.py:3954} INFO - Setting next_dagrun for dataset_consumes_1_and_2 to None, run_after=None
[2024-04-20T19:24:32.602+0000] {logging_mixin.py:188} INFO - [2024-04-20T19:24:32.602+0000] {dag.py:3954} INFO - Setting next_dagrun for dataset_consumes_1_never_scheduled to None, run_after=None
[2024-04-20T19:24:32.605+0000] {logging_mixin.py:188} INFO - [2024-04-20T19:24:32.605+0000] {dag.py:3954} INFO - Setting next_dagrun for dataset_consumes_unknown_never_scheduled to None, run_after=None
[2024-04-20T19:24:32.609+0000] {logging_mixin.py:188} INFO - [2024-04-20T19:24:32.609+0000] {dag.py:3954} INFO - Setting next_dagrun for dataset_produces_1 to 2024-04-19 00:00:00+00:00, run_after=2024-04-20 00:00:00+00:00
[2024-04-20T19:24:32.616+0000] {logging_mixin.py:188} INFO - [2024-04-20T19:24:32.615+0000] {dag.py:3954} INFO - Setting next_dagrun for dataset_produces_2 to None, run_after=None
[2024-04-20T19:24:32.699+0000] {processor.py:183} INFO - Processing /home/airflow/.local/lib/python3.12/site-packages/airflow/example_dags/example_datasets.py took 0.379 seconds
[2024-04-20T19:25:02.790+0000] {processor.py:161} INFO - Started process (PID=845) to work on /home/airflow/.local/lib/python3.12/site-packages/airflow/example_dags/example_datasets.py
[2024-04-20T19:25:02.792+0000] {processor.py:830} INFO - Processing file /home/airflow/.local/lib/python3.12/site-packages/airflow/example_dags/example_datasets.py for tasks to queue
[2024-04-20T19:25:02.797+0000] {logging_mixin.py:188} INFO - [2024-04-20T19:25:02.796+0000] {dagbag.py:540} INFO - Filling up the DagBag from /home/airflow/.local/lib/python3.12/site-packages/airflow/example_dags/example_datasets.py
[2024-04-20T19:25:02.824+0000] {processor.py:840} INFO - DAG(s) 'dataset_consumes_1_and_2', 'dataset_consumes_1', 'consume_1_and_2_with_dataset_expressions', 'conditional_dataset_and_time_based_timetable', 'dataset_produces_1', 'dataset_consumes_unknown_never_scheduled', 'consume_1_or_2_with_dataset_expressions', 'dataset_consumes_1_never_scheduled', 'dataset_produces_2', 'consume_1_or_both_2_and_3_with_dataset_expressions' retrieved from /home/airflow/.local/lib/python3.12/site-packages/airflow/example_dags/example_datasets.py
[2024-04-20T19:25:02.937+0000] {logging_mixin.py:188} INFO - [2024-04-20T19:25:02.937+0000] {dag.py:3096} INFO - Sync 10 DAGs
[2024-04-20T19:25:02.981+0000] {logging_mixin.py:188} INFO - [2024-04-20T19:25:02.981+0000] {dag.py:3954} INFO - Setting next_dagrun for conditional_dataset_and_time_based_timetable to 2024-04-17 01:00:00+00:00, run_after=2024-04-17 01:00:00+00:00
[2024-04-20T19:25:02.988+0000] {logging_mixin.py:188} INFO - [2024-04-20T19:25:02.988+0000] {dag.py:3954} INFO - Setting next_dagrun for consume_1_and_2_with_dataset_expressions to None, run_after=None
[2024-04-20T19:25:02.993+0000] {logging_mixin.py:188} INFO - [2024-04-20T19:25:02.993+0000] {dag.py:3954} INFO - Setting next_dagrun for consume_1_or_2_with_dataset_expressions to None, run_after=None
[2024-04-20T19:25:02.998+0000] {logging_mixin.py:188} INFO - [2024-04-20T19:25:02.998+0000] {dag.py:3954} INFO - Setting next_dagrun for consume_1_or_both_2_and_3_with_dataset_expressions to None, run_after=None
[2024-04-20T19:25:03.001+0000] {logging_mixin.py:188} INFO - [2024-04-20T19:25:03.000+0000] {dag.py:3954} INFO - Setting next_dagrun for dataset_consumes_1 to None, run_after=None
[2024-04-20T19:25:03.005+0000] {logging_mixin.py:188} INFO - [2024-04-20T19:25:03.005+0000] {dag.py:3954} INFO - Setting next_dagrun for dataset_consumes_1_and_2 to None, run_after=None
[2024-04-20T19:25:03.008+0000] {logging_mixin.py:188} INFO - [2024-04-20T19:25:03.008+0000] {dag.py:3954} INFO - Setting next_dagrun for dataset_consumes_1_never_scheduled to None, run_after=None
[2024-04-20T19:25:03.011+0000] {logging_mixin.py:188} INFO - [2024-04-20T19:25:03.010+0000] {dag.py:3954} INFO - Setting next_dagrun for dataset_consumes_unknown_never_scheduled to None, run_after=None
[2024-04-20T19:25:03.020+0000] {logging_mixin.py:188} INFO - [2024-04-20T19:25:03.020+0000] {dag.py:3954} INFO - Setting next_dagrun for dataset_produces_1 to 2024-04-19 00:00:00+00:00, run_after=2024-04-20 00:00:00+00:00
[2024-04-20T19:25:03.024+0000] {logging_mixin.py:188} INFO - [2024-04-20T19:25:03.023+0000] {dag.py:3954} INFO - Setting next_dagrun for dataset_produces_2 to None, run_after=None
[2024-04-20T19:25:03.105+0000] {processor.py:183} INFO - Processing /home/airflow/.local/lib/python3.12/site-packages/airflow/example_dags/example_datasets.py took 0.323 seconds
