[2024-04-20T19:17:45.283+0000] {processor.py:161} INFO - Started process (PID=46) to work on /home/airflow/.local/lib/python3.12/site-packages/airflow/example_dags/example_display_name.py
[2024-04-20T19:17:45.303+0000] {processor.py:830} INFO - Processing file /home/airflow/.local/lib/python3.12/site-packages/airflow/example_dags/example_display_name.py for tasks to queue
[2024-04-20T19:17:45.355+0000] {logging_mixin.py:188} INFO - [2024-04-20T19:17:45.345+0000] {dagbag.py:540} INFO - Filling up the DagBag from /home/airflow/.local/lib/python3.12/site-packages/airflow/example_dags/example_display_name.py
[2024-04-20T19:17:45.785+0000] {processor.py:840} INFO - DAG(s) 'example_display_name' retrieved from /home/airflow/.local/lib/python3.12/site-packages/airflow/example_dags/example_display_name.py
[2024-04-20T19:17:48.995+0000] {logging_mixin.py:188} INFO - [2024-04-20T19:17:48.994+0000] {dag.py:3096} INFO - Sync 1 DAGs
[2024-04-20T19:17:49.133+0000] {logging_mixin.py:188} INFO - [2024-04-20T19:17:49.133+0000] {dag.py:3954} INFO - Setting next_dagrun for example_display_name to None, run_after=None
[2024-04-20T19:17:49.318+0000] {processor.py:183} INFO - Processing /home/airflow/.local/lib/python3.12/site-packages/airflow/example_dags/example_display_name.py took 4.186 seconds
[2024-04-20T19:18:19.652+0000] {processor.py:161} INFO - Started process (PID=103) to work on /home/airflow/.local/lib/python3.12/site-packages/airflow/example_dags/example_display_name.py
[2024-04-20T19:18:19.656+0000] {processor.py:830} INFO - Processing file /home/airflow/.local/lib/python3.12/site-packages/airflow/example_dags/example_display_name.py for tasks to queue
[2024-04-20T19:18:19.673+0000] {logging_mixin.py:188} INFO - [2024-04-20T19:18:19.671+0000] {dagbag.py:540} INFO - Filling up the DagBag from /home/airflow/.local/lib/python3.12/site-packages/airflow/example_dags/example_display_name.py
[2024-04-20T19:18:19.712+0000] {processor.py:840} INFO - DAG(s) 'example_display_name' retrieved from /home/airflow/.local/lib/python3.12/site-packages/airflow/example_dags/example_display_name.py
[2024-04-20T19:18:19.793+0000] {logging_mixin.py:188} INFO - [2024-04-20T19:18:19.793+0000] {dag.py:3096} INFO - Sync 1 DAGs
[2024-04-20T19:18:19.843+0000] {logging_mixin.py:188} INFO - [2024-04-20T19:18:19.843+0000] {dag.py:3954} INFO - Setting next_dagrun for example_display_name to None, run_after=None
[2024-04-20T19:18:19.925+0000] {processor.py:183} INFO - Processing /home/airflow/.local/lib/python3.12/site-packages/airflow/example_dags/example_display_name.py took 0.294 seconds
[2024-04-20T19:18:52.018+0000] {processor.py:161} INFO - Started process (PID=152) to work on /home/airflow/.local/lib/python3.12/site-packages/airflow/example_dags/example_display_name.py
[2024-04-20T19:18:52.022+0000] {processor.py:830} INFO - Processing file /home/airflow/.local/lib/python3.12/site-packages/airflow/example_dags/example_display_name.py for tasks to queue
[2024-04-20T19:18:52.027+0000] {logging_mixin.py:188} INFO - [2024-04-20T19:18:52.026+0000] {dagbag.py:540} INFO - Filling up the DagBag from /home/airflow/.local/lib/python3.12/site-packages/airflow/example_dags/example_display_name.py
[2024-04-20T19:18:52.044+0000] {processor.py:840} INFO - DAG(s) 'example_display_name' retrieved from /home/airflow/.local/lib/python3.12/site-packages/airflow/example_dags/example_display_name.py
[2024-04-20T19:18:52.112+0000] {logging_mixin.py:188} INFO - [2024-04-20T19:18:52.110+0000] {dag.py:3096} INFO - Sync 1 DAGs
[2024-04-20T19:18:52.164+0000] {logging_mixin.py:188} INFO - [2024-04-20T19:18:52.162+0000] {dag.py:3954} INFO - Setting next_dagrun for example_display_name to None, run_after=None
[2024-04-20T19:18:52.256+0000] {processor.py:183} INFO - Processing /home/airflow/.local/lib/python3.12/site-packages/airflow/example_dags/example_display_name.py took 0.254 seconds
[2024-04-20T19:19:22.559+0000] {processor.py:161} INFO - Started process (PID=210) to work on /home/airflow/.local/lib/python3.12/site-packages/airflow/example_dags/example_display_name.py
[2024-04-20T19:19:22.562+0000] {processor.py:830} INFO - Processing file /home/airflow/.local/lib/python3.12/site-packages/airflow/example_dags/example_display_name.py for tasks to queue
[2024-04-20T19:19:22.565+0000] {logging_mixin.py:188} INFO - [2024-04-20T19:19:22.564+0000] {dagbag.py:540} INFO - Filling up the DagBag from /home/airflow/.local/lib/python3.12/site-packages/airflow/example_dags/example_display_name.py
[2024-04-20T19:19:22.572+0000] {processor.py:840} INFO - DAG(s) 'example_display_name' retrieved from /home/airflow/.local/lib/python3.12/site-packages/airflow/example_dags/example_display_name.py
[2024-04-20T19:19:22.599+0000] {logging_mixin.py:188} INFO - [2024-04-20T19:19:22.599+0000] {dag.py:3096} INFO - Sync 1 DAGs
[2024-04-20T19:19:22.615+0000] {logging_mixin.py:188} INFO - [2024-04-20T19:19:22.615+0000] {dag.py:3954} INFO - Setting next_dagrun for example_display_name to None, run_after=None
[2024-04-20T19:19:22.640+0000] {processor.py:183} INFO - Processing /home/airflow/.local/lib/python3.12/site-packages/airflow/example_dags/example_display_name.py took 0.088 seconds
[2024-04-20T19:19:52.864+0000] {processor.py:161} INFO - Started process (PID=266) to work on /home/airflow/.local/lib/python3.12/site-packages/airflow/example_dags/example_display_name.py
[2024-04-20T19:19:52.866+0000] {processor.py:830} INFO - Processing file /home/airflow/.local/lib/python3.12/site-packages/airflow/example_dags/example_display_name.py for tasks to queue
[2024-04-20T19:19:52.869+0000] {logging_mixin.py:188} INFO - [2024-04-20T19:19:52.868+0000] {dagbag.py:540} INFO - Filling up the DagBag from /home/airflow/.local/lib/python3.12/site-packages/airflow/example_dags/example_display_name.py
[2024-04-20T19:19:52.881+0000] {processor.py:840} INFO - DAG(s) 'example_display_name' retrieved from /home/airflow/.local/lib/python3.12/site-packages/airflow/example_dags/example_display_name.py
[2024-04-20T19:19:52.918+0000] {logging_mixin.py:188} INFO - [2024-04-20T19:19:52.918+0000] {dag.py:3096} INFO - Sync 1 DAGs
[2024-04-20T19:19:52.950+0000] {logging_mixin.py:188} INFO - [2024-04-20T19:19:52.950+0000] {dag.py:3954} INFO - Setting next_dagrun for example_display_name to None, run_after=None
[2024-04-20T19:19:52.982+0000] {processor.py:183} INFO - Processing /home/airflow/.local/lib/python3.12/site-packages/airflow/example_dags/example_display_name.py took 0.128 seconds
[2024-04-20T19:20:23.172+0000] {processor.py:161} INFO - Started process (PID=324) to work on /home/airflow/.local/lib/python3.12/site-packages/airflow/example_dags/example_display_name.py
[2024-04-20T19:20:23.174+0000] {processor.py:830} INFO - Processing file /home/airflow/.local/lib/python3.12/site-packages/airflow/example_dags/example_display_name.py for tasks to queue
[2024-04-20T19:20:23.177+0000] {logging_mixin.py:188} INFO - [2024-04-20T19:20:23.176+0000] {dagbag.py:540} INFO - Filling up the DagBag from /home/airflow/.local/lib/python3.12/site-packages/airflow/example_dags/example_display_name.py
[2024-04-20T19:20:23.184+0000] {processor.py:840} INFO - DAG(s) 'example_display_name' retrieved from /home/airflow/.local/lib/python3.12/site-packages/airflow/example_dags/example_display_name.py
[2024-04-20T19:20:23.206+0000] {logging_mixin.py:188} INFO - [2024-04-20T19:20:23.206+0000] {dag.py:3096} INFO - Sync 1 DAGs
[2024-04-20T19:20:23.221+0000] {logging_mixin.py:188} INFO - [2024-04-20T19:20:23.221+0000] {dag.py:3954} INFO - Setting next_dagrun for example_display_name to None, run_after=None
[2024-04-20T19:20:23.250+0000] {processor.py:183} INFO - Processing /home/airflow/.local/lib/python3.12/site-packages/airflow/example_dags/example_display_name.py took 0.084 seconds
[2024-04-20T19:20:53.510+0000] {processor.py:161} INFO - Started process (PID=378) to work on /home/airflow/.local/lib/python3.12/site-packages/airflow/example_dags/example_display_name.py
[2024-04-20T19:20:53.514+0000] {processor.py:830} INFO - Processing file /home/airflow/.local/lib/python3.12/site-packages/airflow/example_dags/example_display_name.py for tasks to queue
[2024-04-20T19:20:53.517+0000] {logging_mixin.py:188} INFO - [2024-04-20T19:20:53.517+0000] {dagbag.py:540} INFO - Filling up the DagBag from /home/airflow/.local/lib/python3.12/site-packages/airflow/example_dags/example_display_name.py
[2024-04-20T19:20:53.532+0000] {processor.py:840} INFO - DAG(s) 'example_display_name' retrieved from /home/airflow/.local/lib/python3.12/site-packages/airflow/example_dags/example_display_name.py
[2024-04-20T19:20:53.581+0000] {logging_mixin.py:188} INFO - [2024-04-20T19:20:53.580+0000] {dag.py:3096} INFO - Sync 1 DAGs
[2024-04-20T19:20:53.603+0000] {logging_mixin.py:188} INFO - [2024-04-20T19:20:53.602+0000] {dag.py:3954} INFO - Setting next_dagrun for example_display_name to None, run_after=None
[2024-04-20T19:20:53.639+0000] {processor.py:183} INFO - Processing /home/airflow/.local/lib/python3.12/site-packages/airflow/example_dags/example_display_name.py took 0.139 seconds
[2024-04-20T19:21:24.012+0000] {processor.py:161} INFO - Started process (PID=436) to work on /home/airflow/.local/lib/python3.12/site-packages/airflow/example_dags/example_display_name.py
[2024-04-20T19:21:24.016+0000] {processor.py:830} INFO - Processing file /home/airflow/.local/lib/python3.12/site-packages/airflow/example_dags/example_display_name.py for tasks to queue
[2024-04-20T19:21:24.019+0000] {logging_mixin.py:188} INFO - [2024-04-20T19:21:24.019+0000] {dagbag.py:540} INFO - Filling up the DagBag from /home/airflow/.local/lib/python3.12/site-packages/airflow/example_dags/example_display_name.py
[2024-04-20T19:21:24.026+0000] {processor.py:840} INFO - DAG(s) 'example_display_name' retrieved from /home/airflow/.local/lib/python3.12/site-packages/airflow/example_dags/example_display_name.py
[2024-04-20T19:21:24.054+0000] {logging_mixin.py:188} INFO - [2024-04-20T19:21:24.053+0000] {dag.py:3096} INFO - Sync 1 DAGs
[2024-04-20T19:21:24.070+0000] {logging_mixin.py:188} INFO - [2024-04-20T19:21:24.069+0000] {dag.py:3954} INFO - Setting next_dagrun for example_display_name to None, run_after=None
[2024-04-20T19:21:24.100+0000] {processor.py:183} INFO - Processing /home/airflow/.local/lib/python3.12/site-packages/airflow/example_dags/example_display_name.py took 0.092 seconds
[2024-04-20T19:21:54.584+0000] {processor.py:161} INFO - Started process (PID=494) to work on /home/airflow/.local/lib/python3.12/site-packages/airflow/example_dags/example_display_name.py
[2024-04-20T19:21:54.585+0000] {processor.py:830} INFO - Processing file /home/airflow/.local/lib/python3.12/site-packages/airflow/example_dags/example_display_name.py for tasks to queue
[2024-04-20T19:21:54.589+0000] {logging_mixin.py:188} INFO - [2024-04-20T19:21:54.588+0000] {dagbag.py:540} INFO - Filling up the DagBag from /home/airflow/.local/lib/python3.12/site-packages/airflow/example_dags/example_display_name.py
[2024-04-20T19:21:54.599+0000] {processor.py:840} INFO - DAG(s) 'example_display_name' retrieved from /home/airflow/.local/lib/python3.12/site-packages/airflow/example_dags/example_display_name.py
[2024-04-20T19:21:54.633+0000] {logging_mixin.py:188} INFO - [2024-04-20T19:21:54.632+0000] {dag.py:3096} INFO - Sync 1 DAGs
[2024-04-20T19:21:54.653+0000] {logging_mixin.py:188} INFO - [2024-04-20T19:21:54.653+0000] {dag.py:3954} INFO - Setting next_dagrun for example_display_name to None, run_after=None
[2024-04-20T19:21:54.700+0000] {processor.py:183} INFO - Processing /home/airflow/.local/lib/python3.12/site-packages/airflow/example_dags/example_display_name.py took 0.126 seconds
[2024-04-20T19:22:25.311+0000] {processor.py:161} INFO - Started process (PID=552) to work on /home/airflow/.local/lib/python3.12/site-packages/airflow/example_dags/example_display_name.py
[2024-04-20T19:22:25.315+0000] {processor.py:830} INFO - Processing file /home/airflow/.local/lib/python3.12/site-packages/airflow/example_dags/example_display_name.py for tasks to queue
[2024-04-20T19:22:25.318+0000] {logging_mixin.py:188} INFO - [2024-04-20T19:22:25.318+0000] {dagbag.py:540} INFO - Filling up the DagBag from /home/airflow/.local/lib/python3.12/site-packages/airflow/example_dags/example_display_name.py
[2024-04-20T19:22:25.331+0000] {processor.py:840} INFO - DAG(s) 'example_display_name' retrieved from /home/airflow/.local/lib/python3.12/site-packages/airflow/example_dags/example_display_name.py
[2024-04-20T19:22:25.384+0000] {logging_mixin.py:188} INFO - [2024-04-20T19:22:25.383+0000] {dag.py:3096} INFO - Sync 1 DAGs
[2024-04-20T19:22:25.420+0000] {logging_mixin.py:188} INFO - [2024-04-20T19:22:25.419+0000] {dag.py:3954} INFO - Setting next_dagrun for example_display_name to None, run_after=None
[2024-04-20T19:22:25.470+0000] {processor.py:183} INFO - Processing /home/airflow/.local/lib/python3.12/site-packages/airflow/example_dags/example_display_name.py took 0.166 seconds
[2024-04-20T19:22:58.572+0000] {processor.py:161} INFO - Started process (PID=616) to work on /home/airflow/.local/lib/python3.12/site-packages/airflow/example_dags/example_display_name.py
[2024-04-20T19:22:58.582+0000] {processor.py:830} INFO - Processing file /home/airflow/.local/lib/python3.12/site-packages/airflow/example_dags/example_display_name.py for tasks to queue
[2024-04-20T19:22:58.607+0000] {logging_mixin.py:188} INFO - [2024-04-20T19:22:58.605+0000] {dagbag.py:540} INFO - Filling up the DagBag from /home/airflow/.local/lib/python3.12/site-packages/airflow/example_dags/example_display_name.py
[2024-04-20T19:22:58.673+0000] {processor.py:840} INFO - DAG(s) 'example_display_name' retrieved from /home/airflow/.local/lib/python3.12/site-packages/airflow/example_dags/example_display_name.py
[2024-04-20T19:22:58.861+0000] {logging_mixin.py:188} INFO - [2024-04-20T19:22:58.858+0000] {dag.py:3096} INFO - Sync 1 DAGs
[2024-04-20T19:22:58.996+0000] {logging_mixin.py:188} INFO - [2024-04-20T19:22:58.994+0000] {dag.py:3954} INFO - Setting next_dagrun for example_display_name to None, run_after=None
[2024-04-20T19:22:59.170+0000] {processor.py:183} INFO - Processing /home/airflow/.local/lib/python3.12/site-packages/airflow/example_dags/example_display_name.py took 0.647 seconds
[2024-04-20T19:23:31.443+0000] {processor.py:161} INFO - Started process (PID=674) to work on /home/airflow/.local/lib/python3.12/site-packages/airflow/example_dags/example_display_name.py
[2024-04-20T19:23:31.450+0000] {processor.py:830} INFO - Processing file /home/airflow/.local/lib/python3.12/site-packages/airflow/example_dags/example_display_name.py for tasks to queue
[2024-04-20T19:23:31.457+0000] {logging_mixin.py:188} INFO - [2024-04-20T19:23:31.456+0000] {dagbag.py:540} INFO - Filling up the DagBag from /home/airflow/.local/lib/python3.12/site-packages/airflow/example_dags/example_display_name.py
[2024-04-20T19:23:31.491+0000] {processor.py:840} INFO - DAG(s) 'example_display_name' retrieved from /home/airflow/.local/lib/python3.12/site-packages/airflow/example_dags/example_display_name.py
[2024-04-20T19:23:31.607+0000] {logging_mixin.py:188} INFO - [2024-04-20T19:23:31.606+0000] {dag.py:3096} INFO - Sync 1 DAGs
[2024-04-20T19:23:31.715+0000] {logging_mixin.py:188} INFO - [2024-04-20T19:23:31.713+0000] {dag.py:3954} INFO - Setting next_dagrun for example_display_name to None, run_after=None
[2024-04-20T19:23:31.837+0000] {processor.py:183} INFO - Processing /home/airflow/.local/lib/python3.12/site-packages/airflow/example_dags/example_display_name.py took 0.426 seconds
[2024-04-20T19:24:02.209+0000] {processor.py:161} INFO - Started process (PID=732) to work on /home/airflow/.local/lib/python3.12/site-packages/airflow/example_dags/example_display_name.py
[2024-04-20T19:24:02.216+0000] {processor.py:830} INFO - Processing file /home/airflow/.local/lib/python3.12/site-packages/airflow/example_dags/example_display_name.py for tasks to queue
[2024-04-20T19:24:02.220+0000] {logging_mixin.py:188} INFO - [2024-04-20T19:24:02.220+0000] {dagbag.py:540} INFO - Filling up the DagBag from /home/airflow/.local/lib/python3.12/site-packages/airflow/example_dags/example_display_name.py
[2024-04-20T19:24:02.236+0000] {processor.py:840} INFO - DAG(s) 'example_display_name' retrieved from /home/airflow/.local/lib/python3.12/site-packages/airflow/example_dags/example_display_name.py
[2024-04-20T19:24:02.286+0000] {logging_mixin.py:188} INFO - [2024-04-20T19:24:02.286+0000] {dag.py:3096} INFO - Sync 1 DAGs
[2024-04-20T19:24:02.329+0000] {logging_mixin.py:188} INFO - [2024-04-20T19:24:02.326+0000] {dag.py:3954} INFO - Setting next_dagrun for example_display_name to None, run_after=None
[2024-04-20T19:24:02.452+0000] {processor.py:183} INFO - Processing /home/airflow/.local/lib/python3.12/site-packages/airflow/example_dags/example_display_name.py took 0.252 seconds
[2024-04-20T19:24:32.769+0000] {processor.py:161} INFO - Started process (PID=790) to work on /home/airflow/.local/lib/python3.12/site-packages/airflow/example_dags/example_display_name.py
[2024-04-20T19:24:32.771+0000] {processor.py:830} INFO - Processing file /home/airflow/.local/lib/python3.12/site-packages/airflow/example_dags/example_display_name.py for tasks to queue
[2024-04-20T19:24:32.774+0000] {logging_mixin.py:188} INFO - [2024-04-20T19:24:32.773+0000] {dagbag.py:540} INFO - Filling up the DagBag from /home/airflow/.local/lib/python3.12/site-packages/airflow/example_dags/example_display_name.py
[2024-04-20T19:24:32.788+0000] {processor.py:840} INFO - DAG(s) 'example_display_name' retrieved from /home/airflow/.local/lib/python3.12/site-packages/airflow/example_dags/example_display_name.py
[2024-04-20T19:24:32.826+0000] {logging_mixin.py:188} INFO - [2024-04-20T19:24:32.825+0000] {dag.py:3096} INFO - Sync 1 DAGs
[2024-04-20T19:24:32.854+0000] {logging_mixin.py:188} INFO - [2024-04-20T19:24:32.854+0000] {dag.py:3954} INFO - Setting next_dagrun for example_display_name to None, run_after=None
[2024-04-20T19:24:32.900+0000] {processor.py:183} INFO - Processing /home/airflow/.local/lib/python3.12/site-packages/airflow/example_dags/example_display_name.py took 0.145 seconds
[2024-04-20T19:25:03.165+0000] {processor.py:161} INFO - Started process (PID=848) to work on /home/airflow/.local/lib/python3.12/site-packages/airflow/example_dags/example_display_name.py
[2024-04-20T19:25:03.168+0000] {processor.py:830} INFO - Processing file /home/airflow/.local/lib/python3.12/site-packages/airflow/example_dags/example_display_name.py for tasks to queue
[2024-04-20T19:25:03.175+0000] {logging_mixin.py:188} INFO - [2024-04-20T19:25:03.175+0000] {dagbag.py:540} INFO - Filling up the DagBag from /home/airflow/.local/lib/python3.12/site-packages/airflow/example_dags/example_display_name.py
[2024-04-20T19:25:03.187+0000] {processor.py:840} INFO - DAG(s) 'example_display_name' retrieved from /home/airflow/.local/lib/python3.12/site-packages/airflow/example_dags/example_display_name.py
[2024-04-20T19:25:03.229+0000] {logging_mixin.py:188} INFO - [2024-04-20T19:25:03.227+0000] {dag.py:3096} INFO - Sync 1 DAGs
[2024-04-20T19:25:03.267+0000] {logging_mixin.py:188} INFO - [2024-04-20T19:25:03.267+0000] {dag.py:3954} INFO - Setting next_dagrun for example_display_name to None, run_after=None
[2024-04-20T19:25:03.326+0000] {processor.py:183} INFO - Processing /home/airflow/.local/lib/python3.12/site-packages/airflow/example_dags/example_display_name.py took 0.174 seconds
