[2024-04-20T19:17:59.654+0000] {processor.py:161} INFO - Started process (PID=62) to work on /home/airflow/.local/lib/python3.12/site-packages/airflow/example_dags/example_complex.py
[2024-04-20T19:17:59.658+0000] {processor.py:830} INFO - Processing file /home/airflow/.local/lib/python3.12/site-packages/airflow/example_dags/example_complex.py for tasks to queue
[2024-04-20T19:17:59.664+0000] {logging_mixin.py:188} INFO - [2024-04-20T19:17:59.663+0000] {dagbag.py:540} INFO - Filling up the DagBag from /home/airflow/.local/lib/python3.12/site-packages/airflow/example_dags/example_complex.py
[2024-04-20T19:17:59.695+0000] {processor.py:840} INFO - DAG(s) 'example_complex' retrieved from /home/airflow/.local/lib/python3.12/site-packages/airflow/example_dags/example_complex.py
[2024-04-20T19:18:00.174+0000] {logging_mixin.py:188} INFO - [2024-04-20T19:18:00.173+0000] {dag.py:3096} INFO - Sync 1 DAGs
[2024-04-20T19:18:00.238+0000] {logging_mixin.py:188} INFO - [2024-04-20T19:18:00.237+0000] {dag.py:3954} INFO - Setting next_dagrun for example_complex to None, run_after=None
[2024-04-20T19:18:00.336+0000] {processor.py:183} INFO - Processing /home/airflow/.local/lib/python3.12/site-packages/airflow/example_dags/example_complex.py took 0.699 seconds
[2024-04-20T19:18:30.735+0000] {processor.py:161} INFO - Started process (PID=120) to work on /home/airflow/.local/lib/python3.12/site-packages/airflow/example_dags/example_complex.py
[2024-04-20T19:18:30.738+0000] {processor.py:830} INFO - Processing file /home/airflow/.local/lib/python3.12/site-packages/airflow/example_dags/example_complex.py for tasks to queue
[2024-04-20T19:18:30.743+0000] {logging_mixin.py:188} INFO - [2024-04-20T19:18:30.742+0000] {dagbag.py:540} INFO - Filling up the DagBag from /home/airflow/.local/lib/python3.12/site-packages/airflow/example_dags/example_complex.py
[2024-04-20T19:18:30.776+0000] {processor.py:840} INFO - DAG(s) 'example_complex' retrieved from /home/airflow/.local/lib/python3.12/site-packages/airflow/example_dags/example_complex.py
[2024-04-20T19:18:30.854+0000] {logging_mixin.py:188} INFO - [2024-04-20T19:18:30.853+0000] {dag.py:3096} INFO - Sync 1 DAGs
[2024-04-20T19:18:30.887+0000] {logging_mixin.py:188} INFO - [2024-04-20T19:18:30.886+0000] {dag.py:3954} INFO - Setting next_dagrun for example_complex to None, run_after=None
[2024-04-20T19:18:30.938+0000] {processor.py:183} INFO - Processing /home/airflow/.local/lib/python3.12/site-packages/airflow/example_dags/example_complex.py took 0.222 seconds
[2024-04-20T19:19:02.870+0000] {processor.py:161} INFO - Started process (PID=178) to work on /home/airflow/.local/lib/python3.12/site-packages/airflow/example_dags/example_complex.py
[2024-04-20T19:19:02.876+0000] {processor.py:830} INFO - Processing file /home/airflow/.local/lib/python3.12/site-packages/airflow/example_dags/example_complex.py for tasks to queue
[2024-04-20T19:19:02.893+0000] {logging_mixin.py:188} INFO - [2024-04-20T19:19:02.890+0000] {dagbag.py:540} INFO - Filling up the DagBag from /home/airflow/.local/lib/python3.12/site-packages/airflow/example_dags/example_complex.py
[2024-04-20T19:19:02.968+0000] {processor.py:840} INFO - DAG(s) 'example_complex' retrieved from /home/airflow/.local/lib/python3.12/site-packages/airflow/example_dags/example_complex.py
[2024-04-20T19:19:03.225+0000] {logging_mixin.py:188} INFO - [2024-04-20T19:19:03.224+0000] {dag.py:3096} INFO - Sync 1 DAGs
[2024-04-20T19:19:03.303+0000] {logging_mixin.py:188} INFO - [2024-04-20T19:19:03.303+0000] {dag.py:3954} INFO - Setting next_dagrun for example_complex to None, run_after=None
[2024-04-20T19:19:03.371+0000] {processor.py:183} INFO - Processing /home/airflow/.local/lib/python3.12/site-packages/airflow/example_dags/example_complex.py took 0.523 seconds
[2024-04-20T19:19:33.720+0000] {processor.py:161} INFO - Started process (PID=234) to work on /home/airflow/.local/lib/python3.12/site-packages/airflow/example_dags/example_complex.py
[2024-04-20T19:19:33.722+0000] {processor.py:830} INFO - Processing file /home/airflow/.local/lib/python3.12/site-packages/airflow/example_dags/example_complex.py for tasks to queue
[2024-04-20T19:19:33.727+0000] {logging_mixin.py:188} INFO - [2024-04-20T19:19:33.727+0000] {dagbag.py:540} INFO - Filling up the DagBag from /home/airflow/.local/lib/python3.12/site-packages/airflow/example_dags/example_complex.py
[2024-04-20T19:19:33.763+0000] {processor.py:840} INFO - DAG(s) 'example_complex' retrieved from /home/airflow/.local/lib/python3.12/site-packages/airflow/example_dags/example_complex.py
[2024-04-20T19:19:33.841+0000] {logging_mixin.py:188} INFO - [2024-04-20T19:19:33.840+0000] {dag.py:3096} INFO - Sync 1 DAGs
[2024-04-20T19:19:33.869+0000] {logging_mixin.py:188} INFO - [2024-04-20T19:19:33.869+0000] {dag.py:3954} INFO - Setting next_dagrun for example_complex to None, run_after=None
[2024-04-20T19:19:33.917+0000] {processor.py:183} INFO - Processing /home/airflow/.local/lib/python3.12/site-packages/airflow/example_dags/example_complex.py took 0.213 seconds
[2024-04-20T19:20:04.448+0000] {processor.py:161} INFO - Started process (PID=291) to work on /home/airflow/.local/lib/python3.12/site-packages/airflow/example_dags/example_complex.py
[2024-04-20T19:20:04.450+0000] {processor.py:830} INFO - Processing file /home/airflow/.local/lib/python3.12/site-packages/airflow/example_dags/example_complex.py for tasks to queue
[2024-04-20T19:20:04.456+0000] {logging_mixin.py:188} INFO - [2024-04-20T19:20:04.455+0000] {dagbag.py:540} INFO - Filling up the DagBag from /home/airflow/.local/lib/python3.12/site-packages/airflow/example_dags/example_complex.py
[2024-04-20T19:20:04.472+0000] {processor.py:840} INFO - DAG(s) 'example_complex' retrieved from /home/airflow/.local/lib/python3.12/site-packages/airflow/example_dags/example_complex.py
[2024-04-20T19:20:04.529+0000] {logging_mixin.py:188} INFO - [2024-04-20T19:20:04.527+0000] {dag.py:3096} INFO - Sync 1 DAGs
[2024-04-20T19:20:04.553+0000] {logging_mixin.py:188} INFO - [2024-04-20T19:20:04.552+0000] {dag.py:3954} INFO - Setting next_dagrun for example_complex to None, run_after=None
[2024-04-20T19:20:04.599+0000] {processor.py:183} INFO - Processing /home/airflow/.local/lib/python3.12/site-packages/airflow/example_dags/example_complex.py took 0.163 seconds
[2024-04-20T19:20:34.831+0000] {processor.py:161} INFO - Started process (PID=349) to work on /home/airflow/.local/lib/python3.12/site-packages/airflow/example_dags/example_complex.py
[2024-04-20T19:20:34.833+0000] {processor.py:830} INFO - Processing file /home/airflow/.local/lib/python3.12/site-packages/airflow/example_dags/example_complex.py for tasks to queue
[2024-04-20T19:20:34.835+0000] {logging_mixin.py:188} INFO - [2024-04-20T19:20:34.835+0000] {dagbag.py:540} INFO - Filling up the DagBag from /home/airflow/.local/lib/python3.12/site-packages/airflow/example_dags/example_complex.py
[2024-04-20T19:20:34.851+0000] {processor.py:840} INFO - DAG(s) 'example_complex' retrieved from /home/airflow/.local/lib/python3.12/site-packages/airflow/example_dags/example_complex.py
[2024-04-20T19:20:34.893+0000] {logging_mixin.py:188} INFO - [2024-04-20T19:20:34.892+0000] {dag.py:3096} INFO - Sync 1 DAGs
[2024-04-20T19:20:34.915+0000] {logging_mixin.py:188} INFO - [2024-04-20T19:20:34.915+0000] {dag.py:3954} INFO - Setting next_dagrun for example_complex to None, run_after=None
[2024-04-20T19:20:34.950+0000] {processor.py:183} INFO - Processing /home/airflow/.local/lib/python3.12/site-packages/airflow/example_dags/example_complex.py took 0.128 seconds
[2024-04-20T19:21:05.837+0000] {processor.py:161} INFO - Started process (PID=407) to work on /home/airflow/.local/lib/python3.12/site-packages/airflow/example_dags/example_complex.py
[2024-04-20T19:21:05.839+0000] {processor.py:830} INFO - Processing file /home/airflow/.local/lib/python3.12/site-packages/airflow/example_dags/example_complex.py for tasks to queue
[2024-04-20T19:21:05.847+0000] {logging_mixin.py:188} INFO - [2024-04-20T19:21:05.843+0000] {dagbag.py:540} INFO - Filling up the DagBag from /home/airflow/.local/lib/python3.12/site-packages/airflow/example_dags/example_complex.py
[2024-04-20T19:21:05.880+0000] {processor.py:840} INFO - DAG(s) 'example_complex' retrieved from /home/airflow/.local/lib/python3.12/site-packages/airflow/example_dags/example_complex.py
[2024-04-20T19:21:06.005+0000] {logging_mixin.py:188} INFO - [2024-04-20T19:21:06.005+0000] {dag.py:3096} INFO - Sync 1 DAGs
[2024-04-20T19:21:06.070+0000] {logging_mixin.py:188} INFO - [2024-04-20T19:21:06.069+0000] {dag.py:3954} INFO - Setting next_dagrun for example_complex to None, run_after=None
[2024-04-20T19:21:06.141+0000] {processor.py:183} INFO - Processing /home/airflow/.local/lib/python3.12/site-packages/airflow/example_dags/example_complex.py took 0.330 seconds
[2024-04-20T19:21:36.458+0000] {processor.py:161} INFO - Started process (PID=465) to work on /home/airflow/.local/lib/python3.12/site-packages/airflow/example_dags/example_complex.py
[2024-04-20T19:21:36.465+0000] {processor.py:830} INFO - Processing file /home/airflow/.local/lib/python3.12/site-packages/airflow/example_dags/example_complex.py for tasks to queue
[2024-04-20T19:21:36.468+0000] {logging_mixin.py:188} INFO - [2024-04-20T19:21:36.468+0000] {dagbag.py:540} INFO - Filling up the DagBag from /home/airflow/.local/lib/python3.12/site-packages/airflow/example_dags/example_complex.py
[2024-04-20T19:21:36.483+0000] {processor.py:840} INFO - DAG(s) 'example_complex' retrieved from /home/airflow/.local/lib/python3.12/site-packages/airflow/example_dags/example_complex.py
[2024-04-20T19:21:36.532+0000] {logging_mixin.py:188} INFO - [2024-04-20T19:21:36.531+0000] {dag.py:3096} INFO - Sync 1 DAGs
[2024-04-20T19:21:36.550+0000] {logging_mixin.py:188} INFO - [2024-04-20T19:21:36.550+0000] {dag.py:3954} INFO - Setting next_dagrun for example_complex to None, run_after=None
[2024-04-20T19:21:36.586+0000] {processor.py:183} INFO - Processing /home/airflow/.local/lib/python3.12/site-packages/airflow/example_dags/example_complex.py took 0.133 seconds
[2024-04-20T19:22:07.239+0000] {processor.py:161} INFO - Started process (PID=523) to work on /home/airflow/.local/lib/python3.12/site-packages/airflow/example_dags/example_complex.py
[2024-04-20T19:22:07.244+0000] {processor.py:830} INFO - Processing file /home/airflow/.local/lib/python3.12/site-packages/airflow/example_dags/example_complex.py for tasks to queue
[2024-04-20T19:22:07.254+0000] {logging_mixin.py:188} INFO - [2024-04-20T19:22:07.253+0000] {dagbag.py:540} INFO - Filling up the DagBag from /home/airflow/.local/lib/python3.12/site-packages/airflow/example_dags/example_complex.py
[2024-04-20T19:22:07.323+0000] {processor.py:840} INFO - DAG(s) 'example_complex' retrieved from /home/airflow/.local/lib/python3.12/site-packages/airflow/example_dags/example_complex.py
[2024-04-20T19:22:07.424+0000] {logging_mixin.py:188} INFO - [2024-04-20T19:22:07.423+0000] {dag.py:3096} INFO - Sync 1 DAGs
[2024-04-20T19:22:07.456+0000] {logging_mixin.py:188} INFO - [2024-04-20T19:22:07.456+0000] {dag.py:3954} INFO - Setting next_dagrun for example_complex to None, run_after=None
[2024-04-20T19:22:07.515+0000] {processor.py:183} INFO - Processing /home/airflow/.local/lib/python3.12/site-packages/airflow/example_dags/example_complex.py took 0.297 seconds
[2024-04-20T19:22:37.849+0000] {processor.py:161} INFO - Started process (PID=581) to work on /home/airflow/.local/lib/python3.12/site-packages/airflow/example_dags/example_complex.py
[2024-04-20T19:22:37.851+0000] {processor.py:830} INFO - Processing file /home/airflow/.local/lib/python3.12/site-packages/airflow/example_dags/example_complex.py for tasks to queue
[2024-04-20T19:22:37.855+0000] {logging_mixin.py:188} INFO - [2024-04-20T19:22:37.854+0000] {dagbag.py:540} INFO - Filling up the DagBag from /home/airflow/.local/lib/python3.12/site-packages/airflow/example_dags/example_complex.py
[2024-04-20T19:22:37.870+0000] {processor.py:840} INFO - DAG(s) 'example_complex' retrieved from /home/airflow/.local/lib/python3.12/site-packages/airflow/example_dags/example_complex.py
[2024-04-20T19:22:37.966+0000] {logging_mixin.py:188} INFO - [2024-04-20T19:22:37.966+0000] {dag.py:3096} INFO - Sync 1 DAGs
[2024-04-20T19:22:38.009+0000] {logging_mixin.py:188} INFO - [2024-04-20T19:22:38.008+0000] {dag.py:3954} INFO - Setting next_dagrun for example_complex to None, run_after=None
[2024-04-20T19:22:38.074+0000] {processor.py:183} INFO - Processing /home/airflow/.local/lib/python3.12/site-packages/airflow/example_dags/example_complex.py took 0.240 seconds
[2024-04-20T19:23:08.308+0000] {processor.py:161} INFO - Started process (PID=639) to work on /home/airflow/.local/lib/python3.12/site-packages/airflow/example_dags/example_complex.py
[2024-04-20T19:23:08.310+0000] {processor.py:830} INFO - Processing file /home/airflow/.local/lib/python3.12/site-packages/airflow/example_dags/example_complex.py for tasks to queue
[2024-04-20T19:23:08.318+0000] {logging_mixin.py:188} INFO - [2024-04-20T19:23:08.317+0000] {dagbag.py:540} INFO - Filling up the DagBag from /home/airflow/.local/lib/python3.12/site-packages/airflow/example_dags/example_complex.py
[2024-04-20T19:23:08.335+0000] {processor.py:840} INFO - DAG(s) 'example_complex' retrieved from /home/airflow/.local/lib/python3.12/site-packages/airflow/example_dags/example_complex.py
[2024-04-20T19:23:08.391+0000] {logging_mixin.py:188} INFO - [2024-04-20T19:23:08.391+0000] {dag.py:3096} INFO - Sync 1 DAGs
[2024-04-20T19:23:08.416+0000] {logging_mixin.py:188} INFO - [2024-04-20T19:23:08.415+0000] {dag.py:3954} INFO - Setting next_dagrun for example_complex to None, run_after=None
[2024-04-20T19:23:08.463+0000] {processor.py:183} INFO - Processing /home/airflow/.local/lib/python3.12/site-packages/airflow/example_dags/example_complex.py took 0.160 seconds
[2024-04-20T19:23:38.767+0000] {processor.py:161} INFO - Started process (PID=697) to work on /home/airflow/.local/lib/python3.12/site-packages/airflow/example_dags/example_complex.py
[2024-04-20T19:23:38.769+0000] {processor.py:830} INFO - Processing file /home/airflow/.local/lib/python3.12/site-packages/airflow/example_dags/example_complex.py for tasks to queue
[2024-04-20T19:23:38.773+0000] {logging_mixin.py:188} INFO - [2024-04-20T19:23:38.772+0000] {dagbag.py:540} INFO - Filling up the DagBag from /home/airflow/.local/lib/python3.12/site-packages/airflow/example_dags/example_complex.py
[2024-04-20T19:23:38.792+0000] {processor.py:840} INFO - DAG(s) 'example_complex' retrieved from /home/airflow/.local/lib/python3.12/site-packages/airflow/example_dags/example_complex.py
[2024-04-20T19:23:38.847+0000] {logging_mixin.py:188} INFO - [2024-04-20T19:23:38.846+0000] {dag.py:3096} INFO - Sync 1 DAGs
[2024-04-20T19:23:38.878+0000] {logging_mixin.py:188} INFO - [2024-04-20T19:23:38.877+0000] {dag.py:3954} INFO - Setting next_dagrun for example_complex to None, run_after=None
[2024-04-20T19:23:38.924+0000] {processor.py:183} INFO - Processing /home/airflow/.local/lib/python3.12/site-packages/airflow/example_dags/example_complex.py took 0.171 seconds
[2024-04-20T19:24:09.325+0000] {processor.py:161} INFO - Started process (PID=755) to work on /home/airflow/.local/lib/python3.12/site-packages/airflow/example_dags/example_complex.py
[2024-04-20T19:24:09.329+0000] {processor.py:830} INFO - Processing file /home/airflow/.local/lib/python3.12/site-packages/airflow/example_dags/example_complex.py for tasks to queue
[2024-04-20T19:24:09.337+0000] {logging_mixin.py:188} INFO - [2024-04-20T19:24:09.336+0000] {dagbag.py:540} INFO - Filling up the DagBag from /home/airflow/.local/lib/python3.12/site-packages/airflow/example_dags/example_complex.py
[2024-04-20T19:24:09.359+0000] {processor.py:840} INFO - DAG(s) 'example_complex' retrieved from /home/airflow/.local/lib/python3.12/site-packages/airflow/example_dags/example_complex.py
[2024-04-20T19:24:09.485+0000] {logging_mixin.py:188} INFO - [2024-04-20T19:24:09.484+0000] {dag.py:3096} INFO - Sync 1 DAGs
[2024-04-20T19:24:09.535+0000] {logging_mixin.py:188} INFO - [2024-04-20T19:24:09.534+0000] {dag.py:3954} INFO - Setting next_dagrun for example_complex to None, run_after=None
[2024-04-20T19:24:09.615+0000] {processor.py:183} INFO - Processing /home/airflow/.local/lib/python3.12/site-packages/airflow/example_dags/example_complex.py took 0.297 seconds
[2024-04-20T19:24:40.249+0000] {processor.py:161} INFO - Started process (PID=813) to work on /home/airflow/.local/lib/python3.12/site-packages/airflow/example_dags/example_complex.py
[2024-04-20T19:24:40.255+0000] {processor.py:830} INFO - Processing file /home/airflow/.local/lib/python3.12/site-packages/airflow/example_dags/example_complex.py for tasks to queue
[2024-04-20T19:24:40.262+0000] {logging_mixin.py:188} INFO - [2024-04-20T19:24:40.259+0000] {dagbag.py:540} INFO - Filling up the DagBag from /home/airflow/.local/lib/python3.12/site-packages/airflow/example_dags/example_complex.py
[2024-04-20T19:24:40.300+0000] {processor.py:840} INFO - DAG(s) 'example_complex' retrieved from /home/airflow/.local/lib/python3.12/site-packages/airflow/example_dags/example_complex.py
[2024-04-20T19:24:40.397+0000] {logging_mixin.py:188} INFO - [2024-04-20T19:24:40.395+0000] {dag.py:3096} INFO - Sync 1 DAGs
[2024-04-20T19:24:40.439+0000] {logging_mixin.py:188} INFO - [2024-04-20T19:24:40.438+0000] {dag.py:3954} INFO - Setting next_dagrun for example_complex to None, run_after=None
[2024-04-20T19:24:40.520+0000] {processor.py:183} INFO - Processing /home/airflow/.local/lib/python3.12/site-packages/airflow/example_dags/example_complex.py took 0.284 seconds
[2024-04-20T19:25:11.033+0000] {processor.py:161} INFO - Started process (PID=871) to work on /home/airflow/.local/lib/python3.12/site-packages/airflow/example_dags/example_complex.py
[2024-04-20T19:25:11.035+0000] {processor.py:830} INFO - Processing file /home/airflow/.local/lib/python3.12/site-packages/airflow/example_dags/example_complex.py for tasks to queue
[2024-04-20T19:25:11.040+0000] {logging_mixin.py:188} INFO - [2024-04-20T19:25:11.039+0000] {dagbag.py:540} INFO - Filling up the DagBag from /home/airflow/.local/lib/python3.12/site-packages/airflow/example_dags/example_complex.py
[2024-04-20T19:25:11.069+0000] {processor.py:840} INFO - DAG(s) 'example_complex' retrieved from /home/airflow/.local/lib/python3.12/site-packages/airflow/example_dags/example_complex.py
[2024-04-20T19:25:11.158+0000] {logging_mixin.py:188} INFO - [2024-04-20T19:25:11.157+0000] {dag.py:3096} INFO - Sync 1 DAGs
[2024-04-20T19:25:11.190+0000] {logging_mixin.py:188} INFO - [2024-04-20T19:25:11.189+0000] {dag.py:3954} INFO - Setting next_dagrun for example_complex to None, run_after=None
[2024-04-20T19:25:11.250+0000] {processor.py:183} INFO - Processing /home/airflow/.local/lib/python3.12/site-packages/airflow/example_dags/example_complex.py took 0.235 seconds
