[2024-04-20T19:17:50.827+0000] {processor.py:161} INFO - Started process (PID=49) to work on /home/airflow/.local/lib/python3.12/site-packages/airflow/example_dags/example_short_circuit_decorator.py
[2024-04-20T19:17:50.830+0000] {processor.py:830} INFO - Processing file /home/airflow/.local/lib/python3.12/site-packages/airflow/example_dags/example_short_circuit_decorator.py for tasks to queue
[2024-04-20T19:17:50.840+0000] {logging_mixin.py:188} INFO - [2024-04-20T19:17:50.839+0000] {dagbag.py:540} INFO - Filling up the DagBag from /home/airflow/.local/lib/python3.12/site-packages/airflow/example_dags/example_short_circuit_decorator.py
[2024-04-20T19:17:51.092+0000] {processor.py:840} INFO - DAG(s) 'example_short_circuit_decorator' retrieved from /home/airflow/.local/lib/python3.12/site-packages/airflow/example_dags/example_short_circuit_decorator.py
[2024-04-20T19:17:54.137+0000] {logging_mixin.py:188} INFO - [2024-04-20T19:17:54.130+0000] {dag.py:3096} INFO - Sync 1 DAGs
[2024-04-20T19:17:54.419+0000] {logging_mixin.py:188} INFO - [2024-04-20T19:17:54.418+0000] {dag.py:3954} INFO - Setting next_dagrun for example_short_circuit_decorator to 2024-04-19 00:00:00+00:00, run_after=2024-04-20 00:00:00+00:00
[2024-04-20T19:17:54.776+0000] {processor.py:183} INFO - Processing /home/airflow/.local/lib/python3.12/site-packages/airflow/example_dags/example_short_circuit_decorator.py took 4.176 seconds
[2024-04-20T19:18:25.300+0000] {processor.py:161} INFO - Started process (PID=112) to work on /home/airflow/.local/lib/python3.12/site-packages/airflow/example_dags/example_short_circuit_decorator.py
[2024-04-20T19:18:25.305+0000] {processor.py:830} INFO - Processing file /home/airflow/.local/lib/python3.12/site-packages/airflow/example_dags/example_short_circuit_decorator.py for tasks to queue
[2024-04-20T19:18:25.309+0000] {logging_mixin.py:188} INFO - [2024-04-20T19:18:25.308+0000] {dagbag.py:540} INFO - Filling up the DagBag from /home/airflow/.local/lib/python3.12/site-packages/airflow/example_dags/example_short_circuit_decorator.py
[2024-04-20T19:18:25.331+0000] {processor.py:840} INFO - DAG(s) 'example_short_circuit_decorator' retrieved from /home/airflow/.local/lib/python3.12/site-packages/airflow/example_dags/example_short_circuit_decorator.py
[2024-04-20T19:18:25.390+0000] {logging_mixin.py:188} INFO - [2024-04-20T19:18:25.389+0000] {dag.py:3096} INFO - Sync 1 DAGs
[2024-04-20T19:18:25.453+0000] {logging_mixin.py:188} INFO - [2024-04-20T19:18:25.452+0000] {dag.py:3954} INFO - Setting next_dagrun for example_short_circuit_decorator to 2024-04-19 00:00:00+00:00, run_after=2024-04-20 00:00:00+00:00
[2024-04-20T19:18:25.510+0000] {processor.py:183} INFO - Processing /home/airflow/.local/lib/python3.12/site-packages/airflow/example_dags/example_short_circuit_decorator.py took 0.224 seconds
[2024-04-20T19:18:56.231+0000] {processor.py:161} INFO - Started process (PID=170) to work on /home/airflow/.local/lib/python3.12/site-packages/airflow/example_dags/example_short_circuit_decorator.py
[2024-04-20T19:18:56.243+0000] {processor.py:830} INFO - Processing file /home/airflow/.local/lib/python3.12/site-packages/airflow/example_dags/example_short_circuit_decorator.py for tasks to queue
[2024-04-20T19:18:56.259+0000] {logging_mixin.py:188} INFO - [2024-04-20T19:18:56.257+0000] {dagbag.py:540} INFO - Filling up the DagBag from /home/airflow/.local/lib/python3.12/site-packages/airflow/example_dags/example_short_circuit_decorator.py
[2024-04-20T19:18:56.377+0000] {processor.py:840} INFO - DAG(s) 'example_short_circuit_decorator' retrieved from /home/airflow/.local/lib/python3.12/site-packages/airflow/example_dags/example_short_circuit_decorator.py
[2024-04-20T19:18:56.509+0000] {logging_mixin.py:188} INFO - [2024-04-20T19:18:56.508+0000] {dag.py:3096} INFO - Sync 1 DAGs
[2024-04-20T19:18:56.820+0000] {logging_mixin.py:188} INFO - [2024-04-20T19:18:56.819+0000] {dag.py:3954} INFO - Setting next_dagrun for example_short_circuit_decorator to 2024-04-19 00:00:00+00:00, run_after=2024-04-20 00:00:00+00:00
[2024-04-20T19:18:57.036+0000] {processor.py:183} INFO - Processing /home/airflow/.local/lib/python3.12/site-packages/airflow/example_dags/example_short_circuit_decorator.py took 0.840 seconds
[2024-04-20T19:19:27.450+0000] {processor.py:161} INFO - Started process (PID=226) to work on /home/airflow/.local/lib/python3.12/site-packages/airflow/example_dags/example_short_circuit_decorator.py
[2024-04-20T19:19:27.452+0000] {processor.py:830} INFO - Processing file /home/airflow/.local/lib/python3.12/site-packages/airflow/example_dags/example_short_circuit_decorator.py for tasks to queue
[2024-04-20T19:19:27.455+0000] {logging_mixin.py:188} INFO - [2024-04-20T19:19:27.454+0000] {dagbag.py:540} INFO - Filling up the DagBag from /home/airflow/.local/lib/python3.12/site-packages/airflow/example_dags/example_short_circuit_decorator.py
[2024-04-20T19:19:27.472+0000] {processor.py:840} INFO - DAG(s) 'example_short_circuit_decorator' retrieved from /home/airflow/.local/lib/python3.12/site-packages/airflow/example_dags/example_short_circuit_decorator.py
[2024-04-20T19:19:27.506+0000] {logging_mixin.py:188} INFO - [2024-04-20T19:19:27.505+0000] {dag.py:3096} INFO - Sync 1 DAGs
[2024-04-20T19:19:27.550+0000] {logging_mixin.py:188} INFO - [2024-04-20T19:19:27.549+0000] {dag.py:3954} INFO - Setting next_dagrun for example_short_circuit_decorator to 2024-04-19 00:00:00+00:00, run_after=2024-04-20 00:00:00+00:00
[2024-04-20T19:19:27.588+0000] {processor.py:183} INFO - Processing /home/airflow/.local/lib/python3.12/site-packages/airflow/example_dags/example_short_circuit_decorator.py took 0.149 seconds
[2024-04-20T19:19:57.802+0000] {processor.py:161} INFO - Started process (PID=284) to work on /home/airflow/.local/lib/python3.12/site-packages/airflow/example_dags/example_short_circuit_decorator.py
[2024-04-20T19:19:57.804+0000] {processor.py:830} INFO - Processing file /home/airflow/.local/lib/python3.12/site-packages/airflow/example_dags/example_short_circuit_decorator.py for tasks to queue
[2024-04-20T19:19:57.806+0000] {logging_mixin.py:188} INFO - [2024-04-20T19:19:57.806+0000] {dagbag.py:540} INFO - Filling up the DagBag from /home/airflow/.local/lib/python3.12/site-packages/airflow/example_dags/example_short_circuit_decorator.py
[2024-04-20T19:19:57.818+0000] {processor.py:840} INFO - DAG(s) 'example_short_circuit_decorator' retrieved from /home/airflow/.local/lib/python3.12/site-packages/airflow/example_dags/example_short_circuit_decorator.py
[2024-04-20T19:19:57.849+0000] {logging_mixin.py:188} INFO - [2024-04-20T19:19:57.848+0000] {dag.py:3096} INFO - Sync 1 DAGs
[2024-04-20T19:19:57.876+0000] {logging_mixin.py:188} INFO - [2024-04-20T19:19:57.876+0000] {dag.py:3954} INFO - Setting next_dagrun for example_short_circuit_decorator to 2024-04-19 00:00:00+00:00, run_after=2024-04-20 00:00:00+00:00
[2024-04-20T19:19:57.902+0000] {processor.py:183} INFO - Processing /home/airflow/.local/lib/python3.12/site-packages/airflow/example_dags/example_short_circuit_decorator.py took 0.110 seconds
[2024-04-20T19:20:28.180+0000] {processor.py:161} INFO - Started process (PID=342) to work on /home/airflow/.local/lib/python3.12/site-packages/airflow/example_dags/example_short_circuit_decorator.py
[2024-04-20T19:20:28.182+0000] {processor.py:830} INFO - Processing file /home/airflow/.local/lib/python3.12/site-packages/airflow/example_dags/example_short_circuit_decorator.py for tasks to queue
[2024-04-20T19:20:28.186+0000] {logging_mixin.py:188} INFO - [2024-04-20T19:20:28.185+0000] {dagbag.py:540} INFO - Filling up the DagBag from /home/airflow/.local/lib/python3.12/site-packages/airflow/example_dags/example_short_circuit_decorator.py
[2024-04-20T19:20:28.202+0000] {processor.py:840} INFO - DAG(s) 'example_short_circuit_decorator' retrieved from /home/airflow/.local/lib/python3.12/site-packages/airflow/example_dags/example_short_circuit_decorator.py
[2024-04-20T19:20:28.247+0000] {logging_mixin.py:188} INFO - [2024-04-20T19:20:28.246+0000] {dag.py:3096} INFO - Sync 1 DAGs
[2024-04-20T19:20:28.291+0000] {logging_mixin.py:188} INFO - [2024-04-20T19:20:28.290+0000] {dag.py:3954} INFO - Setting next_dagrun for example_short_circuit_decorator to 2024-04-19 00:00:00+00:00, run_after=2024-04-20 00:00:00+00:00
[2024-04-20T19:20:28.334+0000] {processor.py:183} INFO - Processing /home/airflow/.local/lib/python3.12/site-packages/airflow/example_dags/example_short_circuit_decorator.py took 0.165 seconds
[2024-04-20T19:20:58.938+0000] {processor.py:161} INFO - Started process (PID=400) to work on /home/airflow/.local/lib/python3.12/site-packages/airflow/example_dags/example_short_circuit_decorator.py
[2024-04-20T19:20:58.939+0000] {processor.py:830} INFO - Processing file /home/airflow/.local/lib/python3.12/site-packages/airflow/example_dags/example_short_circuit_decorator.py for tasks to queue
[2024-04-20T19:20:58.943+0000] {logging_mixin.py:188} INFO - [2024-04-20T19:20:58.942+0000] {dagbag.py:540} INFO - Filling up the DagBag from /home/airflow/.local/lib/python3.12/site-packages/airflow/example_dags/example_short_circuit_decorator.py
[2024-04-20T19:20:58.955+0000] {processor.py:840} INFO - DAG(s) 'example_short_circuit_decorator' retrieved from /home/airflow/.local/lib/python3.12/site-packages/airflow/example_dags/example_short_circuit_decorator.py
[2024-04-20T19:20:58.987+0000] {logging_mixin.py:188} INFO - [2024-04-20T19:20:58.987+0000] {dag.py:3096} INFO - Sync 1 DAGs
[2024-04-20T19:20:59.018+0000] {logging_mixin.py:188} INFO - [2024-04-20T19:20:59.017+0000] {dag.py:3954} INFO - Setting next_dagrun for example_short_circuit_decorator to 2024-04-19 00:00:00+00:00, run_after=2024-04-20 00:00:00+00:00
[2024-04-20T19:20:59.053+0000] {processor.py:183} INFO - Processing /home/airflow/.local/lib/python3.12/site-packages/airflow/example_dags/example_short_circuit_decorator.py took 0.122 seconds
[2024-04-20T19:21:29.495+0000] {processor.py:161} INFO - Started process (PID=458) to work on /home/airflow/.local/lib/python3.12/site-packages/airflow/example_dags/example_short_circuit_decorator.py
[2024-04-20T19:21:29.501+0000] {processor.py:830} INFO - Processing file /home/airflow/.local/lib/python3.12/site-packages/airflow/example_dags/example_short_circuit_decorator.py for tasks to queue
[2024-04-20T19:21:29.505+0000] {logging_mixin.py:188} INFO - [2024-04-20T19:21:29.504+0000] {dagbag.py:540} INFO - Filling up the DagBag from /home/airflow/.local/lib/python3.12/site-packages/airflow/example_dags/example_short_circuit_decorator.py
[2024-04-20T19:21:29.534+0000] {processor.py:840} INFO - DAG(s) 'example_short_circuit_decorator' retrieved from /home/airflow/.local/lib/python3.12/site-packages/airflow/example_dags/example_short_circuit_decorator.py
[2024-04-20T19:21:29.591+0000] {logging_mixin.py:188} INFO - [2024-04-20T19:21:29.591+0000] {dag.py:3096} INFO - Sync 1 DAGs
[2024-04-20T19:21:29.658+0000] {logging_mixin.py:188} INFO - [2024-04-20T19:21:29.658+0000] {dag.py:3954} INFO - Setting next_dagrun for example_short_circuit_decorator to 2024-04-19 00:00:00+00:00, run_after=2024-04-20 00:00:00+00:00
[2024-04-20T19:21:29.707+0000] {processor.py:183} INFO - Processing /home/airflow/.local/lib/python3.12/site-packages/airflow/example_dags/example_short_circuit_decorator.py took 0.230 seconds
[2024-04-20T19:22:00.126+0000] {processor.py:161} INFO - Started process (PID=516) to work on /home/airflow/.local/lib/python3.12/site-packages/airflow/example_dags/example_short_circuit_decorator.py
[2024-04-20T19:22:00.132+0000] {processor.py:830} INFO - Processing file /home/airflow/.local/lib/python3.12/site-packages/airflow/example_dags/example_short_circuit_decorator.py for tasks to queue
[2024-04-20T19:22:00.135+0000] {logging_mixin.py:188} INFO - [2024-04-20T19:22:00.134+0000] {dagbag.py:540} INFO - Filling up the DagBag from /home/airflow/.local/lib/python3.12/site-packages/airflow/example_dags/example_short_circuit_decorator.py
[2024-04-20T19:22:00.149+0000] {processor.py:840} INFO - DAG(s) 'example_short_circuit_decorator' retrieved from /home/airflow/.local/lib/python3.12/site-packages/airflow/example_dags/example_short_circuit_decorator.py
[2024-04-20T19:22:00.202+0000] {logging_mixin.py:188} INFO - [2024-04-20T19:22:00.201+0000] {dag.py:3096} INFO - Sync 1 DAGs
[2024-04-20T19:22:00.268+0000] {logging_mixin.py:188} INFO - [2024-04-20T19:22:00.268+0000] {dag.py:3954} INFO - Setting next_dagrun for example_short_circuit_decorator to 2024-04-19 00:00:00+00:00, run_after=2024-04-20 00:00:00+00:00
[2024-04-20T19:22:00.317+0000] {processor.py:183} INFO - Processing /home/airflow/.local/lib/python3.12/site-packages/airflow/example_dags/example_short_circuit_decorator.py took 0.199 seconds
[2024-04-20T19:22:30.753+0000] {processor.py:161} INFO - Started process (PID=574) to work on /home/airflow/.local/lib/python3.12/site-packages/airflow/example_dags/example_short_circuit_decorator.py
[2024-04-20T19:22:30.758+0000] {processor.py:830} INFO - Processing file /home/airflow/.local/lib/python3.12/site-packages/airflow/example_dags/example_short_circuit_decorator.py for tasks to queue
[2024-04-20T19:22:30.768+0000] {logging_mixin.py:188} INFO - [2024-04-20T19:22:30.767+0000] {dagbag.py:540} INFO - Filling up the DagBag from /home/airflow/.local/lib/python3.12/site-packages/airflow/example_dags/example_short_circuit_decorator.py
[2024-04-20T19:22:30.789+0000] {processor.py:840} INFO - DAG(s) 'example_short_circuit_decorator' retrieved from /home/airflow/.local/lib/python3.12/site-packages/airflow/example_dags/example_short_circuit_decorator.py
[2024-04-20T19:22:30.855+0000] {logging_mixin.py:188} INFO - [2024-04-20T19:22:30.854+0000] {dag.py:3096} INFO - Sync 1 DAGs
[2024-04-20T19:22:30.923+0000] {logging_mixin.py:188} INFO - [2024-04-20T19:22:30.923+0000] {dag.py:3954} INFO - Setting next_dagrun for example_short_circuit_decorator to 2024-04-19 00:00:00+00:00, run_after=2024-04-20 00:00:00+00:00
[2024-04-20T19:22:31.006+0000] {processor.py:183} INFO - Processing /home/airflow/.local/lib/python3.12/site-packages/airflow/example_dags/example_short_circuit_decorator.py took 0.269 seconds
[2024-04-20T19:23:02.540+0000] {processor.py:161} INFO - Started process (PID=625) to work on /home/airflow/.local/lib/python3.12/site-packages/airflow/example_dags/example_short_circuit_decorator.py
[2024-04-20T19:23:02.549+0000] {processor.py:830} INFO - Processing file /home/airflow/.local/lib/python3.12/site-packages/airflow/example_dags/example_short_circuit_decorator.py for tasks to queue
[2024-04-20T19:23:02.561+0000] {logging_mixin.py:188} INFO - [2024-04-20T19:23:02.558+0000] {dagbag.py:540} INFO - Filling up the DagBag from /home/airflow/.local/lib/python3.12/site-packages/airflow/example_dags/example_short_circuit_decorator.py
[2024-04-20T19:23:02.634+0000] {processor.py:840} INFO - DAG(s) 'example_short_circuit_decorator' retrieved from /home/airflow/.local/lib/python3.12/site-packages/airflow/example_dags/example_short_circuit_decorator.py
[2024-04-20T19:23:02.779+0000] {logging_mixin.py:188} INFO - [2024-04-20T19:23:02.777+0000] {dag.py:3096} INFO - Sync 1 DAGs
[2024-04-20T19:23:02.929+0000] {logging_mixin.py:188} INFO - [2024-04-20T19:23:02.927+0000] {dag.py:3954} INFO - Setting next_dagrun for example_short_circuit_decorator to 2024-04-19 00:00:00+00:00, run_after=2024-04-20 00:00:00+00:00
[2024-04-20T19:23:03.065+0000] {processor.py:183} INFO - Processing /home/airflow/.local/lib/python3.12/site-packages/airflow/example_dags/example_short_circuit_decorator.py took 0.571 seconds
[2024-04-20T19:23:34.207+0000] {processor.py:161} INFO - Started process (PID=683) to work on /home/airflow/.local/lib/python3.12/site-packages/airflow/example_dags/example_short_circuit_decorator.py
[2024-04-20T19:23:34.212+0000] {processor.py:830} INFO - Processing file /home/airflow/.local/lib/python3.12/site-packages/airflow/example_dags/example_short_circuit_decorator.py for tasks to queue
[2024-04-20T19:23:34.224+0000] {logging_mixin.py:188} INFO - [2024-04-20T19:23:34.223+0000] {dagbag.py:540} INFO - Filling up the DagBag from /home/airflow/.local/lib/python3.12/site-packages/airflow/example_dags/example_short_circuit_decorator.py
[2024-04-20T19:23:34.260+0000] {processor.py:840} INFO - DAG(s) 'example_short_circuit_decorator' retrieved from /home/airflow/.local/lib/python3.12/site-packages/airflow/example_dags/example_short_circuit_decorator.py
[2024-04-20T19:23:34.374+0000] {logging_mixin.py:188} INFO - [2024-04-20T19:23:34.373+0000] {dag.py:3096} INFO - Sync 1 DAGs
[2024-04-20T19:23:34.467+0000] {logging_mixin.py:188} INFO - [2024-04-20T19:23:34.466+0000] {dag.py:3954} INFO - Setting next_dagrun for example_short_circuit_decorator to 2024-04-19 00:00:00+00:00, run_after=2024-04-20 00:00:00+00:00
[2024-04-20T19:23:34.539+0000] {processor.py:183} INFO - Processing /home/airflow/.local/lib/python3.12/site-packages/airflow/example_dags/example_short_circuit_decorator.py took 0.363 seconds
[2024-04-20T19:24:04.733+0000] {processor.py:161} INFO - Started process (PID=741) to work on /home/airflow/.local/lib/python3.12/site-packages/airflow/example_dags/example_short_circuit_decorator.py
[2024-04-20T19:24:04.738+0000] {processor.py:830} INFO - Processing file /home/airflow/.local/lib/python3.12/site-packages/airflow/example_dags/example_short_circuit_decorator.py for tasks to queue
[2024-04-20T19:24:04.746+0000] {logging_mixin.py:188} INFO - [2024-04-20T19:24:04.743+0000] {dagbag.py:540} INFO - Filling up the DagBag from /home/airflow/.local/lib/python3.12/site-packages/airflow/example_dags/example_short_circuit_decorator.py
[2024-04-20T19:24:04.771+0000] {processor.py:840} INFO - DAG(s) 'example_short_circuit_decorator' retrieved from /home/airflow/.local/lib/python3.12/site-packages/airflow/example_dags/example_short_circuit_decorator.py
[2024-04-20T19:24:04.825+0000] {logging_mixin.py:188} INFO - [2024-04-20T19:24:04.824+0000] {dag.py:3096} INFO - Sync 1 DAGs
[2024-04-20T19:24:04.877+0000] {logging_mixin.py:188} INFO - [2024-04-20T19:24:04.876+0000] {dag.py:3954} INFO - Setting next_dagrun for example_short_circuit_decorator to 2024-04-19 00:00:00+00:00, run_after=2024-04-20 00:00:00+00:00
[2024-04-20T19:24:04.927+0000] {processor.py:183} INFO - Processing /home/airflow/.local/lib/python3.12/site-packages/airflow/example_dags/example_short_circuit_decorator.py took 0.221 seconds
[2024-04-20T19:24:35.187+0000] {processor.py:161} INFO - Started process (PID=799) to work on /home/airflow/.local/lib/python3.12/site-packages/airflow/example_dags/example_short_circuit_decorator.py
[2024-04-20T19:24:35.189+0000] {processor.py:830} INFO - Processing file /home/airflow/.local/lib/python3.12/site-packages/airflow/example_dags/example_short_circuit_decorator.py for tasks to queue
[2024-04-20T19:24:35.194+0000] {logging_mixin.py:188} INFO - [2024-04-20T19:24:35.192+0000] {dagbag.py:540} INFO - Filling up the DagBag from /home/airflow/.local/lib/python3.12/site-packages/airflow/example_dags/example_short_circuit_decorator.py
[2024-04-20T19:24:35.215+0000] {processor.py:840} INFO - DAG(s) 'example_short_circuit_decorator' retrieved from /home/airflow/.local/lib/python3.12/site-packages/airflow/example_dags/example_short_circuit_decorator.py
[2024-04-20T19:24:35.256+0000] {logging_mixin.py:188} INFO - [2024-04-20T19:24:35.256+0000] {dag.py:3096} INFO - Sync 1 DAGs
[2024-04-20T19:24:35.301+0000] {logging_mixin.py:188} INFO - [2024-04-20T19:24:35.301+0000] {dag.py:3954} INFO - Setting next_dagrun for example_short_circuit_decorator to 2024-04-19 00:00:00+00:00, run_after=2024-04-20 00:00:00+00:00
[2024-04-20T19:24:35.368+0000] {processor.py:183} INFO - Processing /home/airflow/.local/lib/python3.12/site-packages/airflow/example_dags/example_short_circuit_decorator.py took 0.195 seconds
[2024-04-20T19:25:05.491+0000] {processor.py:161} INFO - Started process (PID=856) to work on /home/airflow/.local/lib/python3.12/site-packages/airflow/example_dags/example_short_circuit_decorator.py
[2024-04-20T19:25:05.496+0000] {processor.py:830} INFO - Processing file /home/airflow/.local/lib/python3.12/site-packages/airflow/example_dags/example_short_circuit_decorator.py for tasks to queue
[2024-04-20T19:25:05.503+0000] {logging_mixin.py:188} INFO - [2024-04-20T19:25:05.503+0000] {dagbag.py:540} INFO - Filling up the DagBag from /home/airflow/.local/lib/python3.12/site-packages/airflow/example_dags/example_short_circuit_decorator.py
[2024-04-20T19:25:05.536+0000] {processor.py:840} INFO - DAG(s) 'example_short_circuit_decorator' retrieved from /home/airflow/.local/lib/python3.12/site-packages/airflow/example_dags/example_short_circuit_decorator.py
[2024-04-20T19:25:05.587+0000] {logging_mixin.py:188} INFO - [2024-04-20T19:25:05.587+0000] {dag.py:3096} INFO - Sync 1 DAGs
[2024-04-20T19:25:05.635+0000] {logging_mixin.py:188} INFO - [2024-04-20T19:25:05.635+0000] {dag.py:3954} INFO - Setting next_dagrun for example_short_circuit_decorator to 2024-04-19 00:00:00+00:00, run_after=2024-04-20 00:00:00+00:00
[2024-04-20T19:25:05.690+0000] {processor.py:183} INFO - Processing /home/airflow/.local/lib/python3.12/site-packages/airflow/example_dags/example_short_circuit_decorator.py took 0.209 seconds
