[2024-04-20T19:18:12.648+0000] {processor.py:161} INFO - Started process (PID=85) to work on /home/airflow/.local/lib/python3.12/site-packages/airflow/example_dags/example_sensors.py
[2024-04-20T19:18:12.651+0000] {processor.py:830} INFO - Processing file /home/airflow/.local/lib/python3.12/site-packages/airflow/example_dags/example_sensors.py for tasks to queue
[2024-04-20T19:18:12.655+0000] {logging_mixin.py:188} INFO - [2024-04-20T19:18:12.655+0000] {dagbag.py:540} INFO - Filling up the DagBag from /home/airflow/.local/lib/python3.12/site-packages/airflow/example_dags/example_sensors.py
[2024-04-20T19:18:12.687+0000] {processor.py:840} INFO - DAG(s) 'example_sensors' retrieved from /home/airflow/.local/lib/python3.12/site-packages/airflow/example_dags/example_sensors.py
[2024-04-20T19:18:13.002+0000] {logging_mixin.py:188} INFO - [2024-04-20T19:18:13.001+0000] {dag.py:3096} INFO - Sync 1 DAGs
[2024-04-20T19:18:13.047+0000] {logging_mixin.py:188} INFO - [2024-04-20T19:18:13.046+0000] {dag.py:3954} INFO - Setting next_dagrun for example_sensors to None, run_after=None
[2024-04-20T19:18:13.136+0000] {processor.py:183} INFO - Processing /home/airflow/.local/lib/python3.12/site-packages/airflow/example_dags/example_sensors.py took 0.502 seconds
[2024-04-20T19:18:49.188+0000] {processor.py:161} INFO - Started process (PID=143) to work on /home/airflow/.local/lib/python3.12/site-packages/airflow/example_dags/example_sensors.py
[2024-04-20T19:18:49.190+0000] {processor.py:830} INFO - Processing file /home/airflow/.local/lib/python3.12/site-packages/airflow/example_dags/example_sensors.py for tasks to queue
[2024-04-20T19:18:49.195+0000] {logging_mixin.py:188} INFO - [2024-04-20T19:18:49.194+0000] {dagbag.py:540} INFO - Filling up the DagBag from /home/airflow/.local/lib/python3.12/site-packages/airflow/example_dags/example_sensors.py
[2024-04-20T19:18:49.214+0000] {processor.py:840} INFO - DAG(s) 'example_sensors' retrieved from /home/airflow/.local/lib/python3.12/site-packages/airflow/example_dags/example_sensors.py
[2024-04-20T19:18:49.269+0000] {logging_mixin.py:188} INFO - [2024-04-20T19:18:49.269+0000] {dag.py:3096} INFO - Sync 1 DAGs
[2024-04-20T19:18:49.330+0000] {logging_mixin.py:188} INFO - [2024-04-20T19:18:49.326+0000] {dag.py:3954} INFO - Setting next_dagrun for example_sensors to None, run_after=None
[2024-04-20T19:18:49.423+0000] {processor.py:183} INFO - Processing /home/airflow/.local/lib/python3.12/site-packages/airflow/example_dags/example_sensors.py took 0.248 seconds
[2024-04-20T19:19:20.346+0000] {processor.py:161} INFO - Started process (PID=201) to work on /home/airflow/.local/lib/python3.12/site-packages/airflow/example_dags/example_sensors.py
[2024-04-20T19:19:20.349+0000] {processor.py:830} INFO - Processing file /home/airflow/.local/lib/python3.12/site-packages/airflow/example_dags/example_sensors.py for tasks to queue
[2024-04-20T19:19:20.353+0000] {logging_mixin.py:188} INFO - [2024-04-20T19:19:20.352+0000] {dagbag.py:540} INFO - Filling up the DagBag from /home/airflow/.local/lib/python3.12/site-packages/airflow/example_dags/example_sensors.py
[2024-04-20T19:19:20.372+0000] {processor.py:840} INFO - DAG(s) 'example_sensors' retrieved from /home/airflow/.local/lib/python3.12/site-packages/airflow/example_dags/example_sensors.py
[2024-04-20T19:19:20.427+0000] {logging_mixin.py:188} INFO - [2024-04-20T19:19:20.426+0000] {dag.py:3096} INFO - Sync 1 DAGs
[2024-04-20T19:19:20.452+0000] {logging_mixin.py:188} INFO - [2024-04-20T19:19:20.452+0000] {dag.py:3954} INFO - Setting next_dagrun for example_sensors to None, run_after=None
[2024-04-20T19:19:20.501+0000] {processor.py:183} INFO - Processing /home/airflow/.local/lib/python3.12/site-packages/airflow/example_dags/example_sensors.py took 0.170 seconds
[2024-04-20T19:19:50.968+0000] {processor.py:161} INFO - Started process (PID=259) to work on /home/airflow/.local/lib/python3.12/site-packages/airflow/example_dags/example_sensors.py
[2024-04-20T19:19:50.970+0000] {processor.py:830} INFO - Processing file /home/airflow/.local/lib/python3.12/site-packages/airflow/example_dags/example_sensors.py for tasks to queue
[2024-04-20T19:19:50.975+0000] {logging_mixin.py:188} INFO - [2024-04-20T19:19:50.974+0000] {dagbag.py:540} INFO - Filling up the DagBag from /home/airflow/.local/lib/python3.12/site-packages/airflow/example_dags/example_sensors.py
[2024-04-20T19:19:50.995+0000] {processor.py:840} INFO - DAG(s) 'example_sensors' retrieved from /home/airflow/.local/lib/python3.12/site-packages/airflow/example_dags/example_sensors.py
[2024-04-20T19:19:51.039+0000] {logging_mixin.py:188} INFO - [2024-04-20T19:19:51.039+0000] {dag.py:3096} INFO - Sync 1 DAGs
[2024-04-20T19:19:51.073+0000] {logging_mixin.py:188} INFO - [2024-04-20T19:19:51.073+0000] {dag.py:3954} INFO - Setting next_dagrun for example_sensors to None, run_after=None
[2024-04-20T19:19:51.119+0000] {processor.py:183} INFO - Processing /home/airflow/.local/lib/python3.12/site-packages/airflow/example_dags/example_sensors.py took 0.163 seconds
[2024-04-20T19:20:21.370+0000] {processor.py:161} INFO - Started process (PID=317) to work on /home/airflow/.local/lib/python3.12/site-packages/airflow/example_dags/example_sensors.py
[2024-04-20T19:20:21.372+0000] {processor.py:830} INFO - Processing file /home/airflow/.local/lib/python3.12/site-packages/airflow/example_dags/example_sensors.py for tasks to queue
[2024-04-20T19:20:21.376+0000] {logging_mixin.py:188} INFO - [2024-04-20T19:20:21.376+0000] {dagbag.py:540} INFO - Filling up the DagBag from /home/airflow/.local/lib/python3.12/site-packages/airflow/example_dags/example_sensors.py
[2024-04-20T19:20:21.395+0000] {processor.py:840} INFO - DAG(s) 'example_sensors' retrieved from /home/airflow/.local/lib/python3.12/site-packages/airflow/example_dags/example_sensors.py
[2024-04-20T19:20:21.441+0000] {logging_mixin.py:188} INFO - [2024-04-20T19:20:21.441+0000] {dag.py:3096} INFO - Sync 1 DAGs
[2024-04-20T19:20:21.465+0000] {logging_mixin.py:188} INFO - [2024-04-20T19:20:21.465+0000] {dag.py:3954} INFO - Setting next_dagrun for example_sensors to None, run_after=None
[2024-04-20T19:20:21.510+0000] {processor.py:183} INFO - Processing /home/airflow/.local/lib/python3.12/site-packages/airflow/example_dags/example_sensors.py took 0.148 seconds
[2024-04-20T19:20:52.053+0000] {processor.py:161} INFO - Started process (PID=375) to work on /home/airflow/.local/lib/python3.12/site-packages/airflow/example_dags/example_sensors.py
[2024-04-20T19:20:52.055+0000] {processor.py:830} INFO - Processing file /home/airflow/.local/lib/python3.12/site-packages/airflow/example_dags/example_sensors.py for tasks to queue
[2024-04-20T19:20:52.060+0000] {logging_mixin.py:188} INFO - [2024-04-20T19:20:52.059+0000] {dagbag.py:540} INFO - Filling up the DagBag from /home/airflow/.local/lib/python3.12/site-packages/airflow/example_dags/example_sensors.py
[2024-04-20T19:20:52.088+0000] {processor.py:840} INFO - DAG(s) 'example_sensors' retrieved from /home/airflow/.local/lib/python3.12/site-packages/airflow/example_dags/example_sensors.py
[2024-04-20T19:20:52.146+0000] {logging_mixin.py:188} INFO - [2024-04-20T19:20:52.144+0000] {dag.py:3096} INFO - Sync 1 DAGs
[2024-04-20T19:20:52.185+0000] {logging_mixin.py:188} INFO - [2024-04-20T19:20:52.184+0000] {dag.py:3954} INFO - Setting next_dagrun for example_sensors to None, run_after=None
[2024-04-20T19:20:52.234+0000] {processor.py:183} INFO - Processing /home/airflow/.local/lib/python3.12/site-packages/airflow/example_dags/example_sensors.py took 0.193 seconds
[2024-04-20T19:21:22.665+0000] {processor.py:161} INFO - Started process (PID=433) to work on /home/airflow/.local/lib/python3.12/site-packages/airflow/example_dags/example_sensors.py
[2024-04-20T19:21:22.668+0000] {processor.py:830} INFO - Processing file /home/airflow/.local/lib/python3.12/site-packages/airflow/example_dags/example_sensors.py for tasks to queue
[2024-04-20T19:21:22.672+0000] {logging_mixin.py:188} INFO - [2024-04-20T19:21:22.671+0000] {dagbag.py:540} INFO - Filling up the DagBag from /home/airflow/.local/lib/python3.12/site-packages/airflow/example_dags/example_sensors.py
[2024-04-20T19:21:22.700+0000] {processor.py:840} INFO - DAG(s) 'example_sensors' retrieved from /home/airflow/.local/lib/python3.12/site-packages/airflow/example_dags/example_sensors.py
[2024-04-20T19:21:22.752+0000] {logging_mixin.py:188} INFO - [2024-04-20T19:21:22.751+0000] {dag.py:3096} INFO - Sync 1 DAGs
[2024-04-20T19:21:22.773+0000] {logging_mixin.py:188} INFO - [2024-04-20T19:21:22.772+0000] {dag.py:3954} INFO - Setting next_dagrun for example_sensors to None, run_after=None
[2024-04-20T19:21:22.803+0000] {processor.py:183} INFO - Processing /home/airflow/.local/lib/python3.12/site-packages/airflow/example_dags/example_sensors.py took 0.150 seconds
[2024-04-20T19:21:53.256+0000] {processor.py:161} INFO - Started process (PID=491) to work on /home/airflow/.local/lib/python3.12/site-packages/airflow/example_dags/example_sensors.py
[2024-04-20T19:21:53.258+0000] {processor.py:830} INFO - Processing file /home/airflow/.local/lib/python3.12/site-packages/airflow/example_dags/example_sensors.py for tasks to queue
[2024-04-20T19:21:53.264+0000] {logging_mixin.py:188} INFO - [2024-04-20T19:21:53.264+0000] {dagbag.py:540} INFO - Filling up the DagBag from /home/airflow/.local/lib/python3.12/site-packages/airflow/example_dags/example_sensors.py
[2024-04-20T19:21:53.282+0000] {processor.py:840} INFO - DAG(s) 'example_sensors' retrieved from /home/airflow/.local/lib/python3.12/site-packages/airflow/example_dags/example_sensors.py
[2024-04-20T19:21:53.332+0000] {logging_mixin.py:188} INFO - [2024-04-20T19:21:53.331+0000] {dag.py:3096} INFO - Sync 1 DAGs
[2024-04-20T19:21:53.357+0000] {logging_mixin.py:188} INFO - [2024-04-20T19:21:53.356+0000] {dag.py:3954} INFO - Setting next_dagrun for example_sensors to None, run_after=None
[2024-04-20T19:21:53.390+0000] {processor.py:183} INFO - Processing /home/airflow/.local/lib/python3.12/site-packages/airflow/example_dags/example_sensors.py took 0.146 seconds
[2024-04-20T19:22:23.805+0000] {processor.py:161} INFO - Started process (PID=549) to work on /home/airflow/.local/lib/python3.12/site-packages/airflow/example_dags/example_sensors.py
[2024-04-20T19:22:23.809+0000] {processor.py:830} INFO - Processing file /home/airflow/.local/lib/python3.12/site-packages/airflow/example_dags/example_sensors.py for tasks to queue
[2024-04-20T19:22:23.816+0000] {logging_mixin.py:188} INFO - [2024-04-20T19:22:23.815+0000] {dagbag.py:540} INFO - Filling up the DagBag from /home/airflow/.local/lib/python3.12/site-packages/airflow/example_dags/example_sensors.py
[2024-04-20T19:22:23.852+0000] {processor.py:840} INFO - DAG(s) 'example_sensors' retrieved from /home/airflow/.local/lib/python3.12/site-packages/airflow/example_dags/example_sensors.py
[2024-04-20T19:22:23.925+0000] {logging_mixin.py:188} INFO - [2024-04-20T19:22:23.924+0000] {dag.py:3096} INFO - Sync 1 DAGs
[2024-04-20T19:22:23.974+0000] {logging_mixin.py:188} INFO - [2024-04-20T19:22:23.972+0000] {dag.py:3954} INFO - Setting next_dagrun for example_sensors to None, run_after=None
[2024-04-20T19:22:24.035+0000] {processor.py:183} INFO - Processing /home/airflow/.local/lib/python3.12/site-packages/airflow/example_dags/example_sensors.py took 0.246 seconds
[2024-04-20T19:22:56.626+0000] {processor.py:161} INFO - Started process (PID=607) to work on /home/airflow/.local/lib/python3.12/site-packages/airflow/example_dags/example_sensors.py
[2024-04-20T19:22:56.636+0000] {processor.py:830} INFO - Processing file /home/airflow/.local/lib/python3.12/site-packages/airflow/example_dags/example_sensors.py for tasks to queue
[2024-04-20T19:22:56.654+0000] {logging_mixin.py:188} INFO - [2024-04-20T19:22:56.652+0000] {dagbag.py:540} INFO - Filling up the DagBag from /home/airflow/.local/lib/python3.12/site-packages/airflow/example_dags/example_sensors.py
[2024-04-20T19:22:56.770+0000] {processor.py:840} INFO - DAG(s) 'example_sensors' retrieved from /home/airflow/.local/lib/python3.12/site-packages/airflow/example_dags/example_sensors.py
[2024-04-20T19:22:56.964+0000] {logging_mixin.py:188} INFO - [2024-04-20T19:22:56.953+0000] {dag.py:3096} INFO - Sync 1 DAGs
[2024-04-20T19:22:57.081+0000] {logging_mixin.py:188} INFO - [2024-04-20T19:22:57.078+0000] {dag.py:3954} INFO - Setting next_dagrun for example_sensors to None, run_after=None
[2024-04-20T19:22:57.226+0000] {processor.py:183} INFO - Processing /home/airflow/.local/lib/python3.12/site-packages/airflow/example_dags/example_sensors.py took 0.649 seconds
[2024-04-20T19:23:29.433+0000] {processor.py:161} INFO - Started process (PID=671) to work on /home/airflow/.local/lib/python3.12/site-packages/airflow/example_dags/example_sensors.py
[2024-04-20T19:23:29.442+0000] {processor.py:830} INFO - Processing file /home/airflow/.local/lib/python3.12/site-packages/airflow/example_dags/example_sensors.py for tasks to queue
[2024-04-20T19:23:29.457+0000] {logging_mixin.py:188} INFO - [2024-04-20T19:23:29.455+0000] {dagbag.py:540} INFO - Filling up the DagBag from /home/airflow/.local/lib/python3.12/site-packages/airflow/example_dags/example_sensors.py
[2024-04-20T19:23:29.526+0000] {processor.py:840} INFO - DAG(s) 'example_sensors' retrieved from /home/airflow/.local/lib/python3.12/site-packages/airflow/example_dags/example_sensors.py
[2024-04-20T19:23:29.736+0000] {logging_mixin.py:188} INFO - [2024-04-20T19:23:29.734+0000] {dag.py:3096} INFO - Sync 1 DAGs
[2024-04-20T19:23:29.821+0000] {logging_mixin.py:188} INFO - [2024-04-20T19:23:29.820+0000] {dag.py:3954} INFO - Setting next_dagrun for example_sensors to None, run_after=None
[2024-04-20T19:23:29.960+0000] {processor.py:183} INFO - Processing /home/airflow/.local/lib/python3.12/site-packages/airflow/example_dags/example_sensors.py took 0.568 seconds
[2024-04-20T19:24:00.547+0000] {processor.py:161} INFO - Started process (PID=728) to work on /home/airflow/.local/lib/python3.12/site-packages/airflow/example_dags/example_sensors.py
[2024-04-20T19:24:00.550+0000] {processor.py:830} INFO - Processing file /home/airflow/.local/lib/python3.12/site-packages/airflow/example_dags/example_sensors.py for tasks to queue
[2024-04-20T19:24:00.553+0000] {logging_mixin.py:188} INFO - [2024-04-20T19:24:00.553+0000] {dagbag.py:540} INFO - Filling up the DagBag from /home/airflow/.local/lib/python3.12/site-packages/airflow/example_dags/example_sensors.py
[2024-04-20T19:24:00.569+0000] {processor.py:840} INFO - DAG(s) 'example_sensors' retrieved from /home/airflow/.local/lib/python3.12/site-packages/airflow/example_dags/example_sensors.py
[2024-04-20T19:24:00.622+0000] {logging_mixin.py:188} INFO - [2024-04-20T19:24:00.621+0000] {dag.py:3096} INFO - Sync 1 DAGs
[2024-04-20T19:24:00.646+0000] {logging_mixin.py:188} INFO - [2024-04-20T19:24:00.644+0000] {dag.py:3954} INFO - Setting next_dagrun for example_sensors to None, run_after=None
[2024-04-20T19:24:00.687+0000] {processor.py:183} INFO - Processing /home/airflow/.local/lib/python3.12/site-packages/airflow/example_dags/example_sensors.py took 0.151 seconds
[2024-04-20T19:24:31.050+0000] {processor.py:161} INFO - Started process (PID=786) to work on /home/airflow/.local/lib/python3.12/site-packages/airflow/example_dags/example_sensors.py
[2024-04-20T19:24:31.060+0000] {processor.py:830} INFO - Processing file /home/airflow/.local/lib/python3.12/site-packages/airflow/example_dags/example_sensors.py for tasks to queue
[2024-04-20T19:24:31.084+0000] {logging_mixin.py:188} INFO - [2024-04-20T19:24:31.080+0000] {dagbag.py:540} INFO - Filling up the DagBag from /home/airflow/.local/lib/python3.12/site-packages/airflow/example_dags/example_sensors.py
[2024-04-20T19:24:31.173+0000] {processor.py:840} INFO - DAG(s) 'example_sensors' retrieved from /home/airflow/.local/lib/python3.12/site-packages/airflow/example_dags/example_sensors.py
[2024-04-20T19:24:31.403+0000] {logging_mixin.py:188} INFO - [2024-04-20T19:24:31.402+0000] {dag.py:3096} INFO - Sync 1 DAGs
[2024-04-20T19:24:31.446+0000] {logging_mixin.py:188} INFO - [2024-04-20T19:24:31.444+0000] {dag.py:3954} INFO - Setting next_dagrun for example_sensors to None, run_after=None
[2024-04-20T19:24:31.520+0000] {processor.py:183} INFO - Processing /home/airflow/.local/lib/python3.12/site-packages/airflow/example_dags/example_sensors.py took 0.524 seconds
[2024-04-20T19:25:01.706+0000] {processor.py:161} INFO - Started process (PID=844) to work on /home/airflow/.local/lib/python3.12/site-packages/airflow/example_dags/example_sensors.py
[2024-04-20T19:25:01.709+0000] {processor.py:830} INFO - Processing file /home/airflow/.local/lib/python3.12/site-packages/airflow/example_dags/example_sensors.py for tasks to queue
[2024-04-20T19:25:01.717+0000] {logging_mixin.py:188} INFO - [2024-04-20T19:25:01.716+0000] {dagbag.py:540} INFO - Filling up the DagBag from /home/airflow/.local/lib/python3.12/site-packages/airflow/example_dags/example_sensors.py
[2024-04-20T19:25:01.738+0000] {processor.py:840} INFO - DAG(s) 'example_sensors' retrieved from /home/airflow/.local/lib/python3.12/site-packages/airflow/example_dags/example_sensors.py
[2024-04-20T19:25:01.783+0000] {logging_mixin.py:188} INFO - [2024-04-20T19:25:01.783+0000] {dag.py:3096} INFO - Sync 1 DAGs
[2024-04-20T19:25:01.805+0000] {logging_mixin.py:188} INFO - [2024-04-20T19:25:01.805+0000] {dag.py:3954} INFO - Setting next_dagrun for example_sensors to None, run_after=None
[2024-04-20T19:25:01.842+0000] {processor.py:183} INFO - Processing /home/airflow/.local/lib/python3.12/site-packages/airflow/example_dags/example_sensors.py took 0.151 seconds
