[2024-04-20T19:18:10.883+0000] {processor.py:161} INFO - Started process (PID=80) to work on /home/airflow/.local/lib/python3.12/site-packages/airflow/example_dags/example_latest_only_with_trigger.py
[2024-04-20T19:18:10.887+0000] {processor.py:830} INFO - Processing file /home/airflow/.local/lib/python3.12/site-packages/airflow/example_dags/example_latest_only_with_trigger.py for tasks to queue
[2024-04-20T19:18:10.901+0000] {logging_mixin.py:188} INFO - [2024-04-20T19:18:10.900+0000] {dagbag.py:540} INFO - Filling up the DagBag from /home/airflow/.local/lib/python3.12/site-packages/airflow/example_dags/example_latest_only_with_trigger.py
[2024-04-20T19:18:10.919+0000] {processor.py:840} INFO - DAG(s) 'latest_only_with_trigger' retrieved from /home/airflow/.local/lib/python3.12/site-packages/airflow/example_dags/example_latest_only_with_trigger.py
[2024-04-20T19:18:11.280+0000] {logging_mixin.py:188} INFO - [2024-04-20T19:18:11.279+0000] {dag.py:3096} INFO - Sync 1 DAGs
[2024-04-20T19:18:11.332+0000] {logging_mixin.py:188} INFO - [2024-04-20T19:18:11.331+0000] {dag.py:3954} INFO - Setting next_dagrun for latest_only_with_trigger to 2024-04-20 12:00:00+00:00, run_after=2024-04-20 16:00:00+00:00
[2024-04-20T19:18:11.388+0000] {processor.py:183} INFO - Processing /home/airflow/.local/lib/python3.12/site-packages/airflow/example_dags/example_latest_only_with_trigger.py took 0.522 seconds
[2024-04-20T19:18:44.424+0000] {processor.py:161} INFO - Started process (PID=138) to work on /home/airflow/.local/lib/python3.12/site-packages/airflow/example_dags/example_latest_only_with_trigger.py
[2024-04-20T19:18:44.431+0000] {processor.py:830} INFO - Processing file /home/airflow/.local/lib/python3.12/site-packages/airflow/example_dags/example_latest_only_with_trigger.py for tasks to queue
[2024-04-20T19:18:44.441+0000] {logging_mixin.py:188} INFO - [2024-04-20T19:18:44.440+0000] {dagbag.py:540} INFO - Filling up the DagBag from /home/airflow/.local/lib/python3.12/site-packages/airflow/example_dags/example_latest_only_with_trigger.py
[2024-04-20T19:18:44.519+0000] {processor.py:840} INFO - DAG(s) 'latest_only_with_trigger' retrieved from /home/airflow/.local/lib/python3.12/site-packages/airflow/example_dags/example_latest_only_with_trigger.py
[2024-04-20T19:18:44.692+0000] {logging_mixin.py:188} INFO - [2024-04-20T19:18:44.691+0000] {dag.py:3096} INFO - Sync 1 DAGs
[2024-04-20T19:18:44.842+0000] {logging_mixin.py:188} INFO - [2024-04-20T19:18:44.842+0000] {dag.py:3954} INFO - Setting next_dagrun for latest_only_with_trigger to 2024-04-20 12:00:00+00:00, run_after=2024-04-20 16:00:00+00:00
[2024-04-20T19:18:44.929+0000] {processor.py:183} INFO - Processing /home/airflow/.local/lib/python3.12/site-packages/airflow/example_dags/example_latest_only_with_trigger.py took 0.528 seconds
[2024-04-20T19:19:15.686+0000] {processor.py:161} INFO - Started process (PID=196) to work on /home/airflow/.local/lib/python3.12/site-packages/airflow/example_dags/example_latest_only_with_trigger.py
[2024-04-20T19:19:15.688+0000] {processor.py:830} INFO - Processing file /home/airflow/.local/lib/python3.12/site-packages/airflow/example_dags/example_latest_only_with_trigger.py for tasks to queue
[2024-04-20T19:19:15.690+0000] {logging_mixin.py:188} INFO - [2024-04-20T19:19:15.690+0000] {dagbag.py:540} INFO - Filling up the DagBag from /home/airflow/.local/lib/python3.12/site-packages/airflow/example_dags/example_latest_only_with_trigger.py
[2024-04-20T19:19:15.698+0000] {processor.py:840} INFO - DAG(s) 'latest_only_with_trigger' retrieved from /home/airflow/.local/lib/python3.12/site-packages/airflow/example_dags/example_latest_only_with_trigger.py
[2024-04-20T19:19:15.729+0000] {logging_mixin.py:188} INFO - [2024-04-20T19:19:15.728+0000] {dag.py:3096} INFO - Sync 1 DAGs
[2024-04-20T19:19:15.756+0000] {logging_mixin.py:188} INFO - [2024-04-20T19:19:15.756+0000] {dag.py:3954} INFO - Setting next_dagrun for latest_only_with_trigger to 2024-04-20 12:00:00+00:00, run_after=2024-04-20 16:00:00+00:00
[2024-04-20T19:19:15.783+0000] {processor.py:183} INFO - Processing /home/airflow/.local/lib/python3.12/site-packages/airflow/example_dags/example_latest_only_with_trigger.py took 0.103 seconds
[2024-04-20T19:19:46.338+0000] {processor.py:161} INFO - Started process (PID=254) to work on /home/airflow/.local/lib/python3.12/site-packages/airflow/example_dags/example_latest_only_with_trigger.py
[2024-04-20T19:19:46.340+0000] {processor.py:830} INFO - Processing file /home/airflow/.local/lib/python3.12/site-packages/airflow/example_dags/example_latest_only_with_trigger.py for tasks to queue
[2024-04-20T19:19:46.349+0000] {logging_mixin.py:188} INFO - [2024-04-20T19:19:46.348+0000] {dagbag.py:540} INFO - Filling up the DagBag from /home/airflow/.local/lib/python3.12/site-packages/airflow/example_dags/example_latest_only_with_trigger.py
[2024-04-20T19:19:46.363+0000] {processor.py:840} INFO - DAG(s) 'latest_only_with_trigger' retrieved from /home/airflow/.local/lib/python3.12/site-packages/airflow/example_dags/example_latest_only_with_trigger.py
[2024-04-20T19:19:46.413+0000] {logging_mixin.py:188} INFO - [2024-04-20T19:19:46.413+0000] {dag.py:3096} INFO - Sync 1 DAGs
[2024-04-20T19:19:46.450+0000] {logging_mixin.py:188} INFO - [2024-04-20T19:19:46.449+0000] {dag.py:3954} INFO - Setting next_dagrun for latest_only_with_trigger to 2024-04-20 12:00:00+00:00, run_after=2024-04-20 16:00:00+00:00
[2024-04-20T19:19:46.481+0000] {processor.py:183} INFO - Processing /home/airflow/.local/lib/python3.12/site-packages/airflow/example_dags/example_latest_only_with_trigger.py took 0.160 seconds
[2024-04-20T19:20:16.885+0000] {processor.py:161} INFO - Started process (PID=312) to work on /home/airflow/.local/lib/python3.12/site-packages/airflow/example_dags/example_latest_only_with_trigger.py
[2024-04-20T19:20:16.886+0000] {processor.py:830} INFO - Processing file /home/airflow/.local/lib/python3.12/site-packages/airflow/example_dags/example_latest_only_with_trigger.py for tasks to queue
[2024-04-20T19:20:16.892+0000] {logging_mixin.py:188} INFO - [2024-04-20T19:20:16.891+0000] {dagbag.py:540} INFO - Filling up the DagBag from /home/airflow/.local/lib/python3.12/site-packages/airflow/example_dags/example_latest_only_with_trigger.py
[2024-04-20T19:20:16.904+0000] {processor.py:840} INFO - DAG(s) 'latest_only_with_trigger' retrieved from /home/airflow/.local/lib/python3.12/site-packages/airflow/example_dags/example_latest_only_with_trigger.py
[2024-04-20T19:20:16.951+0000] {logging_mixin.py:188} INFO - [2024-04-20T19:20:16.950+0000] {dag.py:3096} INFO - Sync 1 DAGs
[2024-04-20T19:20:17.005+0000] {logging_mixin.py:188} INFO - [2024-04-20T19:20:17.005+0000] {dag.py:3954} INFO - Setting next_dagrun for latest_only_with_trigger to 2024-04-20 12:00:00+00:00, run_after=2024-04-20 16:00:00+00:00
[2024-04-20T19:20:17.059+0000] {processor.py:183} INFO - Processing /home/airflow/.local/lib/python3.12/site-packages/airflow/example_dags/example_latest_only_with_trigger.py took 0.186 seconds
[2024-04-20T19:20:47.453+0000] {processor.py:161} INFO - Started process (PID=370) to work on /home/airflow/.local/lib/python3.12/site-packages/airflow/example_dags/example_latest_only_with_trigger.py
[2024-04-20T19:20:47.455+0000] {processor.py:830} INFO - Processing file /home/airflow/.local/lib/python3.12/site-packages/airflow/example_dags/example_latest_only_with_trigger.py for tasks to queue
[2024-04-20T19:20:47.457+0000] {logging_mixin.py:188} INFO - [2024-04-20T19:20:47.456+0000] {dagbag.py:540} INFO - Filling up the DagBag from /home/airflow/.local/lib/python3.12/site-packages/airflow/example_dags/example_latest_only_with_trigger.py
[2024-04-20T19:20:47.470+0000] {processor.py:840} INFO - DAG(s) 'latest_only_with_trigger' retrieved from /home/airflow/.local/lib/python3.12/site-packages/airflow/example_dags/example_latest_only_with_trigger.py
[2024-04-20T19:20:47.516+0000] {logging_mixin.py:188} INFO - [2024-04-20T19:20:47.516+0000] {dag.py:3096} INFO - Sync 1 DAGs
[2024-04-20T19:20:47.564+0000] {logging_mixin.py:188} INFO - [2024-04-20T19:20:47.563+0000] {dag.py:3954} INFO - Setting next_dagrun for latest_only_with_trigger to 2024-04-20 12:00:00+00:00, run_after=2024-04-20 16:00:00+00:00
[2024-04-20T19:20:47.620+0000] {processor.py:183} INFO - Processing /home/airflow/.local/lib/python3.12/site-packages/airflow/example_dags/example_latest_only_with_trigger.py took 0.176 seconds
[2024-04-20T19:21:17.807+0000] {processor.py:161} INFO - Started process (PID=428) to work on /home/airflow/.local/lib/python3.12/site-packages/airflow/example_dags/example_latest_only_with_trigger.py
[2024-04-20T19:21:17.817+0000] {processor.py:830} INFO - Processing file /home/airflow/.local/lib/python3.12/site-packages/airflow/example_dags/example_latest_only_with_trigger.py for tasks to queue
[2024-04-20T19:21:17.825+0000] {logging_mixin.py:188} INFO - [2024-04-20T19:21:17.823+0000] {dagbag.py:540} INFO - Filling up the DagBag from /home/airflow/.local/lib/python3.12/site-packages/airflow/example_dags/example_latest_only_with_trigger.py
[2024-04-20T19:21:17.857+0000] {processor.py:840} INFO - DAG(s) 'latest_only_with_trigger' retrieved from /home/airflow/.local/lib/python3.12/site-packages/airflow/example_dags/example_latest_only_with_trigger.py
[2024-04-20T19:21:17.978+0000] {logging_mixin.py:188} INFO - [2024-04-20T19:21:17.976+0000] {dag.py:3096} INFO - Sync 1 DAGs
[2024-04-20T19:21:18.143+0000] {logging_mixin.py:188} INFO - [2024-04-20T19:21:18.141+0000] {dag.py:3954} INFO - Setting next_dagrun for latest_only_with_trigger to 2024-04-20 12:00:00+00:00, run_after=2024-04-20 16:00:00+00:00
[2024-04-20T19:21:18.256+0000] {processor.py:183} INFO - Processing /home/airflow/.local/lib/python3.12/site-packages/airflow/example_dags/example_latest_only_with_trigger.py took 0.477 seconds
[2024-04-20T19:21:48.452+0000] {processor.py:161} INFO - Started process (PID=486) to work on /home/airflow/.local/lib/python3.12/site-packages/airflow/example_dags/example_latest_only_with_trigger.py
[2024-04-20T19:21:48.453+0000] {processor.py:830} INFO - Processing file /home/airflow/.local/lib/python3.12/site-packages/airflow/example_dags/example_latest_only_with_trigger.py for tasks to queue
[2024-04-20T19:21:48.457+0000] {logging_mixin.py:188} INFO - [2024-04-20T19:21:48.456+0000] {dagbag.py:540} INFO - Filling up the DagBag from /home/airflow/.local/lib/python3.12/site-packages/airflow/example_dags/example_latest_only_with_trigger.py
[2024-04-20T19:21:48.468+0000] {processor.py:840} INFO - DAG(s) 'latest_only_with_trigger' retrieved from /home/airflow/.local/lib/python3.12/site-packages/airflow/example_dags/example_latest_only_with_trigger.py
[2024-04-20T19:21:48.523+0000] {logging_mixin.py:188} INFO - [2024-04-20T19:21:48.522+0000] {dag.py:3096} INFO - Sync 1 DAGs
[2024-04-20T19:21:48.570+0000] {logging_mixin.py:188} INFO - [2024-04-20T19:21:48.570+0000] {dag.py:3954} INFO - Setting next_dagrun for latest_only_with_trigger to 2024-04-20 12:00:00+00:00, run_after=2024-04-20 16:00:00+00:00
[2024-04-20T19:21:48.622+0000] {processor.py:183} INFO - Processing /home/airflow/.local/lib/python3.12/site-packages/airflow/example_dags/example_latest_only_with_trigger.py took 0.184 seconds
[2024-04-20T19:22:19.061+0000] {processor.py:161} INFO - Started process (PID=544) to work on /home/airflow/.local/lib/python3.12/site-packages/airflow/example_dags/example_latest_only_with_trigger.py
[2024-04-20T19:22:19.067+0000] {processor.py:830} INFO - Processing file /home/airflow/.local/lib/python3.12/site-packages/airflow/example_dags/example_latest_only_with_trigger.py for tasks to queue
[2024-04-20T19:22:19.072+0000] {logging_mixin.py:188} INFO - [2024-04-20T19:22:19.071+0000] {dagbag.py:540} INFO - Filling up the DagBag from /home/airflow/.local/lib/python3.12/site-packages/airflow/example_dags/example_latest_only_with_trigger.py
[2024-04-20T19:22:19.087+0000] {processor.py:840} INFO - DAG(s) 'latest_only_with_trigger' retrieved from /home/airflow/.local/lib/python3.12/site-packages/airflow/example_dags/example_latest_only_with_trigger.py
[2024-04-20T19:22:19.133+0000] {logging_mixin.py:188} INFO - [2024-04-20T19:22:19.131+0000] {dag.py:3096} INFO - Sync 1 DAGs
[2024-04-20T19:22:19.194+0000] {logging_mixin.py:188} INFO - [2024-04-20T19:22:19.193+0000] {dag.py:3954} INFO - Setting next_dagrun for latest_only_with_trigger to 2024-04-20 12:00:00+00:00, run_after=2024-04-20 16:00:00+00:00
[2024-04-20T19:22:19.243+0000] {processor.py:183} INFO - Processing /home/airflow/.local/lib/python3.12/site-packages/airflow/example_dags/example_latest_only_with_trigger.py took 0.194 seconds
[2024-04-20T19:22:53.911+0000] {processor.py:161} INFO - Started process (PID=602) to work on /home/airflow/.local/lib/python3.12/site-packages/airflow/example_dags/example_latest_only_with_trigger.py
[2024-04-20T19:22:53.918+0000] {processor.py:830} INFO - Processing file /home/airflow/.local/lib/python3.12/site-packages/airflow/example_dags/example_latest_only_with_trigger.py for tasks to queue
[2024-04-20T19:22:53.937+0000] {logging_mixin.py:188} INFO - [2024-04-20T19:22:53.932+0000] {dagbag.py:540} INFO - Filling up the DagBag from /home/airflow/.local/lib/python3.12/site-packages/airflow/example_dags/example_latest_only_with_trigger.py
[2024-04-20T19:22:53.982+0000] {processor.py:840} INFO - DAG(s) 'latest_only_with_trigger' retrieved from /home/airflow/.local/lib/python3.12/site-packages/airflow/example_dags/example_latest_only_with_trigger.py
[2024-04-20T19:22:54.182+0000] {logging_mixin.py:188} INFO - [2024-04-20T19:22:54.179+0000] {dag.py:3096} INFO - Sync 1 DAGs
[2024-04-20T19:22:54.419+0000] {logging_mixin.py:188} INFO - [2024-04-20T19:22:54.416+0000] {dag.py:3954} INFO - Setting next_dagrun for latest_only_with_trigger to 2024-04-20 12:00:00+00:00, run_after=2024-04-20 16:00:00+00:00
[2024-04-20T19:22:54.611+0000] {processor.py:183} INFO - Processing /home/airflow/.local/lib/python3.12/site-packages/airflow/example_dags/example_latest_only_with_trigger.py took 0.734 seconds
[2024-04-20T19:23:27.055+0000] {processor.py:161} INFO - Started process (PID=660) to work on /home/airflow/.local/lib/python3.12/site-packages/airflow/example_dags/example_latest_only_with_trigger.py
[2024-04-20T19:23:27.059+0000] {processor.py:830} INFO - Processing file /home/airflow/.local/lib/python3.12/site-packages/airflow/example_dags/example_latest_only_with_trigger.py for tasks to queue
[2024-04-20T19:23:27.080+0000] {logging_mixin.py:188} INFO - [2024-04-20T19:23:27.077+0000] {dagbag.py:540} INFO - Filling up the DagBag from /home/airflow/.local/lib/python3.12/site-packages/airflow/example_dags/example_latest_only_with_trigger.py
[2024-04-20T19:23:27.127+0000] {processor.py:840} INFO - DAG(s) 'latest_only_with_trigger' retrieved from /home/airflow/.local/lib/python3.12/site-packages/airflow/example_dags/example_latest_only_with_trigger.py
[2024-04-20T19:23:27.339+0000] {logging_mixin.py:188} INFO - [2024-04-20T19:23:27.330+0000] {dag.py:3096} INFO - Sync 1 DAGs
[2024-04-20T19:23:27.724+0000] {logging_mixin.py:188} INFO - [2024-04-20T19:23:27.723+0000] {dag.py:3954} INFO - Setting next_dagrun for latest_only_with_trigger to 2024-04-20 12:00:00+00:00, run_after=2024-04-20 16:00:00+00:00
[2024-04-20T19:23:27.893+0000] {processor.py:183} INFO - Processing /home/airflow/.local/lib/python3.12/site-packages/airflow/example_dags/example_latest_only_with_trigger.py took 1.129 seconds
[2024-04-20T19:23:58.966+0000] {processor.py:161} INFO - Started process (PID=724) to work on /home/airflow/.local/lib/python3.12/site-packages/airflow/example_dags/example_latest_only_with_trigger.py
[2024-04-20T19:23:58.970+0000] {processor.py:830} INFO - Processing file /home/airflow/.local/lib/python3.12/site-packages/airflow/example_dags/example_latest_only_with_trigger.py for tasks to queue
[2024-04-20T19:23:58.975+0000] {logging_mixin.py:188} INFO - [2024-04-20T19:23:58.974+0000] {dagbag.py:540} INFO - Filling up the DagBag from /home/airflow/.local/lib/python3.12/site-packages/airflow/example_dags/example_latest_only_with_trigger.py
[2024-04-20T19:23:58.992+0000] {processor.py:840} INFO - DAG(s) 'latest_only_with_trigger' retrieved from /home/airflow/.local/lib/python3.12/site-packages/airflow/example_dags/example_latest_only_with_trigger.py
[2024-04-20T19:23:59.041+0000] {logging_mixin.py:188} INFO - [2024-04-20T19:23:59.041+0000] {dag.py:3096} INFO - Sync 1 DAGs
[2024-04-20T19:23:59.100+0000] {logging_mixin.py:188} INFO - [2024-04-20T19:23:59.100+0000] {dag.py:3954} INFO - Setting next_dagrun for latest_only_with_trigger to 2024-04-20 12:00:00+00:00, run_after=2024-04-20 16:00:00+00:00
[2024-04-20T19:23:59.142+0000] {processor.py:183} INFO - Processing /home/airflow/.local/lib/python3.12/site-packages/airflow/example_dags/example_latest_only_with_trigger.py took 0.200 seconds
[2024-04-20T19:24:29.564+0000] {processor.py:161} INFO - Started process (PID=782) to work on /home/airflow/.local/lib/python3.12/site-packages/airflow/example_dags/example_latest_only_with_trigger.py
[2024-04-20T19:24:29.592+0000] {processor.py:830} INFO - Processing file /home/airflow/.local/lib/python3.12/site-packages/airflow/example_dags/example_latest_only_with_trigger.py for tasks to queue
[2024-04-20T19:24:29.614+0000] {logging_mixin.py:188} INFO - [2024-04-20T19:24:29.604+0000] {dagbag.py:540} INFO - Filling up the DagBag from /home/airflow/.local/lib/python3.12/site-packages/airflow/example_dags/example_latest_only_with_trigger.py
[2024-04-20T19:24:29.672+0000] {processor.py:840} INFO - DAG(s) 'latest_only_with_trigger' retrieved from /home/airflow/.local/lib/python3.12/site-packages/airflow/example_dags/example_latest_only_with_trigger.py
[2024-04-20T19:24:29.836+0000] {logging_mixin.py:188} INFO - [2024-04-20T19:24:29.835+0000] {dag.py:3096} INFO - Sync 1 DAGs
[2024-04-20T19:24:30.028+0000] {logging_mixin.py:188} INFO - [2024-04-20T19:24:30.026+0000] {dag.py:3954} INFO - Setting next_dagrun for latest_only_with_trigger to 2024-04-20 12:00:00+00:00, run_after=2024-04-20 16:00:00+00:00
[2024-04-20T19:24:30.179+0000] {processor.py:183} INFO - Processing /home/airflow/.local/lib/python3.12/site-packages/airflow/example_dags/example_latest_only_with_trigger.py took 0.669 seconds
[2024-04-20T19:25:01.250+0000] {processor.py:161} INFO - Started process (PID=840) to work on /home/airflow/.local/lib/python3.12/site-packages/airflow/example_dags/example_latest_only_with_trigger.py
[2024-04-20T19:25:01.252+0000] {processor.py:830} INFO - Processing file /home/airflow/.local/lib/python3.12/site-packages/airflow/example_dags/example_latest_only_with_trigger.py for tasks to queue
[2024-04-20T19:25:01.256+0000] {logging_mixin.py:188} INFO - [2024-04-20T19:25:01.255+0000] {dagbag.py:540} INFO - Filling up the DagBag from /home/airflow/.local/lib/python3.12/site-packages/airflow/example_dags/example_latest_only_with_trigger.py
[2024-04-20T19:25:01.270+0000] {processor.py:840} INFO - DAG(s) 'latest_only_with_trigger' retrieved from /home/airflow/.local/lib/python3.12/site-packages/airflow/example_dags/example_latest_only_with_trigger.py
[2024-04-20T19:25:01.318+0000] {logging_mixin.py:188} INFO - [2024-04-20T19:25:01.317+0000] {dag.py:3096} INFO - Sync 1 DAGs
[2024-04-20T19:25:01.367+0000] {logging_mixin.py:188} INFO - [2024-04-20T19:25:01.366+0000] {dag.py:3954} INFO - Setting next_dagrun for latest_only_with_trigger to 2024-04-20 12:00:00+00:00, run_after=2024-04-20 16:00:00+00:00
[2024-04-20T19:25:01.413+0000] {processor.py:183} INFO - Processing /home/airflow/.local/lib/python3.12/site-packages/airflow/example_dags/example_latest_only_with_trigger.py took 0.174 seconds
