[2024-04-20T19:18:16.461+0000] {processor.py:161} INFO - Started process (PID=96) to work on /home/airflow/.local/lib/python3.12/site-packages/airflow/example_dags/example_skip_dag.py
[2024-04-20T19:18:16.465+0000] {processor.py:830} INFO - Processing file /home/airflow/.local/lib/python3.12/site-packages/airflow/example_dags/example_skip_dag.py for tasks to queue
[2024-04-20T19:18:16.470+0000] {logging_mixin.py:188} INFO - [2024-04-20T19:18:16.469+0000] {dagbag.py:540} INFO - Filling up the DagBag from /home/airflow/.local/lib/python3.12/site-packages/airflow/example_dags/example_skip_dag.py
[2024-04-20T19:18:16.489+0000] {processor.py:840} INFO - DAG(s) 'example_skip_dag' retrieved from /home/airflow/.local/lib/python3.12/site-packages/airflow/example_dags/example_skip_dag.py
[2024-04-20T19:18:16.887+0000] {logging_mixin.py:188} INFO - [2024-04-20T19:18:16.887+0000] {dag.py:3096} INFO - Sync 1 DAGs
[2024-04-20T19:18:16.952+0000] {logging_mixin.py:188} INFO - [2024-04-20T19:18:16.951+0000] {dag.py:3954} INFO - Setting next_dagrun for example_skip_dag to 2024-04-19 00:00:00+00:00, run_after=2024-04-20 00:00:00+00:00
[2024-04-20T19:18:17.019+0000] {processor.py:183} INFO - Processing /home/airflow/.local/lib/python3.12/site-packages/airflow/example_dags/example_skip_dag.py took 0.574 seconds
[2024-04-20T19:18:53.772+0000] {processor.py:161} INFO - Started process (PID=157) to work on /home/airflow/.local/lib/python3.12/site-packages/airflow/example_dags/example_skip_dag.py
[2024-04-20T19:18:53.775+0000] {processor.py:830} INFO - Processing file /home/airflow/.local/lib/python3.12/site-packages/airflow/example_dags/example_skip_dag.py for tasks to queue
[2024-04-20T19:18:53.780+0000] {logging_mixin.py:188} INFO - [2024-04-20T19:18:53.779+0000] {dagbag.py:540} INFO - Filling up the DagBag from /home/airflow/.local/lib/python3.12/site-packages/airflow/example_dags/example_skip_dag.py
[2024-04-20T19:18:53.846+0000] {processor.py:840} INFO - DAG(s) 'example_skip_dag' retrieved from /home/airflow/.local/lib/python3.12/site-packages/airflow/example_dags/example_skip_dag.py
[2024-04-20T19:18:54.027+0000] {logging_mixin.py:188} INFO - [2024-04-20T19:18:54.026+0000] {dag.py:3096} INFO - Sync 1 DAGs
[2024-04-20T19:18:54.216+0000] {logging_mixin.py:188} INFO - [2024-04-20T19:18:54.215+0000] {dag.py:3954} INFO - Setting next_dagrun for example_skip_dag to 2024-04-19 00:00:00+00:00, run_after=2024-04-20 00:00:00+00:00
[2024-04-20T19:18:54.358+0000] {processor.py:183} INFO - Processing /home/airflow/.local/lib/python3.12/site-packages/airflow/example_dags/example_skip_dag.py took 0.609 seconds
[2024-04-20T19:19:24.752+0000] {processor.py:161} INFO - Started process (PID=215) to work on /home/airflow/.local/lib/python3.12/site-packages/airflow/example_dags/example_skip_dag.py
[2024-04-20T19:19:24.754+0000] {processor.py:830} INFO - Processing file /home/airflow/.local/lib/python3.12/site-packages/airflow/example_dags/example_skip_dag.py for tasks to queue
[2024-04-20T19:19:24.757+0000] {logging_mixin.py:188} INFO - [2024-04-20T19:19:24.757+0000] {dagbag.py:540} INFO - Filling up the DagBag from /home/airflow/.local/lib/python3.12/site-packages/airflow/example_dags/example_skip_dag.py
[2024-04-20T19:19:24.769+0000] {processor.py:840} INFO - DAG(s) 'example_skip_dag' retrieved from /home/airflow/.local/lib/python3.12/site-packages/airflow/example_dags/example_skip_dag.py
[2024-04-20T19:19:24.821+0000] {logging_mixin.py:188} INFO - [2024-04-20T19:19:24.819+0000] {dag.py:3096} INFO - Sync 1 DAGs
[2024-04-20T19:19:24.903+0000] {logging_mixin.py:188} INFO - [2024-04-20T19:19:24.903+0000] {dag.py:3954} INFO - Setting next_dagrun for example_skip_dag to 2024-04-19 00:00:00+00:00, run_after=2024-04-20 00:00:00+00:00
[2024-04-20T19:19:24.952+0000] {processor.py:183} INFO - Processing /home/airflow/.local/lib/python3.12/site-packages/airflow/example_dags/example_skip_dag.py took 0.210 seconds
[2024-04-20T19:19:55.416+0000] {processor.py:161} INFO - Started process (PID=273) to work on /home/airflow/.local/lib/python3.12/site-packages/airflow/example_dags/example_skip_dag.py
[2024-04-20T19:19:55.417+0000] {processor.py:830} INFO - Processing file /home/airflow/.local/lib/python3.12/site-packages/airflow/example_dags/example_skip_dag.py for tasks to queue
[2024-04-20T19:19:55.419+0000] {logging_mixin.py:188} INFO - [2024-04-20T19:19:55.419+0000] {dagbag.py:540} INFO - Filling up the DagBag from /home/airflow/.local/lib/python3.12/site-packages/airflow/example_dags/example_skip_dag.py
[2024-04-20T19:19:55.430+0000] {processor.py:840} INFO - DAG(s) 'example_skip_dag' retrieved from /home/airflow/.local/lib/python3.12/site-packages/airflow/example_dags/example_skip_dag.py
[2024-04-20T19:19:55.458+0000] {logging_mixin.py:188} INFO - [2024-04-20T19:19:55.458+0000] {dag.py:3096} INFO - Sync 1 DAGs
[2024-04-20T19:19:55.498+0000] {logging_mixin.py:188} INFO - [2024-04-20T19:19:55.497+0000] {dag.py:3954} INFO - Setting next_dagrun for example_skip_dag to 2024-04-19 00:00:00+00:00, run_after=2024-04-20 00:00:00+00:00
[2024-04-20T19:19:55.537+0000] {processor.py:183} INFO - Processing /home/airflow/.local/lib/python3.12/site-packages/airflow/example_dags/example_skip_dag.py took 0.129 seconds
[2024-04-20T19:20:25.687+0000] {processor.py:161} INFO - Started process (PID=331) to work on /home/airflow/.local/lib/python3.12/site-packages/airflow/example_dags/example_skip_dag.py
[2024-04-20T19:20:25.690+0000] {processor.py:830} INFO - Processing file /home/airflow/.local/lib/python3.12/site-packages/airflow/example_dags/example_skip_dag.py for tasks to queue
[2024-04-20T19:20:25.697+0000] {logging_mixin.py:188} INFO - [2024-04-20T19:20:25.696+0000] {dagbag.py:540} INFO - Filling up the DagBag from /home/airflow/.local/lib/python3.12/site-packages/airflow/example_dags/example_skip_dag.py
[2024-04-20T19:20:25.706+0000] {processor.py:840} INFO - DAG(s) 'example_skip_dag' retrieved from /home/airflow/.local/lib/python3.12/site-packages/airflow/example_dags/example_skip_dag.py
[2024-04-20T19:20:25.741+0000] {logging_mixin.py:188} INFO - [2024-04-20T19:20:25.741+0000] {dag.py:3096} INFO - Sync 1 DAGs
[2024-04-20T19:20:25.781+0000] {logging_mixin.py:188} INFO - [2024-04-20T19:20:25.780+0000] {dag.py:3954} INFO - Setting next_dagrun for example_skip_dag to 2024-04-19 00:00:00+00:00, run_after=2024-04-20 00:00:00+00:00
[2024-04-20T19:20:25.816+0000] {processor.py:183} INFO - Processing /home/airflow/.local/lib/python3.12/site-packages/airflow/example_dags/example_skip_dag.py took 0.142 seconds
[2024-04-20T19:20:56.537+0000] {processor.py:161} INFO - Started process (PID=395) to work on /home/airflow/.local/lib/python3.12/site-packages/airflow/example_dags/example_skip_dag.py
[2024-04-20T19:20:56.539+0000] {processor.py:830} INFO - Processing file /home/airflow/.local/lib/python3.12/site-packages/airflow/example_dags/example_skip_dag.py for tasks to queue
[2024-04-20T19:20:56.543+0000] {logging_mixin.py:188} INFO - [2024-04-20T19:20:56.542+0000] {dagbag.py:540} INFO - Filling up the DagBag from /home/airflow/.local/lib/python3.12/site-packages/airflow/example_dags/example_skip_dag.py
[2024-04-20T19:20:56.554+0000] {processor.py:840} INFO - DAG(s) 'example_skip_dag' retrieved from /home/airflow/.local/lib/python3.12/site-packages/airflow/example_dags/example_skip_dag.py
[2024-04-20T19:20:56.591+0000] {logging_mixin.py:188} INFO - [2024-04-20T19:20:56.590+0000] {dag.py:3096} INFO - Sync 1 DAGs
[2024-04-20T19:20:56.634+0000] {logging_mixin.py:188} INFO - [2024-04-20T19:20:56.633+0000] {dag.py:3954} INFO - Setting next_dagrun for example_skip_dag to 2024-04-19 00:00:00+00:00, run_after=2024-04-20 00:00:00+00:00
[2024-04-20T19:20:56.678+0000] {processor.py:183} INFO - Processing /home/airflow/.local/lib/python3.12/site-packages/airflow/example_dags/example_skip_dag.py took 0.148 seconds
[2024-04-20T19:21:26.888+0000] {processor.py:161} INFO - Started process (PID=453) to work on /home/airflow/.local/lib/python3.12/site-packages/airflow/example_dags/example_skip_dag.py
[2024-04-20T19:21:26.890+0000] {processor.py:830} INFO - Processing file /home/airflow/.local/lib/python3.12/site-packages/airflow/example_dags/example_skip_dag.py for tasks to queue
[2024-04-20T19:21:26.894+0000] {logging_mixin.py:188} INFO - [2024-04-20T19:21:26.893+0000] {dagbag.py:540} INFO - Filling up the DagBag from /home/airflow/.local/lib/python3.12/site-packages/airflow/example_dags/example_skip_dag.py
[2024-04-20T19:21:26.919+0000] {processor.py:840} INFO - DAG(s) 'example_skip_dag' retrieved from /home/airflow/.local/lib/python3.12/site-packages/airflow/example_dags/example_skip_dag.py
[2024-04-20T19:21:26.972+0000] {logging_mixin.py:188} INFO - [2024-04-20T19:21:26.971+0000] {dag.py:3096} INFO - Sync 1 DAGs
[2024-04-20T19:21:27.034+0000] {logging_mixin.py:188} INFO - [2024-04-20T19:21:27.034+0000] {dag.py:3954} INFO - Setting next_dagrun for example_skip_dag to 2024-04-19 00:00:00+00:00, run_after=2024-04-20 00:00:00+00:00
[2024-04-20T19:21:27.079+0000] {processor.py:183} INFO - Processing /home/airflow/.local/lib/python3.12/site-packages/airflow/example_dags/example_skip_dag.py took 0.203 seconds
[2024-04-20T19:21:57.635+0000] {processor.py:161} INFO - Started process (PID=511) to work on /home/airflow/.local/lib/python3.12/site-packages/airflow/example_dags/example_skip_dag.py
[2024-04-20T19:21:57.637+0000] {processor.py:830} INFO - Processing file /home/airflow/.local/lib/python3.12/site-packages/airflow/example_dags/example_skip_dag.py for tasks to queue
[2024-04-20T19:21:57.640+0000] {logging_mixin.py:188} INFO - [2024-04-20T19:21:57.640+0000] {dagbag.py:540} INFO - Filling up the DagBag from /home/airflow/.local/lib/python3.12/site-packages/airflow/example_dags/example_skip_dag.py
[2024-04-20T19:21:57.652+0000] {processor.py:840} INFO - DAG(s) 'example_skip_dag' retrieved from /home/airflow/.local/lib/python3.12/site-packages/airflow/example_dags/example_skip_dag.py
[2024-04-20T19:21:57.702+0000] {logging_mixin.py:188} INFO - [2024-04-20T19:21:57.702+0000] {dag.py:3096} INFO - Sync 1 DAGs
[2024-04-20T19:21:57.751+0000] {logging_mixin.py:188} INFO - [2024-04-20T19:21:57.750+0000] {dag.py:3954} INFO - Setting next_dagrun for example_skip_dag to 2024-04-19 00:00:00+00:00, run_after=2024-04-20 00:00:00+00:00
[2024-04-20T19:21:57.791+0000] {processor.py:183} INFO - Processing /home/airflow/.local/lib/python3.12/site-packages/airflow/example_dags/example_skip_dag.py took 0.167 seconds
[2024-04-20T19:22:28.246+0000] {processor.py:161} INFO - Started process (PID=569) to work on /home/airflow/.local/lib/python3.12/site-packages/airflow/example_dags/example_skip_dag.py
[2024-04-20T19:22:28.250+0000] {processor.py:830} INFO - Processing file /home/airflow/.local/lib/python3.12/site-packages/airflow/example_dags/example_skip_dag.py for tasks to queue
[2024-04-20T19:22:28.256+0000] {logging_mixin.py:188} INFO - [2024-04-20T19:22:28.254+0000] {dagbag.py:540} INFO - Filling up the DagBag from /home/airflow/.local/lib/python3.12/site-packages/airflow/example_dags/example_skip_dag.py
[2024-04-20T19:22:28.285+0000] {processor.py:840} INFO - DAG(s) 'example_skip_dag' retrieved from /home/airflow/.local/lib/python3.12/site-packages/airflow/example_dags/example_skip_dag.py
[2024-04-20T19:22:28.342+0000] {logging_mixin.py:188} INFO - [2024-04-20T19:22:28.341+0000] {dag.py:3096} INFO - Sync 1 DAGs
[2024-04-20T19:22:28.398+0000] {logging_mixin.py:188} INFO - [2024-04-20T19:22:28.397+0000] {dag.py:3954} INFO - Setting next_dagrun for example_skip_dag to 2024-04-19 00:00:00+00:00, run_after=2024-04-20 00:00:00+00:00
[2024-04-20T19:22:28.455+0000] {processor.py:183} INFO - Processing /home/airflow/.local/lib/python3.12/site-packages/airflow/example_dags/example_skip_dag.py took 0.221 seconds
[2024-04-20T19:23:03.599+0000] {processor.py:161} INFO - Started process (PID=629) to work on /home/airflow/.local/lib/python3.12/site-packages/airflow/example_dags/example_skip_dag.py
[2024-04-20T19:23:03.603+0000] {processor.py:830} INFO - Processing file /home/airflow/.local/lib/python3.12/site-packages/airflow/example_dags/example_skip_dag.py for tasks to queue
[2024-04-20T19:23:03.621+0000] {logging_mixin.py:188} INFO - [2024-04-20T19:23:03.616+0000] {dagbag.py:540} INFO - Filling up the DagBag from /home/airflow/.local/lib/python3.12/site-packages/airflow/example_dags/example_skip_dag.py
[2024-04-20T19:23:03.647+0000] {processor.py:840} INFO - DAG(s) 'example_skip_dag' retrieved from /home/airflow/.local/lib/python3.12/site-packages/airflow/example_dags/example_skip_dag.py
[2024-04-20T19:23:03.755+0000] {logging_mixin.py:188} INFO - [2024-04-20T19:23:03.754+0000] {dag.py:3096} INFO - Sync 1 DAGs
[2024-04-20T19:23:03.823+0000] {logging_mixin.py:188} INFO - [2024-04-20T19:23:03.822+0000] {dag.py:3954} INFO - Setting next_dagrun for example_skip_dag to 2024-04-19 00:00:00+00:00, run_after=2024-04-20 00:00:00+00:00
[2024-04-20T19:23:03.911+0000] {processor.py:183} INFO - Processing /home/airflow/.local/lib/python3.12/site-packages/airflow/example_dags/example_skip_dag.py took 0.363 seconds
[2024-04-20T19:23:35.087+0000] {processor.py:161} INFO - Started process (PID=687) to work on /home/airflow/.local/lib/python3.12/site-packages/airflow/example_dags/example_skip_dag.py
[2024-04-20T19:23:35.090+0000] {processor.py:830} INFO - Processing file /home/airflow/.local/lib/python3.12/site-packages/airflow/example_dags/example_skip_dag.py for tasks to queue
[2024-04-20T19:23:35.100+0000] {logging_mixin.py:188} INFO - [2024-04-20T19:23:35.097+0000] {dagbag.py:540} INFO - Filling up the DagBag from /home/airflow/.local/lib/python3.12/site-packages/airflow/example_dags/example_skip_dag.py
[2024-04-20T19:23:35.120+0000] {processor.py:840} INFO - DAG(s) 'example_skip_dag' retrieved from /home/airflow/.local/lib/python3.12/site-packages/airflow/example_dags/example_skip_dag.py
[2024-04-20T19:23:35.234+0000] {logging_mixin.py:188} INFO - [2024-04-20T19:23:35.233+0000] {dag.py:3096} INFO - Sync 1 DAGs
[2024-04-20T19:23:35.334+0000] {logging_mixin.py:188} INFO - [2024-04-20T19:23:35.333+0000] {dag.py:3954} INFO - Setting next_dagrun for example_skip_dag to 2024-04-19 00:00:00+00:00, run_after=2024-04-20 00:00:00+00:00
[2024-04-20T19:23:35.434+0000] {processor.py:183} INFO - Processing /home/airflow/.local/lib/python3.12/site-packages/airflow/example_dags/example_skip_dag.py took 0.365 seconds
[2024-04-20T19:24:06.667+0000] {processor.py:161} INFO - Started process (PID=747) to work on /home/airflow/.local/lib/python3.12/site-packages/airflow/example_dags/example_skip_dag.py
[2024-04-20T19:24:06.669+0000] {processor.py:830} INFO - Processing file /home/airflow/.local/lib/python3.12/site-packages/airflow/example_dags/example_skip_dag.py for tasks to queue
[2024-04-20T19:24:06.672+0000] {logging_mixin.py:188} INFO - [2024-04-20T19:24:06.671+0000] {dagbag.py:540} INFO - Filling up the DagBag from /home/airflow/.local/lib/python3.12/site-packages/airflow/example_dags/example_skip_dag.py
[2024-04-20T19:24:06.684+0000] {processor.py:840} INFO - DAG(s) 'example_skip_dag' retrieved from /home/airflow/.local/lib/python3.12/site-packages/airflow/example_dags/example_skip_dag.py
[2024-04-20T19:24:06.718+0000] {logging_mixin.py:188} INFO - [2024-04-20T19:24:06.718+0000] {dag.py:3096} INFO - Sync 1 DAGs
[2024-04-20T19:24:06.754+0000] {logging_mixin.py:188} INFO - [2024-04-20T19:24:06.754+0000] {dag.py:3954} INFO - Setting next_dagrun for example_skip_dag to 2024-04-19 00:00:00+00:00, run_after=2024-04-20 00:00:00+00:00
[2024-04-20T19:24:06.788+0000] {processor.py:183} INFO - Processing /home/airflow/.local/lib/python3.12/site-packages/airflow/example_dags/example_skip_dag.py took 0.133 seconds
[2024-04-20T19:24:37.786+0000] {processor.py:161} INFO - Started process (PID=808) to work on /home/airflow/.local/lib/python3.12/site-packages/airflow/example_dags/example_skip_dag.py
[2024-04-20T19:24:37.788+0000] {processor.py:830} INFO - Processing file /home/airflow/.local/lib/python3.12/site-packages/airflow/example_dags/example_skip_dag.py for tasks to queue
[2024-04-20T19:24:37.791+0000] {logging_mixin.py:188} INFO - [2024-04-20T19:24:37.791+0000] {dagbag.py:540} INFO - Filling up the DagBag from /home/airflow/.local/lib/python3.12/site-packages/airflow/example_dags/example_skip_dag.py
[2024-04-20T19:24:37.806+0000] {processor.py:840} INFO - DAG(s) 'example_skip_dag' retrieved from /home/airflow/.local/lib/python3.12/site-packages/airflow/example_dags/example_skip_dag.py
[2024-04-20T19:24:37.857+0000] {logging_mixin.py:188} INFO - [2024-04-20T19:24:37.857+0000] {dag.py:3096} INFO - Sync 1 DAGs
[2024-04-20T19:24:37.907+0000] {logging_mixin.py:188} INFO - [2024-04-20T19:24:37.907+0000] {dag.py:3954} INFO - Setting next_dagrun for example_skip_dag to 2024-04-19 00:00:00+00:00, run_after=2024-04-20 00:00:00+00:00
[2024-04-20T19:24:37.954+0000] {processor.py:183} INFO - Processing /home/airflow/.local/lib/python3.12/site-packages/airflow/example_dags/example_skip_dag.py took 0.180 seconds
[2024-04-20T19:25:08.308+0000] {processor.py:161} INFO - Started process (PID=866) to work on /home/airflow/.local/lib/python3.12/site-packages/airflow/example_dags/example_skip_dag.py
[2024-04-20T19:25:08.316+0000] {processor.py:830} INFO - Processing file /home/airflow/.local/lib/python3.12/site-packages/airflow/example_dags/example_skip_dag.py for tasks to queue
[2024-04-20T19:25:08.323+0000] {logging_mixin.py:188} INFO - [2024-04-20T19:25:08.322+0000] {dagbag.py:540} INFO - Filling up the DagBag from /home/airflow/.local/lib/python3.12/site-packages/airflow/example_dags/example_skip_dag.py
[2024-04-20T19:25:08.336+0000] {processor.py:840} INFO - DAG(s) 'example_skip_dag' retrieved from /home/airflow/.local/lib/python3.12/site-packages/airflow/example_dags/example_skip_dag.py
[2024-04-20T19:25:08.381+0000] {logging_mixin.py:188} INFO - [2024-04-20T19:25:08.381+0000] {dag.py:3096} INFO - Sync 1 DAGs
[2024-04-20T19:25:08.421+0000] {logging_mixin.py:188} INFO - [2024-04-20T19:25:08.420+0000] {dag.py:3954} INFO - Setting next_dagrun for example_skip_dag to 2024-04-19 00:00:00+00:00, run_after=2024-04-20 00:00:00+00:00
[2024-04-20T19:25:08.460+0000] {processor.py:183} INFO - Processing /home/airflow/.local/lib/python3.12/site-packages/airflow/example_dags/example_skip_dag.py took 0.168 seconds
