[2024-04-20T19:18:10.519+0000] {processor.py:161} INFO - Started process (PID=79) to work on /home/airflow/.local/lib/python3.12/site-packages/airflow/example_dags/example_python_operator.py
[2024-04-20T19:18:10.523+0000] {processor.py:830} INFO - Processing file /home/airflow/.local/lib/python3.12/site-packages/airflow/example_dags/example_python_operator.py for tasks to queue
[2024-04-20T19:18:10.532+0000] {logging_mixin.py:188} INFO - [2024-04-20T19:18:10.531+0000] {dagbag.py:540} INFO - Filling up the DagBag from /home/airflow/.local/lib/python3.12/site-packages/airflow/example_dags/example_python_operator.py
[2024-04-20T19:18:10.582+0000] {processor.py:840} INFO - DAG(s) 'example_python_operator' retrieved from /home/airflow/.local/lib/python3.12/site-packages/airflow/example_dags/example_python_operator.py
[2024-04-20T19:18:11.019+0000] {logging_mixin.py:188} INFO - [2024-04-20T19:18:11.019+0000] {dag.py:3096} INFO - Sync 1 DAGs
[2024-04-20T19:18:11.061+0000] {logging_mixin.py:188} INFO - [2024-04-20T19:18:11.060+0000] {dag.py:3954} INFO - Setting next_dagrun for example_python_operator to None, run_after=None
[2024-04-20T19:18:11.121+0000] {processor.py:183} INFO - Processing /home/airflow/.local/lib/python3.12/site-packages/airflow/example_dags/example_python_operator.py took 0.621 seconds
[2024-04-20T19:18:44.409+0000] {processor.py:161} INFO - Started process (PID=137) to work on /home/airflow/.local/lib/python3.12/site-packages/airflow/example_dags/example_python_operator.py
[2024-04-20T19:18:44.416+0000] {processor.py:830} INFO - Processing file /home/airflow/.local/lib/python3.12/site-packages/airflow/example_dags/example_python_operator.py for tasks to queue
[2024-04-20T19:18:44.424+0000] {logging_mixin.py:188} INFO - [2024-04-20T19:18:44.422+0000] {dagbag.py:540} INFO - Filling up the DagBag from /home/airflow/.local/lib/python3.12/site-packages/airflow/example_dags/example_python_operator.py
[2024-04-20T19:18:44.522+0000] {processor.py:840} INFO - DAG(s) 'example_python_operator' retrieved from /home/airflow/.local/lib/python3.12/site-packages/airflow/example_dags/example_python_operator.py
[2024-04-20T19:18:44.717+0000] {logging_mixin.py:188} INFO - [2024-04-20T19:18:44.716+0000] {dag.py:3096} INFO - Sync 1 DAGs
[2024-04-20T19:18:44.817+0000] {logging_mixin.py:188} INFO - [2024-04-20T19:18:44.816+0000] {dag.py:3954} INFO - Setting next_dagrun for example_python_operator to None, run_after=None
[2024-04-20T19:18:44.921+0000] {processor.py:183} INFO - Processing /home/airflow/.local/lib/python3.12/site-packages/airflow/example_dags/example_python_operator.py took 0.538 seconds
[2024-04-20T19:19:15.686+0000] {processor.py:161} INFO - Started process (PID=195) to work on /home/airflow/.local/lib/python3.12/site-packages/airflow/example_dags/example_python_operator.py
[2024-04-20T19:19:15.688+0000] {processor.py:830} INFO - Processing file /home/airflow/.local/lib/python3.12/site-packages/airflow/example_dags/example_python_operator.py for tasks to queue
[2024-04-20T19:19:15.690+0000] {logging_mixin.py:188} INFO - [2024-04-20T19:19:15.689+0000] {dagbag.py:540} INFO - Filling up the DagBag from /home/airflow/.local/lib/python3.12/site-packages/airflow/example_dags/example_python_operator.py
[2024-04-20T19:19:15.704+0000] {processor.py:840} INFO - DAG(s) 'example_python_operator' retrieved from /home/airflow/.local/lib/python3.12/site-packages/airflow/example_dags/example_python_operator.py
[2024-04-20T19:19:15.741+0000] {logging_mixin.py:188} INFO - [2024-04-20T19:19:15.741+0000] {dag.py:3096} INFO - Sync 1 DAGs
[2024-04-20T19:19:15.756+0000] {logging_mixin.py:188} INFO - [2024-04-20T19:19:15.756+0000] {dag.py:3954} INFO - Setting next_dagrun for example_python_operator to None, run_after=None
[2024-04-20T19:19:15.783+0000] {processor.py:183} INFO - Processing /home/airflow/.local/lib/python3.12/site-packages/airflow/example_dags/example_python_operator.py took 0.104 seconds
[2024-04-20T19:19:46.333+0000] {processor.py:161} INFO - Started process (PID=253) to work on /home/airflow/.local/lib/python3.12/site-packages/airflow/example_dags/example_python_operator.py
[2024-04-20T19:19:46.336+0000] {processor.py:830} INFO - Processing file /home/airflow/.local/lib/python3.12/site-packages/airflow/example_dags/example_python_operator.py for tasks to queue
[2024-04-20T19:19:46.339+0000] {logging_mixin.py:188} INFO - [2024-04-20T19:19:46.339+0000] {dagbag.py:540} INFO - Filling up the DagBag from /home/airflow/.local/lib/python3.12/site-packages/airflow/example_dags/example_python_operator.py
[2024-04-20T19:19:46.363+0000] {processor.py:840} INFO - DAG(s) 'example_python_operator' retrieved from /home/airflow/.local/lib/python3.12/site-packages/airflow/example_dags/example_python_operator.py
[2024-04-20T19:19:46.414+0000] {logging_mixin.py:188} INFO - [2024-04-20T19:19:46.414+0000] {dag.py:3096} INFO - Sync 1 DAGs
[2024-04-20T19:19:46.434+0000] {logging_mixin.py:188} INFO - [2024-04-20T19:19:46.434+0000] {dag.py:3954} INFO - Setting next_dagrun for example_python_operator to None, run_after=None
[2024-04-20T19:19:46.467+0000] {processor.py:183} INFO - Processing /home/airflow/.local/lib/python3.12/site-packages/airflow/example_dags/example_python_operator.py took 0.146 seconds
[2024-04-20T19:20:16.883+0000] {processor.py:161} INFO - Started process (PID=311) to work on /home/airflow/.local/lib/python3.12/site-packages/airflow/example_dags/example_python_operator.py
[2024-04-20T19:20:16.885+0000] {processor.py:830} INFO - Processing file /home/airflow/.local/lib/python3.12/site-packages/airflow/example_dags/example_python_operator.py for tasks to queue
[2024-04-20T19:20:16.890+0000] {logging_mixin.py:188} INFO - [2024-04-20T19:20:16.889+0000] {dagbag.py:540} INFO - Filling up the DagBag from /home/airflow/.local/lib/python3.12/site-packages/airflow/example_dags/example_python_operator.py
[2024-04-20T19:20:16.913+0000] {processor.py:840} INFO - DAG(s) 'example_python_operator' retrieved from /home/airflow/.local/lib/python3.12/site-packages/airflow/example_dags/example_python_operator.py
[2024-04-20T19:20:16.964+0000] {logging_mixin.py:188} INFO - [2024-04-20T19:20:16.963+0000] {dag.py:3096} INFO - Sync 1 DAGs
[2024-04-20T19:20:16.995+0000] {logging_mixin.py:188} INFO - [2024-04-20T19:20:16.995+0000] {dag.py:3954} INFO - Setting next_dagrun for example_python_operator to None, run_after=None
[2024-04-20T19:20:17.053+0000] {processor.py:183} INFO - Processing /home/airflow/.local/lib/python3.12/site-packages/airflow/example_dags/example_python_operator.py took 0.185 seconds
[2024-04-20T19:20:47.453+0000] {processor.py:161} INFO - Started process (PID=369) to work on /home/airflow/.local/lib/python3.12/site-packages/airflow/example_dags/example_python_operator.py
[2024-04-20T19:20:47.455+0000] {processor.py:830} INFO - Processing file /home/airflow/.local/lib/python3.12/site-packages/airflow/example_dags/example_python_operator.py for tasks to queue
[2024-04-20T19:20:47.457+0000] {logging_mixin.py:188} INFO - [2024-04-20T19:20:47.456+0000] {dagbag.py:540} INFO - Filling up the DagBag from /home/airflow/.local/lib/python3.12/site-packages/airflow/example_dags/example_python_operator.py
[2024-04-20T19:20:47.484+0000] {processor.py:840} INFO - DAG(s) 'example_python_operator' retrieved from /home/airflow/.local/lib/python3.12/site-packages/airflow/example_dags/example_python_operator.py
[2024-04-20T19:20:47.533+0000] {logging_mixin.py:188} INFO - [2024-04-20T19:20:47.533+0000] {dag.py:3096} INFO - Sync 1 DAGs
[2024-04-20T19:20:47.555+0000] {logging_mixin.py:188} INFO - [2024-04-20T19:20:47.555+0000] {dag.py:3954} INFO - Setting next_dagrun for example_python_operator to None, run_after=None
[2024-04-20T19:20:47.617+0000] {processor.py:183} INFO - Processing /home/airflow/.local/lib/python3.12/site-packages/airflow/example_dags/example_python_operator.py took 0.174 seconds
[2024-04-20T19:21:17.791+0000] {processor.py:161} INFO - Started process (PID=427) to work on /home/airflow/.local/lib/python3.12/site-packages/airflow/example_dags/example_python_operator.py
[2024-04-20T19:21:17.797+0000] {processor.py:830} INFO - Processing file /home/airflow/.local/lib/python3.12/site-packages/airflow/example_dags/example_python_operator.py for tasks to queue
[2024-04-20T19:21:17.807+0000] {logging_mixin.py:188} INFO - [2024-04-20T19:21:17.806+0000] {dagbag.py:540} INFO - Filling up the DagBag from /home/airflow/.local/lib/python3.12/site-packages/airflow/example_dags/example_python_operator.py
[2024-04-20T19:21:17.865+0000] {processor.py:840} INFO - DAG(s) 'example_python_operator' retrieved from /home/airflow/.local/lib/python3.12/site-packages/airflow/example_dags/example_python_operator.py
[2024-04-20T19:21:18.005+0000] {logging_mixin.py:188} INFO - [2024-04-20T19:21:18.004+0000] {dag.py:3096} INFO - Sync 1 DAGs
[2024-04-20T19:21:18.102+0000] {logging_mixin.py:188} INFO - [2024-04-20T19:21:18.101+0000] {dag.py:3954} INFO - Setting next_dagrun for example_python_operator to None, run_after=None
[2024-04-20T19:21:18.225+0000] {processor.py:183} INFO - Processing /home/airflow/.local/lib/python3.12/site-packages/airflow/example_dags/example_python_operator.py took 0.456 seconds
[2024-04-20T19:21:48.441+0000] {processor.py:161} INFO - Started process (PID=485) to work on /home/airflow/.local/lib/python3.12/site-packages/airflow/example_dags/example_python_operator.py
[2024-04-20T19:21:48.443+0000] {processor.py:830} INFO - Processing file /home/airflow/.local/lib/python3.12/site-packages/airflow/example_dags/example_python_operator.py for tasks to queue
[2024-04-20T19:21:48.449+0000] {logging_mixin.py:188} INFO - [2024-04-20T19:21:48.449+0000] {dagbag.py:540} INFO - Filling up the DagBag from /home/airflow/.local/lib/python3.12/site-packages/airflow/example_dags/example_python_operator.py
[2024-04-20T19:21:48.467+0000] {processor.py:840} INFO - DAG(s) 'example_python_operator' retrieved from /home/airflow/.local/lib/python3.12/site-packages/airflow/example_dags/example_python_operator.py
[2024-04-20T19:21:48.516+0000] {logging_mixin.py:188} INFO - [2024-04-20T19:21:48.516+0000] {dag.py:3096} INFO - Sync 1 DAGs
[2024-04-20T19:21:48.539+0000] {logging_mixin.py:188} INFO - [2024-04-20T19:21:48.539+0000] {dag.py:3954} INFO - Setting next_dagrun for example_python_operator to None, run_after=None
[2024-04-20T19:21:48.591+0000] {processor.py:183} INFO - Processing /home/airflow/.local/lib/python3.12/site-packages/airflow/example_dags/example_python_operator.py took 0.158 seconds
[2024-04-20T19:22:18.838+0000] {processor.py:161} INFO - Started process (PID=543) to work on /home/airflow/.local/lib/python3.12/site-packages/airflow/example_dags/example_python_operator.py
[2024-04-20T19:22:18.841+0000] {processor.py:830} INFO - Processing file /home/airflow/.local/lib/python3.12/site-packages/airflow/example_dags/example_python_operator.py for tasks to queue
[2024-04-20T19:22:18.849+0000] {logging_mixin.py:188} INFO - [2024-04-20T19:22:18.849+0000] {dagbag.py:540} INFO - Filling up the DagBag from /home/airflow/.local/lib/python3.12/site-packages/airflow/example_dags/example_python_operator.py
[2024-04-20T19:22:18.870+0000] {processor.py:840} INFO - DAG(s) 'example_python_operator' retrieved from /home/airflow/.local/lib/python3.12/site-packages/airflow/example_dags/example_python_operator.py
[2024-04-20T19:22:18.921+0000] {logging_mixin.py:188} INFO - [2024-04-20T19:22:18.920+0000] {dag.py:3096} INFO - Sync 1 DAGs
[2024-04-20T19:22:18.955+0000] {logging_mixin.py:188} INFO - [2024-04-20T19:22:18.955+0000] {dag.py:3954} INFO - Setting next_dagrun for example_python_operator to None, run_after=None
[2024-04-20T19:22:19.000+0000] {processor.py:183} INFO - Processing /home/airflow/.local/lib/python3.12/site-packages/airflow/example_dags/example_python_operator.py took 0.179 seconds
[2024-04-20T19:22:52.865+0000] {processor.py:161} INFO - Started process (PID=601) to work on /home/airflow/.local/lib/python3.12/site-packages/airflow/example_dags/example_python_operator.py
[2024-04-20T19:22:52.869+0000] {processor.py:830} INFO - Processing file /home/airflow/.local/lib/python3.12/site-packages/airflow/example_dags/example_python_operator.py for tasks to queue
[2024-04-20T19:22:52.880+0000] {logging_mixin.py:188} INFO - [2024-04-20T19:22:52.876+0000] {dagbag.py:540} INFO - Filling up the DagBag from /home/airflow/.local/lib/python3.12/site-packages/airflow/example_dags/example_python_operator.py
[2024-04-20T19:22:52.926+0000] {processor.py:840} INFO - DAG(s) 'example_python_operator' retrieved from /home/airflow/.local/lib/python3.12/site-packages/airflow/example_dags/example_python_operator.py
[2024-04-20T19:22:53.102+0000] {logging_mixin.py:188} INFO - [2024-04-20T19:22:53.098+0000] {dag.py:3096} INFO - Sync 1 DAGs
[2024-04-20T19:22:53.257+0000] {logging_mixin.py:188} INFO - [2024-04-20T19:22:53.255+0000] {dag.py:3954} INFO - Setting next_dagrun for example_python_operator to None, run_after=None
[2024-04-20T19:22:53.518+0000] {processor.py:183} INFO - Processing /home/airflow/.local/lib/python3.12/site-packages/airflow/example_dags/example_python_operator.py took 0.680 seconds
[2024-04-20T19:23:26.290+0000] {processor.py:161} INFO - Started process (PID=659) to work on /home/airflow/.local/lib/python3.12/site-packages/airflow/example_dags/example_python_operator.py
[2024-04-20T19:23:26.295+0000] {processor.py:830} INFO - Processing file /home/airflow/.local/lib/python3.12/site-packages/airflow/example_dags/example_python_operator.py for tasks to queue
[2024-04-20T19:23:26.306+0000] {logging_mixin.py:188} INFO - [2024-04-20T19:23:26.303+0000] {dagbag.py:540} INFO - Filling up the DagBag from /home/airflow/.local/lib/python3.12/site-packages/airflow/example_dags/example_python_operator.py
[2024-04-20T19:23:26.363+0000] {processor.py:840} INFO - DAG(s) 'example_python_operator' retrieved from /home/airflow/.local/lib/python3.12/site-packages/airflow/example_dags/example_python_operator.py
[2024-04-20T19:23:26.523+0000] {logging_mixin.py:188} INFO - [2024-04-20T19:23:26.521+0000] {dag.py:3096} INFO - Sync 1 DAGs
[2024-04-20T19:23:26.673+0000] {logging_mixin.py:188} INFO - [2024-04-20T19:23:26.671+0000] {dag.py:3954} INFO - Setting next_dagrun for example_python_operator to None, run_after=None
[2024-04-20T19:23:26.909+0000] {processor.py:183} INFO - Processing /home/airflow/.local/lib/python3.12/site-packages/airflow/example_dags/example_python_operator.py took 0.654 seconds
[2024-04-20T19:23:57.774+0000] {processor.py:161} INFO - Started process (PID=723) to work on /home/airflow/.local/lib/python3.12/site-packages/airflow/example_dags/example_python_operator.py
[2024-04-20T19:23:57.776+0000] {processor.py:830} INFO - Processing file /home/airflow/.local/lib/python3.12/site-packages/airflow/example_dags/example_python_operator.py for tasks to queue
[2024-04-20T19:23:57.785+0000] {logging_mixin.py:188} INFO - [2024-04-20T19:23:57.784+0000] {dagbag.py:540} INFO - Filling up the DagBag from /home/airflow/.local/lib/python3.12/site-packages/airflow/example_dags/example_python_operator.py
[2024-04-20T19:23:57.806+0000] {processor.py:840} INFO - DAG(s) 'example_python_operator' retrieved from /home/airflow/.local/lib/python3.12/site-packages/airflow/example_dags/example_python_operator.py
[2024-04-20T19:23:57.854+0000] {logging_mixin.py:188} INFO - [2024-04-20T19:23:57.853+0000] {dag.py:3096} INFO - Sync 1 DAGs
[2024-04-20T19:23:57.874+0000] {logging_mixin.py:188} INFO - [2024-04-20T19:23:57.874+0000] {dag.py:3954} INFO - Setting next_dagrun for example_python_operator to None, run_after=None
[2024-04-20T19:23:57.921+0000] {processor.py:183} INFO - Processing /home/airflow/.local/lib/python3.12/site-packages/airflow/example_dags/example_python_operator.py took 0.162 seconds
[2024-04-20T19:24:28.334+0000] {processor.py:161} INFO - Started process (PID=781) to work on /home/airflow/.local/lib/python3.12/site-packages/airflow/example_dags/example_python_operator.py
[2024-04-20T19:24:28.336+0000] {processor.py:830} INFO - Processing file /home/airflow/.local/lib/python3.12/site-packages/airflow/example_dags/example_python_operator.py for tasks to queue
[2024-04-20T19:24:28.340+0000] {logging_mixin.py:188} INFO - [2024-04-20T19:24:28.339+0000] {dagbag.py:540} INFO - Filling up the DagBag from /home/airflow/.local/lib/python3.12/site-packages/airflow/example_dags/example_python_operator.py
[2024-04-20T19:24:28.364+0000] {processor.py:840} INFO - DAG(s) 'example_python_operator' retrieved from /home/airflow/.local/lib/python3.12/site-packages/airflow/example_dags/example_python_operator.py
[2024-04-20T19:24:28.459+0000] {logging_mixin.py:188} INFO - [2024-04-20T19:24:28.458+0000] {dag.py:3096} INFO - Sync 1 DAGs
[2024-04-20T19:24:28.490+0000] {logging_mixin.py:188} INFO - [2024-04-20T19:24:28.489+0000] {dag.py:3954} INFO - Setting next_dagrun for example_python_operator to None, run_after=None
[2024-04-20T19:24:28.532+0000] {processor.py:183} INFO - Processing /home/airflow/.local/lib/python3.12/site-packages/airflow/example_dags/example_python_operator.py took 0.211 seconds
[2024-04-20T19:24:58.908+0000] {processor.py:161} INFO - Started process (PID=837) to work on /home/airflow/.local/lib/python3.12/site-packages/airflow/example_dags/example_python_operator.py
[2024-04-20T19:24:58.913+0000] {processor.py:830} INFO - Processing file /home/airflow/.local/lib/python3.12/site-packages/airflow/example_dags/example_python_operator.py for tasks to queue
[2024-04-20T19:24:58.921+0000] {logging_mixin.py:188} INFO - [2024-04-20T19:24:58.920+0000] {dagbag.py:540} INFO - Filling up the DagBag from /home/airflow/.local/lib/python3.12/site-packages/airflow/example_dags/example_python_operator.py
[2024-04-20T19:24:58.943+0000] {processor.py:840} INFO - DAG(s) 'example_python_operator' retrieved from /home/airflow/.local/lib/python3.12/site-packages/airflow/example_dags/example_python_operator.py
[2024-04-20T19:24:59.004+0000] {logging_mixin.py:188} INFO - [2024-04-20T19:24:59.004+0000] {dag.py:3096} INFO - Sync 1 DAGs
[2024-04-20T19:24:59.050+0000] {logging_mixin.py:188} INFO - [2024-04-20T19:24:59.048+0000] {dag.py:3954} INFO - Setting next_dagrun for example_python_operator to None, run_after=None
[2024-04-20T19:24:59.158+0000] {processor.py:183} INFO - Processing /home/airflow/.local/lib/python3.12/site-packages/airflow/example_dags/example_python_operator.py took 0.265 seconds
