[2024-04-20T19:18:11.470+0000] {processor.py:161} INFO - Started process (PID=82) to work on /home/airflow/.local/lib/python3.12/site-packages/airflow/example_dags/example_external_task_marker_dag.py
[2024-04-20T19:18:11.473+0000] {processor.py:830} INFO - Processing file /home/airflow/.local/lib/python3.12/site-packages/airflow/example_dags/example_external_task_marker_dag.py for tasks to queue
[2024-04-20T19:18:11.480+0000] {logging_mixin.py:188} INFO - [2024-04-20T19:18:11.479+0000] {dagbag.py:540} INFO - Filling up the DagBag from /home/airflow/.local/lib/python3.12/site-packages/airflow/example_dags/example_external_task_marker_dag.py
[2024-04-20T19:18:11.503+0000] {processor.py:840} INFO - DAG(s) 'example_external_task_marker_child', 'example_external_task_marker_parent' retrieved from /home/airflow/.local/lib/python3.12/site-packages/airflow/example_dags/example_external_task_marker_dag.py
[2024-04-20T19:18:11.783+0000] {logging_mixin.py:188} INFO - [2024-04-20T19:18:11.783+0000] {dag.py:3096} INFO - Sync 2 DAGs
[2024-04-20T19:18:11.806+0000] {logging_mixin.py:188} INFO - [2024-04-20T19:18:11.806+0000] {dag.py:3954} INFO - Setting next_dagrun for example_external_task_marker_child to None, run_after=None
[2024-04-20T19:18:11.816+0000] {logging_mixin.py:188} INFO - [2024-04-20T19:18:11.815+0000] {dag.py:3954} INFO - Setting next_dagrun for example_external_task_marker_parent to None, run_after=None
[2024-04-20T19:18:11.865+0000] {processor.py:183} INFO - Processing /home/airflow/.local/lib/python3.12/site-packages/airflow/example_dags/example_external_task_marker_dag.py took 0.405 seconds
[2024-04-20T19:18:46.321+0000] {processor.py:161} INFO - Started process (PID=140) to work on /home/airflow/.local/lib/python3.12/site-packages/airflow/example_dags/example_external_task_marker_dag.py
[2024-04-20T19:18:46.355+0000] {processor.py:830} INFO - Processing file /home/airflow/.local/lib/python3.12/site-packages/airflow/example_dags/example_external_task_marker_dag.py for tasks to queue
[2024-04-20T19:18:46.399+0000] {logging_mixin.py:188} INFO - [2024-04-20T19:18:46.392+0000] {dagbag.py:540} INFO - Filling up the DagBag from /home/airflow/.local/lib/python3.12/site-packages/airflow/example_dags/example_external_task_marker_dag.py
[2024-04-20T19:18:46.912+0000] {processor.py:840} INFO - DAG(s) 'example_external_task_marker_child', 'example_external_task_marker_parent' retrieved from /home/airflow/.local/lib/python3.12/site-packages/airflow/example_dags/example_external_task_marker_dag.py
[2024-04-20T19:18:47.720+0000] {logging_mixin.py:188} INFO - [2024-04-20T19:18:47.713+0000] {dag.py:3096} INFO - Sync 2 DAGs
[2024-04-20T19:18:47.973+0000] {logging_mixin.py:188} INFO - [2024-04-20T19:18:47.972+0000] {dag.py:3954} INFO - Setting next_dagrun for example_external_task_marker_child to None, run_after=None
[2024-04-20T19:18:48.007+0000] {logging_mixin.py:188} INFO - [2024-04-20T19:18:48.006+0000] {dag.py:3954} INFO - Setting next_dagrun for example_external_task_marker_parent to None, run_after=None
[2024-04-20T19:18:48.149+0000] {processor.py:183} INFO - Processing /home/airflow/.local/lib/python3.12/site-packages/airflow/example_dags/example_external_task_marker_dag.py took 2.009 seconds
[2024-04-20T19:19:18.867+0000] {processor.py:161} INFO - Started process (PID=198) to work on /home/airflow/.local/lib/python3.12/site-packages/airflow/example_dags/example_external_task_marker_dag.py
[2024-04-20T19:19:18.869+0000] {processor.py:830} INFO - Processing file /home/airflow/.local/lib/python3.12/site-packages/airflow/example_dags/example_external_task_marker_dag.py for tasks to queue
[2024-04-20T19:19:18.871+0000] {logging_mixin.py:188} INFO - [2024-04-20T19:19:18.871+0000] {dagbag.py:540} INFO - Filling up the DagBag from /home/airflow/.local/lib/python3.12/site-packages/airflow/example_dags/example_external_task_marker_dag.py
[2024-04-20T19:19:18.879+0000] {processor.py:840} INFO - DAG(s) 'example_external_task_marker_child', 'example_external_task_marker_parent' retrieved from /home/airflow/.local/lib/python3.12/site-packages/airflow/example_dags/example_external_task_marker_dag.py
[2024-04-20T19:19:18.912+0000] {logging_mixin.py:188} INFO - [2024-04-20T19:19:18.912+0000] {dag.py:3096} INFO - Sync 2 DAGs
[2024-04-20T19:19:18.932+0000] {logging_mixin.py:188} INFO - [2024-04-20T19:19:18.931+0000] {dag.py:3954} INFO - Setting next_dagrun for example_external_task_marker_child to None, run_after=None
[2024-04-20T19:19:18.936+0000] {logging_mixin.py:188} INFO - [2024-04-20T19:19:18.936+0000] {dag.py:3954} INFO - Setting next_dagrun for example_external_task_marker_parent to None, run_after=None
[2024-04-20T19:19:18.956+0000] {processor.py:183} INFO - Processing /home/airflow/.local/lib/python3.12/site-packages/airflow/example_dags/example_external_task_marker_dag.py took 0.095 seconds
[2024-04-20T19:19:49.589+0000] {processor.py:161} INFO - Started process (PID=256) to work on /home/airflow/.local/lib/python3.12/site-packages/airflow/example_dags/example_external_task_marker_dag.py
[2024-04-20T19:19:49.593+0000] {processor.py:830} INFO - Processing file /home/airflow/.local/lib/python3.12/site-packages/airflow/example_dags/example_external_task_marker_dag.py for tasks to queue
[2024-04-20T19:19:49.597+0000] {logging_mixin.py:188} INFO - [2024-04-20T19:19:49.597+0000] {dagbag.py:540} INFO - Filling up the DagBag from /home/airflow/.local/lib/python3.12/site-packages/airflow/example_dags/example_external_task_marker_dag.py
[2024-04-20T19:19:49.614+0000] {processor.py:840} INFO - DAG(s) 'example_external_task_marker_child', 'example_external_task_marker_parent' retrieved from /home/airflow/.local/lib/python3.12/site-packages/airflow/example_dags/example_external_task_marker_dag.py
[2024-04-20T19:19:49.674+0000] {logging_mixin.py:188} INFO - [2024-04-20T19:19:49.673+0000] {dag.py:3096} INFO - Sync 2 DAGs
[2024-04-20T19:19:49.709+0000] {logging_mixin.py:188} INFO - [2024-04-20T19:19:49.708+0000] {dag.py:3954} INFO - Setting next_dagrun for example_external_task_marker_child to None, run_after=None
[2024-04-20T19:19:49.720+0000] {logging_mixin.py:188} INFO - [2024-04-20T19:19:49.720+0000] {dag.py:3954} INFO - Setting next_dagrun for example_external_task_marker_parent to None, run_after=None
[2024-04-20T19:19:49.768+0000] {processor.py:183} INFO - Processing /home/airflow/.local/lib/python3.12/site-packages/airflow/example_dags/example_external_task_marker_dag.py took 0.194 seconds
[2024-04-20T19:20:20.165+0000] {processor.py:161} INFO - Started process (PID=314) to work on /home/airflow/.local/lib/python3.12/site-packages/airflow/example_dags/example_external_task_marker_dag.py
[2024-04-20T19:20:20.166+0000] {processor.py:830} INFO - Processing file /home/airflow/.local/lib/python3.12/site-packages/airflow/example_dags/example_external_task_marker_dag.py for tasks to queue
[2024-04-20T19:20:20.170+0000] {logging_mixin.py:188} INFO - [2024-04-20T19:20:20.169+0000] {dagbag.py:540} INFO - Filling up the DagBag from /home/airflow/.local/lib/python3.12/site-packages/airflow/example_dags/example_external_task_marker_dag.py
[2024-04-20T19:20:20.180+0000] {processor.py:840} INFO - DAG(s) 'example_external_task_marker_parent', 'example_external_task_marker_child' retrieved from /home/airflow/.local/lib/python3.12/site-packages/airflow/example_dags/example_external_task_marker_dag.py
[2024-04-20T19:20:20.220+0000] {logging_mixin.py:188} INFO - [2024-04-20T19:20:20.220+0000] {dag.py:3096} INFO - Sync 2 DAGs
[2024-04-20T19:20:20.239+0000] {logging_mixin.py:188} INFO - [2024-04-20T19:20:20.238+0000] {dag.py:3954} INFO - Setting next_dagrun for example_external_task_marker_child to None, run_after=None
[2024-04-20T19:20:20.246+0000] {logging_mixin.py:188} INFO - [2024-04-20T19:20:20.246+0000] {dag.py:3954} INFO - Setting next_dagrun for example_external_task_marker_parent to None, run_after=None
[2024-04-20T19:20:20.268+0000] {processor.py:183} INFO - Processing /home/airflow/.local/lib/python3.12/site-packages/airflow/example_dags/example_external_task_marker_dag.py took 0.112 seconds
[2024-04-20T19:20:50.734+0000] {processor.py:161} INFO - Started process (PID=372) to work on /home/airflow/.local/lib/python3.12/site-packages/airflow/example_dags/example_external_task_marker_dag.py
[2024-04-20T19:20:50.735+0000] {processor.py:830} INFO - Processing file /home/airflow/.local/lib/python3.12/site-packages/airflow/example_dags/example_external_task_marker_dag.py for tasks to queue
[2024-04-20T19:20:50.739+0000] {logging_mixin.py:188} INFO - [2024-04-20T19:20:50.738+0000] {dagbag.py:540} INFO - Filling up the DagBag from /home/airflow/.local/lib/python3.12/site-packages/airflow/example_dags/example_external_task_marker_dag.py
[2024-04-20T19:20:50.758+0000] {processor.py:840} INFO - DAG(s) 'example_external_task_marker_child', 'example_external_task_marker_parent' retrieved from /home/airflow/.local/lib/python3.12/site-packages/airflow/example_dags/example_external_task_marker_dag.py
[2024-04-20T19:20:50.808+0000] {logging_mixin.py:188} INFO - [2024-04-20T19:20:50.808+0000] {dag.py:3096} INFO - Sync 2 DAGs
[2024-04-20T19:20:50.835+0000] {logging_mixin.py:188} INFO - [2024-04-20T19:20:50.834+0000] {dag.py:3954} INFO - Setting next_dagrun for example_external_task_marker_child to None, run_after=None
[2024-04-20T19:20:50.845+0000] {logging_mixin.py:188} INFO - [2024-04-20T19:20:50.843+0000] {dag.py:3954} INFO - Setting next_dagrun for example_external_task_marker_parent to None, run_after=None
[2024-04-20T19:20:50.877+0000] {processor.py:183} INFO - Processing /home/airflow/.local/lib/python3.12/site-packages/airflow/example_dags/example_external_task_marker_dag.py took 0.156 seconds
[2024-04-20T19:21:21.431+0000] {processor.py:161} INFO - Started process (PID=430) to work on /home/airflow/.local/lib/python3.12/site-packages/airflow/example_dags/example_external_task_marker_dag.py
[2024-04-20T19:21:21.433+0000] {processor.py:830} INFO - Processing file /home/airflow/.local/lib/python3.12/site-packages/airflow/example_dags/example_external_task_marker_dag.py for tasks to queue
[2024-04-20T19:21:21.438+0000] {logging_mixin.py:188} INFO - [2024-04-20T19:21:21.437+0000] {dagbag.py:540} INFO - Filling up the DagBag from /home/airflow/.local/lib/python3.12/site-packages/airflow/example_dags/example_external_task_marker_dag.py
[2024-04-20T19:21:21.453+0000] {processor.py:840} INFO - DAG(s) 'example_external_task_marker_parent', 'example_external_task_marker_child' retrieved from /home/airflow/.local/lib/python3.12/site-packages/airflow/example_dags/example_external_task_marker_dag.py
[2024-04-20T19:21:21.502+0000] {logging_mixin.py:188} INFO - [2024-04-20T19:21:21.502+0000] {dag.py:3096} INFO - Sync 2 DAGs
[2024-04-20T19:21:21.526+0000] {logging_mixin.py:188} INFO - [2024-04-20T19:21:21.526+0000] {dag.py:3954} INFO - Setting next_dagrun for example_external_task_marker_child to None, run_after=None
[2024-04-20T19:21:21.536+0000] {logging_mixin.py:188} INFO - [2024-04-20T19:21:21.535+0000] {dag.py:3954} INFO - Setting next_dagrun for example_external_task_marker_parent to None, run_after=None
[2024-04-20T19:21:21.575+0000] {processor.py:183} INFO - Processing /home/airflow/.local/lib/python3.12/site-packages/airflow/example_dags/example_external_task_marker_dag.py took 0.157 seconds
[2024-04-20T19:21:51.861+0000] {processor.py:161} INFO - Started process (PID=488) to work on /home/airflow/.local/lib/python3.12/site-packages/airflow/example_dags/example_external_task_marker_dag.py
[2024-04-20T19:21:51.869+0000] {processor.py:830} INFO - Processing file /home/airflow/.local/lib/python3.12/site-packages/airflow/example_dags/example_external_task_marker_dag.py for tasks to queue
[2024-04-20T19:21:51.873+0000] {logging_mixin.py:188} INFO - [2024-04-20T19:21:51.873+0000] {dagbag.py:540} INFO - Filling up the DagBag from /home/airflow/.local/lib/python3.12/site-packages/airflow/example_dags/example_external_task_marker_dag.py
[2024-04-20T19:21:51.891+0000] {processor.py:840} INFO - DAG(s) 'example_external_task_marker_child', 'example_external_task_marker_parent' retrieved from /home/airflow/.local/lib/python3.12/site-packages/airflow/example_dags/example_external_task_marker_dag.py
[2024-04-20T19:21:51.936+0000] {logging_mixin.py:188} INFO - [2024-04-20T19:21:51.936+0000] {dag.py:3096} INFO - Sync 2 DAGs
[2024-04-20T19:21:51.958+0000] {logging_mixin.py:188} INFO - [2024-04-20T19:21:51.958+0000] {dag.py:3954} INFO - Setting next_dagrun for example_external_task_marker_child to None, run_after=None
[2024-04-20T19:21:51.968+0000] {logging_mixin.py:188} INFO - [2024-04-20T19:21:51.968+0000] {dag.py:3954} INFO - Setting next_dagrun for example_external_task_marker_parent to None, run_after=None
[2024-04-20T19:21:51.998+0000] {processor.py:183} INFO - Processing /home/airflow/.local/lib/python3.12/site-packages/airflow/example_dags/example_external_task_marker_dag.py took 0.144 seconds
[2024-04-20T19:22:22.302+0000] {processor.py:161} INFO - Started process (PID=546) to work on /home/airflow/.local/lib/python3.12/site-packages/airflow/example_dags/example_external_task_marker_dag.py
[2024-04-20T19:22:22.309+0000] {processor.py:830} INFO - Processing file /home/airflow/.local/lib/python3.12/site-packages/airflow/example_dags/example_external_task_marker_dag.py for tasks to queue
[2024-04-20T19:22:22.318+0000] {logging_mixin.py:188} INFO - [2024-04-20T19:22:22.317+0000] {dagbag.py:540} INFO - Filling up the DagBag from /home/airflow/.local/lib/python3.12/site-packages/airflow/example_dags/example_external_task_marker_dag.py
[2024-04-20T19:22:22.338+0000] {processor.py:840} INFO - DAG(s) 'example_external_task_marker_parent', 'example_external_task_marker_child' retrieved from /home/airflow/.local/lib/python3.12/site-packages/airflow/example_dags/example_external_task_marker_dag.py
[2024-04-20T19:22:22.486+0000] {logging_mixin.py:188} INFO - [2024-04-20T19:22:22.485+0000] {dag.py:3096} INFO - Sync 2 DAGs
[2024-04-20T19:22:22.548+0000] {logging_mixin.py:188} INFO - [2024-04-20T19:22:22.548+0000] {dag.py:3954} INFO - Setting next_dagrun for example_external_task_marker_child to None, run_after=None
[2024-04-20T19:22:22.572+0000] {logging_mixin.py:188} INFO - [2024-04-20T19:22:22.570+0000] {dag.py:3954} INFO - Setting next_dagrun for example_external_task_marker_parent to None, run_after=None
[2024-04-20T19:22:22.689+0000] {processor.py:183} INFO - Processing /home/airflow/.local/lib/python3.12/site-packages/airflow/example_dags/example_external_task_marker_dag.py took 0.415 seconds
[2024-04-20T19:22:54.894+0000] {processor.py:161} INFO - Started process (PID=604) to work on /home/airflow/.local/lib/python3.12/site-packages/airflow/example_dags/example_external_task_marker_dag.py
[2024-04-20T19:22:54.904+0000] {processor.py:830} INFO - Processing file /home/airflow/.local/lib/python3.12/site-packages/airflow/example_dags/example_external_task_marker_dag.py for tasks to queue
[2024-04-20T19:22:54.922+0000] {logging_mixin.py:188} INFO - [2024-04-20T19:22:54.916+0000] {dagbag.py:540} INFO - Filling up the DagBag from /home/airflow/.local/lib/python3.12/site-packages/airflow/example_dags/example_external_task_marker_dag.py
[2024-04-20T19:22:54.976+0000] {processor.py:840} INFO - DAG(s) 'example_external_task_marker_child', 'example_external_task_marker_parent' retrieved from /home/airflow/.local/lib/python3.12/site-packages/airflow/example_dags/example_external_task_marker_dag.py
[2024-04-20T19:22:55.176+0000] {logging_mixin.py:188} INFO - [2024-04-20T19:22:55.175+0000] {dag.py:3096} INFO - Sync 2 DAGs
[2024-04-20T19:22:55.282+0000] {logging_mixin.py:188} INFO - [2024-04-20T19:22:55.280+0000] {dag.py:3954} INFO - Setting next_dagrun for example_external_task_marker_child to None, run_after=None
[2024-04-20T19:22:55.316+0000] {logging_mixin.py:188} INFO - [2024-04-20T19:22:55.312+0000] {dag.py:3954} INFO - Setting next_dagrun for example_external_task_marker_parent to None, run_after=None
[2024-04-20T19:22:55.468+0000] {processor.py:183} INFO - Processing /home/airflow/.local/lib/python3.12/site-packages/airflow/example_dags/example_external_task_marker_dag.py took 0.613 seconds
[2024-04-20T19:23:28.179+0000] {processor.py:161} INFO - Started process (PID=668) to work on /home/airflow/.local/lib/python3.12/site-packages/airflow/example_dags/example_external_task_marker_dag.py
[2024-04-20T19:23:28.190+0000] {processor.py:830} INFO - Processing file /home/airflow/.local/lib/python3.12/site-packages/airflow/example_dags/example_external_task_marker_dag.py for tasks to queue
[2024-04-20T19:23:28.207+0000] {logging_mixin.py:188} INFO - [2024-04-20T19:23:28.204+0000] {dagbag.py:540} INFO - Filling up the DagBag from /home/airflow/.local/lib/python3.12/site-packages/airflow/example_dags/example_external_task_marker_dag.py
[2024-04-20T19:23:28.284+0000] {processor.py:840} INFO - DAG(s) 'example_external_task_marker_child', 'example_external_task_marker_parent' retrieved from /home/airflow/.local/lib/python3.12/site-packages/airflow/example_dags/example_external_task_marker_dag.py
[2024-04-20T19:23:28.507+0000] {logging_mixin.py:188} INFO - [2024-04-20T19:23:28.506+0000] {dag.py:3096} INFO - Sync 2 DAGs
[2024-04-20T19:23:28.705+0000] {logging_mixin.py:188} INFO - [2024-04-20T19:23:28.703+0000] {dag.py:3954} INFO - Setting next_dagrun for example_external_task_marker_child to None, run_after=None
[2024-04-20T19:23:28.751+0000] {logging_mixin.py:188} INFO - [2024-04-20T19:23:28.750+0000] {dag.py:3954} INFO - Setting next_dagrun for example_external_task_marker_parent to None, run_after=None
[2024-04-20T19:23:28.949+0000] {processor.py:183} INFO - Processing /home/airflow/.local/lib/python3.12/site-packages/airflow/example_dags/example_external_task_marker_dag.py took 0.828 seconds
[2024-04-20T19:23:59.223+0000] {processor.py:161} INFO - Started process (PID=726) to work on /home/airflow/.local/lib/python3.12/site-packages/airflow/example_dags/example_external_task_marker_dag.py
[2024-04-20T19:23:59.224+0000] {processor.py:830} INFO - Processing file /home/airflow/.local/lib/python3.12/site-packages/airflow/example_dags/example_external_task_marker_dag.py for tasks to queue
[2024-04-20T19:23:59.232+0000] {logging_mixin.py:188} INFO - [2024-04-20T19:23:59.227+0000] {dagbag.py:540} INFO - Filling up the DagBag from /home/airflow/.local/lib/python3.12/site-packages/airflow/example_dags/example_external_task_marker_dag.py
[2024-04-20T19:23:59.241+0000] {processor.py:840} INFO - DAG(s) 'example_external_task_marker_parent', 'example_external_task_marker_child' retrieved from /home/airflow/.local/lib/python3.12/site-packages/airflow/example_dags/example_external_task_marker_dag.py
[2024-04-20T19:23:59.301+0000] {logging_mixin.py:188} INFO - [2024-04-20T19:23:59.301+0000] {dag.py:3096} INFO - Sync 2 DAGs
[2024-04-20T19:23:59.325+0000] {logging_mixin.py:188} INFO - [2024-04-20T19:23:59.324+0000] {dag.py:3954} INFO - Setting next_dagrun for example_external_task_marker_child to None, run_after=None
[2024-04-20T19:23:59.338+0000] {logging_mixin.py:188} INFO - [2024-04-20T19:23:59.338+0000] {dag.py:3954} INFO - Setting next_dagrun for example_external_task_marker_parent to None, run_after=None
[2024-04-20T19:23:59.409+0000] {processor.py:183} INFO - Processing /home/airflow/.local/lib/python3.12/site-packages/airflow/example_dags/example_external_task_marker_dag.py took 0.200 seconds
[2024-04-20T19:24:30.575+0000] {processor.py:161} INFO - Started process (PID=784) to work on /home/airflow/.local/lib/python3.12/site-packages/airflow/example_dags/example_external_task_marker_dag.py
[2024-04-20T19:24:30.584+0000] {processor.py:830} INFO - Processing file /home/airflow/.local/lib/python3.12/site-packages/airflow/example_dags/example_external_task_marker_dag.py for tasks to queue
[2024-04-20T19:24:30.590+0000] {logging_mixin.py:188} INFO - [2024-04-20T19:24:30.589+0000] {dagbag.py:540} INFO - Filling up the DagBag from /home/airflow/.local/lib/python3.12/site-packages/airflow/example_dags/example_external_task_marker_dag.py
[2024-04-20T19:24:30.617+0000] {processor.py:840} INFO - DAG(s) 'example_external_task_marker_child', 'example_external_task_marker_parent' retrieved from /home/airflow/.local/lib/python3.12/site-packages/airflow/example_dags/example_external_task_marker_dag.py
[2024-04-20T19:24:30.728+0000] {logging_mixin.py:188} INFO - [2024-04-20T19:24:30.727+0000] {dag.py:3096} INFO - Sync 2 DAGs
[2024-04-20T19:24:30.787+0000] {logging_mixin.py:188} INFO - [2024-04-20T19:24:30.786+0000] {dag.py:3954} INFO - Setting next_dagrun for example_external_task_marker_child to None, run_after=None
[2024-04-20T19:24:30.804+0000] {logging_mixin.py:188} INFO - [2024-04-20T19:24:30.803+0000] {dag.py:3954} INFO - Setting next_dagrun for example_external_task_marker_parent to None, run_after=None
[2024-04-20T19:24:30.886+0000] {processor.py:183} INFO - Processing /home/airflow/.local/lib/python3.12/site-packages/airflow/example_dags/example_external_task_marker_dag.py took 0.349 seconds
[2024-04-20T19:25:01.497+0000] {processor.py:161} INFO - Started process (PID=842) to work on /home/airflow/.local/lib/python3.12/site-packages/airflow/example_dags/example_external_task_marker_dag.py
[2024-04-20T19:25:01.500+0000] {processor.py:830} INFO - Processing file /home/airflow/.local/lib/python3.12/site-packages/airflow/example_dags/example_external_task_marker_dag.py for tasks to queue
[2024-04-20T19:25:01.504+0000] {logging_mixin.py:188} INFO - [2024-04-20T19:25:01.503+0000] {dagbag.py:540} INFO - Filling up the DagBag from /home/airflow/.local/lib/python3.12/site-packages/airflow/example_dags/example_external_task_marker_dag.py
[2024-04-20T19:25:01.517+0000] {processor.py:840} INFO - DAG(s) 'example_external_task_marker_child', 'example_external_task_marker_parent' retrieved from /home/airflow/.local/lib/python3.12/site-packages/airflow/example_dags/example_external_task_marker_dag.py
[2024-04-20T19:25:01.566+0000] {logging_mixin.py:188} INFO - [2024-04-20T19:25:01.565+0000] {dag.py:3096} INFO - Sync 2 DAGs
[2024-04-20T19:25:01.589+0000] {logging_mixin.py:188} INFO - [2024-04-20T19:25:01.588+0000] {dag.py:3954} INFO - Setting next_dagrun for example_external_task_marker_child to None, run_after=None
[2024-04-20T19:25:01.598+0000] {logging_mixin.py:188} INFO - [2024-04-20T19:25:01.598+0000] {dag.py:3954} INFO - Setting next_dagrun for example_external_task_marker_parent to None, run_after=None
[2024-04-20T19:25:01.631+0000] {processor.py:183} INFO - Processing /home/airflow/.local/lib/python3.12/site-packages/airflow/example_dags/example_external_task_marker_dag.py took 0.153 seconds
