[2024-04-20T19:18:15.712+0000] {processor.py:161} INFO - Started process (PID=94) to work on /home/airflow/.local/lib/python3.12/site-packages/airflow/example_dags/example_short_circuit_operator.py
[2024-04-20T19:18:15.716+0000] {processor.py:830} INFO - Processing file /home/airflow/.local/lib/python3.12/site-packages/airflow/example_dags/example_short_circuit_operator.py for tasks to queue
[2024-04-20T19:18:15.722+0000] {logging_mixin.py:188} INFO - [2024-04-20T19:18:15.721+0000] {dagbag.py:540} INFO - Filling up the DagBag from /home/airflow/.local/lib/python3.12/site-packages/airflow/example_dags/example_short_circuit_operator.py
[2024-04-20T19:18:15.745+0000] {processor.py:840} INFO - DAG(s) 'example_short_circuit_operator' retrieved from /home/airflow/.local/lib/python3.12/site-packages/airflow/example_dags/example_short_circuit_operator.py
[2024-04-20T19:18:16.135+0000] {logging_mixin.py:188} INFO - [2024-04-20T19:18:16.135+0000] {dag.py:3096} INFO - Sync 1 DAGs
[2024-04-20T19:18:16.276+0000] {logging_mixin.py:188} INFO - [2024-04-20T19:18:16.274+0000] {dag.py:3954} INFO - Setting next_dagrun for example_short_circuit_operator to 2024-04-19 00:00:00+00:00, run_after=2024-04-20 00:00:00+00:00
[2024-04-20T19:18:16.366+0000] {processor.py:183} INFO - Processing /home/airflow/.local/lib/python3.12/site-packages/airflow/example_dags/example_short_circuit_operator.py took 0.668 seconds
[2024-04-20T19:18:53.140+0000] {processor.py:161} INFO - Started process (PID=155) to work on /home/airflow/.local/lib/python3.12/site-packages/airflow/example_dags/example_short_circuit_operator.py
[2024-04-20T19:18:53.143+0000] {processor.py:830} INFO - Processing file /home/airflow/.local/lib/python3.12/site-packages/airflow/example_dags/example_short_circuit_operator.py for tasks to queue
[2024-04-20T19:18:53.151+0000] {logging_mixin.py:188} INFO - [2024-04-20T19:18:53.150+0000] {dagbag.py:540} INFO - Filling up the DagBag from /home/airflow/.local/lib/python3.12/site-packages/airflow/example_dags/example_short_circuit_operator.py
[2024-04-20T19:18:53.179+0000] {processor.py:840} INFO - DAG(s) 'example_short_circuit_operator' retrieved from /home/airflow/.local/lib/python3.12/site-packages/airflow/example_dags/example_short_circuit_operator.py
[2024-04-20T19:18:53.289+0000] {logging_mixin.py:188} INFO - [2024-04-20T19:18:53.288+0000] {dag.py:3096} INFO - Sync 1 DAGs
[2024-04-20T19:18:53.473+0000] {logging_mixin.py:188} INFO - [2024-04-20T19:18:53.472+0000] {dag.py:3954} INFO - Setting next_dagrun for example_short_circuit_operator to 2024-04-19 00:00:00+00:00, run_after=2024-04-20 00:00:00+00:00
[2024-04-20T19:18:53.611+0000] {processor.py:183} INFO - Processing /home/airflow/.local/lib/python3.12/site-packages/airflow/example_dags/example_short_circuit_operator.py took 0.487 seconds
[2024-04-20T19:19:23.749+0000] {processor.py:161} INFO - Started process (PID=213) to work on /home/airflow/.local/lib/python3.12/site-packages/airflow/example_dags/example_short_circuit_operator.py
[2024-04-20T19:19:23.756+0000] {processor.py:830} INFO - Processing file /home/airflow/.local/lib/python3.12/site-packages/airflow/example_dags/example_short_circuit_operator.py for tasks to queue
[2024-04-20T19:19:23.759+0000] {logging_mixin.py:188} INFO - [2024-04-20T19:19:23.759+0000] {dagbag.py:540} INFO - Filling up the DagBag from /home/airflow/.local/lib/python3.12/site-packages/airflow/example_dags/example_short_circuit_operator.py
[2024-04-20T19:19:23.783+0000] {processor.py:840} INFO - DAG(s) 'example_short_circuit_operator' retrieved from /home/airflow/.local/lib/python3.12/site-packages/airflow/example_dags/example_short_circuit_operator.py
[2024-04-20T19:19:23.906+0000] {logging_mixin.py:188} INFO - [2024-04-20T19:19:23.904+0000] {dag.py:3096} INFO - Sync 1 DAGs
[2024-04-20T19:19:24.067+0000] {logging_mixin.py:188} INFO - [2024-04-20T19:19:24.067+0000] {dag.py:3954} INFO - Setting next_dagrun for example_short_circuit_operator to 2024-04-19 00:00:00+00:00, run_after=2024-04-20 00:00:00+00:00
[2024-04-20T19:19:24.099+0000] {processor.py:183} INFO - Processing /home/airflow/.local/lib/python3.12/site-packages/airflow/example_dags/example_short_circuit_operator.py took 0.362 seconds
[2024-04-20T19:19:54.380+0000] {processor.py:161} INFO - Started process (PID=271) to work on /home/airflow/.local/lib/python3.12/site-packages/airflow/example_dags/example_short_circuit_operator.py
[2024-04-20T19:19:54.382+0000] {processor.py:830} INFO - Processing file /home/airflow/.local/lib/python3.12/site-packages/airflow/example_dags/example_short_circuit_operator.py for tasks to queue
[2024-04-20T19:19:54.385+0000] {logging_mixin.py:188} INFO - [2024-04-20T19:19:54.384+0000] {dagbag.py:540} INFO - Filling up the DagBag from /home/airflow/.local/lib/python3.12/site-packages/airflow/example_dags/example_short_circuit_operator.py
[2024-04-20T19:19:54.392+0000] {processor.py:840} INFO - DAG(s) 'example_short_circuit_operator' retrieved from /home/airflow/.local/lib/python3.12/site-packages/airflow/example_dags/example_short_circuit_operator.py
[2024-04-20T19:19:54.429+0000] {logging_mixin.py:188} INFO - [2024-04-20T19:19:54.429+0000] {dag.py:3096} INFO - Sync 1 DAGs
[2024-04-20T19:19:54.465+0000] {logging_mixin.py:188} INFO - [2024-04-20T19:19:54.465+0000] {dag.py:3954} INFO - Setting next_dagrun for example_short_circuit_operator to 2024-04-19 00:00:00+00:00, run_after=2024-04-20 00:00:00+00:00
[2024-04-20T19:19:54.491+0000] {processor.py:183} INFO - Processing /home/airflow/.local/lib/python3.12/site-packages/airflow/example_dags/example_short_circuit_operator.py took 0.120 seconds
[2024-04-20T19:20:24.642+0000] {processor.py:161} INFO - Started process (PID=329) to work on /home/airflow/.local/lib/python3.12/site-packages/airflow/example_dags/example_short_circuit_operator.py
[2024-04-20T19:20:24.643+0000] {processor.py:830} INFO - Processing file /home/airflow/.local/lib/python3.12/site-packages/airflow/example_dags/example_short_circuit_operator.py for tasks to queue
[2024-04-20T19:20:24.647+0000] {logging_mixin.py:188} INFO - [2024-04-20T19:20:24.647+0000] {dagbag.py:540} INFO - Filling up the DagBag from /home/airflow/.local/lib/python3.12/site-packages/airflow/example_dags/example_short_circuit_operator.py
[2024-04-20T19:20:24.655+0000] {processor.py:840} INFO - DAG(s) 'example_short_circuit_operator' retrieved from /home/airflow/.local/lib/python3.12/site-packages/airflow/example_dags/example_short_circuit_operator.py
[2024-04-20T19:20:24.684+0000] {logging_mixin.py:188} INFO - [2024-04-20T19:20:24.683+0000] {dag.py:3096} INFO - Sync 1 DAGs
[2024-04-20T19:20:24.709+0000] {logging_mixin.py:188} INFO - [2024-04-20T19:20:24.708+0000] {dag.py:3954} INFO - Setting next_dagrun for example_short_circuit_operator to 2024-04-19 00:00:00+00:00, run_after=2024-04-20 00:00:00+00:00
[2024-04-20T19:20:24.735+0000] {processor.py:183} INFO - Processing /home/airflow/.local/lib/python3.12/site-packages/airflow/example_dags/example_short_circuit_operator.py took 0.099 seconds
[2024-04-20T19:20:55.489+0000] {processor.py:161} INFO - Started process (PID=387) to work on /home/airflow/.local/lib/python3.12/site-packages/airflow/example_dags/example_short_circuit_operator.py
[2024-04-20T19:20:55.491+0000] {processor.py:830} INFO - Processing file /home/airflow/.local/lib/python3.12/site-packages/airflow/example_dags/example_short_circuit_operator.py for tasks to queue
[2024-04-20T19:20:55.497+0000] {logging_mixin.py:188} INFO - [2024-04-20T19:20:55.496+0000] {dagbag.py:540} INFO - Filling up the DagBag from /home/airflow/.local/lib/python3.12/site-packages/airflow/example_dags/example_short_circuit_operator.py
[2024-04-20T19:20:55.509+0000] {processor.py:840} INFO - DAG(s) 'example_short_circuit_operator' retrieved from /home/airflow/.local/lib/python3.12/site-packages/airflow/example_dags/example_short_circuit_operator.py
[2024-04-20T19:20:55.552+0000] {logging_mixin.py:188} INFO - [2024-04-20T19:20:55.552+0000] {dag.py:3096} INFO - Sync 1 DAGs
[2024-04-20T19:20:55.591+0000] {logging_mixin.py:188} INFO - [2024-04-20T19:20:55.590+0000] {dag.py:3954} INFO - Setting next_dagrun for example_short_circuit_operator to 2024-04-19 00:00:00+00:00, run_after=2024-04-20 00:00:00+00:00
[2024-04-20T19:20:55.626+0000] {processor.py:183} INFO - Processing /home/airflow/.local/lib/python3.12/site-packages/airflow/example_dags/example_short_circuit_operator.py took 0.145 seconds
[2024-04-20T19:21:25.858+0000] {processor.py:161} INFO - Started process (PID=445) to work on /home/airflow/.local/lib/python3.12/site-packages/airflow/example_dags/example_short_circuit_operator.py
[2024-04-20T19:21:25.860+0000] {processor.py:830} INFO - Processing file /home/airflow/.local/lib/python3.12/site-packages/airflow/example_dags/example_short_circuit_operator.py for tasks to queue
[2024-04-20T19:21:25.865+0000] {logging_mixin.py:188} INFO - [2024-04-20T19:21:25.865+0000] {dagbag.py:540} INFO - Filling up the DagBag from /home/airflow/.local/lib/python3.12/site-packages/airflow/example_dags/example_short_circuit_operator.py
[2024-04-20T19:21:25.874+0000] {processor.py:840} INFO - DAG(s) 'example_short_circuit_operator' retrieved from /home/airflow/.local/lib/python3.12/site-packages/airflow/example_dags/example_short_circuit_operator.py
[2024-04-20T19:21:25.907+0000] {logging_mixin.py:188} INFO - [2024-04-20T19:21:25.907+0000] {dag.py:3096} INFO - Sync 1 DAGs
[2024-04-20T19:21:25.938+0000] {logging_mixin.py:188} INFO - [2024-04-20T19:21:25.937+0000] {dag.py:3954} INFO - Setting next_dagrun for example_short_circuit_operator to 2024-04-19 00:00:00+00:00, run_after=2024-04-20 00:00:00+00:00
[2024-04-20T19:21:25.987+0000] {processor.py:183} INFO - Processing /home/airflow/.local/lib/python3.12/site-packages/airflow/example_dags/example_short_circuit_operator.py took 0.135 seconds
[2024-04-20T19:21:56.593+0000] {processor.py:161} INFO - Started process (PID=509) to work on /home/airflow/.local/lib/python3.12/site-packages/airflow/example_dags/example_short_circuit_operator.py
[2024-04-20T19:21:56.597+0000] {processor.py:830} INFO - Processing file /home/airflow/.local/lib/python3.12/site-packages/airflow/example_dags/example_short_circuit_operator.py for tasks to queue
[2024-04-20T19:21:56.601+0000] {logging_mixin.py:188} INFO - [2024-04-20T19:21:56.601+0000] {dagbag.py:540} INFO - Filling up the DagBag from /home/airflow/.local/lib/python3.12/site-packages/airflow/example_dags/example_short_circuit_operator.py
[2024-04-20T19:21:56.615+0000] {processor.py:840} INFO - DAG(s) 'example_short_circuit_operator' retrieved from /home/airflow/.local/lib/python3.12/site-packages/airflow/example_dags/example_short_circuit_operator.py
[2024-04-20T19:21:56.655+0000] {logging_mixin.py:188} INFO - [2024-04-20T19:21:56.655+0000] {dag.py:3096} INFO - Sync 1 DAGs
[2024-04-20T19:21:56.703+0000] {logging_mixin.py:188} INFO - [2024-04-20T19:21:56.703+0000] {dag.py:3954} INFO - Setting next_dagrun for example_short_circuit_operator to 2024-04-19 00:00:00+00:00, run_after=2024-04-20 00:00:00+00:00
[2024-04-20T19:21:56.752+0000] {processor.py:183} INFO - Processing /home/airflow/.local/lib/python3.12/site-packages/airflow/example_dags/example_short_circuit_operator.py took 0.168 seconds
[2024-04-20T19:22:27.932+0000] {processor.py:161} INFO - Started process (PID=567) to work on /home/airflow/.local/lib/python3.12/site-packages/airflow/example_dags/example_short_circuit_operator.py
[2024-04-20T19:22:27.935+0000] {processor.py:830} INFO - Processing file /home/airflow/.local/lib/python3.12/site-packages/airflow/example_dags/example_short_circuit_operator.py for tasks to queue
[2024-04-20T19:22:27.949+0000] {logging_mixin.py:188} INFO - [2024-04-20T19:22:27.944+0000] {dagbag.py:540} INFO - Filling up the DagBag from /home/airflow/.local/lib/python3.12/site-packages/airflow/example_dags/example_short_circuit_operator.py
[2024-04-20T19:22:27.973+0000] {processor.py:840} INFO - DAG(s) 'example_short_circuit_operator' retrieved from /home/airflow/.local/lib/python3.12/site-packages/airflow/example_dags/example_short_circuit_operator.py
[2024-04-20T19:22:28.038+0000] {logging_mixin.py:188} INFO - [2024-04-20T19:22:28.038+0000] {dag.py:3096} INFO - Sync 1 DAGs
[2024-04-20T19:22:28.093+0000] {logging_mixin.py:188} INFO - [2024-04-20T19:22:28.092+0000] {dag.py:3954} INFO - Setting next_dagrun for example_short_circuit_operator to 2024-04-19 00:00:00+00:00, run_after=2024-04-20 00:00:00+00:00
[2024-04-20T19:22:28.159+0000] {processor.py:183} INFO - Processing /home/airflow/.local/lib/python3.12/site-packages/airflow/example_dags/example_short_circuit_operator.py took 0.244 seconds
[2024-04-20T19:23:03.187+0000] {processor.py:161} INFO - Started process (PID=627) to work on /home/airflow/.local/lib/python3.12/site-packages/airflow/example_dags/example_short_circuit_operator.py
[2024-04-20T19:23:03.190+0000] {processor.py:830} INFO - Processing file /home/airflow/.local/lib/python3.12/site-packages/airflow/example_dags/example_short_circuit_operator.py for tasks to queue
[2024-04-20T19:23:03.198+0000] {logging_mixin.py:188} INFO - [2024-04-20T19:23:03.196+0000] {dagbag.py:540} INFO - Filling up the DagBag from /home/airflow/.local/lib/python3.12/site-packages/airflow/example_dags/example_short_circuit_operator.py
[2024-04-20T19:23:03.222+0000] {processor.py:840} INFO - DAG(s) 'example_short_circuit_operator' retrieved from /home/airflow/.local/lib/python3.12/site-packages/airflow/example_dags/example_short_circuit_operator.py
[2024-04-20T19:23:03.287+0000] {logging_mixin.py:188} INFO - [2024-04-20T19:23:03.285+0000] {dag.py:3096} INFO - Sync 1 DAGs
[2024-04-20T19:23:03.348+0000] {logging_mixin.py:188} INFO - [2024-04-20T19:23:03.347+0000] {dag.py:3954} INFO - Setting next_dagrun for example_short_circuit_operator to 2024-04-19 00:00:00+00:00, run_after=2024-04-20 00:00:00+00:00
[2024-04-20T19:23:03.421+0000] {processor.py:183} INFO - Processing /home/airflow/.local/lib/python3.12/site-packages/airflow/example_dags/example_short_circuit_operator.py took 0.254 seconds
[2024-04-20T19:23:34.656+0000] {processor.py:161} INFO - Started process (PID=685) to work on /home/airflow/.local/lib/python3.12/site-packages/airflow/example_dags/example_short_circuit_operator.py
[2024-04-20T19:23:34.659+0000] {processor.py:830} INFO - Processing file /home/airflow/.local/lib/python3.12/site-packages/airflow/example_dags/example_short_circuit_operator.py for tasks to queue
[2024-04-20T19:23:34.670+0000] {logging_mixin.py:188} INFO - [2024-04-20T19:23:34.669+0000] {dagbag.py:540} INFO - Filling up the DagBag from /home/airflow/.local/lib/python3.12/site-packages/airflow/example_dags/example_short_circuit_operator.py
[2024-04-20T19:23:34.698+0000] {processor.py:840} INFO - DAG(s) 'example_short_circuit_operator' retrieved from /home/airflow/.local/lib/python3.12/site-packages/airflow/example_dags/example_short_circuit_operator.py
[2024-04-20T19:23:34.771+0000] {logging_mixin.py:188} INFO - [2024-04-20T19:23:34.770+0000] {dag.py:3096} INFO - Sync 1 DAGs
[2024-04-20T19:23:34.857+0000] {logging_mixin.py:188} INFO - [2024-04-20T19:23:34.856+0000] {dag.py:3954} INFO - Setting next_dagrun for example_short_circuit_operator to 2024-04-19 00:00:00+00:00, run_after=2024-04-20 00:00:00+00:00
[2024-04-20T19:23:34.959+0000] {processor.py:183} INFO - Processing /home/airflow/.local/lib/python3.12/site-packages/airflow/example_dags/example_short_circuit_operator.py took 0.321 seconds
[2024-04-20T19:24:05.279+0000] {processor.py:161} INFO - Started process (PID=743) to work on /home/airflow/.local/lib/python3.12/site-packages/airflow/example_dags/example_short_circuit_operator.py
[2024-04-20T19:24:05.284+0000] {processor.py:830} INFO - Processing file /home/airflow/.local/lib/python3.12/site-packages/airflow/example_dags/example_short_circuit_operator.py for tasks to queue
[2024-04-20T19:24:05.288+0000] {logging_mixin.py:188} INFO - [2024-04-20T19:24:05.287+0000] {dagbag.py:540} INFO - Filling up the DagBag from /home/airflow/.local/lib/python3.12/site-packages/airflow/example_dags/example_short_circuit_operator.py
[2024-04-20T19:24:05.301+0000] {processor.py:840} INFO - DAG(s) 'example_short_circuit_operator' retrieved from /home/airflow/.local/lib/python3.12/site-packages/airflow/example_dags/example_short_circuit_operator.py
[2024-04-20T19:24:05.350+0000] {logging_mixin.py:188} INFO - [2024-04-20T19:24:05.349+0000] {dag.py:3096} INFO - Sync 1 DAGs
[2024-04-20T19:24:05.392+0000] {logging_mixin.py:188} INFO - [2024-04-20T19:24:05.391+0000] {dag.py:3954} INFO - Setting next_dagrun for example_short_circuit_operator to 2024-04-19 00:00:00+00:00, run_after=2024-04-20 00:00:00+00:00
[2024-04-20T19:24:05.434+0000] {processor.py:183} INFO - Processing /home/airflow/.local/lib/python3.12/site-packages/airflow/example_dags/example_short_circuit_operator.py took 0.166 seconds
[2024-04-20T19:24:35.704+0000] {processor.py:161} INFO - Started process (PID=801) to work on /home/airflow/.local/lib/python3.12/site-packages/airflow/example_dags/example_short_circuit_operator.py
[2024-04-20T19:24:35.706+0000] {processor.py:830} INFO - Processing file /home/airflow/.local/lib/python3.12/site-packages/airflow/example_dags/example_short_circuit_operator.py for tasks to queue
[2024-04-20T19:24:35.713+0000] {logging_mixin.py:188} INFO - [2024-04-20T19:24:35.709+0000] {dagbag.py:540} INFO - Filling up the DagBag from /home/airflow/.local/lib/python3.12/site-packages/airflow/example_dags/example_short_circuit_operator.py
[2024-04-20T19:24:35.736+0000] {processor.py:840} INFO - DAG(s) 'example_short_circuit_operator' retrieved from /home/airflow/.local/lib/python3.12/site-packages/airflow/example_dags/example_short_circuit_operator.py
[2024-04-20T19:24:35.792+0000] {logging_mixin.py:188} INFO - [2024-04-20T19:24:35.791+0000] {dag.py:3096} INFO - Sync 1 DAGs
[2024-04-20T19:24:35.849+0000] {logging_mixin.py:188} INFO - [2024-04-20T19:24:35.847+0000] {dag.py:3954} INFO - Setting next_dagrun for example_short_circuit_operator to 2024-04-19 00:00:00+00:00, run_after=2024-04-20 00:00:00+00:00
[2024-04-20T19:24:35.902+0000] {processor.py:183} INFO - Processing /home/airflow/.local/lib/python3.12/site-packages/airflow/example_dags/example_short_circuit_operator.py took 0.211 seconds
[2024-04-20T19:25:06.020+0000] {processor.py:161} INFO - Started process (PID=859) to work on /home/airflow/.local/lib/python3.12/site-packages/airflow/example_dags/example_short_circuit_operator.py
[2024-04-20T19:25:06.022+0000] {processor.py:830} INFO - Processing file /home/airflow/.local/lib/python3.12/site-packages/airflow/example_dags/example_short_circuit_operator.py for tasks to queue
[2024-04-20T19:25:06.025+0000] {logging_mixin.py:188} INFO - [2024-04-20T19:25:06.024+0000] {dagbag.py:540} INFO - Filling up the DagBag from /home/airflow/.local/lib/python3.12/site-packages/airflow/example_dags/example_short_circuit_operator.py
[2024-04-20T19:25:06.038+0000] {processor.py:840} INFO - DAG(s) 'example_short_circuit_operator' retrieved from /home/airflow/.local/lib/python3.12/site-packages/airflow/example_dags/example_short_circuit_operator.py
[2024-04-20T19:25:06.084+0000] {logging_mixin.py:188} INFO - [2024-04-20T19:25:06.083+0000] {dag.py:3096} INFO - Sync 1 DAGs
[2024-04-20T19:25:06.126+0000] {logging_mixin.py:188} INFO - [2024-04-20T19:25:06.126+0000] {dag.py:3954} INFO - Setting next_dagrun for example_short_circuit_operator to 2024-04-19 00:00:00+00:00, run_after=2024-04-20 00:00:00+00:00
[2024-04-20T19:25:06.160+0000] {processor.py:183} INFO - Processing /home/airflow/.local/lib/python3.12/site-packages/airflow/example_dags/example_short_circuit_operator.py took 0.150 seconds
