[2024-04-20T19:18:09.850+0000] {processor.py:161} INFO - Started process (PID=77) to work on /home/airflow/.local/lib/python3.12/site-packages/airflow/example_dags/example_branch_operator.py
[2024-04-20T19:18:09.852+0000] {processor.py:830} INFO - Processing file /home/airflow/.local/lib/python3.12/site-packages/airflow/example_dags/example_branch_operator.py for tasks to queue
[2024-04-20T19:18:09.856+0000] {logging_mixin.py:188} INFO - [2024-04-20T19:18:09.855+0000] {dagbag.py:540} INFO - Filling up the DagBag from /home/airflow/.local/lib/python3.12/site-packages/airflow/example_dags/example_branch_operator.py
[2024-04-20T19:18:09.911+0000] {processor.py:840} INFO - DAG(s) 'example_branch_operator' retrieved from /home/airflow/.local/lib/python3.12/site-packages/airflow/example_dags/example_branch_operator.py
[2024-04-20T19:18:10.172+0000] {logging_mixin.py:188} INFO - [2024-04-20T19:18:10.172+0000] {dag.py:3096} INFO - Sync 1 DAGs
[2024-04-20T19:18:10.279+0000] {logging_mixin.py:188} INFO - [2024-04-20T19:18:10.278+0000] {dag.py:3954} INFO - Setting next_dagrun for example_branch_operator to 2024-04-19 00:00:00+00:00, run_after=2024-04-20 00:00:00+00:00
[2024-04-20T19:18:10.403+0000] {processor.py:183} INFO - Processing /home/airflow/.local/lib/python3.12/site-packages/airflow/example_dags/example_branch_operator.py took 0.566 seconds
[2024-04-20T19:18:43.119+0000] {processor.py:161} INFO - Started process (PID=135) to work on /home/airflow/.local/lib/python3.12/site-packages/airflow/example_dags/example_branch_operator.py
[2024-04-20T19:18:43.125+0000] {processor.py:830} INFO - Processing file /home/airflow/.local/lib/python3.12/site-packages/airflow/example_dags/example_branch_operator.py for tasks to queue
[2024-04-20T19:18:43.142+0000] {logging_mixin.py:188} INFO - [2024-04-20T19:18:43.141+0000] {dagbag.py:540} INFO - Filling up the DagBag from /home/airflow/.local/lib/python3.12/site-packages/airflow/example_dags/example_branch_operator.py
[2024-04-20T19:18:43.416+0000] {processor.py:840} INFO - DAG(s) 'example_branch_operator' retrieved from /home/airflow/.local/lib/python3.12/site-packages/airflow/example_dags/example_branch_operator.py
[2024-04-20T19:18:43.657+0000] {logging_mixin.py:188} INFO - [2024-04-20T19:18:43.654+0000] {dag.py:3096} INFO - Sync 1 DAGs
[2024-04-20T19:18:43.846+0000] {logging_mixin.py:188} INFO - [2024-04-20T19:18:43.841+0000] {dag.py:3954} INFO - Setting next_dagrun for example_branch_operator to 2024-04-19 00:00:00+00:00, run_after=2024-04-20 00:00:00+00:00
[2024-04-20T19:18:43.957+0000] {processor.py:183} INFO - Processing /home/airflow/.local/lib/python3.12/site-packages/airflow/example_dags/example_branch_operator.py took 0.898 seconds
[2024-04-20T19:19:14.665+0000] {processor.py:161} INFO - Started process (PID=193) to work on /home/airflow/.local/lib/python3.12/site-packages/airflow/example_dags/example_branch_operator.py
[2024-04-20T19:19:14.667+0000] {processor.py:830} INFO - Processing file /home/airflow/.local/lib/python3.12/site-packages/airflow/example_dags/example_branch_operator.py for tasks to queue
[2024-04-20T19:19:14.669+0000] {logging_mixin.py:188} INFO - [2024-04-20T19:19:14.668+0000] {dagbag.py:540} INFO - Filling up the DagBag from /home/airflow/.local/lib/python3.12/site-packages/airflow/example_dags/example_branch_operator.py
[2024-04-20T19:19:14.695+0000] {processor.py:840} INFO - DAG(s) 'example_branch_operator' retrieved from /home/airflow/.local/lib/python3.12/site-packages/airflow/example_dags/example_branch_operator.py
[2024-04-20T19:19:14.739+0000] {logging_mixin.py:188} INFO - [2024-04-20T19:19:14.739+0000] {dag.py:3096} INFO - Sync 1 DAGs
[2024-04-20T19:19:14.786+0000] {logging_mixin.py:188} INFO - [2024-04-20T19:19:14.786+0000] {dag.py:3954} INFO - Setting next_dagrun for example_branch_operator to 2024-04-19 00:00:00+00:00, run_after=2024-04-20 00:00:00+00:00
[2024-04-20T19:19:14.815+0000] {processor.py:183} INFO - Processing /home/airflow/.local/lib/python3.12/site-packages/airflow/example_dags/example_branch_operator.py took 0.157 seconds
[2024-04-20T19:19:45.038+0000] {processor.py:161} INFO - Started process (PID=251) to work on /home/airflow/.local/lib/python3.12/site-packages/airflow/example_dags/example_branch_operator.py
[2024-04-20T19:19:45.048+0000] {processor.py:830} INFO - Processing file /home/airflow/.local/lib/python3.12/site-packages/airflow/example_dags/example_branch_operator.py for tasks to queue
[2024-04-20T19:19:45.052+0000] {logging_mixin.py:188} INFO - [2024-04-20T19:19:45.052+0000] {dagbag.py:540} INFO - Filling up the DagBag from /home/airflow/.local/lib/python3.12/site-packages/airflow/example_dags/example_branch_operator.py
[2024-04-20T19:19:45.127+0000] {processor.py:840} INFO - DAG(s) 'example_branch_operator' retrieved from /home/airflow/.local/lib/python3.12/site-packages/airflow/example_dags/example_branch_operator.py
[2024-04-20T19:19:45.183+0000] {logging_mixin.py:188} INFO - [2024-04-20T19:19:45.183+0000] {dag.py:3096} INFO - Sync 1 DAGs
[2024-04-20T19:19:45.222+0000] {logging_mixin.py:188} INFO - [2024-04-20T19:19:45.222+0000] {dag.py:3954} INFO - Setting next_dagrun for example_branch_operator to 2024-04-19 00:00:00+00:00, run_after=2024-04-20 00:00:00+00:00
[2024-04-20T19:19:45.257+0000] {processor.py:183} INFO - Processing /home/airflow/.local/lib/python3.12/site-packages/airflow/example_dags/example_branch_operator.py took 0.235 seconds
[2024-04-20T19:20:15.837+0000] {processor.py:161} INFO - Started process (PID=309) to work on /home/airflow/.local/lib/python3.12/site-packages/airflow/example_dags/example_branch_operator.py
[2024-04-20T19:20:15.839+0000] {processor.py:830} INFO - Processing file /home/airflow/.local/lib/python3.12/site-packages/airflow/example_dags/example_branch_operator.py for tasks to queue
[2024-04-20T19:20:15.848+0000] {logging_mixin.py:188} INFO - [2024-04-20T19:20:15.847+0000] {dagbag.py:540} INFO - Filling up the DagBag from /home/airflow/.local/lib/python3.12/site-packages/airflow/example_dags/example_branch_operator.py
[2024-04-20T19:20:15.919+0000] {processor.py:840} INFO - DAG(s) 'example_branch_operator' retrieved from /home/airflow/.local/lib/python3.12/site-packages/airflow/example_dags/example_branch_operator.py
[2024-04-20T19:20:16.029+0000] {logging_mixin.py:188} INFO - [2024-04-20T19:20:16.026+0000] {dag.py:3096} INFO - Sync 1 DAGs
[2024-04-20T19:20:16.105+0000] {logging_mixin.py:188} INFO - [2024-04-20T19:20:16.105+0000] {dag.py:3954} INFO - Setting next_dagrun for example_branch_operator to 2024-04-19 00:00:00+00:00, run_after=2024-04-20 00:00:00+00:00
[2024-04-20T19:20:16.172+0000] {processor.py:183} INFO - Processing /home/airflow/.local/lib/python3.12/site-packages/airflow/example_dags/example_branch_operator.py took 0.351 seconds
[2024-04-20T19:20:46.432+0000] {processor.py:161} INFO - Started process (PID=367) to work on /home/airflow/.local/lib/python3.12/site-packages/airflow/example_dags/example_branch_operator.py
[2024-04-20T19:20:46.437+0000] {processor.py:830} INFO - Processing file /home/airflow/.local/lib/python3.12/site-packages/airflow/example_dags/example_branch_operator.py for tasks to queue
[2024-04-20T19:20:46.443+0000] {logging_mixin.py:188} INFO - [2024-04-20T19:20:46.442+0000] {dagbag.py:540} INFO - Filling up the DagBag from /home/airflow/.local/lib/python3.12/site-packages/airflow/example_dags/example_branch_operator.py
[2024-04-20T19:20:46.501+0000] {processor.py:840} INFO - DAG(s) 'example_branch_operator' retrieved from /home/airflow/.local/lib/python3.12/site-packages/airflow/example_dags/example_branch_operator.py
[2024-04-20T19:20:46.570+0000] {logging_mixin.py:188} INFO - [2024-04-20T19:20:46.569+0000] {dag.py:3096} INFO - Sync 1 DAGs
[2024-04-20T19:20:46.624+0000] {logging_mixin.py:188} INFO - [2024-04-20T19:20:46.623+0000] {dag.py:3954} INFO - Setting next_dagrun for example_branch_operator to 2024-04-19 00:00:00+00:00, run_after=2024-04-20 00:00:00+00:00
[2024-04-20T19:20:46.701+0000] {processor.py:183} INFO - Processing /home/airflow/.local/lib/python3.12/site-packages/airflow/example_dags/example_branch_operator.py took 0.297 seconds
[2024-04-20T19:21:17.068+0000] {processor.py:161} INFO - Started process (PID=425) to work on /home/airflow/.local/lib/python3.12/site-packages/airflow/example_dags/example_branch_operator.py
[2024-04-20T19:21:17.072+0000] {processor.py:830} INFO - Processing file /home/airflow/.local/lib/python3.12/site-packages/airflow/example_dags/example_branch_operator.py for tasks to queue
[2024-04-20T19:21:17.083+0000] {logging_mixin.py:188} INFO - [2024-04-20T19:21:17.079+0000] {dagbag.py:540} INFO - Filling up the DagBag from /home/airflow/.local/lib/python3.12/site-packages/airflow/example_dags/example_branch_operator.py
[2024-04-20T19:21:17.183+0000] {processor.py:840} INFO - DAG(s) 'example_branch_operator' retrieved from /home/airflow/.local/lib/python3.12/site-packages/airflow/example_dags/example_branch_operator.py
[2024-04-20T19:21:17.299+0000] {logging_mixin.py:188} INFO - [2024-04-20T19:21:17.298+0000] {dag.py:3096} INFO - Sync 1 DAGs
[2024-04-20T19:21:17.404+0000] {logging_mixin.py:188} INFO - [2024-04-20T19:21:17.403+0000] {dag.py:3954} INFO - Setting next_dagrun for example_branch_operator to 2024-04-19 00:00:00+00:00, run_after=2024-04-20 00:00:00+00:00
[2024-04-20T19:21:17.475+0000] {processor.py:183} INFO - Processing /home/airflow/.local/lib/python3.12/site-packages/airflow/example_dags/example_branch_operator.py took 0.449 seconds
[2024-04-20T19:21:47.883+0000] {processor.py:161} INFO - Started process (PID=483) to work on /home/airflow/.local/lib/python3.12/site-packages/airflow/example_dags/example_branch_operator.py
[2024-04-20T19:21:47.885+0000] {processor.py:830} INFO - Processing file /home/airflow/.local/lib/python3.12/site-packages/airflow/example_dags/example_branch_operator.py for tasks to queue
[2024-04-20T19:21:47.888+0000] {logging_mixin.py:188} INFO - [2024-04-20T19:21:47.887+0000] {dagbag.py:540} INFO - Filling up the DagBag from /home/airflow/.local/lib/python3.12/site-packages/airflow/example_dags/example_branch_operator.py
[2024-04-20T19:21:47.919+0000] {processor.py:840} INFO - DAG(s) 'example_branch_operator' retrieved from /home/airflow/.local/lib/python3.12/site-packages/airflow/example_dags/example_branch_operator.py
[2024-04-20T19:21:47.975+0000] {logging_mixin.py:188} INFO - [2024-04-20T19:21:47.974+0000] {dag.py:3096} INFO - Sync 1 DAGs
[2024-04-20T19:21:48.022+0000] {logging_mixin.py:188} INFO - [2024-04-20T19:21:48.021+0000] {dag.py:3954} INFO - Setting next_dagrun for example_branch_operator to 2024-04-19 00:00:00+00:00, run_after=2024-04-20 00:00:00+00:00
[2024-04-20T19:21:48.064+0000] {processor.py:183} INFO - Processing /home/airflow/.local/lib/python3.12/site-packages/airflow/example_dags/example_branch_operator.py took 0.195 seconds
[2024-04-20T19:22:18.572+0000] {processor.py:161} INFO - Started process (PID=541) to work on /home/airflow/.local/lib/python3.12/site-packages/airflow/example_dags/example_branch_operator.py
[2024-04-20T19:22:18.574+0000] {processor.py:830} INFO - Processing file /home/airflow/.local/lib/python3.12/site-packages/airflow/example_dags/example_branch_operator.py for tasks to queue
[2024-04-20T19:22:18.576+0000] {logging_mixin.py:188} INFO - [2024-04-20T19:22:18.576+0000] {dagbag.py:540} INFO - Filling up the DagBag from /home/airflow/.local/lib/python3.12/site-packages/airflow/example_dags/example_branch_operator.py
[2024-04-20T19:22:18.606+0000] {processor.py:840} INFO - DAG(s) 'example_branch_operator' retrieved from /home/airflow/.local/lib/python3.12/site-packages/airflow/example_dags/example_branch_operator.py
[2024-04-20T19:22:18.656+0000] {logging_mixin.py:188} INFO - [2024-04-20T19:22:18.655+0000] {dag.py:3096} INFO - Sync 1 DAGs
[2024-04-20T19:22:18.699+0000] {logging_mixin.py:188} INFO - [2024-04-20T19:22:18.699+0000] {dag.py:3954} INFO - Setting next_dagrun for example_branch_operator to 2024-04-19 00:00:00+00:00, run_after=2024-04-20 00:00:00+00:00
[2024-04-20T19:22:18.741+0000] {processor.py:183} INFO - Processing /home/airflow/.local/lib/python3.12/site-packages/airflow/example_dags/example_branch_operator.py took 0.178 seconds
[2024-04-20T19:22:51.808+0000] {processor.py:161} INFO - Started process (PID=599) to work on /home/airflow/.local/lib/python3.12/site-packages/airflow/example_dags/example_branch_operator.py
[2024-04-20T19:22:51.815+0000] {processor.py:830} INFO - Processing file /home/airflow/.local/lib/python3.12/site-packages/airflow/example_dags/example_branch_operator.py for tasks to queue
[2024-04-20T19:22:51.823+0000] {logging_mixin.py:188} INFO - [2024-04-20T19:22:51.821+0000] {dagbag.py:540} INFO - Filling up the DagBag from /home/airflow/.local/lib/python3.12/site-packages/airflow/example_dags/example_branch_operator.py
[2024-04-20T19:22:51.919+0000] {processor.py:840} INFO - DAG(s) 'example_branch_operator' retrieved from /home/airflow/.local/lib/python3.12/site-packages/airflow/example_dags/example_branch_operator.py
[2024-04-20T19:22:52.209+0000] {logging_mixin.py:188} INFO - [2024-04-20T19:22:52.208+0000] {dag.py:3096} INFO - Sync 1 DAGs
[2024-04-20T19:22:52.432+0000] {logging_mixin.py:188} INFO - [2024-04-20T19:22:52.429+0000] {dag.py:3954} INFO - Setting next_dagrun for example_branch_operator to 2024-04-19 00:00:00+00:00, run_after=2024-04-20 00:00:00+00:00
[2024-04-20T19:22:52.609+0000] {processor.py:183} INFO - Processing /home/airflow/.local/lib/python3.12/site-packages/airflow/example_dags/example_branch_operator.py took 0.823 seconds
[2024-04-20T19:23:23.017+0000] {processor.py:161} INFO - Started process (PID=655) to work on /home/airflow/.local/lib/python3.12/site-packages/airflow/example_dags/example_branch_operator.py
[2024-04-20T19:23:23.022+0000] {processor.py:830} INFO - Processing file /home/airflow/.local/lib/python3.12/site-packages/airflow/example_dags/example_branch_operator.py for tasks to queue
[2024-04-20T19:23:23.039+0000] {logging_mixin.py:188} INFO - [2024-04-20T19:23:23.038+0000] {dagbag.py:540} INFO - Filling up the DagBag from /home/airflow/.local/lib/python3.12/site-packages/airflow/example_dags/example_branch_operator.py
[2024-04-20T19:23:23.126+0000] {processor.py:840} INFO - DAG(s) 'example_branch_operator' retrieved from /home/airflow/.local/lib/python3.12/site-packages/airflow/example_dags/example_branch_operator.py
[2024-04-20T19:23:23.246+0000] {logging_mixin.py:188} INFO - [2024-04-20T19:23:23.243+0000] {dag.py:3096} INFO - Sync 1 DAGs
[2024-04-20T19:23:23.341+0000] {logging_mixin.py:188} INFO - [2024-04-20T19:23:23.340+0000] {dag.py:3954} INFO - Setting next_dagrun for example_branch_operator to 2024-04-19 00:00:00+00:00, run_after=2024-04-20 00:00:00+00:00
[2024-04-20T19:23:23.413+0000] {processor.py:183} INFO - Processing /home/airflow/.local/lib/python3.12/site-packages/airflow/example_dags/example_branch_operator.py took 0.425 seconds
[2024-04-20T19:23:53.818+0000] {processor.py:161} INFO - Started process (PID=713) to work on /home/airflow/.local/lib/python3.12/site-packages/airflow/example_dags/example_branch_operator.py
[2024-04-20T19:23:53.820+0000] {processor.py:830} INFO - Processing file /home/airflow/.local/lib/python3.12/site-packages/airflow/example_dags/example_branch_operator.py for tasks to queue
[2024-04-20T19:23:53.822+0000] {logging_mixin.py:188} INFO - [2024-04-20T19:23:53.822+0000] {dagbag.py:540} INFO - Filling up the DagBag from /home/airflow/.local/lib/python3.12/site-packages/airflow/example_dags/example_branch_operator.py
[2024-04-20T19:23:53.853+0000] {processor.py:840} INFO - DAG(s) 'example_branch_operator' retrieved from /home/airflow/.local/lib/python3.12/site-packages/airflow/example_dags/example_branch_operator.py
[2024-04-20T19:23:53.904+0000] {logging_mixin.py:188} INFO - [2024-04-20T19:23:53.904+0000] {dag.py:3096} INFO - Sync 1 DAGs
[2024-04-20T19:23:53.951+0000] {logging_mixin.py:188} INFO - [2024-04-20T19:23:53.951+0000] {dag.py:3954} INFO - Setting next_dagrun for example_branch_operator to 2024-04-19 00:00:00+00:00, run_after=2024-04-20 00:00:00+00:00
[2024-04-20T19:23:54.000+0000] {processor.py:183} INFO - Processing /home/airflow/.local/lib/python3.12/site-packages/airflow/example_dags/example_branch_operator.py took 0.195 seconds
[2024-04-20T19:24:24.128+0000] {processor.py:161} INFO - Started process (PID=771) to work on /home/airflow/.local/lib/python3.12/site-packages/airflow/example_dags/example_branch_operator.py
[2024-04-20T19:24:24.132+0000] {processor.py:830} INFO - Processing file /home/airflow/.local/lib/python3.12/site-packages/airflow/example_dags/example_branch_operator.py for tasks to queue
[2024-04-20T19:24:24.135+0000] {logging_mixin.py:188} INFO - [2024-04-20T19:24:24.134+0000] {dagbag.py:540} INFO - Filling up the DagBag from /home/airflow/.local/lib/python3.12/site-packages/airflow/example_dags/example_branch_operator.py
[2024-04-20T19:24:24.152+0000] {processor.py:840} INFO - DAG(s) 'example_branch_operator' retrieved from /home/airflow/.local/lib/python3.12/site-packages/airflow/example_dags/example_branch_operator.py
[2024-04-20T19:24:24.186+0000] {logging_mixin.py:188} INFO - [2024-04-20T19:24:24.185+0000] {dag.py:3096} INFO - Sync 1 DAGs
[2024-04-20T19:24:24.221+0000] {logging_mixin.py:188} INFO - [2024-04-20T19:24:24.221+0000] {dag.py:3954} INFO - Setting next_dagrun for example_branch_operator to 2024-04-19 00:00:00+00:00, run_after=2024-04-20 00:00:00+00:00
[2024-04-20T19:24:24.247+0000] {processor.py:183} INFO - Processing /home/airflow/.local/lib/python3.12/site-packages/airflow/example_dags/example_branch_operator.py took 0.126 seconds
[2024-04-20T19:24:54.398+0000] {processor.py:161} INFO - Started process (PID=829) to work on /home/airflow/.local/lib/python3.12/site-packages/airflow/example_dags/example_branch_operator.py
[2024-04-20T19:24:54.403+0000] {processor.py:830} INFO - Processing file /home/airflow/.local/lib/python3.12/site-packages/airflow/example_dags/example_branch_operator.py for tasks to queue
[2024-04-20T19:24:54.410+0000] {logging_mixin.py:188} INFO - [2024-04-20T19:24:54.409+0000] {dagbag.py:540} INFO - Filling up the DagBag from /home/airflow/.local/lib/python3.12/site-packages/airflow/example_dags/example_branch_operator.py
[2024-04-20T19:24:54.474+0000] {processor.py:840} INFO - DAG(s) 'example_branch_operator' retrieved from /home/airflow/.local/lib/python3.12/site-packages/airflow/example_dags/example_branch_operator.py
[2024-04-20T19:24:54.589+0000] {logging_mixin.py:188} INFO - [2024-04-20T19:24:54.589+0000] {dag.py:3096} INFO - Sync 1 DAGs
[2024-04-20T19:24:54.660+0000] {logging_mixin.py:188} INFO - [2024-04-20T19:24:54.659+0000] {dag.py:3954} INFO - Setting next_dagrun for example_branch_operator to 2024-04-19 00:00:00+00:00, run_after=2024-04-20 00:00:00+00:00
[2024-04-20T19:24:54.766+0000] {processor.py:183} INFO - Processing /home/airflow/.local/lib/python3.12/site-packages/airflow/example_dags/example_branch_operator.py took 0.390 seconds
