[2024-04-20T19:18:01.247+0000] {processor.py:161} INFO - Started process (PID=65) to work on /home/airflow/.local/lib/python3.12/site-packages/airflow/example_dags/tutorial.py
[2024-04-20T19:18:01.251+0000] {processor.py:830} INFO - Processing file /home/airflow/.local/lib/python3.12/site-packages/airflow/example_dags/tutorial.py for tasks to queue
[2024-04-20T19:18:01.292+0000] {logging_mixin.py:188} INFO - [2024-04-20T19:18:01.286+0000] {dagbag.py:540} INFO - Filling up the DagBag from /home/airflow/.local/lib/python3.12/site-packages/airflow/example_dags/tutorial.py
[2024-04-20T19:18:01.368+0000] {processor.py:840} INFO - DAG(s) 'tutorial' retrieved from /home/airflow/.local/lib/python3.12/site-packages/airflow/example_dags/tutorial.py
[2024-04-20T19:18:02.100+0000] {logging_mixin.py:188} INFO - [2024-04-20T19:18:02.099+0000] {dag.py:3096} INFO - Sync 1 DAGs
[2024-04-20T19:18:02.238+0000] {logging_mixin.py:188} INFO - [2024-04-20T19:18:02.237+0000] {dag.py:3954} INFO - Setting next_dagrun for tutorial to 2024-04-19 00:00:00+00:00, run_after=2024-04-20 00:00:00+00:00
[2024-04-20T19:18:02.361+0000] {processor.py:183} INFO - Processing /home/airflow/.local/lib/python3.12/site-packages/airflow/example_dags/tutorial.py took 1.156 seconds
[2024-04-20T19:18:33.460+0000] {processor.py:161} INFO - Started process (PID=123) to work on /home/airflow/.local/lib/python3.12/site-packages/airflow/example_dags/tutorial.py
[2024-04-20T19:18:33.466+0000] {processor.py:830} INFO - Processing file /home/airflow/.local/lib/python3.12/site-packages/airflow/example_dags/tutorial.py for tasks to queue
[2024-04-20T19:18:33.471+0000] {logging_mixin.py:188} INFO - [2024-04-20T19:18:33.471+0000] {dagbag.py:540} INFO - Filling up the DagBag from /home/airflow/.local/lib/python3.12/site-packages/airflow/example_dags/tutorial.py
[2024-04-20T19:18:33.669+0000] {processor.py:840} INFO - DAG(s) 'tutorial' retrieved from /home/airflow/.local/lib/python3.12/site-packages/airflow/example_dags/tutorial.py
[2024-04-20T19:18:33.708+0000] {logging_mixin.py:188} INFO - [2024-04-20T19:18:33.707+0000] {dag.py:3096} INFO - Sync 1 DAGs
[2024-04-20T19:18:33.745+0000] {logging_mixin.py:188} INFO - [2024-04-20T19:18:33.745+0000] {dag.py:3954} INFO - Setting next_dagrun for tutorial to 2024-04-19 00:00:00+00:00, run_after=2024-04-20 00:00:00+00:00
[2024-04-20T19:18:33.775+0000] {processor.py:183} INFO - Processing /home/airflow/.local/lib/python3.12/site-packages/airflow/example_dags/tutorial.py took 0.336 seconds
[2024-04-20T19:19:04.311+0000] {processor.py:161} INFO - Started process (PID=182) to work on /home/airflow/.local/lib/python3.12/site-packages/airflow/example_dags/tutorial.py
[2024-04-20T19:19:04.317+0000] {processor.py:830} INFO - Processing file /home/airflow/.local/lib/python3.12/site-packages/airflow/example_dags/tutorial.py for tasks to queue
[2024-04-20T19:19:04.321+0000] {logging_mixin.py:188} INFO - [2024-04-20T19:19:04.320+0000] {dagbag.py:540} INFO - Filling up the DagBag from /home/airflow/.local/lib/python3.12/site-packages/airflow/example_dags/tutorial.py
[2024-04-20T19:19:04.336+0000] {processor.py:840} INFO - DAG(s) 'tutorial' retrieved from /home/airflow/.local/lib/python3.12/site-packages/airflow/example_dags/tutorial.py
[2024-04-20T19:19:04.388+0000] {logging_mixin.py:188} INFO - [2024-04-20T19:19:04.388+0000] {dag.py:3096} INFO - Sync 1 DAGs
[2024-04-20T19:19:04.447+0000] {logging_mixin.py:188} INFO - [2024-04-20T19:19:04.446+0000] {dag.py:3954} INFO - Setting next_dagrun for tutorial to 2024-04-19 00:00:00+00:00, run_after=2024-04-20 00:00:00+00:00
[2024-04-20T19:19:04.500+0000] {processor.py:183} INFO - Processing /home/airflow/.local/lib/python3.12/site-packages/airflow/example_dags/tutorial.py took 0.202 seconds
[2024-04-20T19:19:35.221+0000] {processor.py:161} INFO - Started process (PID=240) to work on /home/airflow/.local/lib/python3.12/site-packages/airflow/example_dags/tutorial.py
[2024-04-20T19:19:35.224+0000] {processor.py:830} INFO - Processing file /home/airflow/.local/lib/python3.12/site-packages/airflow/example_dags/tutorial.py for tasks to queue
[2024-04-20T19:19:35.232+0000] {logging_mixin.py:188} INFO - [2024-04-20T19:19:35.231+0000] {dagbag.py:540} INFO - Filling up the DagBag from /home/airflow/.local/lib/python3.12/site-packages/airflow/example_dags/tutorial.py
[2024-04-20T19:19:35.248+0000] {processor.py:840} INFO - DAG(s) 'tutorial' retrieved from /home/airflow/.local/lib/python3.12/site-packages/airflow/example_dags/tutorial.py
[2024-04-20T19:19:35.314+0000] {logging_mixin.py:188} INFO - [2024-04-20T19:19:35.313+0000] {dag.py:3096} INFO - Sync 1 DAGs
[2024-04-20T19:19:35.405+0000] {logging_mixin.py:188} INFO - [2024-04-20T19:19:35.405+0000] {dag.py:3954} INFO - Setting next_dagrun for tutorial to 2024-04-19 00:00:00+00:00, run_after=2024-04-20 00:00:00+00:00
[2024-04-20T19:19:35.471+0000] {processor.py:183} INFO - Processing /home/airflow/.local/lib/python3.12/site-packages/airflow/example_dags/tutorial.py took 0.266 seconds
[2024-04-20T19:20:05.568+0000] {processor.py:161} INFO - Started process (PID=296) to work on /home/airflow/.local/lib/python3.12/site-packages/airflow/example_dags/tutorial.py
[2024-04-20T19:20:05.570+0000] {processor.py:830} INFO - Processing file /home/airflow/.local/lib/python3.12/site-packages/airflow/example_dags/tutorial.py for tasks to queue
[2024-04-20T19:20:05.572+0000] {logging_mixin.py:188} INFO - [2024-04-20T19:20:05.572+0000] {dagbag.py:540} INFO - Filling up the DagBag from /home/airflow/.local/lib/python3.12/site-packages/airflow/example_dags/tutorial.py
[2024-04-20T19:20:05.584+0000] {processor.py:840} INFO - DAG(s) 'tutorial' retrieved from /home/airflow/.local/lib/python3.12/site-packages/airflow/example_dags/tutorial.py
[2024-04-20T19:20:05.630+0000] {logging_mixin.py:188} INFO - [2024-04-20T19:20:05.628+0000] {dag.py:3096} INFO - Sync 1 DAGs
[2024-04-20T19:20:05.681+0000] {logging_mixin.py:188} INFO - [2024-04-20T19:20:05.680+0000] {dag.py:3954} INFO - Setting next_dagrun for tutorial to 2024-04-19 00:00:00+00:00, run_after=2024-04-20 00:00:00+00:00
[2024-04-20T19:20:05.719+0000] {processor.py:183} INFO - Processing /home/airflow/.local/lib/python3.12/site-packages/airflow/example_dags/tutorial.py took 0.162 seconds
[2024-04-20T19:20:36.182+0000] {processor.py:161} INFO - Started process (PID=353) to work on /home/airflow/.local/lib/python3.12/site-packages/airflow/example_dags/tutorial.py
[2024-04-20T19:20:36.183+0000] {processor.py:830} INFO - Processing file /home/airflow/.local/lib/python3.12/site-packages/airflow/example_dags/tutorial.py for tasks to queue
[2024-04-20T19:20:36.186+0000] {logging_mixin.py:188} INFO - [2024-04-20T19:20:36.185+0000] {dagbag.py:540} INFO - Filling up the DagBag from /home/airflow/.local/lib/python3.12/site-packages/airflow/example_dags/tutorial.py
[2024-04-20T19:20:36.195+0000] {processor.py:840} INFO - DAG(s) 'tutorial' retrieved from /home/airflow/.local/lib/python3.12/site-packages/airflow/example_dags/tutorial.py
[2024-04-20T19:20:36.227+0000] {logging_mixin.py:188} INFO - [2024-04-20T19:20:36.227+0000] {dag.py:3096} INFO - Sync 1 DAGs
[2024-04-20T19:20:36.257+0000] {logging_mixin.py:188} INFO - [2024-04-20T19:20:36.257+0000] {dag.py:3954} INFO - Setting next_dagrun for tutorial to 2024-04-19 00:00:00+00:00, run_after=2024-04-20 00:00:00+00:00
[2024-04-20T19:20:36.286+0000] {processor.py:183} INFO - Processing /home/airflow/.local/lib/python3.12/site-packages/airflow/example_dags/tutorial.py took 0.112 seconds
[2024-04-20T19:21:06.734+0000] {processor.py:161} INFO - Started process (PID=411) to work on /home/airflow/.local/lib/python3.12/site-packages/airflow/example_dags/tutorial.py
[2024-04-20T19:21:06.737+0000] {processor.py:830} INFO - Processing file /home/airflow/.local/lib/python3.12/site-packages/airflow/example_dags/tutorial.py for tasks to queue
[2024-04-20T19:21:06.745+0000] {logging_mixin.py:188} INFO - [2024-04-20T19:21:06.741+0000] {dagbag.py:540} INFO - Filling up the DagBag from /home/airflow/.local/lib/python3.12/site-packages/airflow/example_dags/tutorial.py
[2024-04-20T19:21:06.770+0000] {processor.py:840} INFO - DAG(s) 'tutorial' retrieved from /home/airflow/.local/lib/python3.12/site-packages/airflow/example_dags/tutorial.py
[2024-04-20T19:21:06.843+0000] {logging_mixin.py:188} INFO - [2024-04-20T19:21:06.842+0000] {dag.py:3096} INFO - Sync 1 DAGs
[2024-04-20T19:21:06.952+0000] {logging_mixin.py:188} INFO - [2024-04-20T19:21:06.951+0000] {dag.py:3954} INFO - Setting next_dagrun for tutorial to 2024-04-19 00:00:00+00:00, run_after=2024-04-20 00:00:00+00:00
[2024-04-20T19:21:07.034+0000] {processor.py:183} INFO - Processing /home/airflow/.local/lib/python3.12/site-packages/airflow/example_dags/tutorial.py took 0.320 seconds
[2024-04-20T19:21:37.775+0000] {processor.py:161} INFO - Started process (PID=469) to work on /home/airflow/.local/lib/python3.12/site-packages/airflow/example_dags/tutorial.py
[2024-04-20T19:21:37.777+0000] {processor.py:830} INFO - Processing file /home/airflow/.local/lib/python3.12/site-packages/airflow/example_dags/tutorial.py for tasks to queue
[2024-04-20T19:21:37.781+0000] {logging_mixin.py:188} INFO - [2024-04-20T19:21:37.781+0000] {dagbag.py:540} INFO - Filling up the DagBag from /home/airflow/.local/lib/python3.12/site-packages/airflow/example_dags/tutorial.py
[2024-04-20T19:21:37.788+0000] {processor.py:840} INFO - DAG(s) 'tutorial' retrieved from /home/airflow/.local/lib/python3.12/site-packages/airflow/example_dags/tutorial.py
[2024-04-20T19:21:37.815+0000] {logging_mixin.py:188} INFO - [2024-04-20T19:21:37.814+0000] {dag.py:3096} INFO - Sync 1 DAGs
[2024-04-20T19:21:37.842+0000] {logging_mixin.py:188} INFO - [2024-04-20T19:21:37.841+0000] {dag.py:3954} INFO - Setting next_dagrun for tutorial to 2024-04-19 00:00:00+00:00, run_after=2024-04-20 00:00:00+00:00
[2024-04-20T19:21:37.869+0000] {processor.py:183} INFO - Processing /home/airflow/.local/lib/python3.12/site-packages/airflow/example_dags/tutorial.py took 0.099 seconds
[2024-04-20T19:22:08.781+0000] {processor.py:161} INFO - Started process (PID=527) to work on /home/airflow/.local/lib/python3.12/site-packages/airflow/example_dags/tutorial.py
[2024-04-20T19:22:08.784+0000] {processor.py:830} INFO - Processing file /home/airflow/.local/lib/python3.12/site-packages/airflow/example_dags/tutorial.py for tasks to queue
[2024-04-20T19:22:08.786+0000] {logging_mixin.py:188} INFO - [2024-04-20T19:22:08.786+0000] {dagbag.py:540} INFO - Filling up the DagBag from /home/airflow/.local/lib/python3.12/site-packages/airflow/example_dags/tutorial.py
[2024-04-20T19:22:08.798+0000] {processor.py:840} INFO - DAG(s) 'tutorial' retrieved from /home/airflow/.local/lib/python3.12/site-packages/airflow/example_dags/tutorial.py
[2024-04-20T19:22:08.841+0000] {logging_mixin.py:188} INFO - [2024-04-20T19:22:08.840+0000] {dag.py:3096} INFO - Sync 1 DAGs
[2024-04-20T19:22:08.904+0000] {logging_mixin.py:188} INFO - [2024-04-20T19:22:08.902+0000] {dag.py:3954} INFO - Setting next_dagrun for tutorial to 2024-04-19 00:00:00+00:00, run_after=2024-04-20 00:00:00+00:00
[2024-04-20T19:22:08.954+0000] {processor.py:183} INFO - Processing /home/airflow/.local/lib/python3.12/site-packages/airflow/example_dags/tutorial.py took 0.185 seconds
[2024-04-20T19:22:39.846+0000] {processor.py:161} INFO - Started process (PID=585) to work on /home/airflow/.local/lib/python3.12/site-packages/airflow/example_dags/tutorial.py
[2024-04-20T19:22:39.859+0000] {processor.py:830} INFO - Processing file /home/airflow/.local/lib/python3.12/site-packages/airflow/example_dags/tutorial.py for tasks to queue
[2024-04-20T19:22:39.890+0000] {logging_mixin.py:188} INFO - [2024-04-20T19:22:39.883+0000] {dagbag.py:540} INFO - Filling up the DagBag from /home/airflow/.local/lib/python3.12/site-packages/airflow/example_dags/tutorial.py
[2024-04-20T19:22:39.976+0000] {processor.py:840} INFO - DAG(s) 'tutorial' retrieved from /home/airflow/.local/lib/python3.12/site-packages/airflow/example_dags/tutorial.py
[2024-04-20T19:22:40.206+0000] {logging_mixin.py:188} INFO - [2024-04-20T19:22:40.206+0000] {dag.py:3096} INFO - Sync 1 DAGs
[2024-04-20T19:22:40.354+0000] {logging_mixin.py:188} INFO - [2024-04-20T19:22:40.353+0000] {dag.py:3954} INFO - Setting next_dagrun for tutorial to 2024-04-19 00:00:00+00:00, run_after=2024-04-20 00:00:00+00:00
[2024-04-20T19:22:40.460+0000] {processor.py:183} INFO - Processing /home/airflow/.local/lib/python3.12/site-packages/airflow/example_dags/tutorial.py took 0.678 seconds
[2024-04-20T19:23:10.522+0000] {processor.py:161} INFO - Started process (PID=642) to work on /home/airflow/.local/lib/python3.12/site-packages/airflow/example_dags/tutorial.py
[2024-04-20T19:23:10.524+0000] {processor.py:830} INFO - Processing file /home/airflow/.local/lib/python3.12/site-packages/airflow/example_dags/tutorial.py for tasks to queue
[2024-04-20T19:23:10.526+0000] {logging_mixin.py:188} INFO - [2024-04-20T19:23:10.526+0000] {dagbag.py:540} INFO - Filling up the DagBag from /home/airflow/.local/lib/python3.12/site-packages/airflow/example_dags/tutorial.py
[2024-04-20T19:23:10.538+0000] {processor.py:840} INFO - DAG(s) 'tutorial' retrieved from /home/airflow/.local/lib/python3.12/site-packages/airflow/example_dags/tutorial.py
[2024-04-20T19:23:10.588+0000] {logging_mixin.py:188} INFO - [2024-04-20T19:23:10.587+0000] {dag.py:3096} INFO - Sync 1 DAGs
[2024-04-20T19:23:10.630+0000] {logging_mixin.py:188} INFO - [2024-04-20T19:23:10.629+0000] {dag.py:3954} INFO - Setting next_dagrun for tutorial to 2024-04-19 00:00:00+00:00, run_after=2024-04-20 00:00:00+00:00
[2024-04-20T19:23:10.670+0000] {processor.py:183} INFO - Processing /home/airflow/.local/lib/python3.12/site-packages/airflow/example_dags/tutorial.py took 0.155 seconds
[2024-04-20T19:23:41.041+0000] {processor.py:161} INFO - Started process (PID=700) to work on /home/airflow/.local/lib/python3.12/site-packages/airflow/example_dags/tutorial.py
[2024-04-20T19:23:41.043+0000] {processor.py:830} INFO - Processing file /home/airflow/.local/lib/python3.12/site-packages/airflow/example_dags/tutorial.py for tasks to queue
[2024-04-20T19:23:41.050+0000] {logging_mixin.py:188} INFO - [2024-04-20T19:23:41.049+0000] {dagbag.py:540} INFO - Filling up the DagBag from /home/airflow/.local/lib/python3.12/site-packages/airflow/example_dags/tutorial.py
[2024-04-20T19:23:41.059+0000] {processor.py:840} INFO - DAG(s) 'tutorial' retrieved from /home/airflow/.local/lib/python3.12/site-packages/airflow/example_dags/tutorial.py
[2024-04-20T19:23:41.103+0000] {logging_mixin.py:188} INFO - [2024-04-20T19:23:41.102+0000] {dag.py:3096} INFO - Sync 1 DAGs
[2024-04-20T19:23:41.147+0000] {logging_mixin.py:188} INFO - [2024-04-20T19:23:41.145+0000] {dag.py:3954} INFO - Setting next_dagrun for tutorial to 2024-04-19 00:00:00+00:00, run_after=2024-04-20 00:00:00+00:00
[2024-04-20T19:23:41.191+0000] {processor.py:183} INFO - Processing /home/airflow/.local/lib/python3.12/site-packages/airflow/example_dags/tutorial.py took 0.160 seconds
[2024-04-20T19:24:11.674+0000] {processor.py:161} INFO - Started process (PID=758) to work on /home/airflow/.local/lib/python3.12/site-packages/airflow/example_dags/tutorial.py
[2024-04-20T19:24:11.676+0000] {processor.py:830} INFO - Processing file /home/airflow/.local/lib/python3.12/site-packages/airflow/example_dags/tutorial.py for tasks to queue
[2024-04-20T19:24:11.681+0000] {logging_mixin.py:188} INFO - [2024-04-20T19:24:11.678+0000] {dagbag.py:540} INFO - Filling up the DagBag from /home/airflow/.local/lib/python3.12/site-packages/airflow/example_dags/tutorial.py
[2024-04-20T19:24:11.688+0000] {processor.py:840} INFO - DAG(s) 'tutorial' retrieved from /home/airflow/.local/lib/python3.12/site-packages/airflow/example_dags/tutorial.py
[2024-04-20T19:24:11.717+0000] {logging_mixin.py:188} INFO - [2024-04-20T19:24:11.716+0000] {dag.py:3096} INFO - Sync 1 DAGs
[2024-04-20T19:24:11.756+0000] {logging_mixin.py:188} INFO - [2024-04-20T19:24:11.756+0000] {dag.py:3954} INFO - Setting next_dagrun for tutorial to 2024-04-19 00:00:00+00:00, run_after=2024-04-20 00:00:00+00:00
[2024-04-20T19:24:11.785+0000] {processor.py:183} INFO - Processing /home/airflow/.local/lib/python3.12/site-packages/airflow/example_dags/tutorial.py took 0.116 seconds
[2024-04-20T19:24:42.583+0000] {processor.py:161} INFO - Started process (PID=816) to work on /home/airflow/.local/lib/python3.12/site-packages/airflow/example_dags/tutorial.py
[2024-04-20T19:24:42.587+0000] {processor.py:830} INFO - Processing file /home/airflow/.local/lib/python3.12/site-packages/airflow/example_dags/tutorial.py for tasks to queue
[2024-04-20T19:24:42.591+0000] {logging_mixin.py:188} INFO - [2024-04-20T19:24:42.591+0000] {dagbag.py:540} INFO - Filling up the DagBag from /home/airflow/.local/lib/python3.12/site-packages/airflow/example_dags/tutorial.py
[2024-04-20T19:24:42.605+0000] {processor.py:840} INFO - DAG(s) 'tutorial' retrieved from /home/airflow/.local/lib/python3.12/site-packages/airflow/example_dags/tutorial.py
[2024-04-20T19:24:42.655+0000] {logging_mixin.py:188} INFO - [2024-04-20T19:24:42.653+0000] {dag.py:3096} INFO - Sync 1 DAGs
[2024-04-20T19:24:42.699+0000] {logging_mixin.py:188} INFO - [2024-04-20T19:24:42.698+0000] {dag.py:3954} INFO - Setting next_dagrun for tutorial to 2024-04-19 00:00:00+00:00, run_after=2024-04-20 00:00:00+00:00
[2024-04-20T19:24:42.749+0000] {processor.py:183} INFO - Processing /home/airflow/.local/lib/python3.12/site-packages/airflow/example_dags/tutorial.py took 0.180 seconds
[2024-04-20T19:25:13.333+0000] {processor.py:161} INFO - Started process (PID=874) to work on /home/airflow/.local/lib/python3.12/site-packages/airflow/example_dags/tutorial.py
[2024-04-20T19:25:13.337+0000] {processor.py:830} INFO - Processing file /home/airflow/.local/lib/python3.12/site-packages/airflow/example_dags/tutorial.py for tasks to queue
[2024-04-20T19:25:13.341+0000] {logging_mixin.py:188} INFO - [2024-04-20T19:25:13.340+0000] {dagbag.py:540} INFO - Filling up the DagBag from /home/airflow/.local/lib/python3.12/site-packages/airflow/example_dags/tutorial.py
[2024-04-20T19:25:13.355+0000] {processor.py:840} INFO - DAG(s) 'tutorial' retrieved from /home/airflow/.local/lib/python3.12/site-packages/airflow/example_dags/tutorial.py
[2024-04-20T19:25:13.405+0000] {logging_mixin.py:188} INFO - [2024-04-20T19:25:13.405+0000] {dag.py:3096} INFO - Sync 1 DAGs
[2024-04-20T19:25:13.458+0000] {logging_mixin.py:188} INFO - [2024-04-20T19:25:13.458+0000] {dag.py:3954} INFO - Setting next_dagrun for tutorial to 2024-04-19 00:00:00+00:00, run_after=2024-04-20 00:00:00+00:00
[2024-04-20T19:25:13.509+0000] {processor.py:183} INFO - Processing /home/airflow/.local/lib/python3.12/site-packages/airflow/example_dags/tutorial.py took 0.193 seconds
