[2024-04-20T19:17:45.354+0000] {processor.py:161} INFO - Started process (PID=47) to work on /home/airflow/.local/lib/python3.12/site-packages/airflow/example_dags/tutorial_dag.py
[2024-04-20T19:17:45.374+0000] {processor.py:830} INFO - Processing file /home/airflow/.local/lib/python3.12/site-packages/airflow/example_dags/tutorial_dag.py for tasks to queue
[2024-04-20T19:17:45.433+0000] {logging_mixin.py:188} INFO - [2024-04-20T19:17:45.428+0000] {dagbag.py:540} INFO - Filling up the DagBag from /home/airflow/.local/lib/python3.12/site-packages/airflow/example_dags/tutorial_dag.py
[2024-04-20T19:17:45.804+0000] {processor.py:840} INFO - DAG(s) 'tutorial_dag' retrieved from /home/airflow/.local/lib/python3.12/site-packages/airflow/example_dags/tutorial_dag.py
[2024-04-20T19:17:48.953+0000] {logging_mixin.py:188} INFO - [2024-04-20T19:17:48.930+0000] {dag.py:3096} INFO - Sync 1 DAGs
[2024-04-20T19:17:49.098+0000] {logging_mixin.py:188} INFO - [2024-04-20T19:17:49.097+0000] {dag.py:3954} INFO - Setting next_dagrun for tutorial_dag to None, run_after=None
[2024-04-20T19:17:49.321+0000] {processor.py:183} INFO - Processing /home/airflow/.local/lib/python3.12/site-packages/airflow/example_dags/tutorial_dag.py took 4.096 seconds
[2024-04-20T19:18:19.994+0000] {processor.py:161} INFO - Started process (PID=104) to work on /home/airflow/.local/lib/python3.12/site-packages/airflow/example_dags/tutorial_dag.py
[2024-04-20T19:18:20.002+0000] {processor.py:830} INFO - Processing file /home/airflow/.local/lib/python3.12/site-packages/airflow/example_dags/tutorial_dag.py for tasks to queue
[2024-04-20T19:18:20.014+0000] {logging_mixin.py:188} INFO - [2024-04-20T19:18:20.013+0000] {dagbag.py:540} INFO - Filling up the DagBag from /home/airflow/.local/lib/python3.12/site-packages/airflow/example_dags/tutorial_dag.py
[2024-04-20T19:18:20.037+0000] {processor.py:840} INFO - DAG(s) 'tutorial_dag' retrieved from /home/airflow/.local/lib/python3.12/site-packages/airflow/example_dags/tutorial_dag.py
[2024-04-20T19:18:20.104+0000] {logging_mixin.py:188} INFO - [2024-04-20T19:18:20.104+0000] {dag.py:3096} INFO - Sync 1 DAGs
[2024-04-20T19:18:20.145+0000] {logging_mixin.py:188} INFO - [2024-04-20T19:18:20.145+0000] {dag.py:3954} INFO - Setting next_dagrun for tutorial_dag to None, run_after=None
[2024-04-20T19:18:20.204+0000] {processor.py:183} INFO - Processing /home/airflow/.local/lib/python3.12/site-packages/airflow/example_dags/tutorial_dag.py took 0.225 seconds
[2024-04-20T19:18:52.423+0000] {processor.py:161} INFO - Started process (PID=153) to work on /home/airflow/.local/lib/python3.12/site-packages/airflow/example_dags/tutorial_dag.py
[2024-04-20T19:18:52.435+0000] {processor.py:830} INFO - Processing file /home/airflow/.local/lib/python3.12/site-packages/airflow/example_dags/tutorial_dag.py for tasks to queue
[2024-04-20T19:18:52.452+0000] {logging_mixin.py:188} INFO - [2024-04-20T19:18:52.449+0000] {dagbag.py:540} INFO - Filling up the DagBag from /home/airflow/.local/lib/python3.12/site-packages/airflow/example_dags/tutorial_dag.py
[2024-04-20T19:18:52.556+0000] {processor.py:840} INFO - DAG(s) 'tutorial_dag' retrieved from /home/airflow/.local/lib/python3.12/site-packages/airflow/example_dags/tutorial_dag.py
[2024-04-20T19:18:52.773+0000] {logging_mixin.py:188} INFO - [2024-04-20T19:18:52.772+0000] {dag.py:3096} INFO - Sync 1 DAGs
[2024-04-20T19:18:52.884+0000] {logging_mixin.py:188} INFO - [2024-04-20T19:18:52.882+0000] {dag.py:3954} INFO - Setting next_dagrun for tutorial_dag to None, run_after=None
[2024-04-20T19:18:53.010+0000] {processor.py:183} INFO - Processing /home/airflow/.local/lib/python3.12/site-packages/airflow/example_dags/tutorial_dag.py took 0.651 seconds
[2024-04-20T19:19:23.567+0000] {processor.py:161} INFO - Started process (PID=211) to work on /home/airflow/.local/lib/python3.12/site-packages/airflow/example_dags/tutorial_dag.py
[2024-04-20T19:19:23.569+0000] {processor.py:830} INFO - Processing file /home/airflow/.local/lib/python3.12/site-packages/airflow/example_dags/tutorial_dag.py for tasks to queue
[2024-04-20T19:19:23.571+0000] {logging_mixin.py:188} INFO - [2024-04-20T19:19:23.570+0000] {dagbag.py:540} INFO - Filling up the DagBag from /home/airflow/.local/lib/python3.12/site-packages/airflow/example_dags/tutorial_dag.py
[2024-04-20T19:19:23.584+0000] {processor.py:840} INFO - DAG(s) 'tutorial_dag' retrieved from /home/airflow/.local/lib/python3.12/site-packages/airflow/example_dags/tutorial_dag.py
[2024-04-20T19:19:23.610+0000] {logging_mixin.py:188} INFO - [2024-04-20T19:19:23.610+0000] {dag.py:3096} INFO - Sync 1 DAGs
[2024-04-20T19:19:23.625+0000] {logging_mixin.py:188} INFO - [2024-04-20T19:19:23.625+0000] {dag.py:3954} INFO - Setting next_dagrun for tutorial_dag to None, run_after=None
[2024-04-20T19:19:23.651+0000] {processor.py:183} INFO - Processing /home/airflow/.local/lib/python3.12/site-packages/airflow/example_dags/tutorial_dag.py took 0.090 seconds
[2024-04-20T19:19:54.251+0000] {processor.py:161} INFO - Started process (PID=269) to work on /home/airflow/.local/lib/python3.12/site-packages/airflow/example_dags/tutorial_dag.py
[2024-04-20T19:19:54.252+0000] {processor.py:830} INFO - Processing file /home/airflow/.local/lib/python3.12/site-packages/airflow/example_dags/tutorial_dag.py for tasks to queue
[2024-04-20T19:19:54.255+0000] {logging_mixin.py:188} INFO - [2024-04-20T19:19:54.255+0000] {dagbag.py:540} INFO - Filling up the DagBag from /home/airflow/.local/lib/python3.12/site-packages/airflow/example_dags/tutorial_dag.py
[2024-04-20T19:19:54.263+0000] {processor.py:840} INFO - DAG(s) 'tutorial_dag' retrieved from /home/airflow/.local/lib/python3.12/site-packages/airflow/example_dags/tutorial_dag.py
[2024-04-20T19:19:54.287+0000] {logging_mixin.py:188} INFO - [2024-04-20T19:19:54.287+0000] {dag.py:3096} INFO - Sync 1 DAGs
[2024-04-20T19:19:54.308+0000] {logging_mixin.py:188} INFO - [2024-04-20T19:19:54.308+0000] {dag.py:3954} INFO - Setting next_dagrun for tutorial_dag to None, run_after=None
[2024-04-20T19:19:54.338+0000] {processor.py:183} INFO - Processing /home/airflow/.local/lib/python3.12/site-packages/airflow/example_dags/tutorial_dag.py took 0.094 seconds
[2024-04-20T19:20:24.518+0000] {processor.py:161} INFO - Started process (PID=327) to work on /home/airflow/.local/lib/python3.12/site-packages/airflow/example_dags/tutorial_dag.py
[2024-04-20T19:20:24.521+0000] {processor.py:830} INFO - Processing file /home/airflow/.local/lib/python3.12/site-packages/airflow/example_dags/tutorial_dag.py for tasks to queue
[2024-04-20T19:20:24.524+0000] {logging_mixin.py:188} INFO - [2024-04-20T19:20:24.523+0000] {dagbag.py:540} INFO - Filling up the DagBag from /home/airflow/.local/lib/python3.12/site-packages/airflow/example_dags/tutorial_dag.py
[2024-04-20T19:20:24.532+0000] {processor.py:840} INFO - DAG(s) 'tutorial_dag' retrieved from /home/airflow/.local/lib/python3.12/site-packages/airflow/example_dags/tutorial_dag.py
[2024-04-20T19:20:24.556+0000] {logging_mixin.py:188} INFO - [2024-04-20T19:20:24.556+0000] {dag.py:3096} INFO - Sync 1 DAGs
[2024-04-20T19:20:24.573+0000] {logging_mixin.py:188} INFO - [2024-04-20T19:20:24.573+0000] {dag.py:3954} INFO - Setting next_dagrun for tutorial_dag to None, run_after=None
[2024-04-20T19:20:24.604+0000] {processor.py:183} INFO - Processing /home/airflow/.local/lib/python3.12/site-packages/airflow/example_dags/tutorial_dag.py took 0.092 seconds
[2024-04-20T19:20:55.299+0000] {processor.py:161} INFO - Started process (PID=385) to work on /home/airflow/.local/lib/python3.12/site-packages/airflow/example_dags/tutorial_dag.py
[2024-04-20T19:20:55.301+0000] {processor.py:830} INFO - Processing file /home/airflow/.local/lib/python3.12/site-packages/airflow/example_dags/tutorial_dag.py for tasks to queue
[2024-04-20T19:20:55.304+0000] {logging_mixin.py:188} INFO - [2024-04-20T19:20:55.304+0000] {dagbag.py:540} INFO - Filling up the DagBag from /home/airflow/.local/lib/python3.12/site-packages/airflow/example_dags/tutorial_dag.py
[2024-04-20T19:20:55.315+0000] {processor.py:840} INFO - DAG(s) 'tutorial_dag' retrieved from /home/airflow/.local/lib/python3.12/site-packages/airflow/example_dags/tutorial_dag.py
[2024-04-20T19:20:55.352+0000] {logging_mixin.py:188} INFO - [2024-04-20T19:20:55.352+0000] {dag.py:3096} INFO - Sync 1 DAGs
[2024-04-20T19:20:55.383+0000] {logging_mixin.py:188} INFO - [2024-04-20T19:20:55.383+0000] {dag.py:3954} INFO - Setting next_dagrun for tutorial_dag to None, run_after=None
[2024-04-20T19:20:55.435+0000] {processor.py:183} INFO - Processing /home/airflow/.local/lib/python3.12/site-packages/airflow/example_dags/tutorial_dag.py took 0.149 seconds
[2024-04-20T19:21:25.694+0000] {processor.py:161} INFO - Started process (PID=443) to work on /home/airflow/.local/lib/python3.12/site-packages/airflow/example_dags/tutorial_dag.py
[2024-04-20T19:21:25.701+0000] {processor.py:830} INFO - Processing file /home/airflow/.local/lib/python3.12/site-packages/airflow/example_dags/tutorial_dag.py for tasks to queue
[2024-04-20T19:21:25.704+0000] {logging_mixin.py:188} INFO - [2024-04-20T19:21:25.703+0000] {dagbag.py:540} INFO - Filling up the DagBag from /home/airflow/.local/lib/python3.12/site-packages/airflow/example_dags/tutorial_dag.py
[2024-04-20T19:21:25.717+0000] {processor.py:840} INFO - DAG(s) 'tutorial_dag' retrieved from /home/airflow/.local/lib/python3.12/site-packages/airflow/example_dags/tutorial_dag.py
[2024-04-20T19:21:25.749+0000] {logging_mixin.py:188} INFO - [2024-04-20T19:21:25.749+0000] {dag.py:3096} INFO - Sync 1 DAGs
[2024-04-20T19:21:25.768+0000] {logging_mixin.py:188} INFO - [2024-04-20T19:21:25.768+0000] {dag.py:3954} INFO - Setting next_dagrun for tutorial_dag to None, run_after=None
[2024-04-20T19:21:25.800+0000] {processor.py:183} INFO - Processing /home/airflow/.local/lib/python3.12/site-packages/airflow/example_dags/tutorial_dag.py took 0.114 seconds
[2024-04-20T19:21:56.308+0000] {processor.py:161} INFO - Started process (PID=501) to work on /home/airflow/.local/lib/python3.12/site-packages/airflow/example_dags/tutorial_dag.py
[2024-04-20T19:21:56.310+0000] {processor.py:830} INFO - Processing file /home/airflow/.local/lib/python3.12/site-packages/airflow/example_dags/tutorial_dag.py for tasks to queue
[2024-04-20T19:21:56.317+0000] {logging_mixin.py:188} INFO - [2024-04-20T19:21:56.317+0000] {dagbag.py:540} INFO - Filling up the DagBag from /home/airflow/.local/lib/python3.12/site-packages/airflow/example_dags/tutorial_dag.py
[2024-04-20T19:21:56.326+0000] {processor.py:840} INFO - DAG(s) 'tutorial_dag' retrieved from /home/airflow/.local/lib/python3.12/site-packages/airflow/example_dags/tutorial_dag.py
[2024-04-20T19:21:56.369+0000] {logging_mixin.py:188} INFO - [2024-04-20T19:21:56.369+0000] {dag.py:3096} INFO - Sync 1 DAGs
[2024-04-20T19:21:56.425+0000] {logging_mixin.py:188} INFO - [2024-04-20T19:21:56.425+0000] {dag.py:3954} INFO - Setting next_dagrun for tutorial_dag to None, run_after=None
[2024-04-20T19:21:56.517+0000] {processor.py:183} INFO - Processing /home/airflow/.local/lib/python3.12/site-packages/airflow/example_dags/tutorial_dag.py took 0.218 seconds
[2024-04-20T19:22:27.558+0000] {processor.py:161} INFO - Started process (PID=565) to work on /home/airflow/.local/lib/python3.12/site-packages/airflow/example_dags/tutorial_dag.py
[2024-04-20T19:22:27.570+0000] {processor.py:830} INFO - Processing file /home/airflow/.local/lib/python3.12/site-packages/airflow/example_dags/tutorial_dag.py for tasks to queue
[2024-04-20T19:22:27.588+0000] {logging_mixin.py:188} INFO - [2024-04-20T19:22:27.585+0000] {dagbag.py:540} INFO - Filling up the DagBag from /home/airflow/.local/lib/python3.12/site-packages/airflow/example_dags/tutorial_dag.py
[2024-04-20T19:22:27.617+0000] {processor.py:840} INFO - DAG(s) 'tutorial_dag' retrieved from /home/airflow/.local/lib/python3.12/site-packages/airflow/example_dags/tutorial_dag.py
[2024-04-20T19:22:27.706+0000] {logging_mixin.py:188} INFO - [2024-04-20T19:22:27.705+0000] {dag.py:3096} INFO - Sync 1 DAGs
[2024-04-20T19:22:27.750+0000] {logging_mixin.py:188} INFO - [2024-04-20T19:22:27.748+0000] {dag.py:3954} INFO - Setting next_dagrun for tutorial_dag to None, run_after=None
[2024-04-20T19:22:27.834+0000] {processor.py:183} INFO - Processing /home/airflow/.local/lib/python3.12/site-packages/airflow/example_dags/tutorial_dag.py took 0.320 seconds
[2024-04-20T19:22:58.741+0000] {processor.py:161} INFO - Started process (PID=617) to work on /home/airflow/.local/lib/python3.12/site-packages/airflow/example_dags/tutorial_dag.py
[2024-04-20T19:22:58.755+0000] {processor.py:830} INFO - Processing file /home/airflow/.local/lib/python3.12/site-packages/airflow/example_dags/tutorial_dag.py for tasks to queue
[2024-04-20T19:22:58.774+0000] {logging_mixin.py:188} INFO - [2024-04-20T19:22:58.768+0000] {dagbag.py:540} INFO - Filling up the DagBag from /home/airflow/.local/lib/python3.12/site-packages/airflow/example_dags/tutorial_dag.py
[2024-04-20T19:22:58.847+0000] {processor.py:840} INFO - DAG(s) 'tutorial_dag' retrieved from /home/airflow/.local/lib/python3.12/site-packages/airflow/example_dags/tutorial_dag.py
[2024-04-20T19:22:59.055+0000] {logging_mixin.py:188} INFO - [2024-04-20T19:22:59.051+0000] {dag.py:3096} INFO - Sync 1 DAGs
[2024-04-20T19:22:59.189+0000] {logging_mixin.py:188} INFO - [2024-04-20T19:22:59.188+0000] {dag.py:3954} INFO - Setting next_dagrun for tutorial_dag to None, run_after=None
[2024-04-20T19:22:59.453+0000] {processor.py:183} INFO - Processing /home/airflow/.local/lib/python3.12/site-packages/airflow/example_dags/tutorial_dag.py took 0.762 seconds
[2024-04-20T19:23:32.024+0000] {processor.py:161} INFO - Started process (PID=675) to work on /home/airflow/.local/lib/python3.12/site-packages/airflow/example_dags/tutorial_dag.py
[2024-04-20T19:23:32.031+0000] {processor.py:830} INFO - Processing file /home/airflow/.local/lib/python3.12/site-packages/airflow/example_dags/tutorial_dag.py for tasks to queue
[2024-04-20T19:23:32.040+0000] {logging_mixin.py:188} INFO - [2024-04-20T19:23:32.038+0000] {dagbag.py:540} INFO - Filling up the DagBag from /home/airflow/.local/lib/python3.12/site-packages/airflow/example_dags/tutorial_dag.py
[2024-04-20T19:23:32.091+0000] {processor.py:840} INFO - DAG(s) 'tutorial_dag' retrieved from /home/airflow/.local/lib/python3.12/site-packages/airflow/example_dags/tutorial_dag.py
[2024-04-20T19:23:32.267+0000] {logging_mixin.py:188} INFO - [2024-04-20T19:23:32.266+0000] {dag.py:3096} INFO - Sync 1 DAGs
[2024-04-20T19:23:32.339+0000] {logging_mixin.py:188} INFO - [2024-04-20T19:23:32.339+0000] {dag.py:3954} INFO - Setting next_dagrun for tutorial_dag to None, run_after=None
[2024-04-20T19:23:32.423+0000] {processor.py:183} INFO - Processing /home/airflow/.local/lib/python3.12/site-packages/airflow/example_dags/tutorial_dag.py took 0.423 seconds
[2024-04-20T19:24:02.549+0000] {processor.py:161} INFO - Started process (PID=733) to work on /home/airflow/.local/lib/python3.12/site-packages/airflow/example_dags/tutorial_dag.py
[2024-04-20T19:24:02.552+0000] {processor.py:830} INFO - Processing file /home/airflow/.local/lib/python3.12/site-packages/airflow/example_dags/tutorial_dag.py for tasks to queue
[2024-04-20T19:24:02.556+0000] {logging_mixin.py:188} INFO - [2024-04-20T19:24:02.555+0000] {dagbag.py:540} INFO - Filling up the DagBag from /home/airflow/.local/lib/python3.12/site-packages/airflow/example_dags/tutorial_dag.py
[2024-04-20T19:24:02.570+0000] {processor.py:840} INFO - DAG(s) 'tutorial_dag' retrieved from /home/airflow/.local/lib/python3.12/site-packages/airflow/example_dags/tutorial_dag.py
[2024-04-20T19:24:02.629+0000] {logging_mixin.py:188} INFO - [2024-04-20T19:24:02.627+0000] {dag.py:3096} INFO - Sync 1 DAGs
[2024-04-20T19:24:02.672+0000] {logging_mixin.py:188} INFO - [2024-04-20T19:24:02.671+0000] {dag.py:3954} INFO - Setting next_dagrun for tutorial_dag to None, run_after=None
[2024-04-20T19:24:02.741+0000] {processor.py:183} INFO - Processing /home/airflow/.local/lib/python3.12/site-packages/airflow/example_dags/tutorial_dag.py took 0.205 seconds
[2024-04-20T19:24:32.834+0000] {processor.py:161} INFO - Started process (PID=791) to work on /home/airflow/.local/lib/python3.12/site-packages/airflow/example_dags/tutorial_dag.py
[2024-04-20T19:24:32.836+0000] {processor.py:830} INFO - Processing file /home/airflow/.local/lib/python3.12/site-packages/airflow/example_dags/tutorial_dag.py for tasks to queue
[2024-04-20T19:24:32.840+0000] {logging_mixin.py:188} INFO - [2024-04-20T19:24:32.839+0000] {dagbag.py:540} INFO - Filling up the DagBag from /home/airflow/.local/lib/python3.12/site-packages/airflow/example_dags/tutorial_dag.py
[2024-04-20T19:24:32.852+0000] {processor.py:840} INFO - DAG(s) 'tutorial_dag' retrieved from /home/airflow/.local/lib/python3.12/site-packages/airflow/example_dags/tutorial_dag.py
[2024-04-20T19:24:32.898+0000] {logging_mixin.py:188} INFO - [2024-04-20T19:24:32.897+0000] {dag.py:3096} INFO - Sync 1 DAGs
[2024-04-20T19:24:32.928+0000] {logging_mixin.py:188} INFO - [2024-04-20T19:24:32.927+0000] {dag.py:3954} INFO - Setting next_dagrun for tutorial_dag to None, run_after=None
[2024-04-20T19:24:32.972+0000] {processor.py:183} INFO - Processing /home/airflow/.local/lib/python3.12/site-packages/airflow/example_dags/tutorial_dag.py took 0.150 seconds
[2024-04-20T19:25:03.219+0000] {processor.py:161} INFO - Started process (PID=849) to work on /home/airflow/.local/lib/python3.12/site-packages/airflow/example_dags/tutorial_dag.py
[2024-04-20T19:25:03.221+0000] {processor.py:830} INFO - Processing file /home/airflow/.local/lib/python3.12/site-packages/airflow/example_dags/tutorial_dag.py for tasks to queue
[2024-04-20T19:25:03.226+0000] {logging_mixin.py:188} INFO - [2024-04-20T19:25:03.224+0000] {dagbag.py:540} INFO - Filling up the DagBag from /home/airflow/.local/lib/python3.12/site-packages/airflow/example_dags/tutorial_dag.py
[2024-04-20T19:25:03.242+0000] {processor.py:840} INFO - DAG(s) 'tutorial_dag' retrieved from /home/airflow/.local/lib/python3.12/site-packages/airflow/example_dags/tutorial_dag.py
[2024-04-20T19:25:03.301+0000] {logging_mixin.py:188} INFO - [2024-04-20T19:25:03.300+0000] {dag.py:3096} INFO - Sync 1 DAGs
[2024-04-20T19:25:03.335+0000] {logging_mixin.py:188} INFO - [2024-04-20T19:25:03.331+0000] {dag.py:3954} INFO - Setting next_dagrun for tutorial_dag to None, run_after=None
[2024-04-20T19:25:03.376+0000] {processor.py:183} INFO - Processing /home/airflow/.local/lib/python3.12/site-packages/airflow/example_dags/tutorial_dag.py took 0.167 seconds
