[2024-04-21T20:22:44.972+0000] {processor.py:161} INFO - Started process (PID=45) to work on /home/airflow/.local/lib/python3.12/site-packages/airflow/example_dags/example_complex.py
[2024-04-21T20:22:44.976+0000] {processor.py:830} INFO - Processing file /home/airflow/.local/lib/python3.12/site-packages/airflow/example_dags/example_complex.py for tasks to queue
[2024-04-21T20:22:44.983+0000] {logging_mixin.py:188} INFO - [2024-04-21T20:22:44.983+0000] {dagbag.py:540} INFO - Filling up the DagBag from /home/airflow/.local/lib/python3.12/site-packages/airflow/example_dags/example_complex.py
[2024-04-21T20:22:45.011+0000] {processor.py:840} INFO - DAG(s) 'example_complex' retrieved from /home/airflow/.local/lib/python3.12/site-packages/airflow/example_dags/example_complex.py
[2024-04-21T20:22:45.334+0000] {logging_mixin.py:188} INFO - [2024-04-21T20:22:45.332+0000] {dag.py:3096} INFO - Sync 1 DAGs
[2024-04-21T20:22:45.453+0000] {logging_mixin.py:188} INFO - [2024-04-21T20:22:45.452+0000] {dag.py:3954} INFO - Setting next_dagrun for example_complex to None, run_after=None
[2024-04-21T20:22:45.545+0000] {processor.py:183} INFO - Processing /home/airflow/.local/lib/python3.12/site-packages/airflow/example_dags/example_complex.py took 0.590 seconds
[2024-04-21T20:23:16.169+0000] {processor.py:161} INFO - Started process (PID=103) to work on /home/airflow/.local/lib/python3.12/site-packages/airflow/example_dags/example_complex.py
[2024-04-21T20:23:16.173+0000] {processor.py:830} INFO - Processing file /home/airflow/.local/lib/python3.12/site-packages/airflow/example_dags/example_complex.py for tasks to queue
[2024-04-21T20:23:16.178+0000] {logging_mixin.py:188} INFO - [2024-04-21T20:23:16.178+0000] {dagbag.py:540} INFO - Filling up the DagBag from /home/airflow/.local/lib/python3.12/site-packages/airflow/example_dags/example_complex.py
[2024-04-21T20:23:16.202+0000] {processor.py:840} INFO - DAG(s) 'example_complex' retrieved from /home/airflow/.local/lib/python3.12/site-packages/airflow/example_dags/example_complex.py
[2024-04-21T20:23:16.268+0000] {logging_mixin.py:188} INFO - [2024-04-21T20:23:16.268+0000] {dag.py:3096} INFO - Sync 1 DAGs
[2024-04-21T20:23:16.287+0000] {logging_mixin.py:188} INFO - [2024-04-21T20:23:16.287+0000] {dag.py:3954} INFO - Setting next_dagrun for example_complex to None, run_after=None
[2024-04-21T20:23:16.315+0000] {processor.py:183} INFO - Processing /home/airflow/.local/lib/python3.12/site-packages/airflow/example_dags/example_complex.py took 0.161 seconds
[2024-04-21T20:23:46.793+0000] {processor.py:161} INFO - Started process (PID=161) to work on /home/airflow/.local/lib/python3.12/site-packages/airflow/example_dags/example_complex.py
[2024-04-21T20:23:46.795+0000] {processor.py:830} INFO - Processing file /home/airflow/.local/lib/python3.12/site-packages/airflow/example_dags/example_complex.py for tasks to queue
[2024-04-21T20:23:46.798+0000] {logging_mixin.py:188} INFO - [2024-04-21T20:23:46.797+0000] {dagbag.py:540} INFO - Filling up the DagBag from /home/airflow/.local/lib/python3.12/site-packages/airflow/example_dags/example_complex.py
[2024-04-21T20:23:46.819+0000] {processor.py:840} INFO - DAG(s) 'example_complex' retrieved from /home/airflow/.local/lib/python3.12/site-packages/airflow/example_dags/example_complex.py
[2024-04-21T20:23:46.899+0000] {logging_mixin.py:188} INFO - [2024-04-21T20:23:46.898+0000] {dag.py:3096} INFO - Sync 1 DAGs
[2024-04-21T20:23:46.941+0000] {logging_mixin.py:188} INFO - [2024-04-21T20:23:46.940+0000] {dag.py:3954} INFO - Setting next_dagrun for example_complex to None, run_after=None
[2024-04-21T20:23:46.983+0000] {processor.py:183} INFO - Processing /home/airflow/.local/lib/python3.12/site-packages/airflow/example_dags/example_complex.py took 0.197 seconds
[2024-04-21T20:24:17.823+0000] {processor.py:161} INFO - Started process (PID=225) to work on /home/airflow/.local/lib/python3.12/site-packages/airflow/example_dags/example_complex.py
[2024-04-21T20:24:17.824+0000] {processor.py:830} INFO - Processing file /home/airflow/.local/lib/python3.12/site-packages/airflow/example_dags/example_complex.py for tasks to queue
[2024-04-21T20:24:17.827+0000] {logging_mixin.py:188} INFO - [2024-04-21T20:24:17.827+0000] {dagbag.py:540} INFO - Filling up the DagBag from /home/airflow/.local/lib/python3.12/site-packages/airflow/example_dags/example_complex.py
[2024-04-21T20:24:17.843+0000] {processor.py:840} INFO - DAG(s) 'example_complex' retrieved from /home/airflow/.local/lib/python3.12/site-packages/airflow/example_dags/example_complex.py
[2024-04-21T20:24:17.891+0000] {logging_mixin.py:188} INFO - [2024-04-21T20:24:17.891+0000] {dag.py:3096} INFO - Sync 1 DAGs
[2024-04-21T20:24:17.912+0000] {logging_mixin.py:188} INFO - [2024-04-21T20:24:17.912+0000] {dag.py:3954} INFO - Setting next_dagrun for example_complex to None, run_after=None
[2024-04-21T20:24:17.948+0000] {processor.py:183} INFO - Processing /home/airflow/.local/lib/python3.12/site-packages/airflow/example_dags/example_complex.py took 0.134 seconds
[2024-04-21T20:24:50.418+0000] {processor.py:161} INFO - Started process (PID=284) to work on /home/airflow/.local/lib/python3.12/site-packages/airflow/example_dags/example_complex.py
[2024-04-21T20:24:50.423+0000] {processor.py:830} INFO - Processing file /home/airflow/.local/lib/python3.12/site-packages/airflow/example_dags/example_complex.py for tasks to queue
[2024-04-21T20:24:50.428+0000] {logging_mixin.py:188} INFO - [2024-04-21T20:24:50.427+0000] {dagbag.py:540} INFO - Filling up the DagBag from /home/airflow/.local/lib/python3.12/site-packages/airflow/example_dags/example_complex.py
[2024-04-21T20:24:50.454+0000] {processor.py:840} INFO - DAG(s) 'example_complex' retrieved from /home/airflow/.local/lib/python3.12/site-packages/airflow/example_dags/example_complex.py
[2024-04-21T20:24:50.526+0000] {logging_mixin.py:188} INFO - [2024-04-21T20:24:50.525+0000] {dag.py:3096} INFO - Sync 1 DAGs
[2024-04-21T20:24:50.564+0000] {logging_mixin.py:188} INFO - [2024-04-21T20:24:50.564+0000] {dag.py:3954} INFO - Setting next_dagrun for example_complex to None, run_after=None
[2024-04-21T20:24:50.620+0000] {processor.py:183} INFO - Processing /home/airflow/.local/lib/python3.12/site-packages/airflow/example_dags/example_complex.py took 0.215 seconds
[2024-04-21T20:25:22.536+0000] {processor.py:161} INFO - Started process (PID=342) to work on /home/airflow/.local/lib/python3.12/site-packages/airflow/example_dags/example_complex.py
[2024-04-21T20:25:22.550+0000] {processor.py:830} INFO - Processing file /home/airflow/.local/lib/python3.12/site-packages/airflow/example_dags/example_complex.py for tasks to queue
[2024-04-21T20:25:22.564+0000] {logging_mixin.py:188} INFO - [2024-04-21T20:25:22.562+0000] {dagbag.py:540} INFO - Filling up the DagBag from /home/airflow/.local/lib/python3.12/site-packages/airflow/example_dags/example_complex.py
[2024-04-21T20:25:22.613+0000] {processor.py:840} INFO - DAG(s) 'example_complex' retrieved from /home/airflow/.local/lib/python3.12/site-packages/airflow/example_dags/example_complex.py
[2024-04-21T20:25:22.732+0000] {logging_mixin.py:188} INFO - [2024-04-21T20:25:22.730+0000] {dag.py:3096} INFO - Sync 1 DAGs
[2024-04-21T20:25:22.777+0000] {logging_mixin.py:188} INFO - [2024-04-21T20:25:22.777+0000] {dag.py:3954} INFO - Setting next_dagrun for example_complex to None, run_after=None
[2024-04-21T20:25:22.883+0000] {processor.py:183} INFO - Processing /home/airflow/.local/lib/python3.12/site-packages/airflow/example_dags/example_complex.py took 0.371 seconds
[2024-04-21T20:25:53.115+0000] {processor.py:161} INFO - Started process (PID=400) to work on /home/airflow/.local/lib/python3.12/site-packages/airflow/example_dags/example_complex.py
[2024-04-21T20:25:53.119+0000] {processor.py:830} INFO - Processing file /home/airflow/.local/lib/python3.12/site-packages/airflow/example_dags/example_complex.py for tasks to queue
[2024-04-21T20:25:53.121+0000] {logging_mixin.py:188} INFO - [2024-04-21T20:25:53.121+0000] {dagbag.py:540} INFO - Filling up the DagBag from /home/airflow/.local/lib/python3.12/site-packages/airflow/example_dags/example_complex.py
[2024-04-21T20:25:53.140+0000] {processor.py:840} INFO - DAG(s) 'example_complex' retrieved from /home/airflow/.local/lib/python3.12/site-packages/airflow/example_dags/example_complex.py
[2024-04-21T20:25:53.199+0000] {logging_mixin.py:188} INFO - [2024-04-21T20:25:53.198+0000] {dag.py:3096} INFO - Sync 1 DAGs
[2024-04-21T20:25:53.224+0000] {logging_mixin.py:188} INFO - [2024-04-21T20:25:53.223+0000] {dag.py:3954} INFO - Setting next_dagrun for example_complex to None, run_after=None
[2024-04-21T20:25:53.266+0000] {processor.py:183} INFO - Processing /home/airflow/.local/lib/python3.12/site-packages/airflow/example_dags/example_complex.py took 0.161 seconds
