[2024-04-21T20:22:51.025+0000] {processor.py:161} INFO - Started process (PID=58) to work on /home/airflow/.local/lib/python3.12/site-packages/airflow/example_dags/example_kubernetes_executor.py
[2024-04-21T20:22:51.034+0000] {processor.py:830} INFO - Processing file /home/airflow/.local/lib/python3.12/site-packages/airflow/example_dags/example_kubernetes_executor.py for tasks to queue
[2024-04-21T20:22:51.055+0000] {logging_mixin.py:188} INFO - [2024-04-21T20:22:51.052+0000] {dagbag.py:540} INFO - Filling up the DagBag from /home/airflow/.local/lib/python3.12/site-packages/airflow/example_dags/example_kubernetes_executor.py
[2024-04-21T20:22:51.168+0000] {processor.py:840} INFO - DAG(s) 'example_kubernetes_executor' retrieved from /home/airflow/.local/lib/python3.12/site-packages/airflow/example_dags/example_kubernetes_executor.py
[2024-04-21T20:22:51.514+0000] {logging_mixin.py:188} INFO - [2024-04-21T20:22:51.513+0000] {dag.py:3096} INFO - Sync 1 DAGs
[2024-04-21T20:22:51.665+0000] {logging_mixin.py:188} INFO - [2024-04-21T20:22:51.665+0000] {dag.py:3954} INFO - Setting next_dagrun for example_kubernetes_executor to None, run_after=None
[2024-04-21T20:22:51.747+0000] {processor.py:183} INFO - Processing /home/airflow/.local/lib/python3.12/site-packages/airflow/example_dags/example_kubernetes_executor.py took 0.820 seconds
[2024-04-21T20:23:21.977+0000] {processor.py:161} INFO - Started process (PID=116) to work on /home/airflow/.local/lib/python3.12/site-packages/airflow/example_dags/example_kubernetes_executor.py
[2024-04-21T20:23:21.979+0000] {processor.py:830} INFO - Processing file /home/airflow/.local/lib/python3.12/site-packages/airflow/example_dags/example_kubernetes_executor.py for tasks to queue
[2024-04-21T20:23:21.982+0000] {logging_mixin.py:188} INFO - [2024-04-21T20:23:21.981+0000] {dagbag.py:540} INFO - Filling up the DagBag from /home/airflow/.local/lib/python3.12/site-packages/airflow/example_dags/example_kubernetes_executor.py
[2024-04-21T20:23:22.006+0000] {processor.py:840} INFO - DAG(s) 'example_kubernetes_executor' retrieved from /home/airflow/.local/lib/python3.12/site-packages/airflow/example_dags/example_kubernetes_executor.py
[2024-04-21T20:23:22.102+0000] {logging_mixin.py:188} INFO - [2024-04-21T20:23:22.102+0000] {dag.py:3096} INFO - Sync 1 DAGs
[2024-04-21T20:23:22.153+0000] {logging_mixin.py:188} INFO - [2024-04-21T20:23:22.152+0000] {dag.py:3954} INFO - Setting next_dagrun for example_kubernetes_executor to None, run_after=None
[2024-04-21T20:23:22.316+0000] {processor.py:183} INFO - Processing /home/airflow/.local/lib/python3.12/site-packages/airflow/example_dags/example_kubernetes_executor.py took 0.345 seconds
[2024-04-21T20:23:52.429+0000] {processor.py:161} INFO - Started process (PID=174) to work on /home/airflow/.local/lib/python3.12/site-packages/airflow/example_dags/example_kubernetes_executor.py
[2024-04-21T20:23:52.430+0000] {processor.py:830} INFO - Processing file /home/airflow/.local/lib/python3.12/site-packages/airflow/example_dags/example_kubernetes_executor.py for tasks to queue
[2024-04-21T20:23:52.433+0000] {logging_mixin.py:188} INFO - [2024-04-21T20:23:52.432+0000] {dagbag.py:540} INFO - Filling up the DagBag from /home/airflow/.local/lib/python3.12/site-packages/airflow/example_dags/example_kubernetes_executor.py
[2024-04-21T20:23:52.450+0000] {processor.py:840} INFO - DAG(s) 'example_kubernetes_executor' retrieved from /home/airflow/.local/lib/python3.12/site-packages/airflow/example_dags/example_kubernetes_executor.py
[2024-04-21T20:23:52.491+0000] {logging_mixin.py:188} INFO - [2024-04-21T20:23:52.491+0000] {dag.py:3096} INFO - Sync 1 DAGs
[2024-04-21T20:23:52.506+0000] {logging_mixin.py:188} INFO - [2024-04-21T20:23:52.506+0000] {dag.py:3954} INFO - Setting next_dagrun for example_kubernetes_executor to None, run_after=None
[2024-04-21T20:23:52.530+0000] {processor.py:183} INFO - Processing /home/airflow/.local/lib/python3.12/site-packages/airflow/example_dags/example_kubernetes_executor.py took 0.107 seconds
[2024-04-21T20:24:22.789+0000] {processor.py:161} INFO - Started process (PID=232) to work on /home/airflow/.local/lib/python3.12/site-packages/airflow/example_dags/example_kubernetes_executor.py
[2024-04-21T20:24:22.791+0000] {processor.py:830} INFO - Processing file /home/airflow/.local/lib/python3.12/site-packages/airflow/example_dags/example_kubernetes_executor.py for tasks to queue
[2024-04-21T20:24:22.793+0000] {logging_mixin.py:188} INFO - [2024-04-21T20:24:22.792+0000] {dagbag.py:540} INFO - Filling up the DagBag from /home/airflow/.local/lib/python3.12/site-packages/airflow/example_dags/example_kubernetes_executor.py
[2024-04-21T20:24:22.810+0000] {processor.py:840} INFO - DAG(s) 'example_kubernetes_executor' retrieved from /home/airflow/.local/lib/python3.12/site-packages/airflow/example_dags/example_kubernetes_executor.py
[2024-04-21T20:24:22.865+0000] {logging_mixin.py:188} INFO - [2024-04-21T20:24:22.864+0000] {dag.py:3096} INFO - Sync 1 DAGs
[2024-04-21T20:24:22.892+0000] {logging_mixin.py:188} INFO - [2024-04-21T20:24:22.892+0000] {dag.py:3954} INFO - Setting next_dagrun for example_kubernetes_executor to None, run_after=None
[2024-04-21T20:24:22.987+0000] {processor.py:183} INFO - Processing /home/airflow/.local/lib/python3.12/site-packages/airflow/example_dags/example_kubernetes_executor.py took 0.204 seconds
[2024-04-21T20:24:53.278+0000] {processor.py:161} INFO - Started process (PID=291) to work on /home/airflow/.local/lib/python3.12/site-packages/airflow/example_dags/example_kubernetes_executor.py
[2024-04-21T20:24:53.281+0000] {processor.py:830} INFO - Processing file /home/airflow/.local/lib/python3.12/site-packages/airflow/example_dags/example_kubernetes_executor.py for tasks to queue
[2024-04-21T20:24:53.298+0000] {logging_mixin.py:188} INFO - [2024-04-21T20:24:53.297+0000] {dagbag.py:540} INFO - Filling up the DagBag from /home/airflow/.local/lib/python3.12/site-packages/airflow/example_dags/example_kubernetes_executor.py
[2024-04-21T20:24:53.335+0000] {processor.py:840} INFO - DAG(s) 'example_kubernetes_executor' retrieved from /home/airflow/.local/lib/python3.12/site-packages/airflow/example_dags/example_kubernetes_executor.py
[2024-04-21T20:24:53.437+0000] {logging_mixin.py:188} INFO - [2024-04-21T20:24:53.436+0000] {dag.py:3096} INFO - Sync 1 DAGs
[2024-04-21T20:24:53.482+0000] {logging_mixin.py:188} INFO - [2024-04-21T20:24:53.481+0000] {dag.py:3954} INFO - Setting next_dagrun for example_kubernetes_executor to None, run_after=None
[2024-04-21T20:24:53.563+0000] {processor.py:183} INFO - Processing /home/airflow/.local/lib/python3.12/site-packages/airflow/example_dags/example_kubernetes_executor.py took 0.308 seconds
[2024-04-21T20:25:24.682+0000] {processor.py:161} INFO - Started process (PID=349) to work on /home/airflow/.local/lib/python3.12/site-packages/airflow/example_dags/example_kubernetes_executor.py
[2024-04-21T20:25:24.689+0000] {processor.py:830} INFO - Processing file /home/airflow/.local/lib/python3.12/site-packages/airflow/example_dags/example_kubernetes_executor.py for tasks to queue
[2024-04-21T20:25:24.695+0000] {logging_mixin.py:188} INFO - [2024-04-21T20:25:24.694+0000] {dagbag.py:540} INFO - Filling up the DagBag from /home/airflow/.local/lib/python3.12/site-packages/airflow/example_dags/example_kubernetes_executor.py
[2024-04-21T20:25:24.755+0000] {processor.py:840} INFO - DAG(s) 'example_kubernetes_executor' retrieved from /home/airflow/.local/lib/python3.12/site-packages/airflow/example_dags/example_kubernetes_executor.py
[2024-04-21T20:25:24.912+0000] {logging_mixin.py:188} INFO - [2024-04-21T20:25:24.911+0000] {dag.py:3096} INFO - Sync 1 DAGs
[2024-04-21T20:25:24.989+0000] {logging_mixin.py:188} INFO - [2024-04-21T20:25:24.983+0000] {dag.py:3954} INFO - Setting next_dagrun for example_kubernetes_executor to None, run_after=None
[2024-04-21T20:25:25.071+0000] {processor.py:183} INFO - Processing /home/airflow/.local/lib/python3.12/site-packages/airflow/example_dags/example_kubernetes_executor.py took 0.413 seconds
[2024-04-21T20:25:55.127+0000] {processor.py:161} INFO - Started process (PID=408) to work on /home/airflow/.local/lib/python3.12/site-packages/airflow/example_dags/example_kubernetes_executor.py
[2024-04-21T20:25:55.129+0000] {processor.py:830} INFO - Processing file /home/airflow/.local/lib/python3.12/site-packages/airflow/example_dags/example_kubernetes_executor.py for tasks to queue
[2024-04-21T20:25:55.132+0000] {logging_mixin.py:188} INFO - [2024-04-21T20:25:55.131+0000] {dagbag.py:540} INFO - Filling up the DagBag from /home/airflow/.local/lib/python3.12/site-packages/airflow/example_dags/example_kubernetes_executor.py
[2024-04-21T20:25:55.155+0000] {processor.py:840} INFO - DAG(s) 'example_kubernetes_executor' retrieved from /home/airflow/.local/lib/python3.12/site-packages/airflow/example_dags/example_kubernetes_executor.py
[2024-04-21T20:25:55.202+0000] {logging_mixin.py:188} INFO - [2024-04-21T20:25:55.201+0000] {dag.py:3096} INFO - Sync 1 DAGs
[2024-04-21T20:25:55.217+0000] {logging_mixin.py:188} INFO - [2024-04-21T20:25:55.217+0000] {dag.py:3954} INFO - Setting next_dagrun for example_kubernetes_executor to None, run_after=None
[2024-04-21T20:25:55.244+0000] {processor.py:183} INFO - Processing /home/airflow/.local/lib/python3.12/site-packages/airflow/example_dags/example_kubernetes_executor.py took 0.123 seconds
