[2024-04-21T20:23:00.205+0000] {processor.py:161} INFO - Started process (PID=74) to work on /home/airflow/.local/lib/python3.12/site-packages/airflow/example_dags/example_sensors.py
[2024-04-21T20:23:00.208+0000] {processor.py:830} INFO - Processing file /home/airflow/.local/lib/python3.12/site-packages/airflow/example_dags/example_sensors.py for tasks to queue
[2024-04-21T20:23:00.212+0000] {logging_mixin.py:188} INFO - [2024-04-21T20:23:00.212+0000] {dagbag.py:540} INFO - Filling up the DagBag from /home/airflow/.local/lib/python3.12/site-packages/airflow/example_dags/example_sensors.py
[2024-04-21T20:23:00.233+0000] {processor.py:840} INFO - DAG(s) 'example_sensors' retrieved from /home/airflow/.local/lib/python3.12/site-packages/airflow/example_dags/example_sensors.py
[2024-04-21T20:23:00.317+0000] {logging_mixin.py:188} INFO - [2024-04-21T20:23:00.316+0000] {dag.py:3096} INFO - Sync 1 DAGs
[2024-04-21T20:23:00.358+0000] {logging_mixin.py:188} INFO - [2024-04-21T20:23:00.358+0000] {dag.py:3954} INFO - Setting next_dagrun for example_sensors to None, run_after=None
[2024-04-21T20:23:00.426+0000] {processor.py:183} INFO - Processing /home/airflow/.local/lib/python3.12/site-packages/airflow/example_dags/example_sensors.py took 0.242 seconds
[2024-04-21T20:23:30.609+0000] {processor.py:161} INFO - Started process (PID=132) to work on /home/airflow/.local/lib/python3.12/site-packages/airflow/example_dags/example_sensors.py
[2024-04-21T20:23:30.611+0000] {processor.py:830} INFO - Processing file /home/airflow/.local/lib/python3.12/site-packages/airflow/example_dags/example_sensors.py for tasks to queue
[2024-04-21T20:23:30.615+0000] {logging_mixin.py:188} INFO - [2024-04-21T20:23:30.615+0000] {dagbag.py:540} INFO - Filling up the DagBag from /home/airflow/.local/lib/python3.12/site-packages/airflow/example_dags/example_sensors.py
[2024-04-21T20:23:30.634+0000] {processor.py:840} INFO - DAG(s) 'example_sensors' retrieved from /home/airflow/.local/lib/python3.12/site-packages/airflow/example_dags/example_sensors.py
[2024-04-21T20:23:30.686+0000] {logging_mixin.py:188} INFO - [2024-04-21T20:23:30.686+0000] {dag.py:3096} INFO - Sync 1 DAGs
[2024-04-21T20:23:30.705+0000] {logging_mixin.py:188} INFO - [2024-04-21T20:23:30.704+0000] {dag.py:3954} INFO - Setting next_dagrun for example_sensors to None, run_after=None
[2024-04-21T20:23:30.737+0000] {processor.py:183} INFO - Processing /home/airflow/.local/lib/python3.12/site-packages/airflow/example_dags/example_sensors.py took 0.135 seconds
[2024-04-21T20:24:01.180+0000] {processor.py:161} INFO - Started process (PID=190) to work on /home/airflow/.local/lib/python3.12/site-packages/airflow/example_dags/example_sensors.py
[2024-04-21T20:24:01.181+0000] {processor.py:830} INFO - Processing file /home/airflow/.local/lib/python3.12/site-packages/airflow/example_dags/example_sensors.py for tasks to queue
[2024-04-21T20:24:01.184+0000] {logging_mixin.py:188} INFO - [2024-04-21T20:24:01.184+0000] {dagbag.py:540} INFO - Filling up the DagBag from /home/airflow/.local/lib/python3.12/site-packages/airflow/example_dags/example_sensors.py
[2024-04-21T20:24:01.196+0000] {processor.py:840} INFO - DAG(s) 'example_sensors' retrieved from /home/airflow/.local/lib/python3.12/site-packages/airflow/example_dags/example_sensors.py
[2024-04-21T20:24:01.228+0000] {logging_mixin.py:188} INFO - [2024-04-21T20:24:01.227+0000] {dag.py:3096} INFO - Sync 1 DAGs
[2024-04-21T20:24:01.257+0000] {logging_mixin.py:188} INFO - [2024-04-21T20:24:01.256+0000] {dag.py:3954} INFO - Setting next_dagrun for example_sensors to None, run_after=None
[2024-04-21T20:24:01.288+0000] {processor.py:183} INFO - Processing /home/airflow/.local/lib/python3.12/site-packages/airflow/example_dags/example_sensors.py took 0.116 seconds
[2024-04-21T20:24:31.438+0000] {processor.py:161} INFO - Started process (PID=248) to work on /home/airflow/.local/lib/python3.12/site-packages/airflow/example_dags/example_sensors.py
[2024-04-21T20:24:31.439+0000] {processor.py:830} INFO - Processing file /home/airflow/.local/lib/python3.12/site-packages/airflow/example_dags/example_sensors.py for tasks to queue
[2024-04-21T20:24:31.449+0000] {logging_mixin.py:188} INFO - [2024-04-21T20:24:31.442+0000] {dagbag.py:540} INFO - Filling up the DagBag from /home/airflow/.local/lib/python3.12/site-packages/airflow/example_dags/example_sensors.py
[2024-04-21T20:24:31.484+0000] {processor.py:840} INFO - DAG(s) 'example_sensors' retrieved from /home/airflow/.local/lib/python3.12/site-packages/airflow/example_dags/example_sensors.py
[2024-04-21T20:24:31.548+0000] {logging_mixin.py:188} INFO - [2024-04-21T20:24:31.548+0000] {dag.py:3096} INFO - Sync 1 DAGs
[2024-04-21T20:24:31.585+0000] {logging_mixin.py:188} INFO - [2024-04-21T20:24:31.585+0000] {dag.py:3954} INFO - Setting next_dagrun for example_sensors to None, run_after=None
[2024-04-21T20:24:31.647+0000] {processor.py:183} INFO - Processing /home/airflow/.local/lib/python3.12/site-packages/airflow/example_dags/example_sensors.py took 0.218 seconds
[2024-04-21T20:25:01.922+0000] {processor.py:161} INFO - Started process (PID=306) to work on /home/airflow/.local/lib/python3.12/site-packages/airflow/example_dags/example_sensors.py
[2024-04-21T20:25:01.924+0000] {processor.py:830} INFO - Processing file /home/airflow/.local/lib/python3.12/site-packages/airflow/example_dags/example_sensors.py for tasks to queue
[2024-04-21T20:25:01.928+0000] {logging_mixin.py:188} INFO - [2024-04-21T20:25:01.927+0000] {dagbag.py:540} INFO - Filling up the DagBag from /home/airflow/.local/lib/python3.12/site-packages/airflow/example_dags/example_sensors.py
[2024-04-21T20:25:01.943+0000] {processor.py:840} INFO - DAG(s) 'example_sensors' retrieved from /home/airflow/.local/lib/python3.12/site-packages/airflow/example_dags/example_sensors.py
[2024-04-21T20:25:01.987+0000] {logging_mixin.py:188} INFO - [2024-04-21T20:25:01.986+0000] {dag.py:3096} INFO - Sync 1 DAGs
[2024-04-21T20:25:02.012+0000] {logging_mixin.py:188} INFO - [2024-04-21T20:25:02.011+0000] {dag.py:3954} INFO - Setting next_dagrun for example_sensors to None, run_after=None
[2024-04-21T20:25:02.051+0000] {processor.py:183} INFO - Processing /home/airflow/.local/lib/python3.12/site-packages/airflow/example_dags/example_sensors.py took 0.138 seconds
[2024-04-21T20:25:33.061+0000] {processor.py:161} INFO - Started process (PID=365) to work on /home/airflow/.local/lib/python3.12/site-packages/airflow/example_dags/example_sensors.py
[2024-04-21T20:25:33.063+0000] {processor.py:830} INFO - Processing file /home/airflow/.local/lib/python3.12/site-packages/airflow/example_dags/example_sensors.py for tasks to queue
[2024-04-21T20:25:33.066+0000] {logging_mixin.py:188} INFO - [2024-04-21T20:25:33.065+0000] {dagbag.py:540} INFO - Filling up the DagBag from /home/airflow/.local/lib/python3.12/site-packages/airflow/example_dags/example_sensors.py
[2024-04-21T20:25:33.077+0000] {processor.py:840} INFO - DAG(s) 'example_sensors' retrieved from /home/airflow/.local/lib/python3.12/site-packages/airflow/example_dags/example_sensors.py
[2024-04-21T20:25:33.108+0000] {logging_mixin.py:188} INFO - [2024-04-21T20:25:33.108+0000] {dag.py:3096} INFO - Sync 1 DAGs
[2024-04-21T20:25:33.126+0000] {logging_mixin.py:188} INFO - [2024-04-21T20:25:33.125+0000] {dag.py:3954} INFO - Setting next_dagrun for example_sensors to None, run_after=None
[2024-04-21T20:25:33.161+0000] {processor.py:183} INFO - Processing /home/airflow/.local/lib/python3.12/site-packages/airflow/example_dags/example_sensors.py took 0.107 seconds
