[2024-04-21T20:22:54.114+0000] {processor.py:161} INFO - Started process (PID=63) to work on /home/airflow/.local/lib/python3.12/site-packages/airflow/example_dags/example_setup_teardown.py
[2024-04-21T20:22:54.140+0000] {processor.py:830} INFO - Processing file /home/airflow/.local/lib/python3.12/site-packages/airflow/example_dags/example_setup_teardown.py for tasks to queue
[2024-04-21T20:22:54.175+0000] {logging_mixin.py:188} INFO - [2024-04-21T20:22:54.167+0000] {dagbag.py:540} INFO - Filling up the DagBag from /home/airflow/.local/lib/python3.12/site-packages/airflow/example_dags/example_setup_teardown.py
[2024-04-21T20:22:54.383+0000] {processor.py:840} INFO - DAG(s) 'example_setup_teardown' retrieved from /home/airflow/.local/lib/python3.12/site-packages/airflow/example_dags/example_setup_teardown.py
[2024-04-21T20:22:55.257+0000] {logging_mixin.py:188} INFO - [2024-04-21T20:22:55.256+0000] {dag.py:3096} INFO - Sync 1 DAGs
[2024-04-21T20:22:55.491+0000] {logging_mixin.py:188} INFO - [2024-04-21T20:22:55.491+0000] {dag.py:3954} INFO - Setting next_dagrun for example_setup_teardown to 2024-04-20 00:00:00+00:00, run_after=2024-04-21 00:00:00+00:00
[2024-04-21T20:22:55.633+0000] {processor.py:183} INFO - Processing /home/airflow/.local/lib/python3.12/site-packages/airflow/example_dags/example_setup_teardown.py took 1.631 seconds
[2024-04-21T20:23:26.656+0000] {processor.py:161} INFO - Started process (PID=121) to work on /home/airflow/.local/lib/python3.12/site-packages/airflow/example_dags/example_setup_teardown.py
[2024-04-21T20:23:26.659+0000] {processor.py:830} INFO - Processing file /home/airflow/.local/lib/python3.12/site-packages/airflow/example_dags/example_setup_teardown.py for tasks to queue
[2024-04-21T20:23:26.664+0000] {logging_mixin.py:188} INFO - [2024-04-21T20:23:26.663+0000] {dagbag.py:540} INFO - Filling up the DagBag from /home/airflow/.local/lib/python3.12/site-packages/airflow/example_dags/example_setup_teardown.py
[2024-04-21T20:23:26.682+0000] {processor.py:840} INFO - DAG(s) 'example_setup_teardown' retrieved from /home/airflow/.local/lib/python3.12/site-packages/airflow/example_dags/example_setup_teardown.py
[2024-04-21T20:23:26.722+0000] {logging_mixin.py:188} INFO - [2024-04-21T20:23:26.722+0000] {dag.py:3096} INFO - Sync 1 DAGs
[2024-04-21T20:23:26.774+0000] {logging_mixin.py:188} INFO - [2024-04-21T20:23:26.774+0000] {dag.py:3954} INFO - Setting next_dagrun for example_setup_teardown to 2024-04-20 00:00:00+00:00, run_after=2024-04-21 00:00:00+00:00
[2024-04-21T20:23:26.824+0000] {processor.py:183} INFO - Processing /home/airflow/.local/lib/python3.12/site-packages/airflow/example_dags/example_setup_teardown.py took 0.181 seconds
[2024-04-21T20:23:57.041+0000] {processor.py:161} INFO - Started process (PID=179) to work on /home/airflow/.local/lib/python3.12/site-packages/airflow/example_dags/example_setup_teardown.py
[2024-04-21T20:23:57.043+0000] {processor.py:830} INFO - Processing file /home/airflow/.local/lib/python3.12/site-packages/airflow/example_dags/example_setup_teardown.py for tasks to queue
[2024-04-21T20:23:57.045+0000] {logging_mixin.py:188} INFO - [2024-04-21T20:23:57.044+0000] {dagbag.py:540} INFO - Filling up the DagBag from /home/airflow/.local/lib/python3.12/site-packages/airflow/example_dags/example_setup_teardown.py
[2024-04-21T20:23:57.054+0000] {processor.py:840} INFO - DAG(s) 'example_setup_teardown' retrieved from /home/airflow/.local/lib/python3.12/site-packages/airflow/example_dags/example_setup_teardown.py
[2024-04-21T20:23:57.147+0000] {logging_mixin.py:188} INFO - [2024-04-21T20:23:57.147+0000] {dag.py:3096} INFO - Sync 1 DAGs
[2024-04-21T20:23:57.178+0000] {logging_mixin.py:188} INFO - [2024-04-21T20:23:57.178+0000] {dag.py:3954} INFO - Setting next_dagrun for example_setup_teardown to 2024-04-20 00:00:00+00:00, run_after=2024-04-21 00:00:00+00:00
[2024-04-21T20:23:57.206+0000] {processor.py:183} INFO - Processing /home/airflow/.local/lib/python3.12/site-packages/airflow/example_dags/example_setup_teardown.py took 0.175 seconds
[2024-04-21T20:24:27.343+0000] {processor.py:161} INFO - Started process (PID=237) to work on /home/airflow/.local/lib/python3.12/site-packages/airflow/example_dags/example_setup_teardown.py
[2024-04-21T20:24:27.345+0000] {processor.py:830} INFO - Processing file /home/airflow/.local/lib/python3.12/site-packages/airflow/example_dags/example_setup_teardown.py for tasks to queue
[2024-04-21T20:24:27.350+0000] {logging_mixin.py:188} INFO - [2024-04-21T20:24:27.349+0000] {dagbag.py:540} INFO - Filling up the DagBag from /home/airflow/.local/lib/python3.12/site-packages/airflow/example_dags/example_setup_teardown.py
[2024-04-21T20:24:27.358+0000] {processor.py:840} INFO - DAG(s) 'example_setup_teardown' retrieved from /home/airflow/.local/lib/python3.12/site-packages/airflow/example_dags/example_setup_teardown.py
[2024-04-21T20:24:27.387+0000] {logging_mixin.py:188} INFO - [2024-04-21T20:24:27.387+0000] {dag.py:3096} INFO - Sync 1 DAGs
[2024-04-21T20:24:27.419+0000] {logging_mixin.py:188} INFO - [2024-04-21T20:24:27.419+0000] {dag.py:3954} INFO - Setting next_dagrun for example_setup_teardown to 2024-04-20 00:00:00+00:00, run_after=2024-04-21 00:00:00+00:00
[2024-04-21T20:24:27.447+0000] {processor.py:183} INFO - Processing /home/airflow/.local/lib/python3.12/site-packages/airflow/example_dags/example_setup_teardown.py took 0.111 seconds
[2024-04-21T20:24:58.021+0000] {processor.py:161} INFO - Started process (PID=296) to work on /home/airflow/.local/lib/python3.12/site-packages/airflow/example_dags/example_setup_teardown.py
[2024-04-21T20:24:58.029+0000] {processor.py:830} INFO - Processing file /home/airflow/.local/lib/python3.12/site-packages/airflow/example_dags/example_setup_teardown.py for tasks to queue
[2024-04-21T20:24:58.034+0000] {logging_mixin.py:188} INFO - [2024-04-21T20:24:58.033+0000] {dagbag.py:540} INFO - Filling up the DagBag from /home/airflow/.local/lib/python3.12/site-packages/airflow/example_dags/example_setup_teardown.py
[2024-04-21T20:24:58.044+0000] {processor.py:840} INFO - DAG(s) 'example_setup_teardown' retrieved from /home/airflow/.local/lib/python3.12/site-packages/airflow/example_dags/example_setup_teardown.py
[2024-04-21T20:24:58.075+0000] {logging_mixin.py:188} INFO - [2024-04-21T20:24:58.075+0000] {dag.py:3096} INFO - Sync 1 DAGs
[2024-04-21T20:24:58.110+0000] {logging_mixin.py:188} INFO - [2024-04-21T20:24:58.110+0000] {dag.py:3954} INFO - Setting next_dagrun for example_setup_teardown to 2024-04-20 00:00:00+00:00, run_after=2024-04-21 00:00:00+00:00
[2024-04-21T20:24:58.139+0000] {processor.py:183} INFO - Processing /home/airflow/.local/lib/python3.12/site-packages/airflow/example_dags/example_setup_teardown.py took 0.127 seconds
[2024-04-21T20:25:28.499+0000] {processor.py:161} INFO - Started process (PID=354) to work on /home/airflow/.local/lib/python3.12/site-packages/airflow/example_dags/example_setup_teardown.py
[2024-04-21T20:25:28.502+0000] {processor.py:830} INFO - Processing file /home/airflow/.local/lib/python3.12/site-packages/airflow/example_dags/example_setup_teardown.py for tasks to queue
[2024-04-21T20:25:28.526+0000] {logging_mixin.py:188} INFO - [2024-04-21T20:25:28.524+0000] {dagbag.py:540} INFO - Filling up the DagBag from /home/airflow/.local/lib/python3.12/site-packages/airflow/example_dags/example_setup_teardown.py
[2024-04-21T20:25:28.589+0000] {processor.py:840} INFO - DAG(s) 'example_setup_teardown' retrieved from /home/airflow/.local/lib/python3.12/site-packages/airflow/example_dags/example_setup_teardown.py
[2024-04-21T20:25:28.695+0000] {logging_mixin.py:188} INFO - [2024-04-21T20:25:28.694+0000] {dag.py:3096} INFO - Sync 1 DAGs
[2024-04-21T20:25:28.793+0000] {logging_mixin.py:188} INFO - [2024-04-21T20:25:28.792+0000] {dag.py:3954} INFO - Setting next_dagrun for example_setup_teardown to 2024-04-20 00:00:00+00:00, run_after=2024-04-21 00:00:00+00:00
[2024-04-21T20:25:28.887+0000] {processor.py:183} INFO - Processing /home/airflow/.local/lib/python3.12/site-packages/airflow/example_dags/example_setup_teardown.py took 0.400 seconds
[2024-04-21T20:25:59.708+0000] {processor.py:161} INFO - Started process (PID=413) to work on /home/airflow/.local/lib/python3.12/site-packages/airflow/example_dags/example_setup_teardown.py
[2024-04-21T20:25:59.711+0000] {processor.py:830} INFO - Processing file /home/airflow/.local/lib/python3.12/site-packages/airflow/example_dags/example_setup_teardown.py for tasks to queue
[2024-04-21T20:25:59.719+0000] {logging_mixin.py:188} INFO - [2024-04-21T20:25:59.716+0000] {dagbag.py:540} INFO - Filling up the DagBag from /home/airflow/.local/lib/python3.12/site-packages/airflow/example_dags/example_setup_teardown.py
[2024-04-21T20:25:59.738+0000] {processor.py:840} INFO - DAG(s) 'example_setup_teardown' retrieved from /home/airflow/.local/lib/python3.12/site-packages/airflow/example_dags/example_setup_teardown.py
[2024-04-21T20:25:59.793+0000] {logging_mixin.py:188} INFO - [2024-04-21T20:25:59.792+0000] {dag.py:3096} INFO - Sync 1 DAGs
[2024-04-21T20:25:59.887+0000] {logging_mixin.py:188} INFO - [2024-04-21T20:25:59.885+0000] {dag.py:3954} INFO - Setting next_dagrun for example_setup_teardown to 2024-04-20 00:00:00+00:00, run_after=2024-04-21 00:00:00+00:00
[2024-04-21T20:25:59.974+0000] {processor.py:183} INFO - Processing /home/airflow/.local/lib/python3.12/site-packages/airflow/example_dags/example_setup_teardown.py took 0.287 seconds
