[2024-04-21T20:22:44.677+0000] {processor.py:161} INFO - Started process (PID=44) to work on /home/airflow/.local/lib/python3.12/site-packages/airflow/example_dags/example_branch_python_dop_operator_3.py
[2024-04-21T20:22:44.682+0000] {processor.py:830} INFO - Processing file /home/airflow/.local/lib/python3.12/site-packages/airflow/example_dags/example_branch_python_dop_operator_3.py for tasks to queue
[2024-04-21T20:22:44.689+0000] {logging_mixin.py:188} INFO - [2024-04-21T20:22:44.686+0000] {dagbag.py:540} INFO - Filling up the DagBag from /home/airflow/.local/lib/python3.12/site-packages/airflow/example_dags/example_branch_python_dop_operator_3.py
[2024-04-21T20:22:44.715+0000] {processor.py:840} INFO - DAG(s) 'example_branch_dop_operator_v3' retrieved from /home/airflow/.local/lib/python3.12/site-packages/airflow/example_dags/example_branch_python_dop_operator_3.py
[2024-04-21T20:22:44.779+0000] {logging_mixin.py:188} INFO - [2024-04-21T20:22:44.779+0000] {dag.py:3096} INFO - Sync 1 DAGs
[2024-04-21T20:22:44.841+0000] {logging_mixin.py:188} INFO - [2024-04-21T20:22:44.841+0000] {dag.py:3954} INFO - Setting next_dagrun for example_branch_dop_operator_v3 to 2024-04-21 20:21:00+00:00, run_after=2024-04-21 20:22:00+00:00
[2024-04-21T20:22:44.883+0000] {processor.py:183} INFO - Processing /home/airflow/.local/lib/python3.12/site-packages/airflow/example_dags/example_branch_python_dop_operator_3.py took 0.223 seconds
[2024-04-21T20:23:15.118+0000] {processor.py:161} INFO - Started process (PID=101) to work on /home/airflow/.local/lib/python3.12/site-packages/airflow/example_dags/example_branch_python_dop_operator_3.py
[2024-04-21T20:23:15.120+0000] {processor.py:830} INFO - Processing file /home/airflow/.local/lib/python3.12/site-packages/airflow/example_dags/example_branch_python_dop_operator_3.py for tasks to queue
[2024-04-21T20:23:15.123+0000] {logging_mixin.py:188} INFO - [2024-04-21T20:23:15.123+0000] {dagbag.py:540} INFO - Filling up the DagBag from /home/airflow/.local/lib/python3.12/site-packages/airflow/example_dags/example_branch_python_dop_operator_3.py
[2024-04-21T20:23:15.139+0000] {processor.py:840} INFO - DAG(s) 'example_branch_dop_operator_v3' retrieved from /home/airflow/.local/lib/python3.12/site-packages/airflow/example_dags/example_branch_python_dop_operator_3.py
[2024-04-21T20:23:15.172+0000] {logging_mixin.py:188} INFO - [2024-04-21T20:23:15.172+0000] {dag.py:3096} INFO - Sync 1 DAGs
[2024-04-21T20:23:15.212+0000] {logging_mixin.py:188} INFO - [2024-04-21T20:23:15.211+0000] {dag.py:3954} INFO - Setting next_dagrun for example_branch_dop_operator_v3 to 2024-04-21 20:22:00+00:00, run_after=2024-04-21 20:23:00+00:00
[2024-04-21T20:23:15.247+0000] {processor.py:183} INFO - Processing /home/airflow/.local/lib/python3.12/site-packages/airflow/example_dags/example_branch_python_dop_operator_3.py took 0.138 seconds
[2024-04-21T20:23:45.792+0000] {processor.py:161} INFO - Started process (PID=159) to work on /home/airflow/.local/lib/python3.12/site-packages/airflow/example_dags/example_branch_python_dop_operator_3.py
[2024-04-21T20:23:45.794+0000] {processor.py:830} INFO - Processing file /home/airflow/.local/lib/python3.12/site-packages/airflow/example_dags/example_branch_python_dop_operator_3.py for tasks to queue
[2024-04-21T20:23:45.797+0000] {logging_mixin.py:188} INFO - [2024-04-21T20:23:45.796+0000] {dagbag.py:540} INFO - Filling up the DagBag from /home/airflow/.local/lib/python3.12/site-packages/airflow/example_dags/example_branch_python_dop_operator_3.py
[2024-04-21T20:23:45.814+0000] {processor.py:840} INFO - DAG(s) 'example_branch_dop_operator_v3' retrieved from /home/airflow/.local/lib/python3.12/site-packages/airflow/example_dags/example_branch_python_dop_operator_3.py
[2024-04-21T20:23:45.843+0000] {logging_mixin.py:188} INFO - [2024-04-21T20:23:45.842+0000] {dag.py:3096} INFO - Sync 1 DAGs
[2024-04-21T20:23:45.876+0000] {logging_mixin.py:188} INFO - [2024-04-21T20:23:45.875+0000] {dag.py:3954} INFO - Setting next_dagrun for example_branch_dop_operator_v3 to 2024-04-21 20:22:00+00:00, run_after=2024-04-21 20:23:00+00:00
[2024-04-21T20:23:45.899+0000] {processor.py:183} INFO - Processing /home/airflow/.local/lib/python3.12/site-packages/airflow/example_dags/example_branch_python_dop_operator_3.py took 0.124 seconds
[2024-04-21T20:24:16.776+0000] {processor.py:161} INFO - Started process (PID=217) to work on /home/airflow/.local/lib/python3.12/site-packages/airflow/example_dags/example_branch_python_dop_operator_3.py
[2024-04-21T20:24:16.777+0000] {processor.py:830} INFO - Processing file /home/airflow/.local/lib/python3.12/site-packages/airflow/example_dags/example_branch_python_dop_operator_3.py for tasks to queue
[2024-04-21T20:24:16.780+0000] {logging_mixin.py:188} INFO - [2024-04-21T20:24:16.779+0000] {dagbag.py:540} INFO - Filling up the DagBag from /home/airflow/.local/lib/python3.12/site-packages/airflow/example_dags/example_branch_python_dop_operator_3.py
[2024-04-21T20:24:16.793+0000] {processor.py:840} INFO - DAG(s) 'example_branch_dop_operator_v3' retrieved from /home/airflow/.local/lib/python3.12/site-packages/airflow/example_dags/example_branch_python_dop_operator_3.py
[2024-04-21T20:24:16.821+0000] {logging_mixin.py:188} INFO - [2024-04-21T20:24:16.820+0000] {dag.py:3096} INFO - Sync 1 DAGs
[2024-04-21T20:24:16.857+0000] {logging_mixin.py:188} INFO - [2024-04-21T20:24:16.856+0000] {dag.py:3954} INFO - Setting next_dagrun for example_branch_dop_operator_v3 to 2024-04-21 20:23:00+00:00, run_after=2024-04-21 20:24:00+00:00
[2024-04-21T20:24:16.885+0000] {processor.py:183} INFO - Processing /home/airflow/.local/lib/python3.12/site-packages/airflow/example_dags/example_branch_python_dop_operator_3.py took 0.118 seconds
[2024-04-21T20:24:49.443+0000] {processor.py:161} INFO - Started process (PID=282) to work on /home/airflow/.local/lib/python3.12/site-packages/airflow/example_dags/example_branch_python_dop_operator_3.py
[2024-04-21T20:24:49.445+0000] {processor.py:830} INFO - Processing file /home/airflow/.local/lib/python3.12/site-packages/airflow/example_dags/example_branch_python_dop_operator_3.py for tasks to queue
[2024-04-21T20:24:49.450+0000] {logging_mixin.py:188} INFO - [2024-04-21T20:24:49.448+0000] {dagbag.py:540} INFO - Filling up the DagBag from /home/airflow/.local/lib/python3.12/site-packages/airflow/example_dags/example_branch_python_dop_operator_3.py
[2024-04-21T20:24:49.462+0000] {processor.py:840} INFO - DAG(s) 'example_branch_dop_operator_v3' retrieved from /home/airflow/.local/lib/python3.12/site-packages/airflow/example_dags/example_branch_python_dop_operator_3.py
[2024-04-21T20:24:49.498+0000] {logging_mixin.py:188} INFO - [2024-04-21T20:24:49.497+0000] {dag.py:3096} INFO - Sync 1 DAGs
[2024-04-21T20:24:49.546+0000] {logging_mixin.py:188} INFO - [2024-04-21T20:24:49.545+0000] {dag.py:3954} INFO - Setting next_dagrun for example_branch_dop_operator_v3 to 2024-04-21 20:23:00+00:00, run_after=2024-04-21 20:24:00+00:00
[2024-04-21T20:24:49.583+0000] {processor.py:183} INFO - Processing /home/airflow/.local/lib/python3.12/site-packages/airflow/example_dags/example_branch_python_dop_operator_3.py took 0.151 seconds
[2024-04-21T20:25:21.965+0000] {processor.py:161} INFO - Started process (PID=340) to work on /home/airflow/.local/lib/python3.12/site-packages/airflow/example_dags/example_branch_python_dop_operator_3.py
[2024-04-21T20:25:21.990+0000] {processor.py:830} INFO - Processing file /home/airflow/.local/lib/python3.12/site-packages/airflow/example_dags/example_branch_python_dop_operator_3.py for tasks to queue
[2024-04-21T20:25:22.082+0000] {logging_mixin.py:188} INFO - [2024-04-21T20:25:22.080+0000] {dagbag.py:540} INFO - Filling up the DagBag from /home/airflow/.local/lib/python3.12/site-packages/airflow/example_dags/example_branch_python_dop_operator_3.py
[2024-04-21T20:25:22.111+0000] {processor.py:840} INFO - DAG(s) 'example_branch_dop_operator_v3' retrieved from /home/airflow/.local/lib/python3.12/site-packages/airflow/example_dags/example_branch_python_dop_operator_3.py
[2024-04-21T20:25:22.193+0000] {logging_mixin.py:188} INFO - [2024-04-21T20:25:22.191+0000] {dag.py:3096} INFO - Sync 1 DAGs
[2024-04-21T20:25:22.298+0000] {logging_mixin.py:188} INFO - [2024-04-21T20:25:22.297+0000] {dag.py:3954} INFO - Setting next_dagrun for example_branch_dop_operator_v3 to 2024-04-21 20:24:00+00:00, run_after=2024-04-21 20:25:00+00:00
[2024-04-21T20:25:22.358+0000] {processor.py:183} INFO - Processing /home/airflow/.local/lib/python3.12/site-packages/airflow/example_dags/example_branch_python_dop_operator_3.py took 0.427 seconds
[2024-04-21T20:25:53.029+0000] {processor.py:161} INFO - Started process (PID=399) to work on /home/airflow/.local/lib/python3.12/site-packages/airflow/example_dags/example_branch_python_dop_operator_3.py
[2024-04-21T20:25:53.031+0000] {processor.py:830} INFO - Processing file /home/airflow/.local/lib/python3.12/site-packages/airflow/example_dags/example_branch_python_dop_operator_3.py for tasks to queue
[2024-04-21T20:25:53.036+0000] {logging_mixin.py:188} INFO - [2024-04-21T20:25:53.035+0000] {dagbag.py:540} INFO - Filling up the DagBag from /home/airflow/.local/lib/python3.12/site-packages/airflow/example_dags/example_branch_python_dop_operator_3.py
[2024-04-21T20:25:53.054+0000] {processor.py:840} INFO - DAG(s) 'example_branch_dop_operator_v3' retrieved from /home/airflow/.local/lib/python3.12/site-packages/airflow/example_dags/example_branch_python_dop_operator_3.py
[2024-04-21T20:25:53.099+0000] {logging_mixin.py:188} INFO - [2024-04-21T20:25:53.098+0000] {dag.py:3096} INFO - Sync 1 DAGs
[2024-04-21T20:25:53.149+0000] {logging_mixin.py:188} INFO - [2024-04-21T20:25:53.148+0000] {dag.py:3954} INFO - Setting next_dagrun for example_branch_dop_operator_v3 to 2024-04-21 20:24:00+00:00, run_after=2024-04-21 20:25:00+00:00
[2024-04-21T20:25:53.191+0000] {processor.py:183} INFO - Processing /home/airflow/.local/lib/python3.12/site-packages/airflow/example_dags/example_branch_python_dop_operator_3.py took 0.168 seconds
