[2024-04-21T20:22:48.349+0000] {processor.py:161} INFO - Started process (PID=56) to work on /home/airflow/.local/lib/python3.12/site-packages/airflow/example_dags/example_branch_labels.py
[2024-04-21T20:22:48.381+0000] {processor.py:830} INFO - Processing file /home/airflow/.local/lib/python3.12/site-packages/airflow/example_dags/example_branch_labels.py for tasks to queue
[2024-04-21T20:22:48.410+0000] {logging_mixin.py:188} INFO - [2024-04-21T20:22:48.407+0000] {dagbag.py:540} INFO - Filling up the DagBag from /home/airflow/.local/lib/python3.12/site-packages/airflow/example_dags/example_branch_labels.py
[2024-04-21T20:22:48.545+0000] {processor.py:840} INFO - DAG(s) 'example_branch_labels' retrieved from /home/airflow/.local/lib/python3.12/site-packages/airflow/example_dags/example_branch_labels.py
[2024-04-21T20:22:49.789+0000] {logging_mixin.py:188} INFO - [2024-04-21T20:22:49.784+0000] {dag.py:3096} INFO - Sync 1 DAGs
[2024-04-21T20:22:50.174+0000] {logging_mixin.py:188} INFO - [2024-04-21T20:22:50.173+0000] {dag.py:3954} INFO - Setting next_dagrun for example_branch_labels to 2024-04-20 00:00:00+00:00, run_after=2024-04-21 00:00:00+00:00
[2024-04-21T20:22:50.589+0000] {processor.py:183} INFO - Processing /home/airflow/.local/lib/python3.12/site-packages/airflow/example_dags/example_branch_labels.py took 2.326 seconds
[2024-04-21T20:23:20.768+0000] {processor.py:161} INFO - Started process (PID=114) to work on /home/airflow/.local/lib/python3.12/site-packages/airflow/example_dags/example_branch_labels.py
[2024-04-21T20:23:20.770+0000] {processor.py:830} INFO - Processing file /home/airflow/.local/lib/python3.12/site-packages/airflow/example_dags/example_branch_labels.py for tasks to queue
[2024-04-21T20:23:20.772+0000] {logging_mixin.py:188} INFO - [2024-04-21T20:23:20.772+0000] {dagbag.py:540} INFO - Filling up the DagBag from /home/airflow/.local/lib/python3.12/site-packages/airflow/example_dags/example_branch_labels.py
[2024-04-21T20:23:20.786+0000] {processor.py:840} INFO - DAG(s) 'example_branch_labels' retrieved from /home/airflow/.local/lib/python3.12/site-packages/airflow/example_dags/example_branch_labels.py
[2024-04-21T20:23:20.841+0000] {logging_mixin.py:188} INFO - [2024-04-21T20:23:20.840+0000] {dag.py:3096} INFO - Sync 1 DAGs
[2024-04-21T20:23:20.928+0000] {logging_mixin.py:188} INFO - [2024-04-21T20:23:20.928+0000] {dag.py:3954} INFO - Setting next_dagrun for example_branch_labels to 2024-04-20 00:00:00+00:00, run_after=2024-04-21 00:00:00+00:00
[2024-04-21T20:23:20.965+0000] {processor.py:183} INFO - Processing /home/airflow/.local/lib/python3.12/site-packages/airflow/example_dags/example_branch_labels.py took 0.207 seconds
[2024-04-21T20:23:51.092+0000] {processor.py:161} INFO - Started process (PID=172) to work on /home/airflow/.local/lib/python3.12/site-packages/airflow/example_dags/example_branch_labels.py
[2024-04-21T20:23:51.093+0000] {processor.py:830} INFO - Processing file /home/airflow/.local/lib/python3.12/site-packages/airflow/example_dags/example_branch_labels.py for tasks to queue
[2024-04-21T20:23:51.105+0000] {logging_mixin.py:188} INFO - [2024-04-21T20:23:51.104+0000] {dagbag.py:540} INFO - Filling up the DagBag from /home/airflow/.local/lib/python3.12/site-packages/airflow/example_dags/example_branch_labels.py
[2024-04-21T20:23:51.127+0000] {processor.py:840} INFO - DAG(s) 'example_branch_labels' retrieved from /home/airflow/.local/lib/python3.12/site-packages/airflow/example_dags/example_branch_labels.py
[2024-04-21T20:23:51.163+0000] {logging_mixin.py:188} INFO - [2024-04-21T20:23:51.163+0000] {dag.py:3096} INFO - Sync 1 DAGs
[2024-04-21T20:23:51.197+0000] {logging_mixin.py:188} INFO - [2024-04-21T20:23:51.197+0000] {dag.py:3954} INFO - Setting next_dagrun for example_branch_labels to 2024-04-20 00:00:00+00:00, run_after=2024-04-21 00:00:00+00:00
[2024-04-21T20:23:51.228+0000] {processor.py:183} INFO - Processing /home/airflow/.local/lib/python3.12/site-packages/airflow/example_dags/example_branch_labels.py took 0.147 seconds
[2024-04-21T20:24:21.344+0000] {processor.py:161} INFO - Started process (PID=230) to work on /home/airflow/.local/lib/python3.12/site-packages/airflow/example_dags/example_branch_labels.py
[2024-04-21T20:24:21.345+0000] {processor.py:830} INFO - Processing file /home/airflow/.local/lib/python3.12/site-packages/airflow/example_dags/example_branch_labels.py for tasks to queue
[2024-04-21T20:24:21.347+0000] {logging_mixin.py:188} INFO - [2024-04-21T20:24:21.347+0000] {dagbag.py:540} INFO - Filling up the DagBag from /home/airflow/.local/lib/python3.12/site-packages/airflow/example_dags/example_branch_labels.py
[2024-04-21T20:24:21.361+0000] {processor.py:840} INFO - DAG(s) 'example_branch_labels' retrieved from /home/airflow/.local/lib/python3.12/site-packages/airflow/example_dags/example_branch_labels.py
[2024-04-21T20:24:21.395+0000] {logging_mixin.py:188} INFO - [2024-04-21T20:24:21.395+0000] {dag.py:3096} INFO - Sync 1 DAGs
[2024-04-21T20:24:21.430+0000] {logging_mixin.py:188} INFO - [2024-04-21T20:24:21.429+0000] {dag.py:3954} INFO - Setting next_dagrun for example_branch_labels to 2024-04-20 00:00:00+00:00, run_after=2024-04-21 00:00:00+00:00
[2024-04-21T20:24:21.515+0000] {processor.py:183} INFO - Processing /home/airflow/.local/lib/python3.12/site-packages/airflow/example_dags/example_branch_labels.py took 0.183 seconds
[2024-04-21T20:24:51.941+0000] {processor.py:161} INFO - Started process (PID=289) to work on /home/airflow/.local/lib/python3.12/site-packages/airflow/example_dags/example_branch_labels.py
[2024-04-21T20:24:51.944+0000] {processor.py:830} INFO - Processing file /home/airflow/.local/lib/python3.12/site-packages/airflow/example_dags/example_branch_labels.py for tasks to queue
[2024-04-21T20:24:51.951+0000] {logging_mixin.py:188} INFO - [2024-04-21T20:24:51.949+0000] {dagbag.py:540} INFO - Filling up the DagBag from /home/airflow/.local/lib/python3.12/site-packages/airflow/example_dags/example_branch_labels.py
[2024-04-21T20:24:51.972+0000] {processor.py:840} INFO - DAG(s) 'example_branch_labels' retrieved from /home/airflow/.local/lib/python3.12/site-packages/airflow/example_dags/example_branch_labels.py
[2024-04-21T20:24:52.036+0000] {logging_mixin.py:188} INFO - [2024-04-21T20:24:52.035+0000] {dag.py:3096} INFO - Sync 1 DAGs
[2024-04-21T20:24:52.094+0000] {logging_mixin.py:188} INFO - [2024-04-21T20:24:52.094+0000] {dag.py:3954} INFO - Setting next_dagrun for example_branch_labels to 2024-04-20 00:00:00+00:00, run_after=2024-04-21 00:00:00+00:00
[2024-04-21T20:24:52.145+0000] {processor.py:183} INFO - Processing /home/airflow/.local/lib/python3.12/site-packages/airflow/example_dags/example_branch_labels.py took 0.215 seconds
[2024-04-21T20:25:24.205+0000] {processor.py:161} INFO - Started process (PID=347) to work on /home/airflow/.local/lib/python3.12/site-packages/airflow/example_dags/example_branch_labels.py
[2024-04-21T20:25:24.211+0000] {processor.py:830} INFO - Processing file /home/airflow/.local/lib/python3.12/site-packages/airflow/example_dags/example_branch_labels.py for tasks to queue
[2024-04-21T20:25:24.217+0000] {logging_mixin.py:188} INFO - [2024-04-21T20:25:24.216+0000] {dagbag.py:540} INFO - Filling up the DagBag from /home/airflow/.local/lib/python3.12/site-packages/airflow/example_dags/example_branch_labels.py
[2024-04-21T20:25:24.252+0000] {processor.py:840} INFO - DAG(s) 'example_branch_labels' retrieved from /home/airflow/.local/lib/python3.12/site-packages/airflow/example_dags/example_branch_labels.py
[2024-04-21T20:25:24.334+0000] {logging_mixin.py:188} INFO - [2024-04-21T20:25:24.332+0000] {dag.py:3096} INFO - Sync 1 DAGs
[2024-04-21T20:25:24.452+0000] {logging_mixin.py:188} INFO - [2024-04-21T20:25:24.449+0000] {dag.py:3954} INFO - Setting next_dagrun for example_branch_labels to 2024-04-20 00:00:00+00:00, run_after=2024-04-21 00:00:00+00:00
[2024-04-21T20:25:24.541+0000] {processor.py:183} INFO - Processing /home/airflow/.local/lib/python3.12/site-packages/airflow/example_dags/example_branch_labels.py took 0.347 seconds
[2024-04-21T20:25:54.945+0000] {processor.py:161} INFO - Started process (PID=406) to work on /home/airflow/.local/lib/python3.12/site-packages/airflow/example_dags/example_branch_labels.py
[2024-04-21T20:25:54.947+0000] {processor.py:830} INFO - Processing file /home/airflow/.local/lib/python3.12/site-packages/airflow/example_dags/example_branch_labels.py for tasks to queue
[2024-04-21T20:25:54.953+0000] {logging_mixin.py:188} INFO - [2024-04-21T20:25:54.952+0000] {dagbag.py:540} INFO - Filling up the DagBag from /home/airflow/.local/lib/python3.12/site-packages/airflow/example_dags/example_branch_labels.py
[2024-04-21T20:25:54.966+0000] {processor.py:840} INFO - DAG(s) 'example_branch_labels' retrieved from /home/airflow/.local/lib/python3.12/site-packages/airflow/example_dags/example_branch_labels.py
[2024-04-21T20:25:55.009+0000] {logging_mixin.py:188} INFO - [2024-04-21T20:25:55.009+0000] {dag.py:3096} INFO - Sync 1 DAGs
[2024-04-21T20:25:55.047+0000] {logging_mixin.py:188} INFO - [2024-04-21T20:25:55.046+0000] {dag.py:3954} INFO - Setting next_dagrun for example_branch_labels to 2024-04-20 00:00:00+00:00, run_after=2024-04-21 00:00:00+00:00
[2024-04-21T20:25:55.079+0000] {processor.py:183} INFO - Processing /home/airflow/.local/lib/python3.12/site-packages/airflow/example_dags/example_branch_labels.py took 0.142 seconds
