[2024-04-21T20:22:59.060+0000] {processor.py:161} INFO - Started process (PID=71) to work on /home/airflow/.local/lib/python3.12/site-packages/airflow/example_dags/example_external_task_marker_dag.py
[2024-04-21T20:22:59.072+0000] {processor.py:830} INFO - Processing file /home/airflow/.local/lib/python3.12/site-packages/airflow/example_dags/example_external_task_marker_dag.py for tasks to queue
[2024-04-21T20:22:59.077+0000] {logging_mixin.py:188} INFO - [2024-04-21T20:22:59.076+0000] {dagbag.py:540} INFO - Filling up the DagBag from /home/airflow/.local/lib/python3.12/site-packages/airflow/example_dags/example_external_task_marker_dag.py
[2024-04-21T20:22:59.125+0000] {processor.py:840} INFO - DAG(s) 'example_external_task_marker_child', 'example_external_task_marker_parent' retrieved from /home/airflow/.local/lib/python3.12/site-packages/airflow/example_dags/example_external_task_marker_dag.py
[2024-04-21T20:22:59.305+0000] {logging_mixin.py:188} INFO - [2024-04-21T20:22:59.303+0000] {dag.py:3096} INFO - Sync 2 DAGs
[2024-04-21T20:22:59.394+0000] {logging_mixin.py:188} INFO - [2024-04-21T20:22:59.394+0000] {dag.py:3954} INFO - Setting next_dagrun for example_external_task_marker_child to None, run_after=None
[2024-04-21T20:22:59.410+0000] {logging_mixin.py:188} INFO - [2024-04-21T20:22:59.410+0000] {dag.py:3954} INFO - Setting next_dagrun for example_external_task_marker_parent to None, run_after=None
[2024-04-21T20:22:59.463+0000] {processor.py:183} INFO - Processing /home/airflow/.local/lib/python3.12/site-packages/airflow/example_dags/example_external_task_marker_dag.py took 0.447 seconds
[2024-04-21T20:23:30.176+0000] {processor.py:161} INFO - Started process (PID=129) to work on /home/airflow/.local/lib/python3.12/site-packages/airflow/example_dags/example_external_task_marker_dag.py
[2024-04-21T20:23:30.178+0000] {processor.py:830} INFO - Processing file /home/airflow/.local/lib/python3.12/site-packages/airflow/example_dags/example_external_task_marker_dag.py for tasks to queue
[2024-04-21T20:23:30.182+0000] {logging_mixin.py:188} INFO - [2024-04-21T20:23:30.181+0000] {dagbag.py:540} INFO - Filling up the DagBag from /home/airflow/.local/lib/python3.12/site-packages/airflow/example_dags/example_external_task_marker_dag.py
[2024-04-21T20:23:30.190+0000] {processor.py:840} INFO - DAG(s) 'example_external_task_marker_parent', 'example_external_task_marker_child' retrieved from /home/airflow/.local/lib/python3.12/site-packages/airflow/example_dags/example_external_task_marker_dag.py
[2024-04-21T20:23:30.224+0000] {logging_mixin.py:188} INFO - [2024-04-21T20:23:30.224+0000] {dag.py:3096} INFO - Sync 2 DAGs
[2024-04-21T20:23:30.257+0000] {logging_mixin.py:188} INFO - [2024-04-21T20:23:30.257+0000] {dag.py:3954} INFO - Setting next_dagrun for example_external_task_marker_child to None, run_after=None
[2024-04-21T20:23:30.266+0000] {logging_mixin.py:188} INFO - [2024-04-21T20:23:30.266+0000] {dag.py:3954} INFO - Setting next_dagrun for example_external_task_marker_parent to None, run_after=None
[2024-04-21T20:23:30.293+0000] {processor.py:183} INFO - Processing /home/airflow/.local/lib/python3.12/site-packages/airflow/example_dags/example_external_task_marker_dag.py took 0.125 seconds
[2024-04-21T20:24:00.896+0000] {processor.py:161} INFO - Started process (PID=187) to work on /home/airflow/.local/lib/python3.12/site-packages/airflow/example_dags/example_external_task_marker_dag.py
[2024-04-21T20:24:00.897+0000] {processor.py:830} INFO - Processing file /home/airflow/.local/lib/python3.12/site-packages/airflow/example_dags/example_external_task_marker_dag.py for tasks to queue
[2024-04-21T20:24:00.900+0000] {logging_mixin.py:188} INFO - [2024-04-21T20:24:00.900+0000] {dagbag.py:540} INFO - Filling up the DagBag from /home/airflow/.local/lib/python3.12/site-packages/airflow/example_dags/example_external_task_marker_dag.py
[2024-04-21T20:24:00.908+0000] {processor.py:840} INFO - DAG(s) 'example_external_task_marker_parent', 'example_external_task_marker_child' retrieved from /home/airflow/.local/lib/python3.12/site-packages/airflow/example_dags/example_external_task_marker_dag.py
[2024-04-21T20:24:00.947+0000] {logging_mixin.py:188} INFO - [2024-04-21T20:24:00.947+0000] {dag.py:3096} INFO - Sync 2 DAGs
[2024-04-21T20:24:00.967+0000] {logging_mixin.py:188} INFO - [2024-04-21T20:24:00.966+0000] {dag.py:3954} INFO - Setting next_dagrun for example_external_task_marker_child to None, run_after=None
[2024-04-21T20:24:00.972+0000] {logging_mixin.py:188} INFO - [2024-04-21T20:24:00.971+0000] {dag.py:3954} INFO - Setting next_dagrun for example_external_task_marker_parent to None, run_after=None
[2024-04-21T20:24:00.992+0000] {processor.py:183} INFO - Processing /home/airflow/.local/lib/python3.12/site-packages/airflow/example_dags/example_external_task_marker_dag.py took 0.102 seconds
[2024-04-21T20:24:31.125+0000] {processor.py:161} INFO - Started process (PID=245) to work on /home/airflow/.local/lib/python3.12/site-packages/airflow/example_dags/example_external_task_marker_dag.py
[2024-04-21T20:24:31.126+0000] {processor.py:830} INFO - Processing file /home/airflow/.local/lib/python3.12/site-packages/airflow/example_dags/example_external_task_marker_dag.py for tasks to queue
[2024-04-21T20:24:31.129+0000] {logging_mixin.py:188} INFO - [2024-04-21T20:24:31.128+0000] {dagbag.py:540} INFO - Filling up the DagBag from /home/airflow/.local/lib/python3.12/site-packages/airflow/example_dags/example_external_task_marker_dag.py
[2024-04-21T20:24:31.138+0000] {processor.py:840} INFO - DAG(s) 'example_external_task_marker_child', 'example_external_task_marker_parent' retrieved from /home/airflow/.local/lib/python3.12/site-packages/airflow/example_dags/example_external_task_marker_dag.py
[2024-04-21T20:24:31.163+0000] {logging_mixin.py:188} INFO - [2024-04-21T20:24:31.163+0000] {dag.py:3096} INFO - Sync 2 DAGs
[2024-04-21T20:24:31.181+0000] {logging_mixin.py:188} INFO - [2024-04-21T20:24:31.180+0000] {dag.py:3954} INFO - Setting next_dagrun for example_external_task_marker_child to None, run_after=None
[2024-04-21T20:24:31.186+0000] {logging_mixin.py:188} INFO - [2024-04-21T20:24:31.186+0000] {dag.py:3954} INFO - Setting next_dagrun for example_external_task_marker_parent to None, run_after=None
[2024-04-21T20:24:31.204+0000] {processor.py:183} INFO - Processing /home/airflow/.local/lib/python3.12/site-packages/airflow/example_dags/example_external_task_marker_dag.py took 0.087 seconds
[2024-04-21T20:25:01.726+0000] {processor.py:161} INFO - Started process (PID=304) to work on /home/airflow/.local/lib/python3.12/site-packages/airflow/example_dags/example_external_task_marker_dag.py
[2024-04-21T20:25:01.729+0000] {processor.py:830} INFO - Processing file /home/airflow/.local/lib/python3.12/site-packages/airflow/example_dags/example_external_task_marker_dag.py for tasks to queue
[2024-04-21T20:25:01.734+0000] {logging_mixin.py:188} INFO - [2024-04-21T20:25:01.732+0000] {dagbag.py:540} INFO - Filling up the DagBag from /home/airflow/.local/lib/python3.12/site-packages/airflow/example_dags/example_external_task_marker_dag.py
[2024-04-21T20:25:01.745+0000] {processor.py:840} INFO - DAG(s) 'example_external_task_marker_parent', 'example_external_task_marker_child' retrieved from /home/airflow/.local/lib/python3.12/site-packages/airflow/example_dags/example_external_task_marker_dag.py
[2024-04-21T20:25:01.786+0000] {logging_mixin.py:188} INFO - [2024-04-21T20:25:01.785+0000] {dag.py:3096} INFO - Sync 2 DAGs
[2024-04-21T20:25:01.821+0000] {logging_mixin.py:188} INFO - [2024-04-21T20:25:01.820+0000] {dag.py:3954} INFO - Setting next_dagrun for example_external_task_marker_child to None, run_after=None
[2024-04-21T20:25:01.827+0000] {logging_mixin.py:188} INFO - [2024-04-21T20:25:01.827+0000] {dag.py:3954} INFO - Setting next_dagrun for example_external_task_marker_parent to None, run_after=None
[2024-04-21T20:25:01.874+0000] {processor.py:183} INFO - Processing /home/airflow/.local/lib/python3.12/site-packages/airflow/example_dags/example_external_task_marker_dag.py took 0.156 seconds
[2024-04-21T20:25:32.687+0000] {processor.py:161} INFO - Started process (PID=362) to work on /home/airflow/.local/lib/python3.12/site-packages/airflow/example_dags/example_external_task_marker_dag.py
[2024-04-21T20:25:32.689+0000] {processor.py:830} INFO - Processing file /home/airflow/.local/lib/python3.12/site-packages/airflow/example_dags/example_external_task_marker_dag.py for tasks to queue
[2024-04-21T20:25:32.693+0000] {logging_mixin.py:188} INFO - [2024-04-21T20:25:32.692+0000] {dagbag.py:540} INFO - Filling up the DagBag from /home/airflow/.local/lib/python3.12/site-packages/airflow/example_dags/example_external_task_marker_dag.py
[2024-04-21T20:25:32.707+0000] {processor.py:840} INFO - DAG(s) 'example_external_task_marker_parent', 'example_external_task_marker_child' retrieved from /home/airflow/.local/lib/python3.12/site-packages/airflow/example_dags/example_external_task_marker_dag.py
[2024-04-21T20:25:32.772+0000] {logging_mixin.py:188} INFO - [2024-04-21T20:25:32.771+0000] {dag.py:3096} INFO - Sync 2 DAGs
[2024-04-21T20:25:32.805+0000] {logging_mixin.py:188} INFO - [2024-04-21T20:25:32.804+0000] {dag.py:3954} INFO - Setting next_dagrun for example_external_task_marker_child to None, run_after=None
[2024-04-21T20:25:32.813+0000] {logging_mixin.py:188} INFO - [2024-04-21T20:25:32.813+0000] {dag.py:3954} INFO - Setting next_dagrun for example_external_task_marker_parent to None, run_after=None
[2024-04-21T20:25:32.853+0000] {processor.py:183} INFO - Processing /home/airflow/.local/lib/python3.12/site-packages/airflow/example_dags/example_external_task_marker_dag.py took 0.180 seconds
