[2024-04-21T20:23:04.545+0000] {processor.py:161} INFO - Started process (PID=85) to work on /home/airflow/.local/lib/python3.12/site-packages/airflow/example_dags/example_skip_dag.py
[2024-04-21T20:23:04.549+0000] {processor.py:830} INFO - Processing file /home/airflow/.local/lib/python3.12/site-packages/airflow/example_dags/example_skip_dag.py for tasks to queue
[2024-04-21T20:23:04.559+0000] {logging_mixin.py:188} INFO - [2024-04-21T20:23:04.558+0000] {dagbag.py:540} INFO - Filling up the DagBag from /home/airflow/.local/lib/python3.12/site-packages/airflow/example_dags/example_skip_dag.py
[2024-04-21T20:23:04.596+0000] {processor.py:840} INFO - DAG(s) 'example_skip_dag' retrieved from /home/airflow/.local/lib/python3.12/site-packages/airflow/example_dags/example_skip_dag.py
[2024-04-21T20:23:04.678+0000] {logging_mixin.py:188} INFO - [2024-04-21T20:23:04.678+0000] {dag.py:3096} INFO - Sync 1 DAGs
[2024-04-21T20:23:04.726+0000] {logging_mixin.py:188} INFO - [2024-04-21T20:23:04.725+0000] {dag.py:3954} INFO - Setting next_dagrun for example_skip_dag to 2024-04-20 00:00:00+00:00, run_after=2024-04-21 00:00:00+00:00
[2024-04-21T20:23:04.761+0000] {processor.py:183} INFO - Processing /home/airflow/.local/lib/python3.12/site-packages/airflow/example_dags/example_skip_dag.py took 0.234 seconds
[2024-04-21T20:23:35.534+0000] {processor.py:161} INFO - Started process (PID=143) to work on /home/airflow/.local/lib/python3.12/site-packages/airflow/example_dags/example_skip_dag.py
[2024-04-21T20:23:35.536+0000] {processor.py:830} INFO - Processing file /home/airflow/.local/lib/python3.12/site-packages/airflow/example_dags/example_skip_dag.py for tasks to queue
[2024-04-21T20:23:35.538+0000] {logging_mixin.py:188} INFO - [2024-04-21T20:23:35.537+0000] {dagbag.py:540} INFO - Filling up the DagBag from /home/airflow/.local/lib/python3.12/site-packages/airflow/example_dags/example_skip_dag.py
[2024-04-21T20:23:35.545+0000] {processor.py:840} INFO - DAG(s) 'example_skip_dag' retrieved from /home/airflow/.local/lib/python3.12/site-packages/airflow/example_dags/example_skip_dag.py
[2024-04-21T20:23:35.574+0000] {logging_mixin.py:188} INFO - [2024-04-21T20:23:35.573+0000] {dag.py:3096} INFO - Sync 1 DAGs
[2024-04-21T20:23:35.605+0000] {logging_mixin.py:188} INFO - [2024-04-21T20:23:35.605+0000] {dag.py:3954} INFO - Setting next_dagrun for example_skip_dag to 2024-04-20 00:00:00+00:00, run_after=2024-04-21 00:00:00+00:00
[2024-04-21T20:23:35.649+0000] {processor.py:183} INFO - Processing /home/airflow/.local/lib/python3.12/site-packages/airflow/example_dags/example_skip_dag.py took 0.125 seconds
[2024-04-21T20:24:05.761+0000] {processor.py:161} INFO - Started process (PID=201) to work on /home/airflow/.local/lib/python3.12/site-packages/airflow/example_dags/example_skip_dag.py
[2024-04-21T20:24:05.762+0000] {processor.py:830} INFO - Processing file /home/airflow/.local/lib/python3.12/site-packages/airflow/example_dags/example_skip_dag.py for tasks to queue
[2024-04-21T20:24:05.765+0000] {logging_mixin.py:188} INFO - [2024-04-21T20:24:05.764+0000] {dagbag.py:540} INFO - Filling up the DagBag from /home/airflow/.local/lib/python3.12/site-packages/airflow/example_dags/example_skip_dag.py
[2024-04-21T20:24:05.774+0000] {processor.py:840} INFO - DAG(s) 'example_skip_dag' retrieved from /home/airflow/.local/lib/python3.12/site-packages/airflow/example_dags/example_skip_dag.py
[2024-04-21T20:24:05.805+0000] {logging_mixin.py:188} INFO - [2024-04-21T20:24:05.805+0000] {dag.py:3096} INFO - Sync 1 DAGs
[2024-04-21T20:24:05.841+0000] {logging_mixin.py:188} INFO - [2024-04-21T20:24:05.840+0000] {dag.py:3954} INFO - Setting next_dagrun for example_skip_dag to 2024-04-20 00:00:00+00:00, run_after=2024-04-21 00:00:00+00:00
[2024-04-21T20:24:05.873+0000] {processor.py:183} INFO - Processing /home/airflow/.local/lib/python3.12/site-packages/airflow/example_dags/example_skip_dag.py took 0.119 seconds
[2024-04-21T20:24:36.175+0000] {processor.py:161} INFO - Started process (PID=259) to work on /home/airflow/.local/lib/python3.12/site-packages/airflow/example_dags/example_skip_dag.py
[2024-04-21T20:24:36.177+0000] {processor.py:830} INFO - Processing file /home/airflow/.local/lib/python3.12/site-packages/airflow/example_dags/example_skip_dag.py for tasks to queue
[2024-04-21T20:24:36.180+0000] {logging_mixin.py:188} INFO - [2024-04-21T20:24:36.180+0000] {dagbag.py:540} INFO - Filling up the DagBag from /home/airflow/.local/lib/python3.12/site-packages/airflow/example_dags/example_skip_dag.py
[2024-04-21T20:24:36.194+0000] {processor.py:840} INFO - DAG(s) 'example_skip_dag' retrieved from /home/airflow/.local/lib/python3.12/site-packages/airflow/example_dags/example_skip_dag.py
[2024-04-21T20:24:36.238+0000] {logging_mixin.py:188} INFO - [2024-04-21T20:24:36.237+0000] {dag.py:3096} INFO - Sync 1 DAGs
[2024-04-21T20:24:36.288+0000] {logging_mixin.py:188} INFO - [2024-04-21T20:24:36.288+0000] {dag.py:3954} INFO - Setting next_dagrun for example_skip_dag to 2024-04-20 00:00:00+00:00, run_after=2024-04-21 00:00:00+00:00
[2024-04-21T20:24:36.326+0000] {processor.py:183} INFO - Processing /home/airflow/.local/lib/python3.12/site-packages/airflow/example_dags/example_skip_dag.py took 0.164 seconds
[2024-04-21T20:25:07.125+0000] {processor.py:161} INFO - Started process (PID=318) to work on /home/airflow/.local/lib/python3.12/site-packages/airflow/example_dags/example_skip_dag.py
[2024-04-21T20:25:07.128+0000] {processor.py:830} INFO - Processing file /home/airflow/.local/lib/python3.12/site-packages/airflow/example_dags/example_skip_dag.py for tasks to queue
[2024-04-21T20:25:07.131+0000] {logging_mixin.py:188} INFO - [2024-04-21T20:25:07.130+0000] {dagbag.py:540} INFO - Filling up the DagBag from /home/airflow/.local/lib/python3.12/site-packages/airflow/example_dags/example_skip_dag.py
[2024-04-21T20:25:07.145+0000] {processor.py:840} INFO - DAG(s) 'example_skip_dag' retrieved from /home/airflow/.local/lib/python3.12/site-packages/airflow/example_dags/example_skip_dag.py
[2024-04-21T20:25:07.195+0000] {logging_mixin.py:188} INFO - [2024-04-21T20:25:07.194+0000] {dag.py:3096} INFO - Sync 1 DAGs
[2024-04-21T20:25:07.248+0000] {logging_mixin.py:188} INFO - [2024-04-21T20:25:07.247+0000] {dag.py:3954} INFO - Setting next_dagrun for example_skip_dag to 2024-04-20 00:00:00+00:00, run_after=2024-04-21 00:00:00+00:00
[2024-04-21T20:25:07.338+0000] {processor.py:183} INFO - Processing /home/airflow/.local/lib/python3.12/site-packages/airflow/example_dags/example_skip_dag.py took 0.223 seconds
[2024-04-21T20:25:37.429+0000] {processor.py:161} INFO - Started process (PID=376) to work on /home/airflow/.local/lib/python3.12/site-packages/airflow/example_dags/example_skip_dag.py
[2024-04-21T20:25:37.432+0000] {processor.py:830} INFO - Processing file /home/airflow/.local/lib/python3.12/site-packages/airflow/example_dags/example_skip_dag.py for tasks to queue
[2024-04-21T20:25:37.436+0000] {logging_mixin.py:188} INFO - [2024-04-21T20:25:37.436+0000] {dagbag.py:540} INFO - Filling up the DagBag from /home/airflow/.local/lib/python3.12/site-packages/airflow/example_dags/example_skip_dag.py
[2024-04-21T20:25:37.446+0000] {processor.py:840} INFO - DAG(s) 'example_skip_dag' retrieved from /home/airflow/.local/lib/python3.12/site-packages/airflow/example_dags/example_skip_dag.py
[2024-04-21T20:25:37.486+0000] {logging_mixin.py:188} INFO - [2024-04-21T20:25:37.485+0000] {dag.py:3096} INFO - Sync 1 DAGs
[2024-04-21T20:25:37.519+0000] {logging_mixin.py:188} INFO - [2024-04-21T20:25:37.518+0000] {dag.py:3954} INFO - Setting next_dagrun for example_skip_dag to 2024-04-20 00:00:00+00:00, run_after=2024-04-21 00:00:00+00:00
[2024-04-21T20:25:37.547+0000] {processor.py:183} INFO - Processing /home/airflow/.local/lib/python3.12/site-packages/airflow/example_dags/example_skip_dag.py took 0.136 seconds
