[2024-04-21T20:22:58.457+0000] {processor.py:161} INFO - Started process (PID=69) to work on /home/airflow/.local/lib/python3.12/site-packages/airflow/example_dags/example_latest_only_with_trigger.py
[2024-04-21T20:22:58.463+0000] {processor.py:830} INFO - Processing file /home/airflow/.local/lib/python3.12/site-packages/airflow/example_dags/example_latest_only_with_trigger.py for tasks to queue
[2024-04-21T20:22:58.476+0000] {logging_mixin.py:188} INFO - [2024-04-21T20:22:58.471+0000] {dagbag.py:540} INFO - Filling up the DagBag from /home/airflow/.local/lib/python3.12/site-packages/airflow/example_dags/example_latest_only_with_trigger.py
[2024-04-21T20:22:58.497+0000] {processor.py:840} INFO - DAG(s) 'latest_only_with_trigger' retrieved from /home/airflow/.local/lib/python3.12/site-packages/airflow/example_dags/example_latest_only_with_trigger.py
[2024-04-21T20:22:58.556+0000] {logging_mixin.py:188} INFO - [2024-04-21T20:22:58.554+0000] {dag.py:3096} INFO - Sync 1 DAGs
[2024-04-21T20:22:58.690+0000] {logging_mixin.py:188} INFO - [2024-04-21T20:22:58.690+0000] {dag.py:3954} INFO - Setting next_dagrun for latest_only_with_trigger to 2024-04-21 16:00:00+00:00, run_after=2024-04-21 20:00:00+00:00
[2024-04-21T20:22:58.805+0000] {processor.py:183} INFO - Processing /home/airflow/.local/lib/python3.12/site-packages/airflow/example_dags/example_latest_only_with_trigger.py took 0.362 seconds
[2024-04-21T20:23:29.708+0000] {processor.py:161} INFO - Started process (PID=126) to work on /home/airflow/.local/lib/python3.12/site-packages/airflow/example_dags/example_latest_only_with_trigger.py
[2024-04-21T20:23:29.724+0000] {processor.py:830} INFO - Processing file /home/airflow/.local/lib/python3.12/site-packages/airflow/example_dags/example_latest_only_with_trigger.py for tasks to queue
[2024-04-21T20:23:29.751+0000] {logging_mixin.py:188} INFO - [2024-04-21T20:23:29.747+0000] {dagbag.py:540} INFO - Filling up the DagBag from /home/airflow/.local/lib/python3.12/site-packages/airflow/example_dags/example_latest_only_with_trigger.py
[2024-04-21T20:23:29.804+0000] {processor.py:840} INFO - DAG(s) 'latest_only_with_trigger' retrieved from /home/airflow/.local/lib/python3.12/site-packages/airflow/example_dags/example_latest_only_with_trigger.py
[2024-04-21T20:23:29.870+0000] {logging_mixin.py:188} INFO - [2024-04-21T20:23:29.869+0000] {dag.py:3096} INFO - Sync 1 DAGs
[2024-04-21T20:23:29.917+0000] {logging_mixin.py:188} INFO - [2024-04-21T20:23:29.916+0000] {dag.py:3954} INFO - Setting next_dagrun for latest_only_with_trigger to 2024-04-21 16:00:00+00:00, run_after=2024-04-21 20:00:00+00:00
[2024-04-21T20:23:29.951+0000] {processor.py:183} INFO - Processing /home/airflow/.local/lib/python3.12/site-packages/airflow/example_dags/example_latest_only_with_trigger.py took 0.318 seconds
[2024-04-21T20:24:00.763+0000] {processor.py:161} INFO - Started process (PID=185) to work on /home/airflow/.local/lib/python3.12/site-packages/airflow/example_dags/example_latest_only_with_trigger.py
[2024-04-21T20:24:00.764+0000] {processor.py:830} INFO - Processing file /home/airflow/.local/lib/python3.12/site-packages/airflow/example_dags/example_latest_only_with_trigger.py for tasks to queue
[2024-04-21T20:24:00.767+0000] {logging_mixin.py:188} INFO - [2024-04-21T20:24:00.767+0000] {dagbag.py:540} INFO - Filling up the DagBag from /home/airflow/.local/lib/python3.12/site-packages/airflow/example_dags/example_latest_only_with_trigger.py
[2024-04-21T20:24:00.775+0000] {processor.py:840} INFO - DAG(s) 'latest_only_with_trigger' retrieved from /home/airflow/.local/lib/python3.12/site-packages/airflow/example_dags/example_latest_only_with_trigger.py
[2024-04-21T20:24:00.806+0000] {logging_mixin.py:188} INFO - [2024-04-21T20:24:00.806+0000] {dag.py:3096} INFO - Sync 1 DAGs
[2024-04-21T20:24:00.836+0000] {logging_mixin.py:188} INFO - [2024-04-21T20:24:00.835+0000] {dag.py:3954} INFO - Setting next_dagrun for latest_only_with_trigger to 2024-04-21 16:00:00+00:00, run_after=2024-04-21 20:00:00+00:00
[2024-04-21T20:24:00.858+0000] {processor.py:183} INFO - Processing /home/airflow/.local/lib/python3.12/site-packages/airflow/example_dags/example_latest_only_with_trigger.py took 0.103 seconds
[2024-04-21T20:24:30.963+0000] {processor.py:161} INFO - Started process (PID=243) to work on /home/airflow/.local/lib/python3.12/site-packages/airflow/example_dags/example_latest_only_with_trigger.py
[2024-04-21T20:24:30.964+0000] {processor.py:830} INFO - Processing file /home/airflow/.local/lib/python3.12/site-packages/airflow/example_dags/example_latest_only_with_trigger.py for tasks to queue
[2024-04-21T20:24:30.970+0000] {logging_mixin.py:188} INFO - [2024-04-21T20:24:30.966+0000] {dagbag.py:540} INFO - Filling up the DagBag from /home/airflow/.local/lib/python3.12/site-packages/airflow/example_dags/example_latest_only_with_trigger.py
[2024-04-21T20:24:30.977+0000] {processor.py:840} INFO - DAG(s) 'latest_only_with_trigger' retrieved from /home/airflow/.local/lib/python3.12/site-packages/airflow/example_dags/example_latest_only_with_trigger.py
[2024-04-21T20:24:31.011+0000] {logging_mixin.py:188} INFO - [2024-04-21T20:24:31.010+0000] {dag.py:3096} INFO - Sync 1 DAGs
[2024-04-21T20:24:31.042+0000] {logging_mixin.py:188} INFO - [2024-04-21T20:24:31.041+0000] {dag.py:3954} INFO - Setting next_dagrun for latest_only_with_trigger to 2024-04-21 16:00:00+00:00, run_after=2024-04-21 20:00:00+00:00
[2024-04-21T20:24:31.064+0000] {processor.py:183} INFO - Processing /home/airflow/.local/lib/python3.12/site-packages/airflow/example_dags/example_latest_only_with_trigger.py took 0.107 seconds
[2024-04-21T20:25:01.535+0000] {processor.py:161} INFO - Started process (PID=302) to work on /home/airflow/.local/lib/python3.12/site-packages/airflow/example_dags/example_latest_only_with_trigger.py
[2024-04-21T20:25:01.537+0000] {processor.py:830} INFO - Processing file /home/airflow/.local/lib/python3.12/site-packages/airflow/example_dags/example_latest_only_with_trigger.py for tasks to queue
[2024-04-21T20:25:01.540+0000] {logging_mixin.py:188} INFO - [2024-04-21T20:25:01.539+0000] {dagbag.py:540} INFO - Filling up the DagBag from /home/airflow/.local/lib/python3.12/site-packages/airflow/example_dags/example_latest_only_with_trigger.py
[2024-04-21T20:25:01.548+0000] {processor.py:840} INFO - DAG(s) 'latest_only_with_trigger' retrieved from /home/airflow/.local/lib/python3.12/site-packages/airflow/example_dags/example_latest_only_with_trigger.py
[2024-04-21T20:25:01.586+0000] {logging_mixin.py:188} INFO - [2024-04-21T20:25:01.585+0000] {dag.py:3096} INFO - Sync 1 DAGs
[2024-04-21T20:25:01.625+0000] {logging_mixin.py:188} INFO - [2024-04-21T20:25:01.624+0000] {dag.py:3954} INFO - Setting next_dagrun for latest_only_with_trigger to 2024-04-21 16:00:00+00:00, run_after=2024-04-21 20:00:00+00:00
[2024-04-21T20:25:01.678+0000] {processor.py:183} INFO - Processing /home/airflow/.local/lib/python3.12/site-packages/airflow/example_dags/example_latest_only_with_trigger.py took 0.152 seconds
[2024-04-21T20:25:32.461+0000] {processor.py:161} INFO - Started process (PID=360) to work on /home/airflow/.local/lib/python3.12/site-packages/airflow/example_dags/example_latest_only_with_trigger.py
[2024-04-21T20:25:32.463+0000] {processor.py:830} INFO - Processing file /home/airflow/.local/lib/python3.12/site-packages/airflow/example_dags/example_latest_only_with_trigger.py for tasks to queue
[2024-04-21T20:25:32.468+0000] {logging_mixin.py:188} INFO - [2024-04-21T20:25:32.467+0000] {dagbag.py:540} INFO - Filling up the DagBag from /home/airflow/.local/lib/python3.12/site-packages/airflow/example_dags/example_latest_only_with_trigger.py
[2024-04-21T20:25:32.480+0000] {processor.py:840} INFO - DAG(s) 'latest_only_with_trigger' retrieved from /home/airflow/.local/lib/python3.12/site-packages/airflow/example_dags/example_latest_only_with_trigger.py
[2024-04-21T20:25:32.524+0000] {logging_mixin.py:188} INFO - [2024-04-21T20:25:32.524+0000] {dag.py:3096} INFO - Sync 1 DAGs
[2024-04-21T20:25:32.569+0000] {logging_mixin.py:188} INFO - [2024-04-21T20:25:32.568+0000] {dag.py:3954} INFO - Setting next_dagrun for latest_only_with_trigger to 2024-04-21 16:00:00+00:00, run_after=2024-04-21 20:00:00+00:00
[2024-04-21T20:25:32.610+0000] {processor.py:183} INFO - Processing /home/airflow/.local/lib/python3.12/site-packages/airflow/example_dags/example_latest_only_with_trigger.py took 0.156 seconds
