[2024-04-21T20:22:58.296+0000] {processor.py:161} INFO - Started process (PID=68) to work on /home/airflow/.local/lib/python3.12/site-packages/airflow/example_dags/example_python_operator.py
[2024-04-21T20:22:58.300+0000] {processor.py:830} INFO - Processing file /home/airflow/.local/lib/python3.12/site-packages/airflow/example_dags/example_python_operator.py for tasks to queue
[2024-04-21T20:22:58.317+0000] {logging_mixin.py:188} INFO - [2024-04-21T20:22:58.315+0000] {dagbag.py:540} INFO - Filling up the DagBag from /home/airflow/.local/lib/python3.12/site-packages/airflow/example_dags/example_python_operator.py
[2024-04-21T20:22:58.373+0000] {processor.py:840} INFO - DAG(s) 'example_python_operator' retrieved from /home/airflow/.local/lib/python3.12/site-packages/airflow/example_dags/example_python_operator.py
[2024-04-21T20:22:58.781+0000] {logging_mixin.py:188} INFO - [2024-04-21T20:22:58.780+0000] {dag.py:3096} INFO - Sync 1 DAGs
[2024-04-21T20:22:58.825+0000] {logging_mixin.py:188} INFO - [2024-04-21T20:22:58.825+0000] {dag.py:3954} INFO - Setting next_dagrun for example_python_operator to None, run_after=None
[2024-04-21T20:22:58.894+0000] {processor.py:183} INFO - Processing /home/airflow/.local/lib/python3.12/site-packages/airflow/example_dags/example_python_operator.py took 0.645 seconds
[2024-04-21T20:23:30.007+0000] {processor.py:161} INFO - Started process (PID=127) to work on /home/airflow/.local/lib/python3.12/site-packages/airflow/example_dags/example_python_operator.py
[2024-04-21T20:23:30.009+0000] {processor.py:830} INFO - Processing file /home/airflow/.local/lib/python3.12/site-packages/airflow/example_dags/example_python_operator.py for tasks to queue
[2024-04-21T20:23:30.012+0000] {logging_mixin.py:188} INFO - [2024-04-21T20:23:30.012+0000] {dagbag.py:540} INFO - Filling up the DagBag from /home/airflow/.local/lib/python3.12/site-packages/airflow/example_dags/example_python_operator.py
[2024-04-21T20:23:30.029+0000] {processor.py:840} INFO - DAG(s) 'example_python_operator' retrieved from /home/airflow/.local/lib/python3.12/site-packages/airflow/example_dags/example_python_operator.py
[2024-04-21T20:23:30.066+0000] {logging_mixin.py:188} INFO - [2024-04-21T20:23:30.066+0000] {dag.py:3096} INFO - Sync 1 DAGs
[2024-04-21T20:23:30.091+0000] {logging_mixin.py:188} INFO - [2024-04-21T20:23:30.090+0000] {dag.py:3954} INFO - Setting next_dagrun for example_python_operator to None, run_after=None
[2024-04-21T20:23:30.128+0000] {processor.py:183} INFO - Processing /home/airflow/.local/lib/python3.12/site-packages/airflow/example_dags/example_python_operator.py took 0.129 seconds
[2024-04-21T20:24:00.636+0000] {processor.py:161} INFO - Started process (PID=184) to work on /home/airflow/.local/lib/python3.12/site-packages/airflow/example_dags/example_python_operator.py
[2024-04-21T20:24:00.637+0000] {processor.py:830} INFO - Processing file /home/airflow/.local/lib/python3.12/site-packages/airflow/example_dags/example_python_operator.py for tasks to queue
[2024-04-21T20:24:00.640+0000] {logging_mixin.py:188} INFO - [2024-04-21T20:24:00.640+0000] {dagbag.py:540} INFO - Filling up the DagBag from /home/airflow/.local/lib/python3.12/site-packages/airflow/example_dags/example_python_operator.py
[2024-04-21T20:24:00.654+0000] {processor.py:840} INFO - DAG(s) 'example_python_operator' retrieved from /home/airflow/.local/lib/python3.12/site-packages/airflow/example_dags/example_python_operator.py
[2024-04-21T20:24:00.680+0000] {logging_mixin.py:188} INFO - [2024-04-21T20:24:00.680+0000] {dag.py:3096} INFO - Sync 1 DAGs
[2024-04-21T20:24:00.695+0000] {logging_mixin.py:188} INFO - [2024-04-21T20:24:00.695+0000] {dag.py:3954} INFO - Setting next_dagrun for example_python_operator to None, run_after=None
[2024-04-21T20:24:00.718+0000] {processor.py:183} INFO - Processing /home/airflow/.local/lib/python3.12/site-packages/airflow/example_dags/example_python_operator.py took 0.091 seconds
[2024-04-21T20:24:30.843+0000] {processor.py:161} INFO - Started process (PID=242) to work on /home/airflow/.local/lib/python3.12/site-packages/airflow/example_dags/example_python_operator.py
[2024-04-21T20:24:30.844+0000] {processor.py:830} INFO - Processing file /home/airflow/.local/lib/python3.12/site-packages/airflow/example_dags/example_python_operator.py for tasks to queue
[2024-04-21T20:24:30.847+0000] {logging_mixin.py:188} INFO - [2024-04-21T20:24:30.846+0000] {dagbag.py:540} INFO - Filling up the DagBag from /home/airflow/.local/lib/python3.12/site-packages/airflow/example_dags/example_python_operator.py
[2024-04-21T20:24:30.859+0000] {processor.py:840} INFO - DAG(s) 'example_python_operator' retrieved from /home/airflow/.local/lib/python3.12/site-packages/airflow/example_dags/example_python_operator.py
[2024-04-21T20:24:30.885+0000] {logging_mixin.py:188} INFO - [2024-04-21T20:24:30.884+0000] {dag.py:3096} INFO - Sync 1 DAGs
[2024-04-21T20:24:30.899+0000] {logging_mixin.py:188} INFO - [2024-04-21T20:24:30.898+0000] {dag.py:3954} INFO - Setting next_dagrun for example_python_operator to None, run_after=None
[2024-04-21T20:24:30.922+0000] {processor.py:183} INFO - Processing /home/airflow/.local/lib/python3.12/site-packages/airflow/example_dags/example_python_operator.py took 0.085 seconds
[2024-04-21T20:25:01.514+0000] {processor.py:161} INFO - Started process (PID=301) to work on /home/airflow/.local/lib/python3.12/site-packages/airflow/example_dags/example_python_operator.py
[2024-04-21T20:25:01.518+0000] {processor.py:830} INFO - Processing file /home/airflow/.local/lib/python3.12/site-packages/airflow/example_dags/example_python_operator.py for tasks to queue
[2024-04-21T20:25:01.521+0000] {logging_mixin.py:188} INFO - [2024-04-21T20:25:01.520+0000] {dagbag.py:540} INFO - Filling up the DagBag from /home/airflow/.local/lib/python3.12/site-packages/airflow/example_dags/example_python_operator.py
[2024-04-21T20:25:01.534+0000] {processor.py:840} INFO - DAG(s) 'example_python_operator' retrieved from /home/airflow/.local/lib/python3.12/site-packages/airflow/example_dags/example_python_operator.py
[2024-04-21T20:25:01.571+0000] {logging_mixin.py:188} INFO - [2024-04-21T20:25:01.570+0000] {dag.py:3096} INFO - Sync 1 DAGs
[2024-04-21T20:25:01.597+0000] {logging_mixin.py:188} INFO - [2024-04-21T20:25:01.596+0000] {dag.py:3954} INFO - Setting next_dagrun for example_python_operator to None, run_after=None
[2024-04-21T20:25:01.631+0000] {processor.py:183} INFO - Processing /home/airflow/.local/lib/python3.12/site-packages/airflow/example_dags/example_python_operator.py took 0.127 seconds
[2024-04-21T20:25:32.323+0000] {processor.py:161} INFO - Started process (PID=359) to work on /home/airflow/.local/lib/python3.12/site-packages/airflow/example_dags/example_python_operator.py
[2024-04-21T20:25:32.325+0000] {processor.py:830} INFO - Processing file /home/airflow/.local/lib/python3.12/site-packages/airflow/example_dags/example_python_operator.py for tasks to queue
[2024-04-21T20:25:32.328+0000] {logging_mixin.py:188} INFO - [2024-04-21T20:25:32.328+0000] {dagbag.py:540} INFO - Filling up the DagBag from /home/airflow/.local/lib/python3.12/site-packages/airflow/example_dags/example_python_operator.py
[2024-04-21T20:25:32.340+0000] {processor.py:840} INFO - DAG(s) 'example_python_operator' retrieved from /home/airflow/.local/lib/python3.12/site-packages/airflow/example_dags/example_python_operator.py
[2024-04-21T20:25:32.367+0000] {logging_mixin.py:188} INFO - [2024-04-21T20:25:32.367+0000] {dag.py:3096} INFO - Sync 1 DAGs
[2024-04-21T20:25:32.381+0000] {logging_mixin.py:188} INFO - [2024-04-21T20:25:32.380+0000] {dag.py:3954} INFO - Setting next_dagrun for example_python_operator to None, run_after=None
[2024-04-21T20:25:32.412+0000] {processor.py:183} INFO - Processing /home/airflow/.local/lib/python3.12/site-packages/airflow/example_dags/example_python_operator.py took 0.097 seconds
