[2024-04-21T20:22:44.387+0000] {processor.py:161} INFO - Started process (PID=42) to work on /home/airflow/.local/lib/python3.12/site-packages/airflow/example_dags/example_sla_dag.py
[2024-04-21T20:22:44.391+0000] {processor.py:830} INFO - Processing file /home/airflow/.local/lib/python3.12/site-packages/airflow/example_dags/example_sla_dag.py for tasks to queue
[2024-04-21T20:22:44.398+0000] {logging_mixin.py:188} INFO - [2024-04-21T20:22:44.398+0000] {dagbag.py:540} INFO - Filling up the DagBag from /home/airflow/.local/lib/python3.12/site-packages/airflow/example_dags/example_sla_dag.py
[2024-04-21T20:22:44.431+0000] {processor.py:840} INFO - DAG(s) 'example_sla_dag' retrieved from /home/airflow/.local/lib/python3.12/site-packages/airflow/example_dags/example_sla_dag.py
[2024-04-21T20:22:44.509+0000] {logging_mixin.py:188} INFO - [2024-04-21T20:22:44.508+0000] {dag.py:3096} INFO - Sync 1 DAGs
[2024-04-21T20:22:44.562+0000] {logging_mixin.py:188} INFO - [2024-04-21T20:22:44.561+0000] {dag.py:3954} INFO - Setting next_dagrun for example_sla_dag to 2024-04-21 20:20:00+00:00, run_after=2024-04-21 20:22:00+00:00
[2024-04-21T20:22:44.607+0000] {processor.py:183} INFO - Processing /home/airflow/.local/lib/python3.12/site-packages/airflow/example_dags/example_sla_dag.py took 0.243 seconds
[2024-04-21T20:23:14.910+0000] {processor.py:161} INFO - Started process (PID=100) to work on /home/airflow/.local/lib/python3.12/site-packages/airflow/example_dags/example_sla_dag.py
[2024-04-21T20:23:14.912+0000] {processor.py:830} INFO - Processing file /home/airflow/.local/lib/python3.12/site-packages/airflow/example_dags/example_sla_dag.py for tasks to queue
[2024-04-21T20:23:14.916+0000] {logging_mixin.py:188} INFO - [2024-04-21T20:23:14.915+0000] {dagbag.py:540} INFO - Filling up the DagBag from /home/airflow/.local/lib/python3.12/site-packages/airflow/example_dags/example_sla_dag.py
[2024-04-21T20:23:14.930+0000] {processor.py:840} INFO - DAG(s) 'example_sla_dag' retrieved from /home/airflow/.local/lib/python3.12/site-packages/airflow/example_dags/example_sla_dag.py
[2024-04-21T20:23:14.969+0000] {logging_mixin.py:188} INFO - [2024-04-21T20:23:14.968+0000] {dag.py:3096} INFO - Sync 1 DAGs
[2024-04-21T20:23:15.024+0000] {logging_mixin.py:188} INFO - [2024-04-21T20:23:15.024+0000] {dag.py:3954} INFO - Setting next_dagrun for example_sla_dag to 2024-04-21 20:20:00+00:00, run_after=2024-04-21 20:22:00+00:00
[2024-04-21T20:23:15.058+0000] {processor.py:183} INFO - Processing /home/airflow/.local/lib/python3.12/site-packages/airflow/example_dags/example_sla_dag.py took 0.160 seconds
[2024-04-21T20:23:45.457+0000] {processor.py:161} INFO - Started process (PID=158) to work on /home/airflow/.local/lib/python3.12/site-packages/airflow/example_dags/example_sla_dag.py
[2024-04-21T20:23:45.458+0000] {processor.py:830} INFO - Processing file /home/airflow/.local/lib/python3.12/site-packages/airflow/example_dags/example_sla_dag.py for tasks to queue
[2024-04-21T20:23:45.460+0000] {logging_mixin.py:188} INFO - [2024-04-21T20:23:45.460+0000] {dagbag.py:540} INFO - Filling up the DagBag from /home/airflow/.local/lib/python3.12/site-packages/airflow/example_dags/example_sla_dag.py
[2024-04-21T20:23:45.471+0000] {processor.py:840} INFO - DAG(s) 'example_sla_dag' retrieved from /home/airflow/.local/lib/python3.12/site-packages/airflow/example_dags/example_sla_dag.py
[2024-04-21T20:23:45.508+0000] {logging_mixin.py:188} INFO - [2024-04-21T20:23:45.508+0000] {dag.py:3096} INFO - Sync 1 DAGs
[2024-04-21T20:23:45.537+0000] {logging_mixin.py:188} INFO - [2024-04-21T20:23:45.536+0000] {dag.py:3954} INFO - Setting next_dagrun for example_sla_dag to 2024-04-21 20:20:00+00:00, run_after=2024-04-21 20:22:00+00:00
[2024-04-21T20:23:45.652+0000] {processor.py:183} INFO - Processing /home/airflow/.local/lib/python3.12/site-packages/airflow/example_dags/example_sla_dag.py took 0.201 seconds
[2024-04-21T20:24:16.579+0000] {processor.py:161} INFO - Started process (PID=216) to work on /home/airflow/.local/lib/python3.12/site-packages/airflow/example_dags/example_sla_dag.py
[2024-04-21T20:24:16.583+0000] {processor.py:830} INFO - Processing file /home/airflow/.local/lib/python3.12/site-packages/airflow/example_dags/example_sla_dag.py for tasks to queue
[2024-04-21T20:24:16.588+0000] {logging_mixin.py:188} INFO - [2024-04-21T20:24:16.587+0000] {dagbag.py:540} INFO - Filling up the DagBag from /home/airflow/.local/lib/python3.12/site-packages/airflow/example_dags/example_sla_dag.py
[2024-04-21T20:24:16.603+0000] {processor.py:840} INFO - DAG(s) 'example_sla_dag' retrieved from /home/airflow/.local/lib/python3.12/site-packages/airflow/example_dags/example_sla_dag.py
[2024-04-21T20:24:16.645+0000] {logging_mixin.py:188} INFO - [2024-04-21T20:24:16.644+0000] {dag.py:3096} INFO - Sync 1 DAGs
[2024-04-21T20:24:16.694+0000] {logging_mixin.py:188} INFO - [2024-04-21T20:24:16.694+0000] {dag.py:3954} INFO - Setting next_dagrun for example_sla_dag to 2024-04-21 20:22:00+00:00, run_after=2024-04-21 20:24:00+00:00
[2024-04-21T20:24:16.726+0000] {processor.py:183} INFO - Processing /home/airflow/.local/lib/python3.12/site-packages/airflow/example_dags/example_sla_dag.py took 0.155 seconds
[2024-04-21T20:24:49.429+0000] {processor.py:161} INFO - Started process (PID=281) to work on /home/airflow/.local/lib/python3.12/site-packages/airflow/example_dags/example_sla_dag.py
[2024-04-21T20:24:49.431+0000] {processor.py:830} INFO - Processing file /home/airflow/.local/lib/python3.12/site-packages/airflow/example_dags/example_sla_dag.py for tasks to queue
[2024-04-21T20:24:49.437+0000] {logging_mixin.py:188} INFO - [2024-04-21T20:24:49.436+0000] {dagbag.py:540} INFO - Filling up the DagBag from /home/airflow/.local/lib/python3.12/site-packages/airflow/example_dags/example_sla_dag.py
[2024-04-21T20:24:49.452+0000] {processor.py:840} INFO - DAG(s) 'example_sla_dag' retrieved from /home/airflow/.local/lib/python3.12/site-packages/airflow/example_dags/example_sla_dag.py
[2024-04-21T20:24:49.488+0000] {logging_mixin.py:188} INFO - [2024-04-21T20:24:49.488+0000] {dag.py:3096} INFO - Sync 1 DAGs
[2024-04-21T20:24:49.533+0000] {logging_mixin.py:188} INFO - [2024-04-21T20:24:49.532+0000] {dag.py:3954} INFO - Setting next_dagrun for example_sla_dag to 2024-04-21 20:22:00+00:00, run_after=2024-04-21 20:24:00+00:00
[2024-04-21T20:24:49.568+0000] {processor.py:183} INFO - Processing /home/airflow/.local/lib/python3.12/site-packages/airflow/example_dags/example_sla_dag.py took 0.147 seconds
[2024-04-21T20:25:21.655+0000] {processor.py:161} INFO - Started process (PID=339) to work on /home/airflow/.local/lib/python3.12/site-packages/airflow/example_dags/example_sla_dag.py
[2024-04-21T20:25:21.658+0000] {processor.py:830} INFO - Processing file /home/airflow/.local/lib/python3.12/site-packages/airflow/example_dags/example_sla_dag.py for tasks to queue
[2024-04-21T20:25:21.667+0000] {logging_mixin.py:188} INFO - [2024-04-21T20:25:21.665+0000] {dagbag.py:540} INFO - Filling up the DagBag from /home/airflow/.local/lib/python3.12/site-packages/airflow/example_dags/example_sla_dag.py
[2024-04-21T20:25:21.694+0000] {processor.py:840} INFO - DAG(s) 'example_sla_dag' retrieved from /home/airflow/.local/lib/python3.12/site-packages/airflow/example_dags/example_sla_dag.py
[2024-04-21T20:25:21.769+0000] {logging_mixin.py:188} INFO - [2024-04-21T20:25:21.769+0000] {dag.py:3096} INFO - Sync 1 DAGs
[2024-04-21T20:25:21.861+0000] {logging_mixin.py:188} INFO - [2024-04-21T20:25:21.861+0000] {dag.py:3954} INFO - Setting next_dagrun for example_sla_dag to 2024-04-21 20:22:00+00:00, run_after=2024-04-21 20:24:00+00:00
[2024-04-21T20:25:21.942+0000] {processor.py:183} INFO - Processing /home/airflow/.local/lib/python3.12/site-packages/airflow/example_dags/example_sla_dag.py took 0.311 seconds
[2024-04-21T20:25:52.835+0000] {processor.py:161} INFO - Started process (PID=398) to work on /home/airflow/.local/lib/python3.12/site-packages/airflow/example_dags/example_sla_dag.py
[2024-04-21T20:25:52.837+0000] {processor.py:830} INFO - Processing file /home/airflow/.local/lib/python3.12/site-packages/airflow/example_dags/example_sla_dag.py for tasks to queue
[2024-04-21T20:25:52.841+0000] {logging_mixin.py:188} INFO - [2024-04-21T20:25:52.840+0000] {dagbag.py:540} INFO - Filling up the DagBag from /home/airflow/.local/lib/python3.12/site-packages/airflow/example_dags/example_sla_dag.py
[2024-04-21T20:25:52.856+0000] {processor.py:840} INFO - DAG(s) 'example_sla_dag' retrieved from /home/airflow/.local/lib/python3.12/site-packages/airflow/example_dags/example_sla_dag.py
[2024-04-21T20:25:52.893+0000] {logging_mixin.py:188} INFO - [2024-04-21T20:25:52.892+0000] {dag.py:3096} INFO - Sync 1 DAGs
[2024-04-21T20:25:52.937+0000] {logging_mixin.py:188} INFO - [2024-04-21T20:25:52.936+0000] {dag.py:3954} INFO - Setting next_dagrun for example_sla_dag to 2024-04-21 20:22:00+00:00, run_after=2024-04-21 20:24:00+00:00
[2024-04-21T20:25:52.966+0000] {processor.py:183} INFO - Processing /home/airflow/.local/lib/python3.12/site-packages/airflow/example_dags/example_sla_dag.py took 0.142 seconds
