[2024-04-21T20:23:04.181+0000] {processor.py:161} INFO - Started process (PID=83) to work on /home/airflow/.local/lib/python3.12/site-packages/airflow/example_dags/example_short_circuit_operator.py
[2024-04-21T20:23:04.188+0000] {processor.py:830} INFO - Processing file /home/airflow/.local/lib/python3.12/site-packages/airflow/example_dags/example_short_circuit_operator.py for tasks to queue
[2024-04-21T20:23:04.198+0000] {logging_mixin.py:188} INFO - [2024-04-21T20:23:04.197+0000] {dagbag.py:540} INFO - Filling up the DagBag from /home/airflow/.local/lib/python3.12/site-packages/airflow/example_dags/example_short_circuit_operator.py
[2024-04-21T20:23:04.229+0000] {processor.py:840} INFO - DAG(s) 'example_short_circuit_operator' retrieved from /home/airflow/.local/lib/python3.12/site-packages/airflow/example_dags/example_short_circuit_operator.py
[2024-04-21T20:23:04.332+0000] {logging_mixin.py:188} INFO - [2024-04-21T20:23:04.331+0000] {dag.py:3096} INFO - Sync 1 DAGs
[2024-04-21T20:23:04.381+0000] {logging_mixin.py:188} INFO - [2024-04-21T20:23:04.380+0000] {dag.py:3954} INFO - Setting next_dagrun for example_short_circuit_operator to 2024-04-20 00:00:00+00:00, run_after=2024-04-21 00:00:00+00:00
[2024-04-21T20:23:04.427+0000] {processor.py:183} INFO - Processing /home/airflow/.local/lib/python3.12/site-packages/airflow/example_dags/example_short_circuit_operator.py took 0.265 seconds
[2024-04-21T20:23:35.388+0000] {processor.py:161} INFO - Started process (PID=141) to work on /home/airflow/.local/lib/python3.12/site-packages/airflow/example_dags/example_short_circuit_operator.py
[2024-04-21T20:23:35.391+0000] {processor.py:830} INFO - Processing file /home/airflow/.local/lib/python3.12/site-packages/airflow/example_dags/example_short_circuit_operator.py for tasks to queue
[2024-04-21T20:23:35.394+0000] {logging_mixin.py:188} INFO - [2024-04-21T20:23:35.394+0000] {dagbag.py:540} INFO - Filling up the DagBag from /home/airflow/.local/lib/python3.12/site-packages/airflow/example_dags/example_short_circuit_operator.py
[2024-04-21T20:23:35.404+0000] {processor.py:840} INFO - DAG(s) 'example_short_circuit_operator' retrieved from /home/airflow/.local/lib/python3.12/site-packages/airflow/example_dags/example_short_circuit_operator.py
[2024-04-21T20:23:35.436+0000] {logging_mixin.py:188} INFO - [2024-04-21T20:23:35.436+0000] {dag.py:3096} INFO - Sync 1 DAGs
[2024-04-21T20:23:35.467+0000] {logging_mixin.py:188} INFO - [2024-04-21T20:23:35.467+0000] {dag.py:3954} INFO - Setting next_dagrun for example_short_circuit_operator to 2024-04-20 00:00:00+00:00, run_after=2024-04-21 00:00:00+00:00
[2024-04-21T20:23:35.494+0000] {processor.py:183} INFO - Processing /home/airflow/.local/lib/python3.12/site-packages/airflow/example_dags/example_short_circuit_operator.py took 0.113 seconds
[2024-04-21T20:24:05.605+0000] {processor.py:161} INFO - Started process (PID=199) to work on /home/airflow/.local/lib/python3.12/site-packages/airflow/example_dags/example_short_circuit_operator.py
[2024-04-21T20:24:05.606+0000] {processor.py:830} INFO - Processing file /home/airflow/.local/lib/python3.12/site-packages/airflow/example_dags/example_short_circuit_operator.py for tasks to queue
[2024-04-21T20:24:05.609+0000] {logging_mixin.py:188} INFO - [2024-04-21T20:24:05.609+0000] {dagbag.py:540} INFO - Filling up the DagBag from /home/airflow/.local/lib/python3.12/site-packages/airflow/example_dags/example_short_circuit_operator.py
[2024-04-21T20:24:05.620+0000] {processor.py:840} INFO - DAG(s) 'example_short_circuit_operator' retrieved from /home/airflow/.local/lib/python3.12/site-packages/airflow/example_dags/example_short_circuit_operator.py
[2024-04-21T20:24:05.655+0000] {logging_mixin.py:188} INFO - [2024-04-21T20:24:05.655+0000] {dag.py:3096} INFO - Sync 1 DAGs
[2024-04-21T20:24:05.687+0000] {logging_mixin.py:188} INFO - [2024-04-21T20:24:05.686+0000] {dag.py:3954} INFO - Setting next_dagrun for example_short_circuit_operator to 2024-04-20 00:00:00+00:00, run_after=2024-04-21 00:00:00+00:00
[2024-04-21T20:24:05.721+0000] {processor.py:183} INFO - Processing /home/airflow/.local/lib/python3.12/site-packages/airflow/example_dags/example_short_circuit_operator.py took 0.126 seconds
[2024-04-21T20:24:36.015+0000] {processor.py:161} INFO - Started process (PID=257) to work on /home/airflow/.local/lib/python3.12/site-packages/airflow/example_dags/example_short_circuit_operator.py
[2024-04-21T20:24:36.018+0000] {processor.py:830} INFO - Processing file /home/airflow/.local/lib/python3.12/site-packages/airflow/example_dags/example_short_circuit_operator.py for tasks to queue
[2024-04-21T20:24:36.021+0000] {logging_mixin.py:188} INFO - [2024-04-21T20:24:36.021+0000] {dagbag.py:540} INFO - Filling up the DagBag from /home/airflow/.local/lib/python3.12/site-packages/airflow/example_dags/example_short_circuit_operator.py
[2024-04-21T20:24:36.029+0000] {processor.py:840} INFO - DAG(s) 'example_short_circuit_operator' retrieved from /home/airflow/.local/lib/python3.12/site-packages/airflow/example_dags/example_short_circuit_operator.py
[2024-04-21T20:24:36.060+0000] {logging_mixin.py:188} INFO - [2024-04-21T20:24:36.060+0000] {dag.py:3096} INFO - Sync 1 DAGs
[2024-04-21T20:24:36.088+0000] {logging_mixin.py:188} INFO - [2024-04-21T20:24:36.087+0000] {dag.py:3954} INFO - Setting next_dagrun for example_short_circuit_operator to 2024-04-20 00:00:00+00:00, run_after=2024-04-21 00:00:00+00:00
[2024-04-21T20:24:36.112+0000] {processor.py:183} INFO - Processing /home/airflow/.local/lib/python3.12/site-packages/airflow/example_dags/example_short_circuit_operator.py took 0.104 seconds
[2024-04-21T20:25:06.829+0000] {processor.py:161} INFO - Started process (PID=316) to work on /home/airflow/.local/lib/python3.12/site-packages/airflow/example_dags/example_short_circuit_operator.py
[2024-04-21T20:25:06.831+0000] {processor.py:830} INFO - Processing file /home/airflow/.local/lib/python3.12/site-packages/airflow/example_dags/example_short_circuit_operator.py for tasks to queue
[2024-04-21T20:25:06.838+0000] {logging_mixin.py:188} INFO - [2024-04-21T20:25:06.837+0000] {dagbag.py:540} INFO - Filling up the DagBag from /home/airflow/.local/lib/python3.12/site-packages/airflow/example_dags/example_short_circuit_operator.py
[2024-04-21T20:25:06.860+0000] {processor.py:840} INFO - DAG(s) 'example_short_circuit_operator' retrieved from /home/airflow/.local/lib/python3.12/site-packages/airflow/example_dags/example_short_circuit_operator.py
[2024-04-21T20:25:06.927+0000] {logging_mixin.py:188} INFO - [2024-04-21T20:25:06.926+0000] {dag.py:3096} INFO - Sync 1 DAGs
[2024-04-21T20:25:06.987+0000] {logging_mixin.py:188} INFO - [2024-04-21T20:25:06.986+0000] {dag.py:3954} INFO - Setting next_dagrun for example_short_circuit_operator to 2024-04-20 00:00:00+00:00, run_after=2024-04-21 00:00:00+00:00
[2024-04-21T20:25:07.060+0000] {processor.py:183} INFO - Processing /home/airflow/.local/lib/python3.12/site-packages/airflow/example_dags/example_short_circuit_operator.py took 0.249 seconds
[2024-04-21T20:25:37.171+0000] {processor.py:161} INFO - Started process (PID=374) to work on /home/airflow/.local/lib/python3.12/site-packages/airflow/example_dags/example_short_circuit_operator.py
[2024-04-21T20:25:37.173+0000] {processor.py:830} INFO - Processing file /home/airflow/.local/lib/python3.12/site-packages/airflow/example_dags/example_short_circuit_operator.py for tasks to queue
[2024-04-21T20:25:37.177+0000] {logging_mixin.py:188} INFO - [2024-04-21T20:25:37.177+0000] {dagbag.py:540} INFO - Filling up the DagBag from /home/airflow/.local/lib/python3.12/site-packages/airflow/example_dags/example_short_circuit_operator.py
[2024-04-21T20:25:37.193+0000] {processor.py:840} INFO - DAG(s) 'example_short_circuit_operator' retrieved from /home/airflow/.local/lib/python3.12/site-packages/airflow/example_dags/example_short_circuit_operator.py
[2024-04-21T20:25:37.244+0000] {logging_mixin.py:188} INFO - [2024-04-21T20:25:37.243+0000] {dag.py:3096} INFO - Sync 1 DAGs
[2024-04-21T20:25:37.303+0000] {logging_mixin.py:188} INFO - [2024-04-21T20:25:37.303+0000] {dag.py:3954} INFO - Setting next_dagrun for example_short_circuit_operator to 2024-04-20 00:00:00+00:00, run_after=2024-04-21 00:00:00+00:00
[2024-04-21T20:25:37.350+0000] {processor.py:183} INFO - Processing /home/airflow/.local/lib/python3.12/site-packages/airflow/example_dags/example_short_circuit_operator.py took 0.190 seconds
