[2024-04-21T20:22:44.064+0000] {processor.py:161} INFO - Started process (PID=40) to work on /home/airflow/.local/lib/python3.12/site-packages/airflow/example_dags/example_latest_only.py
[2024-04-21T20:22:44.066+0000] {processor.py:830} INFO - Processing file /home/airflow/.local/lib/python3.12/site-packages/airflow/example_dags/example_latest_only.py for tasks to queue
[2024-04-21T20:22:44.073+0000] {logging_mixin.py:188} INFO - [2024-04-21T20:22:44.073+0000] {dagbag.py:540} INFO - Filling up the DagBag from /home/airflow/.local/lib/python3.12/site-packages/airflow/example_dags/example_latest_only.py
[2024-04-21T20:22:44.097+0000] {processor.py:840} INFO - DAG(s) 'latest_only' retrieved from /home/airflow/.local/lib/python3.12/site-packages/airflow/example_dags/example_latest_only.py
[2024-04-21T20:22:44.163+0000] {logging_mixin.py:188} INFO - [2024-04-21T20:22:44.162+0000] {dag.py:3096} INFO - Sync 1 DAGs
[2024-04-21T20:22:44.215+0000] {logging_mixin.py:188} INFO - [2024-04-21T20:22:44.215+0000] {dag.py:3954} INFO - Setting next_dagrun for latest_only to 2024-04-21 16:00:00+00:00, run_after=2024-04-21 20:00:00+00:00
[2024-04-21T20:22:44.284+0000] {processor.py:183} INFO - Processing /home/airflow/.local/lib/python3.12/site-packages/airflow/example_dags/example_latest_only.py took 0.234 seconds
[2024-04-21T20:23:14.583+0000] {processor.py:161} INFO - Started process (PID=98) to work on /home/airflow/.local/lib/python3.12/site-packages/airflow/example_dags/example_latest_only.py
[2024-04-21T20:23:14.587+0000] {processor.py:830} INFO - Processing file /home/airflow/.local/lib/python3.12/site-packages/airflow/example_dags/example_latest_only.py for tasks to queue
[2024-04-21T20:23:14.590+0000] {logging_mixin.py:188} INFO - [2024-04-21T20:23:14.589+0000] {dagbag.py:540} INFO - Filling up the DagBag from /home/airflow/.local/lib/python3.12/site-packages/airflow/example_dags/example_latest_only.py
[2024-04-21T20:23:14.603+0000] {processor.py:840} INFO - DAG(s) 'latest_only' retrieved from /home/airflow/.local/lib/python3.12/site-packages/airflow/example_dags/example_latest_only.py
[2024-04-21T20:23:14.642+0000] {logging_mixin.py:188} INFO - [2024-04-21T20:23:14.641+0000] {dag.py:3096} INFO - Sync 1 DAGs
[2024-04-21T20:23:14.744+0000] {logging_mixin.py:188} INFO - [2024-04-21T20:23:14.742+0000] {dag.py:3954} INFO - Setting next_dagrun for latest_only to 2024-04-21 16:00:00+00:00, run_after=2024-04-21 20:00:00+00:00
[2024-04-21T20:23:14.848+0000] {processor.py:183} INFO - Processing /home/airflow/.local/lib/python3.12/site-packages/airflow/example_dags/example_latest_only.py took 0.278 seconds
[2024-04-21T20:23:45.302+0000] {processor.py:161} INFO - Started process (PID=156) to work on /home/airflow/.local/lib/python3.12/site-packages/airflow/example_dags/example_latest_only.py
[2024-04-21T20:23:45.304+0000] {processor.py:830} INFO - Processing file /home/airflow/.local/lib/python3.12/site-packages/airflow/example_dags/example_latest_only.py for tasks to queue
[2024-04-21T20:23:45.307+0000] {logging_mixin.py:188} INFO - [2024-04-21T20:23:45.306+0000] {dagbag.py:540} INFO - Filling up the DagBag from /home/airflow/.local/lib/python3.12/site-packages/airflow/example_dags/example_latest_only.py
[2024-04-21T20:23:45.313+0000] {processor.py:840} INFO - DAG(s) 'latest_only' retrieved from /home/airflow/.local/lib/python3.12/site-packages/airflow/example_dags/example_latest_only.py
[2024-04-21T20:23:45.342+0000] {logging_mixin.py:188} INFO - [2024-04-21T20:23:45.342+0000] {dag.py:3096} INFO - Sync 1 DAGs
[2024-04-21T20:23:45.374+0000] {logging_mixin.py:188} INFO - [2024-04-21T20:23:45.374+0000] {dag.py:3954} INFO - Setting next_dagrun for latest_only to 2024-04-21 16:00:00+00:00, run_after=2024-04-21 20:00:00+00:00
[2024-04-21T20:23:45.411+0000] {processor.py:183} INFO - Processing /home/airflow/.local/lib/python3.12/site-packages/airflow/example_dags/example_latest_only.py took 0.117 seconds
[2024-04-21T20:24:16.392+0000] {processor.py:161} INFO - Started process (PID=214) to work on /home/airflow/.local/lib/python3.12/site-packages/airflow/example_dags/example_latest_only.py
[2024-04-21T20:24:16.394+0000] {processor.py:830} INFO - Processing file /home/airflow/.local/lib/python3.12/site-packages/airflow/example_dags/example_latest_only.py for tasks to queue
[2024-04-21T20:24:16.398+0000] {logging_mixin.py:188} INFO - [2024-04-21T20:24:16.397+0000] {dagbag.py:540} INFO - Filling up the DagBag from /home/airflow/.local/lib/python3.12/site-packages/airflow/example_dags/example_latest_only.py
[2024-04-21T20:24:16.410+0000] {processor.py:840} INFO - DAG(s) 'latest_only' retrieved from /home/airflow/.local/lib/python3.12/site-packages/airflow/example_dags/example_latest_only.py
[2024-04-21T20:24:16.447+0000] {logging_mixin.py:188} INFO - [2024-04-21T20:24:16.447+0000] {dag.py:3096} INFO - Sync 1 DAGs
[2024-04-21T20:24:16.480+0000] {logging_mixin.py:188} INFO - [2024-04-21T20:24:16.479+0000] {dag.py:3954} INFO - Setting next_dagrun for latest_only to 2024-04-21 16:00:00+00:00, run_after=2024-04-21 20:00:00+00:00
[2024-04-21T20:24:16.513+0000] {processor.py:183} INFO - Processing /home/airflow/.local/lib/python3.12/site-packages/airflow/example_dags/example_latest_only.py took 0.132 seconds
[2024-04-21T20:24:48.969+0000] {processor.py:161} INFO - Started process (PID=279) to work on /home/airflow/.local/lib/python3.12/site-packages/airflow/example_dags/example_latest_only.py
[2024-04-21T20:24:48.971+0000] {processor.py:830} INFO - Processing file /home/airflow/.local/lib/python3.12/site-packages/airflow/example_dags/example_latest_only.py for tasks to queue
[2024-04-21T20:24:48.975+0000] {logging_mixin.py:188} INFO - [2024-04-21T20:24:48.974+0000] {dagbag.py:540} INFO - Filling up the DagBag from /home/airflow/.local/lib/python3.12/site-packages/airflow/example_dags/example_latest_only.py
[2024-04-21T20:24:48.996+0000] {processor.py:840} INFO - DAG(s) 'latest_only' retrieved from /home/airflow/.local/lib/python3.12/site-packages/airflow/example_dags/example_latest_only.py
[2024-04-21T20:24:49.067+0000] {logging_mixin.py:188} INFO - [2024-04-21T20:24:49.065+0000] {dag.py:3096} INFO - Sync 1 DAGs
[2024-04-21T20:24:49.104+0000] {logging_mixin.py:188} INFO - [2024-04-21T20:24:49.104+0000] {dag.py:3954} INFO - Setting next_dagrun for latest_only to 2024-04-21 16:00:00+00:00, run_after=2024-04-21 20:00:00+00:00
[2024-04-21T20:24:49.162+0000] {processor.py:183} INFO - Processing /home/airflow/.local/lib/python3.12/site-packages/airflow/example_dags/example_latest_only.py took 0.213 seconds
[2024-04-21T20:25:21.244+0000] {processor.py:161} INFO - Started process (PID=337) to work on /home/airflow/.local/lib/python3.12/site-packages/airflow/example_dags/example_latest_only.py
[2024-04-21T20:25:21.247+0000] {processor.py:830} INFO - Processing file /home/airflow/.local/lib/python3.12/site-packages/airflow/example_dags/example_latest_only.py for tasks to queue
[2024-04-21T20:25:21.255+0000] {logging_mixin.py:188} INFO - [2024-04-21T20:25:21.254+0000] {dagbag.py:540} INFO - Filling up the DagBag from /home/airflow/.local/lib/python3.12/site-packages/airflow/example_dags/example_latest_only.py
[2024-04-21T20:25:21.272+0000] {processor.py:840} INFO - DAG(s) 'latest_only' retrieved from /home/airflow/.local/lib/python3.12/site-packages/airflow/example_dags/example_latest_only.py
[2024-04-21T20:25:21.364+0000] {logging_mixin.py:188} INFO - [2024-04-21T20:25:21.363+0000] {dag.py:3096} INFO - Sync 1 DAGs
[2024-04-21T20:25:21.469+0000] {logging_mixin.py:188} INFO - [2024-04-21T20:25:21.466+0000] {dag.py:3954} INFO - Setting next_dagrun for latest_only to 2024-04-21 16:00:00+00:00, run_after=2024-04-21 20:00:00+00:00
[2024-04-21T20:25:21.546+0000] {processor.py:183} INFO - Processing /home/airflow/.local/lib/python3.12/site-packages/airflow/example_dags/example_latest_only.py took 0.322 seconds
[2024-04-21T20:25:51.661+0000] {processor.py:161} INFO - Started process (PID=396) to work on /home/airflow/.local/lib/python3.12/site-packages/airflow/example_dags/example_latest_only.py
[2024-04-21T20:25:51.663+0000] {processor.py:830} INFO - Processing file /home/airflow/.local/lib/python3.12/site-packages/airflow/example_dags/example_latest_only.py for tasks to queue
[2024-04-21T20:25:51.670+0000] {logging_mixin.py:188} INFO - [2024-04-21T20:25:51.669+0000] {dagbag.py:540} INFO - Filling up the DagBag from /home/airflow/.local/lib/python3.12/site-packages/airflow/example_dags/example_latest_only.py
[2024-04-21T20:25:51.678+0000] {processor.py:840} INFO - DAG(s) 'latest_only' retrieved from /home/airflow/.local/lib/python3.12/site-packages/airflow/example_dags/example_latest_only.py
[2024-04-21T20:25:51.720+0000] {logging_mixin.py:188} INFO - [2024-04-21T20:25:51.720+0000] {dag.py:3096} INFO - Sync 1 DAGs
[2024-04-21T20:25:51.765+0000] {logging_mixin.py:188} INFO - [2024-04-21T20:25:51.764+0000] {dag.py:3954} INFO - Setting next_dagrun for latest_only to 2024-04-21 16:00:00+00:00, run_after=2024-04-21 20:00:00+00:00
[2024-04-21T20:25:51.837+0000] {processor.py:183} INFO - Processing /home/airflow/.local/lib/python3.12/site-packages/airflow/example_dags/example_latest_only.py took 0.184 seconds
