[2024-04-21T20:22:59.587+0000] {processor.py:161} INFO - Started process (PID=73) to work on /home/airflow/.local/lib/python3.12/site-packages/airflow/example_dags/example_nested_branch_dag.py
[2024-04-21T20:22:59.589+0000] {processor.py:830} INFO - Processing file /home/airflow/.local/lib/python3.12/site-packages/airflow/example_dags/example_nested_branch_dag.py for tasks to queue
[2024-04-21T20:22:59.596+0000] {logging_mixin.py:188} INFO - [2024-04-21T20:22:59.595+0000] {dagbag.py:540} INFO - Filling up the DagBag from /home/airflow/.local/lib/python3.12/site-packages/airflow/example_dags/example_nested_branch_dag.py
[2024-04-21T20:22:59.664+0000] {processor.py:840} INFO - DAG(s) 'example_nested_branch_dag' retrieved from /home/airflow/.local/lib/python3.12/site-packages/airflow/example_dags/example_nested_branch_dag.py
[2024-04-21T20:22:59.785+0000] {logging_mixin.py:188} INFO - [2024-04-21T20:22:59.784+0000] {dag.py:3096} INFO - Sync 1 DAGs
[2024-04-21T20:23:00.040+0000] {logging_mixin.py:188} INFO - [2024-04-21T20:23:00.037+0000] {dag.py:3954} INFO - Setting next_dagrun for example_nested_branch_dag to 2024-04-20 00:00:00+00:00, run_after=2024-04-21 00:00:00+00:00
[2024-04-21T20:23:00.113+0000] {processor.py:183} INFO - Processing /home/airflow/.local/lib/python3.12/site-packages/airflow/example_dags/example_nested_branch_dag.py took 0.554 seconds
[2024-04-21T20:23:30.352+0000] {processor.py:161} INFO - Started process (PID=131) to work on /home/airflow/.local/lib/python3.12/site-packages/airflow/example_dags/example_nested_branch_dag.py
[2024-04-21T20:23:30.355+0000] {processor.py:830} INFO - Processing file /home/airflow/.local/lib/python3.12/site-packages/airflow/example_dags/example_nested_branch_dag.py for tasks to queue
[2024-04-21T20:23:30.359+0000] {logging_mixin.py:188} INFO - [2024-04-21T20:23:30.358+0000] {dagbag.py:540} INFO - Filling up the DagBag from /home/airflow/.local/lib/python3.12/site-packages/airflow/example_dags/example_nested_branch_dag.py
[2024-04-21T20:23:30.374+0000] {processor.py:840} INFO - DAG(s) 'example_nested_branch_dag' retrieved from /home/airflow/.local/lib/python3.12/site-packages/airflow/example_dags/example_nested_branch_dag.py
[2024-04-21T20:23:30.416+0000] {logging_mixin.py:188} INFO - [2024-04-21T20:23:30.416+0000] {dag.py:3096} INFO - Sync 1 DAGs
[2024-04-21T20:23:30.491+0000] {logging_mixin.py:188} INFO - [2024-04-21T20:23:30.491+0000] {dag.py:3954} INFO - Setting next_dagrun for example_nested_branch_dag to 2024-04-20 00:00:00+00:00, run_after=2024-04-21 00:00:00+00:00
[2024-04-21T20:23:30.565+0000] {processor.py:183} INFO - Processing /home/airflow/.local/lib/python3.12/site-packages/airflow/example_dags/example_nested_branch_dag.py took 0.222 seconds
[2024-04-21T20:24:01.044+0000] {processor.py:161} INFO - Started process (PID=189) to work on /home/airflow/.local/lib/python3.12/site-packages/airflow/example_dags/example_nested_branch_dag.py
[2024-04-21T20:24:01.045+0000] {processor.py:830} INFO - Processing file /home/airflow/.local/lib/python3.12/site-packages/airflow/example_dags/example_nested_branch_dag.py for tasks to queue
[2024-04-21T20:24:01.048+0000] {logging_mixin.py:188} INFO - [2024-04-21T20:24:01.048+0000] {dagbag.py:540} INFO - Filling up the DagBag from /home/airflow/.local/lib/python3.12/site-packages/airflow/example_dags/example_nested_branch_dag.py
[2024-04-21T20:24:01.060+0000] {processor.py:840} INFO - DAG(s) 'example_nested_branch_dag' retrieved from /home/airflow/.local/lib/python3.12/site-packages/airflow/example_dags/example_nested_branch_dag.py
[2024-04-21T20:24:01.091+0000] {logging_mixin.py:188} INFO - [2024-04-21T20:24:01.090+0000] {dag.py:3096} INFO - Sync 1 DAGs
[2024-04-21T20:24:01.120+0000] {logging_mixin.py:188} INFO - [2024-04-21T20:24:01.120+0000] {dag.py:3954} INFO - Setting next_dagrun for example_nested_branch_dag to 2024-04-20 00:00:00+00:00, run_after=2024-04-21 00:00:00+00:00
[2024-04-21T20:24:01.143+0000] {processor.py:183} INFO - Processing /home/airflow/.local/lib/python3.12/site-packages/airflow/example_dags/example_nested_branch_dag.py took 0.108 seconds
[2024-04-21T20:24:31.242+0000] {processor.py:161} INFO - Started process (PID=246) to work on /home/airflow/.local/lib/python3.12/site-packages/airflow/example_dags/example_nested_branch_dag.py
[2024-04-21T20:24:31.243+0000] {processor.py:830} INFO - Processing file /home/airflow/.local/lib/python3.12/site-packages/airflow/example_dags/example_nested_branch_dag.py for tasks to queue
[2024-04-21T20:24:31.246+0000] {logging_mixin.py:188} INFO - [2024-04-21T20:24:31.245+0000] {dagbag.py:540} INFO - Filling up the DagBag from /home/airflow/.local/lib/python3.12/site-packages/airflow/example_dags/example_nested_branch_dag.py
[2024-04-21T20:24:31.261+0000] {processor.py:840} INFO - DAG(s) 'example_nested_branch_dag' retrieved from /home/airflow/.local/lib/python3.12/site-packages/airflow/example_dags/example_nested_branch_dag.py
[2024-04-21T20:24:31.285+0000] {logging_mixin.py:188} INFO - [2024-04-21T20:24:31.284+0000] {dag.py:3096} INFO - Sync 1 DAGs
[2024-04-21T20:24:31.310+0000] {logging_mixin.py:188} INFO - [2024-04-21T20:24:31.309+0000] {dag.py:3954} INFO - Setting next_dagrun for example_nested_branch_dag to 2024-04-20 00:00:00+00:00, run_after=2024-04-21 00:00:00+00:00
[2024-04-21T20:24:31.330+0000] {processor.py:183} INFO - Processing /home/airflow/.local/lib/python3.12/site-packages/airflow/example_dags/example_nested_branch_dag.py took 0.095 seconds
[2024-04-21T20:25:01.886+0000] {processor.py:161} INFO - Started process (PID=305) to work on /home/airflow/.local/lib/python3.12/site-packages/airflow/example_dags/example_nested_branch_dag.py
[2024-04-21T20:25:01.888+0000] {processor.py:830} INFO - Processing file /home/airflow/.local/lib/python3.12/site-packages/airflow/example_dags/example_nested_branch_dag.py for tasks to queue
[2024-04-21T20:25:01.891+0000] {logging_mixin.py:188} INFO - [2024-04-21T20:25:01.891+0000] {dagbag.py:540} INFO - Filling up the DagBag from /home/airflow/.local/lib/python3.12/site-packages/airflow/example_dags/example_nested_branch_dag.py
[2024-04-21T20:25:01.908+0000] {processor.py:840} INFO - DAG(s) 'example_nested_branch_dag' retrieved from /home/airflow/.local/lib/python3.12/site-packages/airflow/example_dags/example_nested_branch_dag.py
[2024-04-21T20:25:01.943+0000] {logging_mixin.py:188} INFO - [2024-04-21T20:25:01.942+0000] {dag.py:3096} INFO - Sync 1 DAGs
[2024-04-21T20:25:01.987+0000] {logging_mixin.py:188} INFO - [2024-04-21T20:25:01.986+0000] {dag.py:3954} INFO - Setting next_dagrun for example_nested_branch_dag to 2024-04-20 00:00:00+00:00, run_after=2024-04-21 00:00:00+00:00
[2024-04-21T20:25:02.025+0000] {processor.py:183} INFO - Processing /home/airflow/.local/lib/python3.12/site-packages/airflow/example_dags/example_nested_branch_dag.py took 0.150 seconds
[2024-04-21T20:25:32.900+0000] {processor.py:161} INFO - Started process (PID=364) to work on /home/airflow/.local/lib/python3.12/site-packages/airflow/example_dags/example_nested_branch_dag.py
[2024-04-21T20:25:32.902+0000] {processor.py:830} INFO - Processing file /home/airflow/.local/lib/python3.12/site-packages/airflow/example_dags/example_nested_branch_dag.py for tasks to queue
[2024-04-21T20:25:32.905+0000] {logging_mixin.py:188} INFO - [2024-04-21T20:25:32.904+0000] {dagbag.py:540} INFO - Filling up the DagBag from /home/airflow/.local/lib/python3.12/site-packages/airflow/example_dags/example_nested_branch_dag.py
[2024-04-21T20:25:32.920+0000] {processor.py:840} INFO - DAG(s) 'example_nested_branch_dag' retrieved from /home/airflow/.local/lib/python3.12/site-packages/airflow/example_dags/example_nested_branch_dag.py
[2024-04-21T20:25:32.957+0000] {logging_mixin.py:188} INFO - [2024-04-21T20:25:32.957+0000] {dag.py:3096} INFO - Sync 1 DAGs
[2024-04-21T20:25:32.992+0000] {logging_mixin.py:188} INFO - [2024-04-21T20:25:32.991+0000] {dag.py:3954} INFO - Setting next_dagrun for example_nested_branch_dag to 2024-04-20 00:00:00+00:00, run_after=2024-04-21 00:00:00+00:00
[2024-04-21T20:25:33.022+0000] {processor.py:183} INFO - Processing /home/airflow/.local/lib/python3.12/site-packages/airflow/example_dags/example_nested_branch_dag.py took 0.129 seconds
