[2024-04-21T20:22:46.941+0000] {processor.py:161} INFO - Started process (PID=55) to work on /home/airflow/.local/lib/python3.12/site-packages/airflow/example_dags/example_bash_operator.py
[2024-04-21T20:22:46.949+0000] {processor.py:830} INFO - Processing file /home/airflow/.local/lib/python3.12/site-packages/airflow/example_dags/example_bash_operator.py for tasks to queue
[2024-04-21T20:22:46.962+0000] {logging_mixin.py:188} INFO - [2024-04-21T20:22:46.961+0000] {dagbag.py:540} INFO - Filling up the DagBag from /home/airflow/.local/lib/python3.12/site-packages/airflow/example_dags/example_bash_operator.py
[2024-04-21T20:22:47.608+0000] {processor.py:840} INFO - DAG(s) 'example_bash_operator' retrieved from /home/airflow/.local/lib/python3.12/site-packages/airflow/example_dags/example_bash_operator.py
[2024-04-21T20:22:48.565+0000] {logging_mixin.py:188} INFO - [2024-04-21T20:22:48.563+0000] {dag.py:3096} INFO - Sync 1 DAGs
[2024-04-21T20:22:49.538+0000] {logging_mixin.py:188} INFO - [2024-04-21T20:22:49.534+0000] {dag.py:3954} INFO - Setting next_dagrun for example_bash_operator to 2024-04-20 00:00:00+00:00, run_after=2024-04-21 00:00:00+00:00
[2024-04-21T20:22:49.952+0000] {processor.py:183} INFO - Processing /home/airflow/.local/lib/python3.12/site-packages/airflow/example_dags/example_bash_operator.py took 3.059 seconds
[2024-04-21T20:23:20.656+0000] {processor.py:161} INFO - Started process (PID=113) to work on /home/airflow/.local/lib/python3.12/site-packages/airflow/example_dags/example_bash_operator.py
[2024-04-21T20:23:20.659+0000] {processor.py:830} INFO - Processing file /home/airflow/.local/lib/python3.12/site-packages/airflow/example_dags/example_bash_operator.py for tasks to queue
[2024-04-21T20:23:20.663+0000] {logging_mixin.py:188} INFO - [2024-04-21T20:23:20.663+0000] {dagbag.py:540} INFO - Filling up the DagBag from /home/airflow/.local/lib/python3.12/site-packages/airflow/example_dags/example_bash_operator.py
[2024-04-21T20:23:20.700+0000] {processor.py:840} INFO - DAG(s) 'example_bash_operator' retrieved from /home/airflow/.local/lib/python3.12/site-packages/airflow/example_dags/example_bash_operator.py
[2024-04-21T20:23:20.782+0000] {logging_mixin.py:188} INFO - [2024-04-21T20:23:20.780+0000] {dag.py:3096} INFO - Sync 1 DAGs
[2024-04-21T20:23:20.834+0000] {logging_mixin.py:188} INFO - [2024-04-21T20:23:20.834+0000] {dag.py:3954} INFO - Setting next_dagrun for example_bash_operator to 2024-04-20 00:00:00+00:00, run_after=2024-04-21 00:00:00+00:00
[2024-04-21T20:23:20.907+0000] {processor.py:183} INFO - Processing /home/airflow/.local/lib/python3.12/site-packages/airflow/example_dags/example_bash_operator.py took 0.264 seconds
[2024-04-21T20:23:51.091+0000] {processor.py:161} INFO - Started process (PID=171) to work on /home/airflow/.local/lib/python3.12/site-packages/airflow/example_dags/example_bash_operator.py
[2024-04-21T20:23:51.093+0000] {processor.py:830} INFO - Processing file /home/airflow/.local/lib/python3.12/site-packages/airflow/example_dags/example_bash_operator.py for tasks to queue
[2024-04-21T20:23:51.096+0000] {logging_mixin.py:188} INFO - [2024-04-21T20:23:51.095+0000] {dagbag.py:540} INFO - Filling up the DagBag from /home/airflow/.local/lib/python3.12/site-packages/airflow/example_dags/example_bash_operator.py
[2024-04-21T20:23:51.131+0000] {processor.py:840} INFO - DAG(s) 'example_bash_operator' retrieved from /home/airflow/.local/lib/python3.12/site-packages/airflow/example_dags/example_bash_operator.py
[2024-04-21T20:23:51.175+0000] {logging_mixin.py:188} INFO - [2024-04-21T20:23:51.174+0000] {dag.py:3096} INFO - Sync 1 DAGs
[2024-04-21T20:23:51.210+0000] {logging_mixin.py:188} INFO - [2024-04-21T20:23:51.209+0000] {dag.py:3954} INFO - Setting next_dagrun for example_bash_operator to 2024-04-20 00:00:00+00:00, run_after=2024-04-21 00:00:00+00:00
[2024-04-21T20:23:51.244+0000] {processor.py:183} INFO - Processing /home/airflow/.local/lib/python3.12/site-packages/airflow/example_dags/example_bash_operator.py took 0.162 seconds
[2024-04-21T20:24:21.343+0000] {processor.py:161} INFO - Started process (PID=229) to work on /home/airflow/.local/lib/python3.12/site-packages/airflow/example_dags/example_bash_operator.py
[2024-04-21T20:24:21.345+0000] {processor.py:830} INFO - Processing file /home/airflow/.local/lib/python3.12/site-packages/airflow/example_dags/example_bash_operator.py for tasks to queue
[2024-04-21T20:24:21.347+0000] {logging_mixin.py:188} INFO - [2024-04-21T20:24:21.347+0000] {dagbag.py:540} INFO - Filling up the DagBag from /home/airflow/.local/lib/python3.12/site-packages/airflow/example_dags/example_bash_operator.py
[2024-04-21T20:24:21.364+0000] {processor.py:840} INFO - DAG(s) 'example_bash_operator' retrieved from /home/airflow/.local/lib/python3.12/site-packages/airflow/example_dags/example_bash_operator.py
[2024-04-21T20:24:21.412+0000] {logging_mixin.py:188} INFO - [2024-04-21T20:24:21.412+0000] {dag.py:3096} INFO - Sync 1 DAGs
[2024-04-21T20:24:21.455+0000] {logging_mixin.py:188} INFO - [2024-04-21T20:24:21.455+0000] {dag.py:3954} INFO - Setting next_dagrun for example_bash_operator to 2024-04-20 00:00:00+00:00, run_after=2024-04-21 00:00:00+00:00
[2024-04-21T20:24:21.522+0000] {processor.py:183} INFO - Processing /home/airflow/.local/lib/python3.12/site-packages/airflow/example_dags/example_bash_operator.py took 0.192 seconds
[2024-04-21T20:24:51.941+0000] {processor.py:161} INFO - Started process (PID=288) to work on /home/airflow/.local/lib/python3.12/site-packages/airflow/example_dags/example_bash_operator.py
[2024-04-21T20:24:51.944+0000] {processor.py:830} INFO - Processing file /home/airflow/.local/lib/python3.12/site-packages/airflow/example_dags/example_bash_operator.py for tasks to queue
[2024-04-21T20:24:51.951+0000] {logging_mixin.py:188} INFO - [2024-04-21T20:24:51.949+0000] {dagbag.py:540} INFO - Filling up the DagBag from /home/airflow/.local/lib/python3.12/site-packages/airflow/example_dags/example_bash_operator.py
[2024-04-21T20:24:51.989+0000] {processor.py:840} INFO - DAG(s) 'example_bash_operator' retrieved from /home/airflow/.local/lib/python3.12/site-packages/airflow/example_dags/example_bash_operator.py
[2024-04-21T20:24:52.064+0000] {logging_mixin.py:188} INFO - [2024-04-21T20:24:52.063+0000] {dag.py:3096} INFO - Sync 1 DAGs
[2024-04-21T20:24:52.122+0000] {logging_mixin.py:188} INFO - [2024-04-21T20:24:52.121+0000] {dag.py:3954} INFO - Setting next_dagrun for example_bash_operator to 2024-04-20 00:00:00+00:00, run_after=2024-04-21 00:00:00+00:00
[2024-04-21T20:24:52.193+0000] {processor.py:183} INFO - Processing /home/airflow/.local/lib/python3.12/site-packages/airflow/example_dags/example_bash_operator.py took 0.264 seconds
[2024-04-21T20:25:23.896+0000] {processor.py:161} INFO - Started process (PID=346) to work on /home/airflow/.local/lib/python3.12/site-packages/airflow/example_dags/example_bash_operator.py
[2024-04-21T20:25:23.900+0000] {processor.py:830} INFO - Processing file /home/airflow/.local/lib/python3.12/site-packages/airflow/example_dags/example_bash_operator.py for tasks to queue
[2024-04-21T20:25:23.906+0000] {logging_mixin.py:188} INFO - [2024-04-21T20:25:23.905+0000] {dagbag.py:540} INFO - Filling up the DagBag from /home/airflow/.local/lib/python3.12/site-packages/airflow/example_dags/example_bash_operator.py
[2024-04-21T20:25:23.941+0000] {processor.py:840} INFO - DAG(s) 'example_bash_operator' retrieved from /home/airflow/.local/lib/python3.12/site-packages/airflow/example_dags/example_bash_operator.py
[2024-04-21T20:25:24.042+0000] {logging_mixin.py:188} INFO - [2024-04-21T20:25:24.041+0000] {dag.py:3096} INFO - Sync 1 DAGs
[2024-04-21T20:25:24.134+0000] {logging_mixin.py:188} INFO - [2024-04-21T20:25:24.134+0000] {dag.py:3954} INFO - Setting next_dagrun for example_bash_operator to 2024-04-20 00:00:00+00:00, run_after=2024-04-21 00:00:00+00:00
[2024-04-21T20:25:24.206+0000] {processor.py:183} INFO - Processing /home/airflow/.local/lib/python3.12/site-packages/airflow/example_dags/example_bash_operator.py took 0.326 seconds
[2024-04-21T20:25:54.810+0000] {processor.py:161} INFO - Started process (PID=405) to work on /home/airflow/.local/lib/python3.12/site-packages/airflow/example_dags/example_bash_operator.py
[2024-04-21T20:25:54.812+0000] {processor.py:830} INFO - Processing file /home/airflow/.local/lib/python3.12/site-packages/airflow/example_dags/example_bash_operator.py for tasks to queue
[2024-04-21T20:25:54.815+0000] {logging_mixin.py:188} INFO - [2024-04-21T20:25:54.814+0000] {dagbag.py:540} INFO - Filling up the DagBag from /home/airflow/.local/lib/python3.12/site-packages/airflow/example_dags/example_bash_operator.py
[2024-04-21T20:25:54.834+0000] {processor.py:840} INFO - DAG(s) 'example_bash_operator' retrieved from /home/airflow/.local/lib/python3.12/site-packages/airflow/example_dags/example_bash_operator.py
[2024-04-21T20:25:54.879+0000] {logging_mixin.py:188} INFO - [2024-04-21T20:25:54.879+0000] {dag.py:3096} INFO - Sync 1 DAGs
[2024-04-21T20:25:54.929+0000] {logging_mixin.py:188} INFO - [2024-04-21T20:25:54.929+0000] {dag.py:3954} INFO - Setting next_dagrun for example_bash_operator to 2024-04-20 00:00:00+00:00, run_after=2024-04-21 00:00:00+00:00
[2024-04-21T20:25:54.965+0000] {processor.py:183} INFO - Processing /home/airflow/.local/lib/python3.12/site-packages/airflow/example_dags/example_bash_operator.py took 0.163 seconds
