[2024-04-21T20:22:59.550+0000] {processor.py:161} INFO - Started process (PID=72) to work on /home/airflow/.local/lib/python3.12/site-packages/airflow/example_dags/example_datasets.py
[2024-04-21T20:22:59.551+0000] {processor.py:830} INFO - Processing file /home/airflow/.local/lib/python3.12/site-packages/airflow/example_dags/example_datasets.py for tasks to queue
[2024-04-21T20:22:59.557+0000] {logging_mixin.py:188} INFO - [2024-04-21T20:22:59.556+0000] {dagbag.py:540} INFO - Filling up the DagBag from /home/airflow/.local/lib/python3.12/site-packages/airflow/example_dags/example_datasets.py
[2024-04-21T20:22:59.645+0000] {processor.py:840} INFO - DAG(s) 'dataset_consumes_1', 'dataset_consumes_1_and_2', 'dataset_consumes_unknown_never_scheduled', 'dataset_produces_2', 'consume_1_and_2_with_dataset_expressions', 'dataset_produces_1', 'conditional_dataset_and_time_based_timetable', 'dataset_consumes_1_never_scheduled', 'consume_1_or_2_with_dataset_expressions', 'consume_1_or_both_2_and_3_with_dataset_expressions' retrieved from /home/airflow/.local/lib/python3.12/site-packages/airflow/example_dags/example_datasets.py
[2024-04-21T20:22:59.795+0000] {logging_mixin.py:188} INFO - [2024-04-21T20:22:59.795+0000] {dag.py:3096} INFO - Sync 10 DAGs
[2024-04-21T20:23:00.027+0000] {logging_mixin.py:188} INFO - [2024-04-21T20:23:00.025+0000] {dag.py:3954} INFO - Setting next_dagrun for conditional_dataset_and_time_based_timetable to 2024-04-17 01:00:00+00:00, run_after=2024-04-17 01:00:00+00:00
[2024-04-21T20:23:00.050+0000] {logging_mixin.py:188} INFO - [2024-04-21T20:23:00.049+0000] {dag.py:3954} INFO - Setting next_dagrun for consume_1_and_2_with_dataset_expressions to None, run_after=None
[2024-04-21T20:23:00.055+0000] {logging_mixin.py:188} INFO - [2024-04-21T20:23:00.054+0000] {dag.py:3954} INFO - Setting next_dagrun for consume_1_or_2_with_dataset_expressions to None, run_after=None
[2024-04-21T20:23:00.059+0000] {logging_mixin.py:188} INFO - [2024-04-21T20:23:00.059+0000] {dag.py:3954} INFO - Setting next_dagrun for consume_1_or_both_2_and_3_with_dataset_expressions to None, run_after=None
[2024-04-21T20:23:00.063+0000] {logging_mixin.py:188} INFO - [2024-04-21T20:23:00.062+0000] {dag.py:3954} INFO - Setting next_dagrun for dataset_consumes_1 to None, run_after=None
[2024-04-21T20:23:00.067+0000] {logging_mixin.py:188} INFO - [2024-04-21T20:23:00.067+0000] {dag.py:3954} INFO - Setting next_dagrun for dataset_consumes_1_and_2 to None, run_after=None
[2024-04-21T20:23:00.072+0000] {logging_mixin.py:188} INFO - [2024-04-21T20:23:00.072+0000] {dag.py:3954} INFO - Setting next_dagrun for dataset_consumes_1_never_scheduled to None, run_after=None
[2024-04-21T20:23:00.075+0000] {logging_mixin.py:188} INFO - [2024-04-21T20:23:00.075+0000] {dag.py:3954} INFO - Setting next_dagrun for dataset_consumes_unknown_never_scheduled to None, run_after=None
[2024-04-21T20:23:00.079+0000] {logging_mixin.py:188} INFO - [2024-04-21T20:23:00.079+0000] {dag.py:3954} INFO - Setting next_dagrun for dataset_produces_1 to 2024-04-20 00:00:00+00:00, run_after=2024-04-21 00:00:00+00:00
[2024-04-21T20:23:00.081+0000] {logging_mixin.py:188} INFO - [2024-04-21T20:23:00.081+0000] {dag.py:3954} INFO - Setting next_dagrun for dataset_produces_2 to None, run_after=None
[2024-04-21T20:23:00.194+0000] {processor.py:183} INFO - Processing /home/airflow/.local/lib/python3.12/site-packages/airflow/example_dags/example_datasets.py took 0.663 seconds
[2024-04-21T20:23:30.352+0000] {processor.py:161} INFO - Started process (PID=130) to work on /home/airflow/.local/lib/python3.12/site-packages/airflow/example_dags/example_datasets.py
[2024-04-21T20:23:30.355+0000] {processor.py:830} INFO - Processing file /home/airflow/.local/lib/python3.12/site-packages/airflow/example_dags/example_datasets.py for tasks to queue
[2024-04-21T20:23:30.358+0000] {logging_mixin.py:188} INFO - [2024-04-21T20:23:30.358+0000] {dagbag.py:540} INFO - Filling up the DagBag from /home/airflow/.local/lib/python3.12/site-packages/airflow/example_dags/example_datasets.py
[2024-04-21T20:23:30.379+0000] {processor.py:840} INFO - DAG(s) 'dataset_produces_2', 'consume_1_or_both_2_and_3_with_dataset_expressions', 'dataset_consumes_1_never_scheduled', 'dataset_consumes_1', 'dataset_produces_1', 'dataset_consumes_1_and_2', 'dataset_consumes_unknown_never_scheduled', 'conditional_dataset_and_time_based_timetable', 'consume_1_and_2_with_dataset_expressions', 'consume_1_or_2_with_dataset_expressions' retrieved from /home/airflow/.local/lib/python3.12/site-packages/airflow/example_dags/example_datasets.py
[2024-04-21T20:23:30.476+0000] {logging_mixin.py:188} INFO - [2024-04-21T20:23:30.476+0000] {dag.py:3096} INFO - Sync 10 DAGs
[2024-04-21T20:23:30.562+0000] {logging_mixin.py:188} INFO - [2024-04-21T20:23:30.562+0000] {dag.py:3954} INFO - Setting next_dagrun for conditional_dataset_and_time_based_timetable to 2024-04-17 01:00:00+00:00, run_after=2024-04-17 01:00:00+00:00
[2024-04-21T20:23:30.574+0000] {logging_mixin.py:188} INFO - [2024-04-21T20:23:30.574+0000] {dag.py:3954} INFO - Setting next_dagrun for consume_1_and_2_with_dataset_expressions to None, run_after=None
[2024-04-21T20:23:30.577+0000] {logging_mixin.py:188} INFO - [2024-04-21T20:23:30.577+0000] {dag.py:3954} INFO - Setting next_dagrun for consume_1_or_2_with_dataset_expressions to None, run_after=None
[2024-04-21T20:23:30.582+0000] {logging_mixin.py:188} INFO - [2024-04-21T20:23:30.582+0000] {dag.py:3954} INFO - Setting next_dagrun for consume_1_or_both_2_and_3_with_dataset_expressions to None, run_after=None
[2024-04-21T20:23:30.587+0000] {logging_mixin.py:188} INFO - [2024-04-21T20:23:30.586+0000] {dag.py:3954} INFO - Setting next_dagrun for dataset_consumes_1 to None, run_after=None
[2024-04-21T20:23:30.590+0000] {logging_mixin.py:188} INFO - [2024-04-21T20:23:30.590+0000] {dag.py:3954} INFO - Setting next_dagrun for dataset_consumes_1_and_2 to None, run_after=None
[2024-04-21T20:23:30.593+0000] {logging_mixin.py:188} INFO - [2024-04-21T20:23:30.593+0000] {dag.py:3954} INFO - Setting next_dagrun for dataset_consumes_1_never_scheduled to None, run_after=None
[2024-04-21T20:23:30.595+0000] {logging_mixin.py:188} INFO - [2024-04-21T20:23:30.595+0000] {dag.py:3954} INFO - Setting next_dagrun for dataset_consumes_unknown_never_scheduled to None, run_after=None
[2024-04-21T20:23:30.600+0000] {logging_mixin.py:188} INFO - [2024-04-21T20:23:30.600+0000] {dag.py:3954} INFO - Setting next_dagrun for dataset_produces_1 to 2024-04-20 00:00:00+00:00, run_after=2024-04-21 00:00:00+00:00
[2024-04-21T20:23:30.603+0000] {logging_mixin.py:188} INFO - [2024-04-21T20:23:30.603+0000] {dag.py:3954} INFO - Setting next_dagrun for dataset_produces_2 to None, run_after=None
[2024-04-21T20:23:30.659+0000] {processor.py:183} INFO - Processing /home/airflow/.local/lib/python3.12/site-packages/airflow/example_dags/example_datasets.py took 0.317 seconds
[2024-04-21T20:24:01.042+0000] {processor.py:161} INFO - Started process (PID=188) to work on /home/airflow/.local/lib/python3.12/site-packages/airflow/example_dags/example_datasets.py
[2024-04-21T20:24:01.043+0000] {processor.py:830} INFO - Processing file /home/airflow/.local/lib/python3.12/site-packages/airflow/example_dags/example_datasets.py for tasks to queue
[2024-04-21T20:24:01.046+0000] {logging_mixin.py:188} INFO - [2024-04-21T20:24:01.045+0000] {dagbag.py:540} INFO - Filling up the DagBag from /home/airflow/.local/lib/python3.12/site-packages/airflow/example_dags/example_datasets.py
[2024-04-21T20:24:01.065+0000] {processor.py:840} INFO - DAG(s) 'dataset_produces_2', 'dataset_consumes_1_and_2', 'consume_1_or_2_with_dataset_expressions', 'dataset_consumes_unknown_never_scheduled', 'consume_1_or_both_2_and_3_with_dataset_expressions', 'dataset_consumes_1', 'dataset_produces_1', 'conditional_dataset_and_time_based_timetable', 'consume_1_and_2_with_dataset_expressions', 'dataset_consumes_1_never_scheduled' retrieved from /home/airflow/.local/lib/python3.12/site-packages/airflow/example_dags/example_datasets.py
[2024-04-21T20:24:01.129+0000] {logging_mixin.py:188} INFO - [2024-04-21T20:24:01.129+0000] {dag.py:3096} INFO - Sync 10 DAGs
[2024-04-21T20:24:01.161+0000] {logging_mixin.py:188} INFO - [2024-04-21T20:24:01.161+0000] {dag.py:3954} INFO - Setting next_dagrun for conditional_dataset_and_time_based_timetable to 2024-04-17 01:00:00+00:00, run_after=2024-04-17 01:00:00+00:00
[2024-04-21T20:24:01.168+0000] {logging_mixin.py:188} INFO - [2024-04-21T20:24:01.167+0000] {dag.py:3954} INFO - Setting next_dagrun for consume_1_and_2_with_dataset_expressions to None, run_after=None
[2024-04-21T20:24:01.170+0000] {logging_mixin.py:188} INFO - [2024-04-21T20:24:01.170+0000] {dag.py:3954} INFO - Setting next_dagrun for consume_1_or_2_with_dataset_expressions to None, run_after=None
[2024-04-21T20:24:01.172+0000] {logging_mixin.py:188} INFO - [2024-04-21T20:24:01.172+0000] {dag.py:3954} INFO - Setting next_dagrun for consume_1_or_both_2_and_3_with_dataset_expressions to None, run_after=None
[2024-04-21T20:24:01.174+0000] {logging_mixin.py:188} INFO - [2024-04-21T20:24:01.173+0000] {dag.py:3954} INFO - Setting next_dagrun for dataset_consumes_1 to None, run_after=None
[2024-04-21T20:24:01.175+0000] {logging_mixin.py:188} INFO - [2024-04-21T20:24:01.175+0000] {dag.py:3954} INFO - Setting next_dagrun for dataset_consumes_1_and_2 to None, run_after=None
[2024-04-21T20:24:01.177+0000] {logging_mixin.py:188} INFO - [2024-04-21T20:24:01.177+0000] {dag.py:3954} INFO - Setting next_dagrun for dataset_consumes_1_never_scheduled to None, run_after=None
[2024-04-21T20:24:01.179+0000] {logging_mixin.py:188} INFO - [2024-04-21T20:24:01.178+0000] {dag.py:3954} INFO - Setting next_dagrun for dataset_consumes_unknown_never_scheduled to None, run_after=None
[2024-04-21T20:24:01.182+0000] {logging_mixin.py:188} INFO - [2024-04-21T20:24:01.182+0000] {dag.py:3954} INFO - Setting next_dagrun for dataset_produces_1 to 2024-04-20 00:00:00+00:00, run_after=2024-04-21 00:00:00+00:00
[2024-04-21T20:24:01.185+0000] {logging_mixin.py:188} INFO - [2024-04-21T20:24:01.184+0000] {dag.py:3954} INFO - Setting next_dagrun for dataset_produces_2 to None, run_after=None
[2024-04-21T20:24:01.228+0000] {processor.py:183} INFO - Processing /home/airflow/.local/lib/python3.12/site-packages/airflow/example_dags/example_datasets.py took 0.198 seconds
[2024-04-21T20:24:31.429+0000] {processor.py:161} INFO - Started process (PID=247) to work on /home/airflow/.local/lib/python3.12/site-packages/airflow/example_dags/example_datasets.py
[2024-04-21T20:24:31.430+0000] {processor.py:830} INFO - Processing file /home/airflow/.local/lib/python3.12/site-packages/airflow/example_dags/example_datasets.py for tasks to queue
[2024-04-21T20:24:31.434+0000] {logging_mixin.py:188} INFO - [2024-04-21T20:24:31.433+0000] {dagbag.py:540} INFO - Filling up the DagBag from /home/airflow/.local/lib/python3.12/site-packages/airflow/example_dags/example_datasets.py
[2024-04-21T20:24:31.484+0000] {processor.py:840} INFO - DAG(s) 'consume_1_or_both_2_and_3_with_dataset_expressions', 'dataset_consumes_1_never_scheduled', 'dataset_produces_2', 'dataset_produces_1', 'dataset_consumes_1_and_2', 'dataset_consumes_1', 'conditional_dataset_and_time_based_timetable', 'dataset_consumes_unknown_never_scheduled', 'consume_1_and_2_with_dataset_expressions', 'consume_1_or_2_with_dataset_expressions' retrieved from /home/airflow/.local/lib/python3.12/site-packages/airflow/example_dags/example_datasets.py
[2024-04-21T20:24:31.613+0000] {logging_mixin.py:188} INFO - [2024-04-21T20:24:31.612+0000] {dag.py:3096} INFO - Sync 10 DAGs
[2024-04-21T20:24:31.686+0000] {logging_mixin.py:188} INFO - [2024-04-21T20:24:31.684+0000] {dag.py:3954} INFO - Setting next_dagrun for conditional_dataset_and_time_based_timetable to 2024-04-17 01:00:00+00:00, run_after=2024-04-17 01:00:00+00:00
[2024-04-21T20:24:31.694+0000] {logging_mixin.py:188} INFO - [2024-04-21T20:24:31.694+0000] {dag.py:3954} INFO - Setting next_dagrun for consume_1_and_2_with_dataset_expressions to None, run_after=None
[2024-04-21T20:24:31.697+0000] {logging_mixin.py:188} INFO - [2024-04-21T20:24:31.696+0000] {dag.py:3954} INFO - Setting next_dagrun for consume_1_or_2_with_dataset_expressions to None, run_after=None
[2024-04-21T20:24:31.703+0000] {logging_mixin.py:188} INFO - [2024-04-21T20:24:31.702+0000] {dag.py:3954} INFO - Setting next_dagrun for consume_1_or_both_2_and_3_with_dataset_expressions to None, run_after=None
[2024-04-21T20:24:31.710+0000] {logging_mixin.py:188} INFO - [2024-04-21T20:24:31.708+0000] {dag.py:3954} INFO - Setting next_dagrun for dataset_consumes_1 to None, run_after=None
[2024-04-21T20:24:31.713+0000] {logging_mixin.py:188} INFO - [2024-04-21T20:24:31.712+0000] {dag.py:3954} INFO - Setting next_dagrun for dataset_consumes_1_and_2 to None, run_after=None
[2024-04-21T20:24:31.715+0000] {logging_mixin.py:188} INFO - [2024-04-21T20:24:31.714+0000] {dag.py:3954} INFO - Setting next_dagrun for dataset_consumes_1_never_scheduled to None, run_after=None
[2024-04-21T20:24:31.721+0000] {logging_mixin.py:188} INFO - [2024-04-21T20:24:31.720+0000] {dag.py:3954} INFO - Setting next_dagrun for dataset_consumes_unknown_never_scheduled to None, run_after=None
[2024-04-21T20:24:31.724+0000] {logging_mixin.py:188} INFO - [2024-04-21T20:24:31.724+0000] {dag.py:3954} INFO - Setting next_dagrun for dataset_produces_1 to 2024-04-20 00:00:00+00:00, run_after=2024-04-21 00:00:00+00:00
[2024-04-21T20:24:31.727+0000] {logging_mixin.py:188} INFO - [2024-04-21T20:24:31.727+0000] {dag.py:3954} INFO - Setting next_dagrun for dataset_produces_2 to None, run_after=None
[2024-04-21T20:24:31.791+0000] {processor.py:183} INFO - Processing /home/airflow/.local/lib/python3.12/site-packages/airflow/example_dags/example_datasets.py took 0.371 seconds
[2024-04-21T20:25:02.077+0000] {processor.py:161} INFO - Started process (PID=307) to work on /home/airflow/.local/lib/python3.12/site-packages/airflow/example_dags/example_datasets.py
[2024-04-21T20:25:02.079+0000] {processor.py:830} INFO - Processing file /home/airflow/.local/lib/python3.12/site-packages/airflow/example_dags/example_datasets.py for tasks to queue
[2024-04-21T20:25:02.084+0000] {logging_mixin.py:188} INFO - [2024-04-21T20:25:02.082+0000] {dagbag.py:540} INFO - Filling up the DagBag from /home/airflow/.local/lib/python3.12/site-packages/airflow/example_dags/example_datasets.py
[2024-04-21T20:25:02.103+0000] {processor.py:840} INFO - DAG(s) 'consume_1_or_2_with_dataset_expressions', 'dataset_consumes_1_and_2', 'dataset_consumes_unknown_never_scheduled', 'conditional_dataset_and_time_based_timetable', 'dataset_produces_1', 'dataset_consumes_1_never_scheduled', 'dataset_consumes_1', 'consume_1_and_2_with_dataset_expressions', 'dataset_produces_2', 'consume_1_or_both_2_and_3_with_dataset_expressions' retrieved from /home/airflow/.local/lib/python3.12/site-packages/airflow/example_dags/example_datasets.py
[2024-04-21T20:25:02.183+0000] {logging_mixin.py:188} INFO - [2024-04-21T20:25:02.182+0000] {dag.py:3096} INFO - Sync 10 DAGs
[2024-04-21T20:25:02.221+0000] {logging_mixin.py:188} INFO - [2024-04-21T20:25:02.221+0000] {dag.py:3954} INFO - Setting next_dagrun for conditional_dataset_and_time_based_timetable to 2024-04-17 01:00:00+00:00, run_after=2024-04-17 01:00:00+00:00
[2024-04-21T20:25:02.231+0000] {logging_mixin.py:188} INFO - [2024-04-21T20:25:02.231+0000] {dag.py:3954} INFO - Setting next_dagrun for consume_1_and_2_with_dataset_expressions to None, run_after=None
[2024-04-21T20:25:02.236+0000] {logging_mixin.py:188} INFO - [2024-04-21T20:25:02.236+0000] {dag.py:3954} INFO - Setting next_dagrun for consume_1_or_2_with_dataset_expressions to None, run_after=None
[2024-04-21T20:25:02.240+0000] {logging_mixin.py:188} INFO - [2024-04-21T20:25:02.239+0000] {dag.py:3954} INFO - Setting next_dagrun for consume_1_or_both_2_and_3_with_dataset_expressions to None, run_after=None
[2024-04-21T20:25:02.243+0000] {logging_mixin.py:188} INFO - [2024-04-21T20:25:02.243+0000] {dag.py:3954} INFO - Setting next_dagrun for dataset_consumes_1 to None, run_after=None
[2024-04-21T20:25:02.247+0000] {logging_mixin.py:188} INFO - [2024-04-21T20:25:02.246+0000] {dag.py:3954} INFO - Setting next_dagrun for dataset_consumes_1_and_2 to None, run_after=None
[2024-04-21T20:25:02.254+0000] {logging_mixin.py:188} INFO - [2024-04-21T20:25:02.253+0000] {dag.py:3954} INFO - Setting next_dagrun for dataset_consumes_1_never_scheduled to None, run_after=None
[2024-04-21T20:25:02.258+0000] {logging_mixin.py:188} INFO - [2024-04-21T20:25:02.257+0000] {dag.py:3954} INFO - Setting next_dagrun for dataset_consumes_unknown_never_scheduled to None, run_after=None
[2024-04-21T20:25:02.269+0000] {logging_mixin.py:188} INFO - [2024-04-21T20:25:02.269+0000] {dag.py:3954} INFO - Setting next_dagrun for dataset_produces_1 to 2024-04-20 00:00:00+00:00, run_after=2024-04-21 00:00:00+00:00
[2024-04-21T20:25:02.273+0000] {logging_mixin.py:188} INFO - [2024-04-21T20:25:02.272+0000] {dag.py:3954} INFO - Setting next_dagrun for dataset_produces_2 to None, run_after=None
[2024-04-21T20:25:02.372+0000] {processor.py:183} INFO - Processing /home/airflow/.local/lib/python3.12/site-packages/airflow/example_dags/example_datasets.py took 0.305 seconds
[2024-04-21T20:25:32.900+0000] {processor.py:161} INFO - Started process (PID=363) to work on /home/airflow/.local/lib/python3.12/site-packages/airflow/example_dags/example_datasets.py
[2024-04-21T20:25:32.902+0000] {processor.py:830} INFO - Processing file /home/airflow/.local/lib/python3.12/site-packages/airflow/example_dags/example_datasets.py for tasks to queue
[2024-04-21T20:25:32.905+0000] {logging_mixin.py:188} INFO - [2024-04-21T20:25:32.904+0000] {dagbag.py:540} INFO - Filling up the DagBag from /home/airflow/.local/lib/python3.12/site-packages/airflow/example_dags/example_datasets.py
[2024-04-21T20:25:32.924+0000] {processor.py:840} INFO - DAG(s) 'dataset_produces_1', 'conditional_dataset_and_time_based_timetable', 'consume_1_and_2_with_dataset_expressions', 'consume_1_or_both_2_and_3_with_dataset_expressions', 'dataset_consumes_1', 'dataset_consumes_1_and_2', 'dataset_consumes_1_never_scheduled', 'dataset_consumes_unknown_never_scheduled', 'consume_1_or_2_with_dataset_expressions', 'dataset_produces_2' retrieved from /home/airflow/.local/lib/python3.12/site-packages/airflow/example_dags/example_datasets.py
[2024-04-21T20:25:33.006+0000] {logging_mixin.py:188} INFO - [2024-04-21T20:25:33.006+0000] {dag.py:3096} INFO - Sync 10 DAGs
[2024-04-21T20:25:33.045+0000] {logging_mixin.py:188} INFO - [2024-04-21T20:25:33.045+0000] {dag.py:3954} INFO - Setting next_dagrun for conditional_dataset_and_time_based_timetable to 2024-04-17 01:00:00+00:00, run_after=2024-04-17 01:00:00+00:00
[2024-04-21T20:25:33.053+0000] {logging_mixin.py:188} INFO - [2024-04-21T20:25:33.053+0000] {dag.py:3954} INFO - Setting next_dagrun for consume_1_and_2_with_dataset_expressions to None, run_after=None
[2024-04-21T20:25:33.056+0000] {logging_mixin.py:188} INFO - [2024-04-21T20:25:33.055+0000] {dag.py:3954} INFO - Setting next_dagrun for consume_1_or_2_with_dataset_expressions to None, run_after=None
[2024-04-21T20:25:33.058+0000] {logging_mixin.py:188} INFO - [2024-04-21T20:25:33.058+0000] {dag.py:3954} INFO - Setting next_dagrun for consume_1_or_both_2_and_3_with_dataset_expressions to None, run_after=None
[2024-04-21T20:25:33.060+0000] {logging_mixin.py:188} INFO - [2024-04-21T20:25:33.060+0000] {dag.py:3954} INFO - Setting next_dagrun for dataset_consumes_1 to None, run_after=None
[2024-04-21T20:25:33.062+0000] {logging_mixin.py:188} INFO - [2024-04-21T20:25:33.062+0000] {dag.py:3954} INFO - Setting next_dagrun for dataset_consumes_1_and_2 to None, run_after=None
[2024-04-21T20:25:33.064+0000] {logging_mixin.py:188} INFO - [2024-04-21T20:25:33.064+0000] {dag.py:3954} INFO - Setting next_dagrun for dataset_consumes_1_never_scheduled to None, run_after=None
[2024-04-21T20:25:33.069+0000] {logging_mixin.py:188} INFO - [2024-04-21T20:25:33.069+0000] {dag.py:3954} INFO - Setting next_dagrun for dataset_consumes_unknown_never_scheduled to None, run_after=None
[2024-04-21T20:25:33.072+0000] {logging_mixin.py:188} INFO - [2024-04-21T20:25:33.072+0000] {dag.py:3954} INFO - Setting next_dagrun for dataset_produces_1 to 2024-04-20 00:00:00+00:00, run_after=2024-04-21 00:00:00+00:00
[2024-04-21T20:25:33.075+0000] {logging_mixin.py:188} INFO - [2024-04-21T20:25:33.075+0000] {dag.py:3954} INFO - Setting next_dagrun for dataset_produces_2 to None, run_after=None
[2024-04-21T20:25:33.123+0000] {processor.py:183} INFO - Processing /home/airflow/.local/lib/python3.12/site-packages/airflow/example_dags/example_datasets.py took 0.230 seconds
