[2024-04-21T20:22:46.801+0000] {processor.py:161} INFO - Started process (PID=54) to work on /home/airflow/.local/lib/python3.12/site-packages/airflow/example_dags/tutorial.py
[2024-04-21T20:22:46.804+0000] {processor.py:830} INFO - Processing file /home/airflow/.local/lib/python3.12/site-packages/airflow/example_dags/tutorial.py for tasks to queue
[2024-04-21T20:22:46.823+0000] {logging_mixin.py:188} INFO - [2024-04-21T20:22:46.817+0000] {dagbag.py:540} INFO - Filling up the DagBag from /home/airflow/.local/lib/python3.12/site-packages/airflow/example_dags/tutorial.py
[2024-04-21T20:22:46.846+0000] {processor.py:840} INFO - DAG(s) 'tutorial' retrieved from /home/airflow/.local/lib/python3.12/site-packages/airflow/example_dags/tutorial.py
[2024-04-21T20:22:46.939+0000] {logging_mixin.py:188} INFO - [2024-04-21T20:22:46.937+0000] {dag.py:3096} INFO - Sync 1 DAGs
[2024-04-21T20:22:47.314+0000] {logging_mixin.py:188} INFO - [2024-04-21T20:22:47.299+0000] {dag.py:3954} INFO - Setting next_dagrun for tutorial to 2024-04-20 00:00:00+00:00, run_after=2024-04-21 00:00:00+00:00
[2024-04-21T20:22:47.782+0000] {processor.py:183} INFO - Processing /home/airflow/.local/lib/python3.12/site-packages/airflow/example_dags/tutorial.py took 1.028 seconds
[2024-04-21T20:23:18.555+0000] {processor.py:161} INFO - Started process (PID=112) to work on /home/airflow/.local/lib/python3.12/site-packages/airflow/example_dags/tutorial.py
[2024-04-21T20:23:18.558+0000] {processor.py:830} INFO - Processing file /home/airflow/.local/lib/python3.12/site-packages/airflow/example_dags/tutorial.py for tasks to queue
[2024-04-21T20:23:18.562+0000] {logging_mixin.py:188} INFO - [2024-04-21T20:23:18.561+0000] {dagbag.py:540} INFO - Filling up the DagBag from /home/airflow/.local/lib/python3.12/site-packages/airflow/example_dags/tutorial.py
[2024-04-21T20:23:18.576+0000] {processor.py:840} INFO - DAG(s) 'tutorial' retrieved from /home/airflow/.local/lib/python3.12/site-packages/airflow/example_dags/tutorial.py
[2024-04-21T20:23:18.605+0000] {logging_mixin.py:188} INFO - [2024-04-21T20:23:18.605+0000] {dag.py:3096} INFO - Sync 1 DAGs
[2024-04-21T20:23:18.642+0000] {logging_mixin.py:188} INFO - [2024-04-21T20:23:18.642+0000] {dag.py:3954} INFO - Setting next_dagrun for tutorial to 2024-04-20 00:00:00+00:00, run_after=2024-04-21 00:00:00+00:00
[2024-04-21T20:23:18.672+0000] {processor.py:183} INFO - Processing /home/airflow/.local/lib/python3.12/site-packages/airflow/example_dags/tutorial.py took 0.130 seconds
[2024-04-21T20:23:49.076+0000] {processor.py:161} INFO - Started process (PID=170) to work on /home/airflow/.local/lib/python3.12/site-packages/airflow/example_dags/tutorial.py
[2024-04-21T20:23:49.077+0000] {processor.py:830} INFO - Processing file /home/airflow/.local/lib/python3.12/site-packages/airflow/example_dags/tutorial.py for tasks to queue
[2024-04-21T20:23:49.080+0000] {logging_mixin.py:188} INFO - [2024-04-21T20:23:49.079+0000] {dagbag.py:540} INFO - Filling up the DagBag from /home/airflow/.local/lib/python3.12/site-packages/airflow/example_dags/tutorial.py
[2024-04-21T20:23:49.087+0000] {processor.py:840} INFO - DAG(s) 'tutorial' retrieved from /home/airflow/.local/lib/python3.12/site-packages/airflow/example_dags/tutorial.py
[2024-04-21T20:23:49.113+0000] {logging_mixin.py:188} INFO - [2024-04-21T20:23:49.113+0000] {dag.py:3096} INFO - Sync 1 DAGs
[2024-04-21T20:23:49.140+0000] {logging_mixin.py:188} INFO - [2024-04-21T20:23:49.140+0000] {dag.py:3954} INFO - Setting next_dagrun for tutorial to 2024-04-20 00:00:00+00:00, run_after=2024-04-21 00:00:00+00:00
[2024-04-21T20:23:49.185+0000] {processor.py:183} INFO - Processing /home/airflow/.local/lib/python3.12/site-packages/airflow/example_dags/tutorial.py took 0.116 seconds
[2024-04-21T20:24:20.150+0000] {processor.py:161} INFO - Started process (PID=228) to work on /home/airflow/.local/lib/python3.12/site-packages/airflow/example_dags/tutorial.py
[2024-04-21T20:24:20.153+0000] {processor.py:830} INFO - Processing file /home/airflow/.local/lib/python3.12/site-packages/airflow/example_dags/tutorial.py for tasks to queue
[2024-04-21T20:24:20.155+0000] {logging_mixin.py:188} INFO - [2024-04-21T20:24:20.155+0000] {dagbag.py:540} INFO - Filling up the DagBag from /home/airflow/.local/lib/python3.12/site-packages/airflow/example_dags/tutorial.py
[2024-04-21T20:24:20.162+0000] {processor.py:840} INFO - DAG(s) 'tutorial' retrieved from /home/airflow/.local/lib/python3.12/site-packages/airflow/example_dags/tutorial.py
[2024-04-21T20:24:20.195+0000] {logging_mixin.py:188} INFO - [2024-04-21T20:24:20.194+0000] {dag.py:3096} INFO - Sync 1 DAGs
[2024-04-21T20:24:20.225+0000] {logging_mixin.py:188} INFO - [2024-04-21T20:24:20.225+0000] {dag.py:3954} INFO - Setting next_dagrun for tutorial to 2024-04-20 00:00:00+00:00, run_after=2024-04-21 00:00:00+00:00
[2024-04-21T20:24:20.264+0000] {processor.py:183} INFO - Processing /home/airflow/.local/lib/python3.12/site-packages/airflow/example_dags/tutorial.py took 0.121 seconds
[2024-04-21T20:24:50.695+0000] {processor.py:161} INFO - Started process (PID=287) to work on /home/airflow/.local/lib/python3.12/site-packages/airflow/example_dags/tutorial.py
[2024-04-21T20:24:50.697+0000] {processor.py:830} INFO - Processing file /home/airflow/.local/lib/python3.12/site-packages/airflow/example_dags/tutorial.py for tasks to queue
[2024-04-21T20:24:50.702+0000] {logging_mixin.py:188} INFO - [2024-04-21T20:24:50.701+0000] {dagbag.py:540} INFO - Filling up the DagBag from /home/airflow/.local/lib/python3.12/site-packages/airflow/example_dags/tutorial.py
[2024-04-21T20:24:50.718+0000] {processor.py:840} INFO - DAG(s) 'tutorial' retrieved from /home/airflow/.local/lib/python3.12/site-packages/airflow/example_dags/tutorial.py
[2024-04-21T20:24:50.781+0000] {logging_mixin.py:188} INFO - [2024-04-21T20:24:50.781+0000] {dag.py:3096} INFO - Sync 1 DAGs
[2024-04-21T20:24:50.846+0000] {logging_mixin.py:188} INFO - [2024-04-21T20:24:50.846+0000] {dag.py:3954} INFO - Setting next_dagrun for tutorial to 2024-04-20 00:00:00+00:00, run_after=2024-04-21 00:00:00+00:00
[2024-04-21T20:24:50.890+0000] {processor.py:183} INFO - Processing /home/airflow/.local/lib/python3.12/site-packages/airflow/example_dags/tutorial.py took 0.214 seconds
[2024-04-21T20:25:23.845+0000] {processor.py:161} INFO - Started process (PID=345) to work on /home/airflow/.local/lib/python3.12/site-packages/airflow/example_dags/tutorial.py
[2024-04-21T20:25:23.848+0000] {processor.py:830} INFO - Processing file /home/airflow/.local/lib/python3.12/site-packages/airflow/example_dags/tutorial.py for tasks to queue
[2024-04-21T20:25:23.853+0000] {logging_mixin.py:188} INFO - [2024-04-21T20:25:23.853+0000] {dagbag.py:540} INFO - Filling up the DagBag from /home/airflow/.local/lib/python3.12/site-packages/airflow/example_dags/tutorial.py
[2024-04-21T20:25:23.873+0000] {processor.py:840} INFO - DAG(s) 'tutorial' retrieved from /home/airflow/.local/lib/python3.12/site-packages/airflow/example_dags/tutorial.py
[2024-04-21T20:25:23.941+0000] {logging_mixin.py:188} INFO - [2024-04-21T20:25:23.940+0000] {dag.py:3096} INFO - Sync 1 DAGs
[2024-04-21T20:25:24.021+0000] {logging_mixin.py:188} INFO - [2024-04-21T20:25:24.021+0000] {dag.py:3954} INFO - Setting next_dagrun for tutorial to 2024-04-20 00:00:00+00:00, run_after=2024-04-21 00:00:00+00:00
[2024-04-21T20:25:24.100+0000] {processor.py:183} INFO - Processing /home/airflow/.local/lib/python3.12/site-packages/airflow/example_dags/tutorial.py took 0.274 seconds
[2024-04-21T20:25:54.641+0000] {processor.py:161} INFO - Started process (PID=404) to work on /home/airflow/.local/lib/python3.12/site-packages/airflow/example_dags/tutorial.py
[2024-04-21T20:25:54.643+0000] {processor.py:830} INFO - Processing file /home/airflow/.local/lib/python3.12/site-packages/airflow/example_dags/tutorial.py for tasks to queue
[2024-04-21T20:25:54.646+0000] {logging_mixin.py:188} INFO - [2024-04-21T20:25:54.645+0000] {dagbag.py:540} INFO - Filling up the DagBag from /home/airflow/.local/lib/python3.12/site-packages/airflow/example_dags/tutorial.py
[2024-04-21T20:25:54.655+0000] {processor.py:840} INFO - DAG(s) 'tutorial' retrieved from /home/airflow/.local/lib/python3.12/site-packages/airflow/example_dags/tutorial.py
[2024-04-21T20:25:54.689+0000] {logging_mixin.py:188} INFO - [2024-04-21T20:25:54.688+0000] {dag.py:3096} INFO - Sync 1 DAGs
[2024-04-21T20:25:54.731+0000] {logging_mixin.py:188} INFO - [2024-04-21T20:25:54.731+0000] {dag.py:3954} INFO - Setting next_dagrun for tutorial to 2024-04-20 00:00:00+00:00, run_after=2024-04-21 00:00:00+00:00
[2024-04-21T20:25:54.764+0000] {processor.py:183} INFO - Processing /home/airflow/.local/lib/python3.12/site-packages/airflow/example_dags/tutorial.py took 0.133 seconds
